[ 2014-05-30T16:20:15+08:00 ] 127.0.0.1 /gas_station_erp/index.php/channel//gas_station_erp/gas_station_erp/Tpl/channel/Public/css/configuration.css
ERR: 无法加载模块:gas_station_erp

[ 2014-05-30T16:20:15+08:00 ] 127.0.0.1 /gas_station_erp/index.php/channel//gas_station_erp/gas_station_erp/Tpl/channel/Public/js/jquery-1.6.1.js
ERR: 无法加载模块:gas_station_erp

[ 2014-05-30T16:20:15+08:00 ] 127.0.0.1 /gas_station_erp/index.php/channel//gas_station_erp/gas_station_erp/Tpl/channel/Public/js/jquery.SuperSlide.2.1.1.js
ERR: 无法加载模块:gas_station_erp

[ 2014-05-30T16:20:25+08:00 ] 127.0.0.1 /gas_station_erp/index.php/configuration/Org/show_org_tree
INFO: [ app_begin ] --START--
INFO: ReadHtmlCache Behavior ::run [ RunTime:0.001001s ]
INFO: [ app_begin ] --END-- [ RunTime:0.001001s ]
NOTIC: [2] urldecode() expects parameter 1 to be string, array given D:\trunk\gas_station_erp\Lib\Action\configuration\OrgAction.class.php 第 4 行.
NOTIC: [8] Undefined index: userinfo D:\trunk\gas_station_erp\Lib\Action\configuration\CommonAction.class.php 第 11 行.
SQL: select * from qd_agent where isDelete=0 [ RunTime:0.001000s ]

[ 2014-05-30T16:20:25+08:00 ] 127.0.0.1 /gas_station_erp/index.php/configuration/Role/select_all_purview
INFO: [ app_begin ] --START--
INFO: ReadHtmlCache Behavior ::run [ RunTime:0.001000s ]
INFO: [ app_begin ] --END-- [ RunTime:0.001000s ]
NOTIC: [2] urldecode() expects parameter 1 to be string, array given D:\trunk\gas_station_erp\Lib\Action\configuration\RoleAction.class.php 第 4 行.
NOTIC: [8] Undefined index: userinfo D:\trunk\gas_station_erp\Lib\Action\configuration\CommonAction.class.php 第 11 行.
SQL: select menu_id, menuname, url, pid from bi_menu [ RunTime:0.001000s ]

[ 2014-05-30T16:20:32+08:00 ] 127.0.0.1 /gas_station_erp/index.php/management//gas_station_erp/gas_station_erp/Tpl/management/Public/css/configuration.css
ERR: 无法加载模块:gas_station_erp

[ 2014-05-30T16:20:32+08:00 ] 127.0.0.1 /gas_station_erp/index.php/management//gas_station_erp/gas_station_erp/Tpl/management/Public/js/jquery-1.6.1.js
ERR: 无法加载模块:gas_station_erp

[ 2014-05-30T16:20:32+08:00 ] 127.0.0.1 /gas_station_erp/index.php/management//gas_station_erp/gas_station_erp/Tpl/management/Public/js/jquery.SuperSlide.2.1.1.js
ERR: 无法加载模块:gas_station_erp

[ 2014-05-30T16:20:35+08:00 ] 127.0.0.1 /gas_station_erp/index.php/management//gas_station_erp/gas_station_erp/Tpl/management/Public/js/jquery-1.6.1.js
ERR: 无法加载模块:gas_station_erp

[ 2014-05-30T16:20:35+08:00 ] 127.0.0.1 /gas_station_erp/index.php/management//gas_station_erp/gas_station_erp/Tpl/management/Public/js/jquery.SuperSlide.2.1.1.js
ERR: 无法加载模块:gas_station_erp

[ 2014-05-30T16:20:35+08:00 ] 127.0.0.1 /gas_station_erp/index.php/management//gas_station_erp/gas_station_erp/Tpl/management/Public/css/configuration.css
ERR: 无法加载模块:gas_station_erp

[ 2014-05-30T16:20:37+08:00 ] 127.0.0.1 /gas_station_erp/index.php/channel//gas_station_erp/gas_station_erp/Tpl/channel/Public/css/configuration.css
ERR: 无法加载模块:gas_station_erp

[ 2014-05-30T16:20:37+08:00 ] 127.0.0.1 /gas_station_erp/index.php/channel/Channel/channelnameBlurrySelect?channel_name=
NOTIC: [2] htmlspecialchars() expects parameter 2 to be long, string given D:\trunk\frame\Lib\Core\App.class.php 第 57 行.
INFO: [ app_begin ] --START--
INFO: ReadHtmlCache Behavior ::run [ RunTime:0.001000s ]
INFO: [ app_begin ] --END-- [ RunTime:0.001000s ]
NOTIC: [2] urldecode() expects parameter 1 to be string, array given D:\trunk\gas_station_erp\Lib\Action\channel\ChannelAction.class.php 第 4 行.
NOTIC: [8] Undefined index: userinfo D:\trunk\gas_station_erp\Lib\Action\channel\CommonAction.class.php 第 11 行.
NOTIC: [2] htmlspecialchars() expects parameter 2 to be long, string given D:\trunk\frame\Common\common.php 第 110 行.
NOTIC: [2] htmlspecialchars() expects parameter 2 to be long, string given D:\trunk\frame\Common\common.php 第 110 行.
SQL: SHOW COLUMNS FROM `qd_channel` [ RunTime:0.004000s ]
SQL: SELECT DISTINCT  `channel_name` FROM `qd_channel` WHERE ( `channel_name` LIKE '%%' )  [ RunTime:0.003000s ]
NOTIC: [8] Undefined variable: channel_name_arr D:\trunk\gas_station_erp\Lib\Action\channel\ChannelAction.class.php 第 177 行.

[ 2014-05-30T16:20:37+08:00 ] 127.0.0.1 /gas_station_erp/index.php/channel/Agent/agentnameBlurrySelect?agent_name=
NOTIC: [2] htmlspecialchars() expects parameter 2 to be long, string given D:\trunk\frame\Lib\Core\App.class.php 第 57 行.
INFO: [ app_begin ] --START--
INFO: ReadHtmlCache Behavior ::run [ RunTime:0.000000s ]
INFO: [ app_begin ] --END-- [ RunTime:0.000000s ]
NOTIC: [2] urldecode() expects parameter 1 to be string, array given D:\trunk\gas_station_erp\Lib\Action\channel\AgentAction.class.php 第 4 行.
NOTIC: [8] Undefined index: userinfo D:\trunk\gas_station_erp\Lib\Action\channel\CommonAction.class.php 第 11 行.
NOTIC: [2] htmlspecialchars() expects parameter 2 to be long, string given D:\trunk\frame\Common\common.php 第 110 行.
NOTIC: [2] htmlspecialchars() expects parameter 2 to be long, string given D:\trunk\frame\Common\common.php 第 110 行.
SQL: SHOW COLUMNS FROM `qd_agent` [ RunTime:0.003000s ]
SQL: SELECT DISTINCT  `agent_name` FROM `qd_agent` WHERE ( `agent_name` LIKE '%%' )  [ RunTime:0.002000s ]

[ 2014-05-30T16:20:39+08:00 ] 127.0.0.1 /gas_station_erp/index.php/channel//gas_station_erp/gas_station_erp/Tpl/channel/Public/js/jquery.SuperSlide.2.1.1.js
ERR: 无法加载模块:gas_station_erp

[ 2014-05-30T16:20:39+08:00 ] 127.0.0.1 /gas_station_erp/index.php/channel//gas_station_erp/gas_station_erp/Tpl/channel/Public/css/configuration.css
ERR: 无法加载模块:gas_station_erp

[ 2014-05-30T16:20:39+08:00 ] 127.0.0.1 /gas_station_erp/index.php/channel//gas_station_erp/gas_station_erp/Tpl/channel/Public/js/jquery-1.6.1.js
ERR: 无法加载模块:gas_station_erp

[ 2014-05-30T16:20:41+08:00 ] 127.0.0.1 /gas_station_erp/index.php/channel//gas_station_erp/gas_station_erp/Tpl/channel/Public/js/jquery.SuperSlide.2.1.1.js
ERR: 无法加载模块:gas_station_erp

[ 2014-05-30T16:20:41+08:00 ] 127.0.0.1 /gas_station_erp/index.php/channel//gas_station_erp/gas_station_erp/Tpl/channel/Public/js/jquery-1.6.1.js
ERR: 无法加载模块:gas_station_erp

[ 2014-05-30T16:20:41+08:00 ] 127.0.0.1 /gas_station_erp/index.php/channel//gas_station_erp/gas_station_erp/Tpl/channel/Public/css/configuration.css
ERR: 无法加载模块:gas_station_erp

[ 2014-05-30T16:20:42+08:00 ] 127.0.0.1 /gas_station_erp/index.php/channel//gas_station_erp/gas_station_erp/Tpl/channel/Public/js/jquery-1.6.1.js
ERR: 无法加载模块:gas_station_erp

[ 2014-05-30T16:20:42+08:00 ] 127.0.0.1 /gas_station_erp/index.php/channel//gas_station_erp/gas_station_erp/Tpl/channel/Public/css/configuration.css
ERR: 无法加载模块:gas_station_erp

[ 2014-05-30T16:20:42+08:00 ] 127.0.0.1 /gas_station_erp/index.php/channel//gas_station_erp/gas_station_erp/Tpl/channel/Public/js/jquery.SuperSlide.2.1.1.js
ERR: 无法加载模块:gas_station_erp

[ 2014-05-30T16:21:25+08:00 ] 127.0.0.1 /gas_station_erp/index.php/channel//gas_station_erp/gas_station_erp/Tpl/channel/Public/css/configuration.css
ERR: 无法加载模块:gas_station_erp

[ 2014-05-30T16:21:25+08:00 ] 127.0.0.1 /gas_station_erp/index.php/channel//gas_station_erp/gas_station_erp/Tpl/channel/Public/js/jquery-1.6.1.js
ERR: 无法加载模块:gas_station_erp

[ 2014-05-30T16:21:25+08:00 ] 127.0.0.1 /gas_station_erp/index.php/channel//gas_station_erp/gas_station_erp/Tpl/channel/Public/js/jquery.SuperSlide.2.1.1.js
ERR: 无法加载模块:gas_station_erp

[ 2014-05-30T17:06:58+08:00 ] 127.0.0.1 /gas_station_erp/index.php/channel//gas_station_erp/gas_station_erp/Tpl/channel/Public/css/configuration.css
ERR: 无法加载模块:gas_station_erp

[ 2014-05-30T17:06:58+08:00 ] 127.0.0.1 /gas_station_erp/index.php/channel//gas_station_erp/gas_station_erp/Tpl/channel/Public/js/jquery-1.6.1.js
ERR: 无法加载模块:gas_station_erp

[ 2014-05-30T17:06:58+08:00 ] 127.0.0.1 /gas_station_erp/index.php/channel//gas_station_erp/gas_station_erp/Tpl/channel/Public/js/jquery.SuperSlide.2.1.1.js
ERR: 无法加载模块:gas_station_erp

[ 2014-05-30T17:07:03+08:00 ] 127.0.0.1 /gas_station_erp/index.php/configuration/Org/show_org_tree
INFO: [ app_begin ] --START--
INFO: ReadHtmlCache Behavior ::run [ RunTime:0.001001s ]
INFO: [ app_begin ] --END-- [ RunTime:0.001001s ]
NOTIC: [2] urldecode() expects parameter 1 to be string, array given D:\trunk\gas_station_erp\Lib\Action\configuration\OrgAction.class.php 第 4 行.
NOTIC: [8] Undefined index: userinfo D:\trunk\gas_station_erp\Lib\Action\configuration\CommonAction.class.php 第 11 行.
SQL: select * from qd_agent where isDelete=0 [ RunTime:0.001000s ]

[ 2014-05-30T17:07:05+08:00 ] 127.0.0.1 /gas_station_erp/index.php/configuration/Role/select_all_purview
INFO: [ app_begin ] --START--
INFO: ReadHtmlCache Behavior ::run [ RunTime:0.001000s ]
INFO: [ app_begin ] --END-- [ RunTime:0.001000s ]
NOTIC: [2] urldecode() expects parameter 1 to be string, array given D:\trunk\gas_station_erp\Lib\Action\configuration\RoleAction.class.php 第 4 行.
NOTIC: [8] Undefined index: userinfo D:\trunk\gas_station_erp\Lib\Action\configuration\CommonAction.class.php 第 11 行.
SQL: select menu_id, menuname, url, pid from bi_menu [ RunTime:0.001000s ]

[ 2014-05-30T17:07:44+08:00 ] 127.0.0.1 /gas_station_erp/index.php/configuration/Role/select_all_purview
INFO: [ app_begin ] --START--
INFO: ReadHtmlCache Behavior ::run [ RunTime:0.000000s ]
INFO: [ app_begin ] --END-- [ RunTime:0.000000s ]
NOTIC: [2] urldecode() expects parameter 1 to be string, array given D:\trunk\gas_station_erp\Lib\Action\configuration\RoleAction.class.php 第 4 行.
NOTIC: [8] Undefined index: userinfo D:\trunk\gas_station_erp\Lib\Action\configuration\CommonAction.class.php 第 11 行.
SQL: select menu_id, menuname, url, pid from bi_menu [ RunTime:0.001000s ]

[ 2014-05-30T17:09:16+08:00 ] 127.0.0.1 /gas_station_erp/index.php/configuration/Role/select_all_purview
INFO: [ app_begin ] --START--
INFO: ReadHtmlCache Behavior ::run [ RunTime:0.001000s ]
INFO: [ app_begin ] --END-- [ RunTime:0.001000s ]
NOTIC: [2] urldecode() expects parameter 1 to be string, array given D:\trunk\gas_station_erp\Lib\Action\configuration\RoleAction.class.php 第 4 行.
NOTIC: [8] Undefined index: userinfo D:\trunk\gas_station_erp\Lib\Action\configuration\CommonAction.class.php 第 11 行.
SQL: select menu_id, menuname, url, pid from bi_menu [ RunTime:0.001000s ]

[ 2014-05-30T17:09:19+08:00 ] 127.0.0.1 /gas_station_erp/index.php/configuration/Role/select_all_purview
INFO: [ app_begin ] --START--
INFO: ReadHtmlCache Behavior ::run [ RunTime:0.000000s ]
INFO: [ app_begin ] --END-- [ RunTime:0.000000s ]
NOTIC: [2] urldecode() expects parameter 1 to be string, array given D:\trunk\gas_station_erp\Lib\Action\configuration\RoleAction.class.php 第 4 行.
NOTIC: [8] Undefined index: userinfo D:\trunk\gas_station_erp\Lib\Action\configuration\CommonAction.class.php 第 11 行.
SQL: select menu_id, menuname, url, pid from bi_menu [ RunTime:0.000000s ]

[ 2014-05-30T17:09:20+08:00 ] 127.0.0.1 /gas_station_erp/index.php/configuration/Role/select_all_purview
INFO: [ app_begin ] --START--
INFO: ReadHtmlCache Behavior ::run [ RunTime:0.001000s ]
INFO: [ app_begin ] --END-- [ RunTime:0.001000s ]
NOTIC: [2] urldecode() expects parameter 1 to be string, array given D:\trunk\gas_station_erp\Lib\Action\configuration\RoleAction.class.php 第 4 行.
NOTIC: [8] Undefined index: userinfo D:\trunk\gas_station_erp\Lib\Action\configuration\CommonAction.class.php 第 11 行.
SQL: select menu_id, menuname, url, pid from bi_menu [ RunTime:0.001000s ]

[ 2014-05-30T17:10:05+08:00 ] 127.0.0.1 /gas_station_erp/index.php/configuration/Role/select_all_purview
INFO: [ app_begin ] --START--
INFO: ReadHtmlCache Behavior ::run [ RunTime:0.000000s ]
INFO: [ app_begin ] --END-- [ RunTime:0.000000s ]
NOTIC: [2] urldecode() expects parameter 1 to be string, array given D:\trunk\gas_station_erp\Lib\Action\configuration\RoleAction.class.php 第 4 行.
NOTIC: [8] Undefined index: userinfo D:\trunk\gas_station_erp\Lib\Action\configuration\CommonAction.class.php 第 11 行.
SQL: select menu_id, menuname, url, pid from bi_menu [ RunTime:0.001000s ]

[ 2014-05-30T17:10:26+08:00 ] 127.0.0.1 /gas_station_erp/index.php/configuration/Role/select_all_purview
INFO: [ app_begin ] --START--
INFO: ReadHtmlCache Behavior ::run [ RunTime:0.001001s ]
INFO: [ app_begin ] --END-- [ RunTime:0.001001s ]
NOTIC: [2] urldecode() expects parameter 1 to be string, array given D:\trunk\gas_station_erp\Lib\Action\configuration\RoleAction.class.php 第 4 行.
NOTIC: [8] Undefined index: userinfo D:\trunk\gas_station_erp\Lib\Action\configuration\CommonAction.class.php 第 11 行.
SQL: select menu_id, menuname, url, pid from bi_menu [ RunTime:0.001000s ]

[ 2014-05-30T17:10:44+08:00 ] 127.0.0.1 /gas_station_erp/index.php/configuration/Role/select_all_purview
INFO: [ app_begin ] --START--
INFO: ReadHtmlCache Behavior ::run [ RunTime:0.000000s ]
INFO: [ app_begin ] --END-- [ RunTime:0.001000s ]
NOTIC: [2] urldecode() expects parameter 1 to be string, array given D:\trunk\gas_station_erp\Lib\Action\configuration\RoleAction.class.php 第 4 行.
NOTIC: [8] Undefined index: userinfo D:\trunk\gas_station_erp\Lib\Action\configuration\CommonAction.class.php 第 11 行.
SQL: select menu_id, menuname, url, pid from bi_menu [ RunTime:0.001000s ]

[ 2014-05-30T17:11:02+08:00 ] 127.0.0.1 /gas_station_erp/index.php/configuration/Role/select_all_purview
INFO: [ app_begin ] --START--
INFO: ReadHtmlCache Behavior ::run [ RunTime:0.001000s ]
INFO: [ app_begin ] --END-- [ RunTime:0.001000s ]
NOTIC: [2] urldecode() expects parameter 1 to be string, array given D:\trunk\gas_station_erp\Lib\Action\configuration\RoleAction.class.php 第 4 行.
NOTIC: [8] Undefined index: userinfo D:\trunk\gas_station_erp\Lib\Action\configuration\CommonAction.class.php 第 11 行.
SQL: select menu_id, menuname, url, pid from bi_menu [ RunTime:0.001000s ]

[ 2014-05-30T17:11:05+08:00 ] 127.0.0.1 /gas_station_erp/index.php/configuration/Role/select_all_purview
INFO: [ app_begin ] --START--
INFO: ReadHtmlCache Behavior ::run [ RunTime:0.001000s ]
INFO: [ app_begin ] --END-- [ RunTime:0.001000s ]
NOTIC: [2] urldecode() expects parameter 1 to be string, array given D:\trunk\gas_station_erp\Lib\Action\configuration\RoleAction.class.php 第 4 行.
NOTIC: [8] Undefined index: userinfo D:\trunk\gas_station_erp\Lib\Action\configuration\CommonAction.class.php 第 11 行.
SQL: select menu_id, menuname, url, pid from bi_menu [ RunTime:0.001000s ]

[ 2014-05-30T17:11:09+08:00 ] 127.0.0.1 /gas_station_erp/index.php/configuration/Role/select_purview?purview_role_id_txt=17
NOTIC: [2] htmlspecialchars() expects parameter 2 to be long, string given D:\trunk\frame\Lib\Core\App.class.php 第 57 行.
INFO: [ app_begin ] --START--
INFO: ReadHtmlCache Behavior ::run [ RunTime:0.001000s ]
INFO: [ app_begin ] --END-- [ RunTime:0.001000s ]
NOTIC: [2] urldecode() expects parameter 1 to be string, array given D:\trunk\gas_station_erp\Lib\Action\configuration\RoleAction.class.php 第 4 行.
NOTIC: [8] Undefined index: userinfo D:\trunk\gas_station_erp\Lib\Action\configuration\CommonAction.class.php 第 11 行.
NOTIC: [2] htmlspecialchars() expects parameter 2 to be long, string given D:\trunk\frame\Common\common.php 第 110 行.
NOTIC: [2] htmlspecialchars() expects parameter 2 to be long, string given D:\trunk\frame\Common\common.php 第 110 行.
SQL: select b.menu_id, b.menuname, b.url, b.pid from 
			bi_role_menu a, bi_menu b where a.menu_id=b.menu_id and a.role_id=17 [ RunTime:0.001000s ]

[ 2014-05-30T17:49:40+08:00 ] 127.0.0.1 /gas_station_erp/index.php/configuration/Role/select_all_purview
INFO: [ app_begin ] --START--
INFO: ReadHtmlCache Behavior ::run [ RunTime:0.000000s ]
INFO: [ app_begin ] --END-- [ RunTime:0.001000s ]
NOTIC: [2] urldecode() expects parameter 1 to be string, array given D:\trunk\gas_station_erp\Lib\Action\configuration\RoleAction.class.php 第 4 行.
NOTIC: [8] Undefined index: userinfo D:\trunk\gas_station_erp\Lib\Action\configuration\CommonAction.class.php 第 11 行.
SQL: select menu_id, menuname, url, pid from bi_menu [ RunTime:0.001000s ]

