[ 2014-07-29T11:57:30+08:00 ] 127.0.0.1 /gas_station_erp/index.php/Login/login
NOTIC: [2] htmlspecialchars() expects parameter 2 to be long, string given D:\trunk\frame\Lib\Core\App.class.php 第 56 行.
NOTIC: [2] htmlspecialchars() expects parameter 2 to be long, string given D:\trunk\frame\Lib\Core\App.class.php 第 56 行.
NOTIC: [2] htmlspecialchars() expects parameter 2 to be long, string given D:\trunk\frame\Lib\Core\App.class.php 第 56 行.
NOTIC: [2] htmlspecialchars() expects parameter 2 to be long, string given D:\trunk\frame\Lib\Core\App.class.php 第 56 行.
NOTIC: [2] htmlspecialchars() expects parameter 2 to be long, string given D:\trunk\frame\Lib\Core\App.class.php 第 56 行.
INFO: [ app_begin ] --START--
INFO: ReadHtmlCache Behavior ::run [ RunTime:0.000000s ]
INFO: [ app_begin ] --END-- [ RunTime:0.001000s ]
SQL: SELECT url FROM bi_menu [ RunTime:0.002000s ]

[ 2014-07-29T11:57:36+08:00 ] 127.0.0.1 /gas_station_erp/index.php/monitoring/Index/getProvinceCity
INFO: [ app_begin ] --START--
INFO: ReadHtmlCache Behavior ::run [ RunTime:0.001000s ]
INFO: [ app_begin ] --END-- [ RunTime:0.001000s ]
NOTIC: [8] Undefined index: orgid D:\trunk\gas_station_erp\Lib\Action\monitoring\IndexAction.class.php 第 248 行.
SQL: 
				SELECT b.area_id,b.area_name,b.pid,b.level FROM qd_agent_area a
				LEFT JOIN bi_area b ON a.area_id = b.area_id
				 where 1 
				GROUP BY a.area_id
				 [ RunTime:0.001000s ]
NOTIC: [8] Undefined index: orgid D:\trunk\gas_station_erp\Lib\Action\monitoring\IndexAction.class.php 第 259 行.

[ 2014-07-29T11:57:36+08:00 ] 127.0.0.1 /gas_station_erp/index.php/channel/Channel/channelnameBlurrySelect
INFO: [ app_begin ] --START--
INFO: ReadHtmlCache Behavior ::run [ RunTime:0.000000s ]
INFO: [ app_begin ] --END-- [ RunTime:0.001000s ]
NOTIC: [2] urldecode() expects parameter 1 to be string, array given D:\trunk\gas_station_erp\Lib\Action\channel\ChannelAction.class.php 第 4 行.
NOTIC: [2] htmlspecialchars() expects parameter 2 to be long, string given D:\trunk\frame\Common\common.php 第 110 行.
SQL: SHOW COLUMNS FROM `qd_channel` [ RunTime:0.002000s ]
SQL: SELECT DISTINCT  `channel_name` FROM `qd_channel` WHERE ( `channel_name` LIKE '%%' )  [ RunTime:0.004000s ]

[ 2014-07-29T11:57:36+08:00 ] 127.0.0.1 /gas_station_erp/index.php/channel/Place/placenameBlurrySelect
INFO: [ app_begin ] --START--
INFO: ReadHtmlCache Behavior ::run [ RunTime:0.000000s ]
INFO: [ app_begin ] --END-- [ RunTime:0.000000s ]
NOTIC: [2] urldecode() expects parameter 1 to be string, array given D:\trunk\gas_station_erp\Lib\Action\channel\PlaceAction.class.php 第 4 行.
NOTIC: [2] htmlspecialchars() expects parameter 2 to be long, string given D:\trunk\frame\Common\common.php 第 110 行.
SQL: SHOW COLUMNS FROM `qd_place` [ RunTime:0.002000s ]
SQL: SELECT DISTINCT  `place_name` FROM `qd_place` WHERE ( `place_name` LIKE '%%' )  [ RunTime:0.004000s ]

[ 2014-07-29T11:58:33+08:00 ] 127.0.0.1 /gas_station_erp/index.php/monitoring/Index/getProvinceCity
INFO: [ app_begin ] --START--
INFO: ReadHtmlCache Behavior ::run [ RunTime:0.000000s ]
INFO: [ app_begin ] --END-- [ RunTime:0.000000s ]
NOTIC: [8] Undefined index: orgid D:\trunk\gas_station_erp\Lib\Action\monitoring\IndexAction.class.php 第 248 行.
SQL: 
				SELECT b.area_id,b.area_name,b.pid,b.level FROM qd_agent_area a
				LEFT JOIN bi_area b ON a.area_id = b.area_id
				 where 1 
				GROUP BY a.area_id
				 [ RunTime:0.001000s ]
NOTIC: [8] Undefined index: orgid D:\trunk\gas_station_erp\Lib\Action\monitoring\IndexAction.class.php 第 259 行.

[ 2014-07-29T11:58:33+08:00 ] 127.0.0.1 /gas_station_erp/index.php/channel/Place/placenameBlurrySelect
INFO: [ app_begin ] --START--
INFO: ReadHtmlCache Behavior ::run [ RunTime:0.000000s ]
INFO: [ app_begin ] --END-- [ RunTime:0.000000s ]
NOTIC: [2] urldecode() expects parameter 1 to be string, array given D:\trunk\gas_station_erp\Lib\Action\channel\PlaceAction.class.php 第 4 行.
NOTIC: [2] htmlspecialchars() expects parameter 2 to be long, string given D:\trunk\frame\Common\common.php 第 110 行.
SQL: SHOW COLUMNS FROM `qd_place` [ RunTime:0.003000s ]
SQL: SELECT DISTINCT  `place_name` FROM `qd_place` WHERE ( `place_name` LIKE '%%' )  [ RunTime:0.003000s ]

[ 2014-07-29T11:58:33+08:00 ] 127.0.0.1 /gas_station_erp/index.php/channel/Channel/channelnameBlurrySelect
INFO: [ app_begin ] --START--
INFO: ReadHtmlCache Behavior ::run [ RunTime:0.002000s ]
INFO: [ app_begin ] --END-- [ RunTime:0.002000s ]
NOTIC: [2] urldecode() expects parameter 1 to be string, array given D:\trunk\gas_station_erp\Lib\Action\channel\ChannelAction.class.php 第 4 行.
NOTIC: [2] htmlspecialchars() expects parameter 2 to be long, string given D:\trunk\frame\Common\common.php 第 110 行.
SQL: SHOW COLUMNS FROM `qd_channel` [ RunTime:0.001000s ]
SQL: SELECT DISTINCT  `channel_name` FROM `qd_channel` WHERE ( `channel_name` LIKE '%%' )  [ RunTime:0.004001s ]

[ 2014-07-29T11:58:35+08:00 ] 127.0.0.1 /gas_station_erp/index.php/channel//gas_station_erp/gas_station_erp/Tpl/channel/Public/css/configuration.css
ERR: 无法加载模块:gas_station_erp

[ 2014-07-29T11:58:35+08:00 ] 127.0.0.1 /gas_station_erp/index.php/channel/Agent/agentnameBlurrySelect?agent_name=
NOTIC: [2] htmlspecialchars() expects parameter 2 to be long, string given D:\trunk\frame\Lib\Core\App.class.php 第 57 行.
INFO: [ app_begin ] --START--
INFO: ReadHtmlCache Behavior ::run [ RunTime:0.000000s ]
INFO: [ app_begin ] --END-- [ RunTime:0.000000s ]
NOTIC: [2] urldecode() expects parameter 1 to be string, array given D:\trunk\gas_station_erp\Lib\Action\channel\AgentAction.class.php 第 4 行.
NOTIC: [2] htmlspecialchars() expects parameter 2 to be long, string given D:\trunk\frame\Common\common.php 第 110 行.
NOTIC: [2] htmlspecialchars() expects parameter 2 to be long, string given D:\trunk\frame\Common\common.php 第 110 行.
SQL: SHOW COLUMNS FROM `qd_agent` [ RunTime:0.002000s ]
SQL: SELECT DISTINCT  `agent_name` FROM `qd_agent` WHERE ( `agent_name` LIKE '%%' )  [ RunTime:0.001000s ]

[ 2014-07-29T11:58:36+08:00 ] 127.0.0.1 /gas_station_erp/index.php/channel/Channel/channelnameBlurrySelect
INFO: [ app_begin ] --START--
INFO: ReadHtmlCache Behavior ::run [ RunTime:0.000000s ]
INFO: [ app_begin ] --END-- [ RunTime:0.000000s ]
NOTIC: [2] urldecode() expects parameter 1 to be string, array given D:\trunk\gas_station_erp\Lib\Action\channel\ChannelAction.class.php 第 4 行.
NOTIC: [2] htmlspecialchars() expects parameter 2 to be long, string given D:\trunk\frame\Common\common.php 第 110 行.
SQL: SHOW COLUMNS FROM `qd_channel` [ RunTime:0.002000s ]
SQL: SELECT DISTINCT  `channel_name` FROM `qd_channel` WHERE ( `channel_name` LIKE '%%' )  [ RunTime:0.005001s ]

[ 2014-07-29T11:58:37+08:00 ] 127.0.0.1 /gas_station_erp/index.php/channel//gas_station_erp/gas_station_erp/Tpl/channel/Public/css/configuration.css
ERR: 无法加载模块:gas_station_erp

[ 2014-07-29T11:58:37+08:00 ] 127.0.0.1 /gas_station_erp/index.php/channel/Channel/channelnameBlurrySelect
INFO: [ app_begin ] --START--
INFO: ReadHtmlCache Behavior ::run [ RunTime:0.001001s ]
INFO: [ app_begin ] --END-- [ RunTime:0.001001s ]
NOTIC: [2] urldecode() expects parameter 1 to be string, array given D:\trunk\gas_station_erp\Lib\Action\channel\ChannelAction.class.php 第 4 行.
NOTIC: [2] htmlspecialchars() expects parameter 2 to be long, string given D:\trunk\frame\Common\common.php 第 110 行.
SQL: SHOW COLUMNS FROM `qd_channel` [ RunTime:0.001000s ]
SQL: SELECT DISTINCT  `channel_name` FROM `qd_channel` WHERE ( `channel_name` LIKE '%%' )  [ RunTime:0.003000s ]

[ 2014-07-29T11:58:37+08:00 ] 127.0.0.1 /gas_station_erp/index.php/channel/Agent/agentnameBlurrySelect?agent_name=
NOTIC: [2] htmlspecialchars() expects parameter 2 to be long, string given D:\trunk\frame\Lib\Core\App.class.php 第 57 行.
INFO: [ app_begin ] --START--
INFO: ReadHtmlCache Behavior ::run [ RunTime:0.001000s ]
INFO: [ app_begin ] --END-- [ RunTime:0.001000s ]
NOTIC: [2] urldecode() expects parameter 1 to be string, array given D:\trunk\gas_station_erp\Lib\Action\channel\AgentAction.class.php 第 4 行.
NOTIC: [2] htmlspecialchars() expects parameter 2 to be long, string given D:\trunk\frame\Common\common.php 第 110 行.
NOTIC: [2] htmlspecialchars() expects parameter 2 to be long, string given D:\trunk\frame\Common\common.php 第 110 行.
SQL: SHOW COLUMNS FROM `qd_agent` [ RunTime:0.002000s ]
SQL: SELECT DISTINCT  `agent_name` FROM `qd_agent` WHERE ( `agent_name` LIKE '%%' )  [ RunTime:0.002000s ]

[ 2014-07-29T11:58:38+08:00 ] 127.0.0.1 /gas_station_erp/index.php/channel//gas_station_erp/gas_station_erp/Tpl/channel/Public/css/configuration.css
ERR: 无法加载模块:gas_station_erp

[ 2014-07-29T11:58:39+08:00 ] 127.0.0.1 /gas_station_erp/index.php/channel/Agent/agentnameBlurrySelect?agent_name=
NOTIC: [2] htmlspecialchars() expects parameter 2 to be long, string given D:\trunk\frame\Lib\Core\App.class.php 第 57 行.
INFO: [ app_begin ] --START--
INFO: ReadHtmlCache Behavior ::run [ RunTime:0.001000s ]
INFO: [ app_begin ] --END-- [ RunTime:0.001000s ]
NOTIC: [2] urldecode() expects parameter 1 to be string, array given D:\trunk\gas_station_erp\Lib\Action\channel\AgentAction.class.php 第 4 行.
NOTIC: [2] htmlspecialchars() expects parameter 2 to be long, string given D:\trunk\frame\Common\common.php 第 110 行.
NOTIC: [2] htmlspecialchars() expects parameter 2 to be long, string given D:\trunk\frame\Common\common.php 第 110 行.
SQL: SHOW COLUMNS FROM `qd_agent` [ RunTime:0.005000s ]
SQL: SELECT DISTINCT  `agent_name` FROM `qd_agent` WHERE ( `agent_name` LIKE '%%' )  [ RunTime:0.004000s ]

[ 2014-07-29T11:58:39+08:00 ] 127.0.0.1 /gas_station_erp/index.php/channel/Channel/channelnameBlurrySelect
INFO: [ app_begin ] --START--
INFO: ReadHtmlCache Behavior ::run [ RunTime:0.000000s ]
INFO: [ app_begin ] --END-- [ RunTime:0.000000s ]
NOTIC: [2] urldecode() expects parameter 1 to be string, array given D:\trunk\gas_station_erp\Lib\Action\channel\ChannelAction.class.php 第 4 行.
NOTIC: [2] htmlspecialchars() expects parameter 2 to be long, string given D:\trunk\frame\Common\common.php 第 110 行.
SQL: SHOW COLUMNS FROM `qd_channel` [ RunTime:0.002001s ]
SQL: SELECT DISTINCT  `channel_name` FROM `qd_channel` WHERE ( `channel_name` LIKE '%%' )  [ RunTime:0.004000s ]

[ 2014-07-29T11:58:40+08:00 ] 127.0.0.1 /gas_station_erp/index.php/channel//gas_station_erp/gas_station_erp/Tpl/channel/Public/css/configuration.css
ERR: 无法加载模块:gas_station_erp

[ 2014-07-29T11:58:40+08:00 ] 127.0.0.1 /gas_station_erp/index.php/channel/Agent/agentnameBlurrySelect?agent_name=
NOTIC: [2] htmlspecialchars() expects parameter 2 to be long, string given D:\trunk\frame\Lib\Core\App.class.php 第 57 行.
INFO: [ app_begin ] --START--
INFO: ReadHtmlCache Behavior ::run [ RunTime:0.000000s ]
INFO: [ app_begin ] --END-- [ RunTime:0.000000s ]
NOTIC: [2] urldecode() expects parameter 1 to be string, array given D:\trunk\gas_station_erp\Lib\Action\channel\AgentAction.class.php 第 4 行.
NOTIC: [2] htmlspecialchars() expects parameter 2 to be long, string given D:\trunk\frame\Common\common.php 第 110 行.
NOTIC: [2] htmlspecialchars() expects parameter 2 to be long, string given D:\trunk\frame\Common\common.php 第 110 行.
SQL: SHOW COLUMNS FROM `qd_agent` [ RunTime:0.001000s ]
SQL: SELECT DISTINCT  `agent_name` FROM `qd_agent` WHERE ( `agent_name` LIKE '%%' )  [ RunTime:0.001000s ]

[ 2014-07-29T11:58:40+08:00 ] 127.0.0.1 /gas_station_erp/index.php/channel/Channel/channelnameBlurrySelect
INFO: [ app_begin ] --START--
INFO: ReadHtmlCache Behavior ::run [ RunTime:0.000000s ]
INFO: [ app_begin ] --END-- [ RunTime:0.000000s ]
NOTIC: [2] urldecode() expects parameter 1 to be string, array given D:\trunk\gas_station_erp\Lib\Action\channel\ChannelAction.class.php 第 4 行.
NOTIC: [2] htmlspecialchars() expects parameter 2 to be long, string given D:\trunk\frame\Common\common.php 第 110 行.
SQL: SHOW COLUMNS FROM `qd_channel` [ RunTime:0.002000s ]
SQL: SELECT DISTINCT  `channel_name` FROM `qd_channel` WHERE ( `channel_name` LIKE '%%' )  [ RunTime:0.004000s ]

[ 2014-07-29T12:00:40+08:00 ] 127.0.0.1 /gas_station_erp/index.php/statistics//gas_station_erp/gas_station_erp/Tpl/statistics/Public/css/configuration.css
ERR: 无法加载模块:gas_station_erp

[ 2014-07-29T12:00:44+08:00 ] 127.0.0.1 /gas_station_erp/index.php/statistics//gas_station_erp/gas_station_erp/Tpl/statistics/Public/css/configuration.css
ERR: 无法加载模块:gas_station_erp

[ 2014-07-29T12:00:44+08:00 ] 127.0.0.1 /gas_station_erp/index.php/statistics//gas_station_erp/gas_station_erp/Tpl/statistics/Public/js/jquery-1.6.1.js
ERR: 无法加载模块:gas_station_erp

[ 2014-07-29T12:00:44+08:00 ] 127.0.0.1 /gas_station_erp/index.php/statistics//gas_station_erp/gas_station_erp/Tpl/statistics/Public/js/jquery.SuperSlide.2.1.1.js
ERR: 无法加载模块:gas_station_erp

[ 2014-07-29T12:00:51+08:00 ] 127.0.0.1 /gas_station_erp/index.php/statistics//gas_station_erp/gas_station_erp/Tpl/statistics/Public/css/configuration.css
ERR: 无法加载模块:gas_station_erp

[ 2014-07-29T12:00:51+08:00 ] 127.0.0.1 /gas_station_erp/index.php/statistics//gas_station_erp/gas_station_erp/Tpl/statistics/Public/js/jquery.SuperSlide.2.1.1.js
ERR: 无法加载模块:gas_station_erp

[ 2014-07-29T12:00:51+08:00 ] 127.0.0.1 /gas_station_erp/index.php/statistics//gas_station_erp/gas_station_erp/Tpl/statistics/Public/js/jquery-1.6.1.js
ERR: 无法加载模块:gas_station_erp

[ 2014-07-29T12:00:53+08:00 ] 127.0.0.1 /gas_station_erp/index.php/statistics//gas_station_erp/gas_station_erp/Tpl/statistics/Public/js/jquery-1.6.1.js
ERR: 无法加载模块:gas_station_erp

[ 2014-07-29T12:00:53+08:00 ] 127.0.0.1 /gas_station_erp/index.php/statistics//gas_station_erp/gas_station_erp/Tpl/statistics/Public/css/configuration.css
ERR: 无法加载模块:gas_station_erp

[ 2014-07-29T12:00:53+08:00 ] 127.0.0.1 /gas_station_erp/index.php/statistics//gas_station_erp/gas_station_erp/Tpl/statistics/Public/js/jquery.SuperSlide.2.1.1.js
ERR: 无法加载模块:gas_station_erp

[ 2014-07-29T12:00:54+08:00 ] 127.0.0.1 /gas_station_erp/index.php/statistics//gas_station_erp/gas_station_erp/Tpl/statistics/Public/js/jquery-1.6.1.js
ERR: 无法加载模块:gas_station_erp

[ 2014-07-29T12:00:54+08:00 ] 127.0.0.1 /gas_station_erp/index.php/statistics//gas_station_erp/gas_station_erp/Tpl/statistics/Public/js/jquery.SuperSlide.2.1.1.js
ERR: 无法加载模块:gas_station_erp

[ 2014-07-29T12:00:54+08:00 ] 127.0.0.1 /gas_station_erp/index.php/statistics//gas_station_erp/gas_station_erp/Tpl/statistics/Public/css/configuration.css
ERR: 无法加载模块:gas_station_erp

[ 2014-07-29T12:00:55+08:00 ] 127.0.0.1 /gas_station_erp/index.php/statistics//gas_station_erp/gas_station_erp/Tpl/statistics/Public/css/configuration.css
ERR: 无法加载模块:gas_station_erp

[ 2014-07-29T12:01:01+08:00 ] 127.0.0.1 /gas_station_erp/index.php/configuration/Org/show_org_tree
INFO: [ app_begin ] --START--
INFO: ReadHtmlCache Behavior ::run [ RunTime:0.000000s ]
INFO: [ app_begin ] --END-- [ RunTime:0.001000s ]
NOTIC: [2] urldecode() expects parameter 1 to be string, array given D:\trunk\gas_station_erp\Lib\Action\configuration\OrgAction.class.php 第 4 行.
SQL: select * from qd_agent a where a.isDelete=0 [ RunTime:0.001001s ]

[ 2014-07-29T12:01:04+08:00 ] 127.0.0.1 /gas_station_erp/index.php/configuration/Org/orgDetailSelect?agent_id=10
NOTIC: [2] htmlspecialchars() expects parameter 2 to be long, string given D:\trunk\frame\Lib\Core\App.class.php 第 57 行.
INFO: [ app_begin ] --START--
INFO: ReadHtmlCache Behavior ::run [ RunTime:0.001000s ]
INFO: [ app_begin ] --END-- [ RunTime:0.001000s ]
NOTIC: [2] urldecode() expects parameter 1 to be string, array given D:\trunk\gas_station_erp\Lib\Action\configuration\OrgAction.class.php 第 4 行.
NOTIC: [2] htmlspecialchars() expects parameter 2 to be long, string given D:\trunk\frame\Common\common.php 第 110 行.
NOTIC: [2] htmlspecialchars() expects parameter 2 to be long, string given D:\trunk\frame\Common\common.php 第 110 行.
SQL: SELECT * FROM qd_agent a WHERE ( a.agent_id=10 )  [ RunTime:0.001000s ]
SQL: select agent_name from qd_agent where agent_id=1 [ RunTime:0.001000s ]
SQL: select area_id from qd_agent_area where agent_id=10 [ RunTime:0.001000s ]
SQL: select area_name from bi_area where area_id=88 [ RunTime:0.001000s ]
SQL: select area_name from bi_area where area_id=5 [ RunTime:0.001000s ]

[ 2014-07-29T12:01:05+08:00 ] 127.0.0.1 /gas_station_erp/index.php/configuration/Org/orgDetailSelect?agent_id=32
NOTIC: [2] htmlspecialchars() expects parameter 2 to be long, string given D:\trunk\frame\Lib\Core\App.class.php 第 57 行.
INFO: [ app_begin ] --START--
INFO: ReadHtmlCache Behavior ::run [ RunTime:0.001000s ]
INFO: [ app_begin ] --END-- [ RunTime:0.001000s ]
NOTIC: [2] urldecode() expects parameter 1 to be string, array given D:\trunk\gas_station_erp\Lib\Action\configuration\OrgAction.class.php 第 4 行.
NOTIC: [2] htmlspecialchars() expects parameter 2 to be long, string given D:\trunk\frame\Common\common.php 第 110 行.
NOTIC: [2] htmlspecialchars() expects parameter 2 to be long, string given D:\trunk\frame\Common\common.php 第 110 行.
SQL: SELECT * FROM qd_agent a WHERE ( a.agent_id=32 )  [ RunTime:0.001000s ]
SQL: select agent_name from qd_agent where agent_id=10 [ RunTime:0.002000s ]
SQL: select area_id from qd_agent_area where agent_id=32 [ RunTime:0.000000s ]
SQL: select area_name from bi_area where area_id=5 [ RunTime:0.000000s ]

[ 2014-07-29T12:01:06+08:00 ] 127.0.0.1 /gas_station_erp/index.php/configuration/Org/orgDetailSelect?agent_id=17
NOTIC: [2] htmlspecialchars() expects parameter 2 to be long, string given D:\trunk\frame\Lib\Core\App.class.php 第 57 行.
INFO: [ app_begin ] --START--
INFO: ReadHtmlCache Behavior ::run [ RunTime:0.001000s ]
INFO: [ app_begin ] --END-- [ RunTime:0.001000s ]
NOTIC: [2] urldecode() expects parameter 1 to be string, array given D:\trunk\gas_station_erp\Lib\Action\configuration\OrgAction.class.php 第 4 行.
NOTIC: [2] htmlspecialchars() expects parameter 2 to be long, string given D:\trunk\frame\Common\common.php 第 110 行.
NOTIC: [2] htmlspecialchars() expects parameter 2 to be long, string given D:\trunk\frame\Common\common.php 第 110 行.
SQL: SELECT * FROM qd_agent a WHERE ( a.agent_id=17 )  [ RunTime:0.002000s ]
SQL: select agent_name from qd_agent where agent_id=1 [ RunTime:0.001000s ]
SQL: select area_id from qd_agent_area where agent_id=17 [ RunTime:0.001000s ]
SQL: select area_name from bi_area where area_id=16 [ RunTime:0.001000s ]
SQL: select area_name from bi_area where area_id=183 [ RunTime:0.001000s ]

[ 2014-07-29T12:01:06+08:00 ] 127.0.0.1 /gas_station_erp/index.php/configuration/Org/orgDetailSelect?agent_id=18
NOTIC: [2] htmlspecialchars() expects parameter 2 to be long, string given D:\trunk\frame\Lib\Core\App.class.php 第 57 行.
INFO: [ app_begin ] --START--
INFO: ReadHtmlCache Behavior ::run [ RunTime:0.001000s ]
INFO: [ app_begin ] --END-- [ RunTime:0.001000s ]
NOTIC: [2] urldecode() expects parameter 1 to be string, array given D:\trunk\gas_station_erp\Lib\Action\configuration\OrgAction.class.php 第 4 行.
NOTIC: [2] htmlspecialchars() expects parameter 2 to be long, string given D:\trunk\frame\Common\common.php 第 110 行.
NOTIC: [2] htmlspecialchars() expects parameter 2 to be long, string given D:\trunk\frame\Common\common.php 第 110 行.
SQL: SELECT * FROM qd_agent a WHERE ( a.agent_id=18 )  [ RunTime:0.001000s ]
SQL: select agent_name from qd_agent where agent_id=1 [ RunTime:0.001000s ]
SQL: select area_id from qd_agent_area where agent_id=18 [ RunTime:0.001000s ]
SQL: select area_name from bi_area where area_id=23 [ RunTime:0.001000s ]
SQL: select area_name from bi_area where area_id=68 [ RunTime:0.001000s ]

[ 2014-07-29T12:01:07+08:00 ] 127.0.0.1 /gas_station_erp/index.php/configuration/Org/orgDetailSelect?agent_id=19
NOTIC: [2] htmlspecialchars() expects parameter 2 to be long, string given D:\trunk\frame\Lib\Core\App.class.php 第 57 行.
INFO: [ app_begin ] --START--
INFO: ReadHtmlCache Behavior ::run [ RunTime:0.001001s ]
INFO: [ app_begin ] --END-- [ RunTime:0.002001s ]
NOTIC: [2] urldecode() expects parameter 1 to be string, array given D:\trunk\gas_station_erp\Lib\Action\configuration\OrgAction.class.php 第 4 行.
NOTIC: [2] htmlspecialchars() expects parameter 2 to be long, string given D:\trunk\frame\Common\common.php 第 110 行.
NOTIC: [2] htmlspecialchars() expects parameter 2 to be long, string given D:\trunk\frame\Common\common.php 第 110 行.
SQL: SELECT * FROM qd_agent a WHERE ( a.agent_id=19 )  [ RunTime:0.002000s ]
SQL: select agent_name from qd_agent where agent_id=18 [ RunTime:0.001000s ]
SQL: select area_id from qd_agent_area where agent_id=19 [ RunTime:0.001000s ]
SQL: select area_name from bi_area where area_id=68 [ RunTime:0.001001s ]

[ 2014-07-29T12:01:07+08:00 ] 127.0.0.1 /gas_station_erp/index.php/configuration/Org/orgDetailSelect?agent_id=28
NOTIC: [2] htmlspecialchars() expects parameter 2 to be long, string given D:\trunk\frame\Lib\Core\App.class.php 第 57 行.
INFO: [ app_begin ] --START--
INFO: ReadHtmlCache Behavior ::run [ RunTime:0.001000s ]
INFO: [ app_begin ] --END-- [ RunTime:0.001000s ]
NOTIC: [2] urldecode() expects parameter 1 to be string, array given D:\trunk\gas_station_erp\Lib\Action\configuration\OrgAction.class.php 第 4 行.
NOTIC: [2] htmlspecialchars() expects parameter 2 to be long, string given D:\trunk\frame\Common\common.php 第 110 行.
NOTIC: [2] htmlspecialchars() expects parameter 2 to be long, string given D:\trunk\frame\Common\common.php 第 110 行.
SQL: SELECT * FROM qd_agent a WHERE ( a.agent_id=28 )  [ RunTime:0.001001s ]
SQL: select agent_name from qd_agent where agent_id=19 [ RunTime:0.001000s ]
SQL: select area_id from qd_agent_area where agent_id=28 [ RunTime:0.001000s ]
SQL: select area_name from bi_area where area_id=68 [ RunTime:0.001000s ]

[ 2014-07-29T12:01:08+08:00 ] 127.0.0.1 /gas_station_erp/index.php/configuration/Org/show_org_tree
INFO: [ app_begin ] --START--
INFO: ReadHtmlCache Behavior ::run [ RunTime:0.000000s ]
INFO: [ app_begin ] --END-- [ RunTime:0.000000s ]
NOTIC: [2] urldecode() expects parameter 1 to be string, array given D:\trunk\gas_station_erp\Lib\Action\configuration\OrgAction.class.php 第 4 行.
SQL: select * from qd_agent a where a.isDelete=0 [ RunTime:0.002000s ]

[ 2014-07-29T12:01:08+08:00 ] 127.0.0.1 /gas_station_erp/index.php/configuration/Role/rolenameBlurrySelect?role_name=
NOTIC: [2] htmlspecialchars() expects parameter 2 to be long, string given D:\trunk\frame\Lib\Core\App.class.php 第 57 行.
INFO: [ app_begin ] --START--
INFO: ReadHtmlCache Behavior ::run [ RunTime:0.001000s ]
INFO: [ app_begin ] --END-- [ RunTime:0.001000s ]
NOTIC: [2] urldecode() expects parameter 1 to be string, array given D:\trunk\gas_station_erp\Lib\Action\configuration\RoleAction.class.php 第 4 行.
NOTIC: [2] htmlspecialchars() expects parameter 2 to be long, string given D:\trunk\frame\Common\common.php 第 110 行.
NOTIC: [2] htmlspecialchars() expects parameter 2 to be long, string given D:\trunk\frame\Common\common.php 第 110 行.
SQL: SHOW COLUMNS FROM `bi_role` [ RunTime:0.002000s ]
SQL: SELECT DISTINCT  `rolename` FROM `bi_role` WHERE ( `rolename` LIKE '%%' )  [ RunTime:0.001000s ]

[ 2014-07-29T12:01:08+08:00 ] 127.0.0.1 /gas_station_erp/index.php/channel/Agent/agentnameBlurrySelect?agent_name=
NOTIC: [2] htmlspecialchars() expects parameter 2 to be long, string given D:\trunk\frame\Lib\Core\App.class.php 第 57 行.
INFO: [ app_begin ] --START--
INFO: ReadHtmlCache Behavior ::run [ RunTime:0.000000s ]
INFO: [ app_begin ] --END-- [ RunTime:0.000000s ]
NOTIC: [2] urldecode() expects parameter 1 to be string, array given D:\trunk\gas_station_erp\Lib\Action\channel\AgentAction.class.php 第 4 行.
NOTIC: [2] htmlspecialchars() expects parameter 2 to be long, string given D:\trunk\frame\Common\common.php 第 110 行.
NOTIC: [2] htmlspecialchars() expects parameter 2 to be long, string given D:\trunk\frame\Common\common.php 第 110 行.
SQL: SHOW COLUMNS FROM `qd_agent` [ RunTime:0.001000s ]
SQL: SELECT DISTINCT  `agent_name` FROM `qd_agent` WHERE ( `agent_name` LIKE '%%' )  [ RunTime:0.001000s ]

[ 2014-07-29T12:01:12+08:00 ] 127.0.0.1 /gas_station_erp/index.php/channel//gas_station_erp/gas_station_erp/Tpl/channel/Public/css/configuration.css
ERR: 无法加载模块:gas_station_erp

[ 2014-07-29T12:01:12+08:00 ] 127.0.0.1 /gas_station_erp/index.php/channel/Agent/agentnameBlurrySelect?agent_name=
NOTIC: [2] htmlspecialchars() expects parameter 2 to be long, string given D:\trunk\frame\Lib\Core\App.class.php 第 57 行.
INFO: [ app_begin ] --START--
INFO: ReadHtmlCache Behavior ::run [ RunTime:0.001000s ]
INFO: [ app_begin ] --END-- [ RunTime:0.001000s ]
NOTIC: [2] urldecode() expects parameter 1 to be string, array given D:\trunk\gas_station_erp\Lib\Action\channel\AgentAction.class.php 第 4 行.
NOTIC: [2] htmlspecialchars() expects parameter 2 to be long, string given D:\trunk\frame\Common\common.php 第 110 行.
NOTIC: [2] htmlspecialchars() expects parameter 2 to be long, string given D:\trunk\frame\Common\common.php 第 110 行.
SQL: SHOW COLUMNS FROM `qd_agent` [ RunTime:0.001000s ]
SQL: SELECT DISTINCT  `agent_name` FROM `qd_agent` WHERE ( `agent_name` LIKE '%%' )  [ RunTime:0.001000s ]

[ 2014-07-29T12:01:12+08:00 ] 127.0.0.1 /gas_station_erp/index.php/channel/Channel/channelnameBlurrySelect
INFO: [ app_begin ] --START--
INFO: ReadHtmlCache Behavior ::run [ RunTime:0.000000s ]
INFO: [ app_begin ] --END-- [ RunTime:0.000000s ]
NOTIC: [2] urldecode() expects parameter 1 to be string, array given D:\trunk\gas_station_erp\Lib\Action\channel\ChannelAction.class.php 第 4 行.
NOTIC: [2] htmlspecialchars() expects parameter 2 to be long, string given D:\trunk\frame\Common\common.php 第 110 行.
SQL: SHOW COLUMNS FROM `qd_channel` [ RunTime:0.001001s ]
SQL: SELECT DISTINCT  `channel_name` FROM `qd_channel` WHERE ( `channel_name` LIKE '%%' )  [ RunTime:0.004000s ]

[ 2014-07-29T12:01:14+08:00 ] 127.0.0.1 /gas_station_erp/index.php/channel//gas_station_erp/gas_station_erp/Tpl/channel/Public/css/configuration.css
ERR: 无法加载模块:gas_station_erp

[ 2014-07-29T12:01:14+08:00 ] 127.0.0.1 /gas_station_erp/index.php/channel/Agent/agentnameBlurrySelect?agent_name=
NOTIC: [2] htmlspecialchars() expects parameter 2 to be long, string given D:\trunk\frame\Lib\Core\App.class.php 第 57 行.
INFO: [ app_begin ] --START--
INFO: ReadHtmlCache Behavior ::run [ RunTime:0.000000s ]
INFO: [ app_begin ] --END-- [ RunTime:0.000000s ]
NOTIC: [2] urldecode() expects parameter 1 to be string, array given D:\trunk\gas_station_erp\Lib\Action\channel\AgentAction.class.php 第 4 行.
NOTIC: [2] htmlspecialchars() expects parameter 2 to be long, string given D:\trunk\frame\Common\common.php 第 110 行.
NOTIC: [2] htmlspecialchars() expects parameter 2 to be long, string given D:\trunk\frame\Common\common.php 第 110 行.
SQL: SHOW COLUMNS FROM `qd_agent` [ RunTime:0.002000s ]
SQL: SELECT DISTINCT  `agent_name` FROM `qd_agent` WHERE ( `agent_name` LIKE '%%' )  [ RunTime:0.002000s ]

[ 2014-07-29T12:01:14+08:00 ] 127.0.0.1 /gas_station_erp/index.php/channel/Channel/channelnameBlurrySelect
INFO: [ app_begin ] --START--
INFO: ReadHtmlCache Behavior ::run [ RunTime:0.001000s ]
INFO: [ app_begin ] --END-- [ RunTime:0.001000s ]
NOTIC: [2] urldecode() expects parameter 1 to be string, array given D:\trunk\gas_station_erp\Lib\Action\channel\ChannelAction.class.php 第 4 行.
NOTIC: [2] htmlspecialchars() expects parameter 2 to be long, string given D:\trunk\frame\Common\common.php 第 110 行.
SQL: SHOW COLUMNS FROM `qd_channel` [ RunTime:0.002000s ]
SQL: SELECT DISTINCT  `channel_name` FROM `qd_channel` WHERE ( `channel_name` LIKE '%%' )  [ RunTime:0.004000s ]

[ 2014-07-29T12:01:28+08:00 ] 127.0.0.1 /gas_station_erp/index.php/channel/Channel/channelnameBlurrySelect
INFO: [ app_begin ] --START--
INFO: ReadHtmlCache Behavior ::run [ RunTime:0.001000s ]
INFO: [ app_begin ] --END-- [ RunTime:0.001000s ]
NOTIC: [2] urldecode() expects parameter 1 to be string, array given D:\trunk\gas_station_erp\Lib\Action\channel\ChannelAction.class.php 第 4 行.
NOTIC: [2] htmlspecialchars() expects parameter 2 to be long, string given D:\trunk\frame\Common\common.php 第 110 行.
SQL: SHOW COLUMNS FROM `qd_channel` [ RunTime:0.001000s ]
SQL: SELECT DISTINCT  `channel_name` FROM `qd_channel` WHERE ( `channel_name` LIKE '%%' )  [ RunTime:0.004000s ]

[ 2014-07-29T12:01:28+08:00 ] 127.0.0.1 /gas_station_erp/index.php/channel/Agent/agentnameBlurrySelect?agent_name=
NOTIC: [2] htmlspecialchars() expects parameter 2 to be long, string given D:\trunk\frame\Lib\Core\App.class.php 第 57 行.
INFO: [ app_begin ] --START--
INFO: ReadHtmlCache Behavior ::run [ RunTime:0.001000s ]
INFO: [ app_begin ] --END-- [ RunTime:0.001000s ]
NOTIC: [2] urldecode() expects parameter 1 to be string, array given D:\trunk\gas_station_erp\Lib\Action\channel\AgentAction.class.php 第 4 行.
NOTIC: [2] htmlspecialchars() expects parameter 2 to be long, string given D:\trunk\frame\Common\common.php 第 110 行.
NOTIC: [2] htmlspecialchars() expects parameter 2 to be long, string given D:\trunk\frame\Common\common.php 第 110 行.
SQL: SHOW COLUMNS FROM `qd_agent` [ RunTime:0.001000s ]
SQL: SELECT DISTINCT  `agent_name` FROM `qd_agent` WHERE ( `agent_name` LIKE '%%' )  [ RunTime:0.001000s ]

[ 2014-07-29T12:01:32+08:00 ] 127.0.0.1 /gas_station_erp/index.php/channel/Agent/agentnameBlurrySelect?agent_name=
NOTIC: [2] htmlspecialchars() expects parameter 2 to be long, string given D:\trunk\frame\Lib\Core\App.class.php 第 57 行.
INFO: [ app_begin ] --START--
INFO: ReadHtmlCache Behavior ::run [ RunTime:0.000000s ]
INFO: [ app_begin ] --END-- [ RunTime:0.000000s ]
NOTIC: [2] urldecode() expects parameter 1 to be string, array given D:\trunk\gas_station_erp\Lib\Action\channel\AgentAction.class.php 第 4 行.
NOTIC: [2] htmlspecialchars() expects parameter 2 to be long, string given D:\trunk\frame\Common\common.php 第 110 行.
NOTIC: [2] htmlspecialchars() expects parameter 2 to be long, string given D:\trunk\frame\Common\common.php 第 110 行.
SQL: SHOW COLUMNS FROM `qd_agent` [ RunTime:0.001000s ]
SQL: SELECT DISTINCT  `agent_name` FROM `qd_agent` WHERE ( `agent_name` LIKE '%%' )  [ RunTime:0.002000s ]

[ 2014-07-29T12:01:32+08:00 ] 127.0.0.1 /gas_station_erp/index.php/channel/Channel/channelnameBlurrySelect
INFO: [ app_begin ] --START--
INFO: ReadHtmlCache Behavior ::run [ RunTime:0.000000s ]
INFO: [ app_begin ] --END-- [ RunTime:0.000000s ]
NOTIC: [2] urldecode() expects parameter 1 to be string, array given D:\trunk\gas_station_erp\Lib\Action\channel\ChannelAction.class.php 第 4 行.
NOTIC: [2] htmlspecialchars() expects parameter 2 to be long, string given D:\trunk\frame\Common\common.php 第 110 行.
SQL: SHOW COLUMNS FROM `qd_channel` [ RunTime:0.001000s ]
SQL: SELECT DISTINCT  `channel_name` FROM `qd_channel` WHERE ( `channel_name` LIKE '%%' )  [ RunTime:0.003000s ]

[ 2014-07-29T12:01:52+08:00 ] 127.0.0.1 /gas_station_erp/index.php/channel/Channel/channelnameBlurrySelect
INFO: [ app_begin ] --START--
INFO: ReadHtmlCache Behavior ::run [ RunTime:0.000000s ]
INFO: [ app_begin ] --END-- [ RunTime:0.000000s ]
NOTIC: [2] urldecode() expects parameter 1 to be string, array given D:\trunk\gas_station_erp\Lib\Action\channel\ChannelAction.class.php 第 4 行.
NOTIC: [2] htmlspecialchars() expects parameter 2 to be long, string given D:\trunk\frame\Common\common.php 第 110 行.
SQL: SHOW COLUMNS FROM `qd_channel` [ RunTime:0.002001s ]
SQL: SELECT DISTINCT  `channel_name` FROM `qd_channel` WHERE ( `channel_name` LIKE '%%' )  [ RunTime:0.004000s ]

[ 2014-07-29T12:01:52+08:00 ] 127.0.0.1 /gas_station_erp/index.php/channel/Place/placenameBlurrySelect
INFO: [ app_begin ] --START--
INFO: ReadHtmlCache Behavior ::run [ RunTime:0.000000s ]
INFO: [ app_begin ] --END-- [ RunTime:0.000000s ]
NOTIC: [2] urldecode() expects parameter 1 to be string, array given D:\trunk\gas_station_erp\Lib\Action\channel\PlaceAction.class.php 第 4 行.
NOTIC: [2] htmlspecialchars() expects parameter 2 to be long, string given D:\trunk\frame\Common\common.php 第 110 行.
SQL: SHOW COLUMNS FROM `qd_place` [ RunTime:0.001000s ]
SQL: SELECT DISTINCT  `place_name` FROM `qd_place` WHERE ( `place_name` LIKE '%%' )  [ RunTime:0.003000s ]

[ 2014-07-29T12:01:54+08:00 ] 127.0.0.1 /gas_station_erp/index.php/monitoring/Index/getProvinceCity
INFO: [ app_begin ] --START--
INFO: ReadHtmlCache Behavior ::run [ RunTime:0.000000s ]
INFO: [ app_begin ] --END-- [ RunTime:0.000000s ]
NOTIC: [8] Undefined index: orgid D:\trunk\gas_station_erp\Lib\Action\monitoring\IndexAction.class.php 第 248 行.
SQL: 
				SELECT b.area_id,b.area_name,b.pid,b.level FROM qd_agent_area a
				LEFT JOIN bi_area b ON a.area_id = b.area_id
				 where 1 
				GROUP BY a.area_id
				 [ RunTime:0.001000s ]
NOTIC: [8] Undefined index: orgid D:\trunk\gas_station_erp\Lib\Action\monitoring\IndexAction.class.php 第 259 行.

[ 2014-07-29T12:01:55+08:00 ] 127.0.0.1 /gas_station_erp/index.php/channel/Place/placenameBlurrySelect
INFO: [ app_begin ] --START--
INFO: ReadHtmlCache Behavior ::run [ RunTime:0.000000s ]
INFO: [ app_begin ] --END-- [ RunTime:0.000000s ]
NOTIC: [2] urldecode() expects parameter 1 to be string, array given D:\trunk\gas_station_erp\Lib\Action\channel\PlaceAction.class.php 第 4 行.
NOTIC: [2] htmlspecialchars() expects parameter 2 to be long, string given D:\trunk\frame\Common\common.php 第 110 行.
SQL: SHOW COLUMNS FROM `qd_place` [ RunTime:0.002000s ]
SQL: SELECT DISTINCT  `place_name` FROM `qd_place` WHERE ( `place_name` LIKE '%%' )  [ RunTime:0.003001s ]

[ 2014-07-29T12:01:55+08:00 ] 127.0.0.1 /gas_station_erp/index.php/channel/Channel/channelnameBlurrySelect
INFO: [ app_begin ] --START--
INFO: ReadHtmlCache Behavior ::run [ RunTime:0.000000s ]
INFO: [ app_begin ] --END-- [ RunTime:0.000000s ]
NOTIC: [2] urldecode() expects parameter 1 to be string, array given D:\trunk\gas_station_erp\Lib\Action\channel\ChannelAction.class.php 第 4 行.
NOTIC: [2] htmlspecialchars() expects parameter 2 to be long, string given D:\trunk\frame\Common\common.php 第 110 行.
SQL: SHOW COLUMNS FROM `qd_channel` [ RunTime:0.001000s ]
SQL: SELECT DISTINCT  `channel_name` FROM `qd_channel` WHERE ( `channel_name` LIKE '%%' )  [ RunTime:0.008000s ]

[ 2014-07-29T12:02:02+08:00 ] 127.0.0.1 /gas_station_erp/index.php/monitoring/Index/getProvinceCity
INFO: [ app_begin ] --START--
INFO: ReadHtmlCache Behavior ::run [ RunTime:0.001000s ]
INFO: [ app_begin ] --END-- [ RunTime:0.001000s ]
NOTIC: [8] Undefined index: orgid D:\trunk\gas_station_erp\Lib\Action\monitoring\IndexAction.class.php 第 248 行.
SQL: 
				SELECT b.area_id,b.area_name,b.pid,b.level FROM qd_agent_area a
				LEFT JOIN bi_area b ON a.area_id = b.area_id
				 where 1 
				GROUP BY a.area_id
				 [ RunTime:0.001000s ]
NOTIC: [8] Undefined index: orgid D:\trunk\gas_station_erp\Lib\Action\monitoring\IndexAction.class.php 第 259 行.

[ 2014-07-29T12:02:02+08:00 ] 127.0.0.1 /gas_station_erp/index.php/channel/Place/placenameBlurrySelect
INFO: [ app_begin ] --START--
INFO: ReadHtmlCache Behavior ::run [ RunTime:0.001000s ]
INFO: [ app_begin ] --END-- [ RunTime:0.001000s ]
NOTIC: [2] urldecode() expects parameter 1 to be string, array given D:\trunk\gas_station_erp\Lib\Action\channel\PlaceAction.class.php 第 4 行.
NOTIC: [2] htmlspecialchars() expects parameter 2 to be long, string given D:\trunk\frame\Common\common.php 第 110 行.
SQL: SHOW COLUMNS FROM `qd_place` [ RunTime:0.002000s ]
SQL: SELECT DISTINCT  `place_name` FROM `qd_place` WHERE ( `place_name` LIKE '%%' )  [ RunTime:0.003001s ]

[ 2014-07-29T12:02:02+08:00 ] 127.0.0.1 /gas_station_erp/index.php/channel/Channel/channelnameBlurrySelect
INFO: [ app_begin ] --START--
INFO: ReadHtmlCache Behavior ::run [ RunTime:0.000000s ]
INFO: [ app_begin ] --END-- [ RunTime:0.000000s ]
NOTIC: [2] urldecode() expects parameter 1 to be string, array given D:\trunk\gas_station_erp\Lib\Action\channel\ChannelAction.class.php 第 4 行.
NOTIC: [2] htmlspecialchars() expects parameter 2 to be long, string given D:\trunk\frame\Common\common.php 第 110 行.
SQL: SHOW COLUMNS FROM `qd_channel` [ RunTime:0.001000s ]
SQL: SELECT DISTINCT  `channel_name` FROM `qd_channel` WHERE ( `channel_name` LIKE '%%' )  [ RunTime:0.003000s ]

[ 2014-07-29T12:02:04+08:00 ] 127.0.0.1 /gas_station_erp/index.php/channel//gas_station_erp/gas_station_erp/Tpl/channel/Public/css/configuration.css
ERR: 无法加载模块:gas_station_erp

[ 2014-07-29T12:02:04+08:00 ] 127.0.0.1 /gas_station_erp/index.php/channel/Agent/agentnameBlurrySelect?agent_name=
NOTIC: [2] htmlspecialchars() expects parameter 2 to be long, string given D:\trunk\frame\Lib\Core\App.class.php 第 57 行.
INFO: [ app_begin ] --START--
INFO: ReadHtmlCache Behavior ::run [ RunTime:0.001000s ]
INFO: [ app_begin ] --END-- [ RunTime:0.001000s ]
NOTIC: [2] urldecode() expects parameter 1 to be string, array given D:\trunk\gas_station_erp\Lib\Action\channel\AgentAction.class.php 第 4 行.
NOTIC: [2] htmlspecialchars() expects parameter 2 to be long, string given D:\trunk\frame\Common\common.php 第 110 行.
NOTIC: [2] htmlspecialchars() expects parameter 2 to be long, string given D:\trunk\frame\Common\common.php 第 110 行.
SQL: SHOW COLUMNS FROM `qd_agent` [ RunTime:0.001000s ]
SQL: SELECT DISTINCT  `agent_name` FROM `qd_agent` WHERE ( `agent_name` LIKE '%%' )  [ RunTime:0.003000s ]

[ 2014-07-29T12:02:04+08:00 ] 127.0.0.1 /gas_station_erp/index.php/channel/Channel/channelnameBlurrySelect
INFO: [ app_begin ] --START--
INFO: ReadHtmlCache Behavior ::run [ RunTime:0.000000s ]
INFO: [ app_begin ] --END-- [ RunTime:0.000000s ]
NOTIC: [2] urldecode() expects parameter 1 to be string, array given D:\trunk\gas_station_erp\Lib\Action\channel\ChannelAction.class.php 第 4 行.
NOTIC: [2] htmlspecialchars() expects parameter 2 to be long, string given D:\trunk\frame\Common\common.php 第 110 行.
SQL: SHOW COLUMNS FROM `qd_channel` [ RunTime:0.001000s ]
SQL: SELECT DISTINCT  `channel_name` FROM `qd_channel` WHERE ( `channel_name` LIKE '%%' )  [ RunTime:0.003000s ]

