[ 2014-07-13T10:08:18+08:00 ] 127.0.0.1 /gas_station_erp/index.php/configuration//gas_station_erp/gas_station_erp/Tpl/configuration/Public/css/configuration.css
ERR: 无法加载模块:gas_station_erp

[ 2014-07-13T10:08:35+08:00 ] 127.0.0.1 /gas_station_erp/index.php/configuration//gas_station_erp/gas_station_erp/Tpl/configuration/Public/css/configuration.css
ERR: 无法加载模块:gas_station_erp

[ 2014-07-13T10:08:46+08:00 ] 127.0.0.1 /gas_station_erp/index.php/Login/login
NOTIC: [2] htmlspecialchars() expects parameter 2 to be long, string given D:\trunk\frame\Lib\Core\App.class.php 第 56 行.
NOTIC: [2] htmlspecialchars() expects parameter 2 to be long, string given D:\trunk\frame\Lib\Core\App.class.php 第 56 行.
NOTIC: [2] htmlspecialchars() expects parameter 2 to be long, string given D:\trunk\frame\Lib\Core\App.class.php 第 56 行.
NOTIC: [2] htmlspecialchars() expects parameter 2 to be long, string given D:\trunk\frame\Lib\Core\App.class.php 第 56 行.
NOTIC: [2] htmlspecialchars() expects parameter 2 to be long, string given D:\trunk\frame\Lib\Core\App.class.php 第 56 行.
INFO: [ app_begin ] --START--
INFO: ReadHtmlCache Behavior ::run [ RunTime:0.001000s ]
INFO: [ app_begin ] --END-- [ RunTime:0.001000s ]
SQL: SELECT url FROM bi_menu [ RunTime:0.002000s ]

[ 2014-07-13T10:09:28+08:00 ] 127.0.0.1 /gas_station_erp/index.php/channel//gas_station_erp/gas_station_erp/Tpl/channel/Public/css/configuration.css
ERR: 无法加载模块:gas_station_erp

[ 2014-07-13T10:09:28+08:00 ] 127.0.0.1 /gas_station_erp/index.php/channel/Agent/agentnameBlurrySelect?agent_name=
NOTIC: [2] htmlspecialchars() expects parameter 2 to be long, string given D:\trunk\frame\Lib\Core\App.class.php 第 57 行.
INFO: [ app_begin ] --START--
INFO: ReadHtmlCache Behavior ::run [ RunTime:0.001000s ]
INFO: [ app_begin ] --END-- [ RunTime:0.001000s ]
NOTIC: [2] urldecode() expects parameter 1 to be string, array given D:\trunk\gas_station_erp\Lib\Action\channel\AgentAction.class.php 第 4 行.
NOTIC: [2] htmlspecialchars() expects parameter 2 to be long, string given D:\trunk\frame\Common\common.php 第 110 行.
NOTIC: [2] htmlspecialchars() expects parameter 2 to be long, string given D:\trunk\frame\Common\common.php 第 110 行.
SQL: SHOW COLUMNS FROM `qd_agent` [ RunTime:0.002000s ]
SQL: SELECT DISTINCT  `agent_name` FROM `qd_agent` WHERE ( `agent_name` LIKE '%%' )  [ RunTime:0.001000s ]

[ 2014-07-13T10:09:28+08:00 ] 127.0.0.1 /gas_station_erp/index.php/channel/Channel/channelnameBlurrySelect
INFO: [ app_begin ] --START--
INFO: ReadHtmlCache Behavior ::run [ RunTime:0.001000s ]
INFO: [ app_begin ] --END-- [ RunTime:0.001000s ]
NOTIC: [2] urldecode() expects parameter 1 to be string, array given D:\trunk\gas_station_erp\Lib\Action\channel\ChannelAction.class.php 第 4 行.
NOTIC: [2] htmlspecialchars() expects parameter 2 to be long, string given D:\trunk\frame\Common\common.php 第 110 行.
SQL: SHOW COLUMNS FROM `qd_channel` [ RunTime:0.002000s ]
SQL: SELECT DISTINCT  `channel_name` FROM `qd_channel` WHERE ( `channel_name` LIKE '%%' )  [ RunTime:0.003000s ]

[ 2014-07-13T10:10:01+08:00 ] 127.0.0.1 /gas_station_erp/index.php/Login/login
NOTIC: [2] htmlspecialchars() expects parameter 2 to be long, string given D:\trunk\frame\Lib\Core\App.class.php 第 56 行.
NOTIC: [2] htmlspecialchars() expects parameter 2 to be long, string given D:\trunk\frame\Lib\Core\App.class.php 第 56 行.
NOTIC: [2] htmlspecialchars() expects parameter 2 to be long, string given D:\trunk\frame\Lib\Core\App.class.php 第 56 行.
NOTIC: [2] htmlspecialchars() expects parameter 2 to be long, string given D:\trunk\frame\Lib\Core\App.class.php 第 56 行.
NOTIC: [2] htmlspecialchars() expects parameter 2 to be long, string given D:\trunk\frame\Lib\Core\App.class.php 第 56 行.
INFO: [ app_begin ] --START--
INFO: ReadHtmlCache Behavior ::run [ RunTime:0.001001s ]
INFO: [ app_begin ] --END-- [ RunTime:0.001001s ]
SQL: SELECT url FROM bi_menu [ RunTime:0.001000s ]

