[ 2014-07-08T09:19:10+08:00 ] 127.0.0.1 /gas_station_erp/index.php/configuration//gas_station_erp/gas_station_erp/Tpl/configuration/Public/css/configuration.css
ERR: 无法加载模块:gas_station_erp

[ 2014-07-08T09:19:15+08:00 ] 127.0.0.1 /gas_station_erp/index.php/configuration//gas_station_erp/gas_station_erp/Tpl/configuration/Public/css/configuration.css
ERR: 无法加载模块:gas_station_erp

[ 2014-07-08T09:19:26+08:00 ] 127.0.0.1 /gas_station_erp/index.php/Login/login
NOTIC: [2] htmlspecialchars() expects parameter 2 to be long, string given D:\trunk\frame\Lib\Core\App.class.php 第 56 行.
NOTIC: [2] htmlspecialchars() expects parameter 2 to be long, string given D:\trunk\frame\Lib\Core\App.class.php 第 56 行.
NOTIC: [2] htmlspecialchars() expects parameter 2 to be long, string given D:\trunk\frame\Lib\Core\App.class.php 第 56 行.
NOTIC: [2] htmlspecialchars() expects parameter 2 to be long, string given D:\trunk\frame\Lib\Core\App.class.php 第 56 行.
NOTIC: [2] htmlspecialchars() expects parameter 2 to be long, string given D:\trunk\frame\Lib\Core\App.class.php 第 56 行.
INFO: [ app_begin ] --START--
INFO: ReadHtmlCache Behavior ::run [ RunTime:0.001000s ]
INFO: [ app_begin ] --END-- [ RunTime:0.001000s ]
SQL: SELECT url FROM bi_menu [ RunTime:0.002000s ]

[ 2014-07-08T09:44:57+08:00 ] 127.0.0.1 /gas_station_erp/index.php/configuration//gas_station_erp/gas_station_erp/Tpl/configuration/Public/css/configuration.css
ERR: 无法加载模块:gas_station_erp

[ 2014-07-08T09:45:09+08:00 ] 127.0.0.1 /gas_station_erp/index.php/Login/login
NOTIC: [2] htmlspecialchars() expects parameter 2 to be long, string given D:\trunk\frame\Lib\Core\App.class.php 第 56 行.
NOTIC: [2] htmlspecialchars() expects parameter 2 to be long, string given D:\trunk\frame\Lib\Core\App.class.php 第 56 行.
NOTIC: [2] htmlspecialchars() expects parameter 2 to be long, string given D:\trunk\frame\Lib\Core\App.class.php 第 56 行.
NOTIC: [2] htmlspecialchars() expects parameter 2 to be long, string given D:\trunk\frame\Lib\Core\App.class.php 第 56 行.
NOTIC: [2] htmlspecialchars() expects parameter 2 to be long, string given D:\trunk\frame\Lib\Core\App.class.php 第 56 行.
INFO: [ app_begin ] --START--
INFO: ReadHtmlCache Behavior ::run [ RunTime:0.001000s ]
INFO: [ app_begin ] --END-- [ RunTime:0.001000s ]
SQL: SELECT url FROM bi_menu [ RunTime:0.001000s ]

[ 2014-07-08T09:45:26+08:00 ] 127.0.0.1 /gas_station_erp/index.php/configuration//gas_station_erp/gas_station_erp/Tpl/configuration/Public/css/configuration.css
ERR: 无法加载模块:gas_station_erp

[ 2014-07-08T09:45:39+08:00 ] 127.0.0.1 /gas_station_erp/index.php/Login/login
NOTIC: [2] htmlspecialchars() expects parameter 2 to be long, string given D:\trunk\frame\Lib\Core\App.class.php 第 56 行.
NOTIC: [2] htmlspecialchars() expects parameter 2 to be long, string given D:\trunk\frame\Lib\Core\App.class.php 第 56 行.
NOTIC: [2] htmlspecialchars() expects parameter 2 to be long, string given D:\trunk\frame\Lib\Core\App.class.php 第 56 行.
NOTIC: [2] htmlspecialchars() expects parameter 2 to be long, string given D:\trunk\frame\Lib\Core\App.class.php 第 56 行.
NOTIC: [2] htmlspecialchars() expects parameter 2 to be long, string given D:\trunk\frame\Lib\Core\App.class.php 第 56 行.
INFO: [ app_begin ] --START--
INFO: ReadHtmlCache Behavior ::run [ RunTime:0.000000s ]
INFO: [ app_begin ] --END-- [ RunTime:0.001000s ]

[ 2014-07-08T09:46:07+08:00 ] 127.0.0.1 /gas_station_erp/index.php/Login/login
NOTIC: [2] htmlspecialchars() expects parameter 2 to be long, string given D:\trunk\frame\Lib\Core\App.class.php 第 56 行.
NOTIC: [2] htmlspecialchars() expects parameter 2 to be long, string given D:\trunk\frame\Lib\Core\App.class.php 第 56 行.
NOTIC: [2] htmlspecialchars() expects parameter 2 to be long, string given D:\trunk\frame\Lib\Core\App.class.php 第 56 行.
NOTIC: [2] htmlspecialchars() expects parameter 2 to be long, string given D:\trunk\frame\Lib\Core\App.class.php 第 56 行.
NOTIC: [2] htmlspecialchars() expects parameter 2 to be long, string given D:\trunk\frame\Lib\Core\App.class.php 第 56 行.
INFO: [ app_begin ] --START--
INFO: ReadHtmlCache Behavior ::run [ RunTime:0.000000s ]
INFO: [ app_begin ] --END-- [ RunTime:0.000000s ]
SQL: SELECT url FROM bi_menu [ RunTime:0.001001s ]

[ 2014-07-08T09:46:18+08:00 ] 127.0.0.1 /gas_station_erp/index.php/configuration//gas_station_erp/gas_station_erp/Tpl/configuration/Public/css/configuration.css
ERR: 无法加载模块:gas_station_erp

[ 2014-07-08T09:50:47+08:00 ] 127.0.0.1 /gas_station_erp/index.php/configuration//gas_station_erp/gas_station_erp/Tpl/configuration/Public/css/configuration.css
ERR: 无法加载模块:gas_station_erp

[ 2014-07-08T09:50:48+08:00 ] 127.0.0.1 /gas_station_erp/index.php/configuration//gas_station_erp/gas_station_erp/Tpl/configuration/Public/css/configuration.css
ERR: 无法加载模块:gas_station_erp

[ 2014-07-08T09:50:48+08:00 ] 127.0.0.1 /gas_station_erp/index.php/configuration//gas_station_erp/gas_station_erp/Tpl/configuration/Public/css/configuration.css
ERR: 无法加载模块:gas_station_erp

[ 2014-07-08T09:51:03+08:00 ] 127.0.0.1 /gas_station_erp/index.php/configuration//gas_station_erp/gas_station_erp/Tpl/configuration/Public/css/configuration.css
ERR: 无法加载模块:gas_station_erp

[ 2014-07-08T09:51:04+08:00 ] 127.0.0.1 /gas_station_erp/index.php/configuration//gas_station_erp/gas_station_erp/Tpl/configuration/Public/css/configuration.css
ERR: 无法加载模块:gas_station_erp

[ 2014-07-08T09:51:07+08:00 ] 127.0.0.1 /gas_station_erp/index.php/configuration//gas_station_erp/gas_station_erp/Tpl/configuration/Public/css/configuration.css
ERR: 无法加载模块:gas_station_erp

[ 2014-07-08T09:51:07+08:00 ] 127.0.0.1 /gas_station_erp/index.php/configuration//gas_station_erp/gas_station_erp/Tpl/configuration/Public/css/configuration.css
ERR: 无法加载模块:gas_station_erp

[ 2014-07-08T09:51:07+08:00 ] 127.0.0.1 /gas_station_erp/index.php/configuration//gas_station_erp/gas_station_erp/Tpl/configuration/Public/css/configuration.css
ERR: 无法加载模块:gas_station_erp

[ 2014-07-08T09:51:07+08:00 ] 127.0.0.1 /gas_station_erp/index.php/configuration//gas_station_erp/gas_station_erp/Tpl/configuration/Public/css/configuration.css
ERR: 无法加载模块:gas_station_erp

[ 2014-07-08T09:51:07+08:00 ] 127.0.0.1 /gas_station_erp/index.php/configuration//gas_station_erp/gas_station_erp/Tpl/configuration/Public/css/configuration.css
ERR: 无法加载模块:gas_station_erp

[ 2014-07-08T09:51:07+08:00 ] 127.0.0.1 /gas_station_erp/index.php/configuration//gas_station_erp/gas_station_erp/Tpl/configuration/Public/css/configuration.css
ERR: 无法加载模块:gas_station_erp

[ 2014-07-08T09:51:07+08:00 ] 127.0.0.1 /gas_station_erp/index.php/configuration//gas_station_erp/gas_station_erp/Tpl/configuration/Public/css/configuration.css
ERR: 无法加载模块:gas_station_erp

[ 2014-07-08T09:51:08+08:00 ] 127.0.0.1 /gas_station_erp/index.php/configuration//gas_station_erp/gas_station_erp/Tpl/configuration/Public/css/configuration.css
ERR: 无法加载模块:gas_station_erp

[ 2014-07-08T09:51:16+08:00 ] 127.0.0.1 /gas_station_erp/index.php/Login/login
NOTIC: [2] htmlspecialchars() expects parameter 2 to be long, string given D:\trunk\frame\Lib\Core\App.class.php 第 56 行.
NOTIC: [2] htmlspecialchars() expects parameter 2 to be long, string given D:\trunk\frame\Lib\Core\App.class.php 第 56 行.
NOTIC: [2] htmlspecialchars() expects parameter 2 to be long, string given D:\trunk\frame\Lib\Core\App.class.php 第 56 行.
NOTIC: [2] htmlspecialchars() expects parameter 2 to be long, string given D:\trunk\frame\Lib\Core\App.class.php 第 56 行.
NOTIC: [2] htmlspecialchars() expects parameter 2 to be long, string given D:\trunk\frame\Lib\Core\App.class.php 第 56 行.
INFO: [ app_begin ] --START--
INFO: ReadHtmlCache Behavior ::run [ RunTime:0.001000s ]
INFO: [ app_begin ] --END-- [ RunTime:0.001000s ]
SQL: SELECT url FROM bi_menu [ RunTime:0.001000s ]

[ 2014-07-08T09:54:14+08:00 ] 127.0.0.1 /gas_station_erp/index.php/Login/login
NOTIC: [2] htmlspecialchars() expects parameter 2 to be long, string given D:\trunk\frame\Lib\Core\App.class.php 第 56 行.
NOTIC: [2] htmlspecialchars() expects parameter 2 to be long, string given D:\trunk\frame\Lib\Core\App.class.php 第 56 行.
NOTIC: [2] htmlspecialchars() expects parameter 2 to be long, string given D:\trunk\frame\Lib\Core\App.class.php 第 56 行.
NOTIC: [2] htmlspecialchars() expects parameter 2 to be long, string given D:\trunk\frame\Lib\Core\App.class.php 第 56 行.
NOTIC: [2] htmlspecialchars() expects parameter 2 to be long, string given D:\trunk\frame\Lib\Core\App.class.php 第 56 行.
INFO: [ app_begin ] --START--
INFO: ReadHtmlCache Behavior ::run [ RunTime:0.001000s ]
INFO: [ app_begin ] --END-- [ RunTime:0.001000s ]
SQL: SELECT url FROM bi_menu [ RunTime:0.001000s ]

[ 2014-07-08T09:58:08+08:00 ] 127.0.0.1 /gas_station_erp/index.php/configuration//gas_station_erp/gas_station_erp/Tpl/configuration/Public/css/configuration.css
ERR: 无法加载模块:gas_station_erp

[ 2014-07-08T09:58:09+08:00 ] 127.0.0.1 /gas_station_erp/index.php/configuration//gas_station_erp/gas_station_erp/Tpl/configuration/Public/css/configuration.css
ERR: 无法加载模块:gas_station_erp

[ 2014-07-08T09:58:09+08:00 ] 127.0.0.1 /gas_station_erp/index.php/configuration//gas_station_erp/gas_station_erp/Tpl/configuration/Public/css/configuration.css
ERR: 无法加载模块:gas_station_erp

[ 2014-07-08T09:58:22+08:00 ] 127.0.0.1 /gas_station_erp/index.php/Login/login
NOTIC: [2] htmlspecialchars() expects parameter 2 to be long, string given D:\trunk\frame\Lib\Core\App.class.php 第 56 行.
NOTIC: [2] htmlspecialchars() expects parameter 2 to be long, string given D:\trunk\frame\Lib\Core\App.class.php 第 56 行.
NOTIC: [2] htmlspecialchars() expects parameter 2 to be long, string given D:\trunk\frame\Lib\Core\App.class.php 第 56 行.
NOTIC: [2] htmlspecialchars() expects parameter 2 to be long, string given D:\trunk\frame\Lib\Core\App.class.php 第 56 行.
NOTIC: [2] htmlspecialchars() expects parameter 2 to be long, string given D:\trunk\frame\Lib\Core\App.class.php 第 56 行.
INFO: [ app_begin ] --START--
INFO: ReadHtmlCache Behavior ::run [ RunTime:0.001000s ]
INFO: [ app_begin ] --END-- [ RunTime:0.001000s ]
SQL: SELECT url FROM bi_menu [ RunTime:0.001000s ]

[ 2014-07-08T09:58:43+08:00 ] 127.0.0.1 /gas_station_erp/index.php/configuration/Org/show_org_tree
INFO: [ app_begin ] --START--
INFO: ReadHtmlCache Behavior ::run [ RunTime:0.001000s ]
INFO: [ app_begin ] --END-- [ RunTime:0.001000s ]
NOTIC: [2] urldecode() expects parameter 1 to be string, array given D:\trunk\gas_station_erp\Lib\Action\configuration\OrgAction.class.php 第 4 行.
SQL: select * from qd_agent a where a.isDelete=0 [ RunTime:0.002000s ]

[ 2014-07-08T10:00:37+08:00 ] 127.0.0.1 /gas_station_erp/index.php/management/Index/getAppRule
NOTIC: [2] htmlspecialchars() expects parameter 2 to be long, string given D:\trunk\frame\Lib\Core\App.class.php 第 56 行.
INFO: [ app_begin ] --START--
INFO: ReadHtmlCache Behavior ::run [ RunTime:0.001000s ]
INFO: [ app_begin ] --END-- [ RunTime:0.001000s ]
SQL: 
				SELECT rule_no FROM app_rule GROUP BY rule_no
		 [ RunTime:0.055003s ]

[ 2014-07-08T10:01:06+08:00 ] 127.0.0.1 /gas_station_erp/index.php/management/Index/getChannelArr
INFO: [ app_begin ] --START--
INFO: ReadHtmlCache Behavior ::run [ RunTime:0.001000s ]
INFO: [ app_begin ] --END-- [ RunTime:0.001000s ]
SQL: 
				SELECT a.channel_id area_id,a.channel_name area_name,b.city pid FROM qd_channel a
				LEFT JOIN qd_channel_area b ON a.channel_id = b.channel_id
				 [ RunTime:0.003000s ]
SQL: SELECT * FROM qd_channel_area GROUP BY province [ RunTime:0.002000s ]
SQL: SELECT * FROM bi_area WHERE area_name LIKE '%山东省%' OR CONCAT(area_name,'省') LIKE '山东省' [ RunTime:0.001000s ]
SQL: SELECT * FROM bi_area WHERE area_name LIKE '%山西省%' OR CONCAT(area_name,'省') LIKE '山西省' [ RunTime:0.001000s ]
SQL: SELECT * FROM bi_area WHERE area_name LIKE '%辽宁省%' OR CONCAT(area_name,'省') LIKE '辽宁省' [ RunTime:0.001000s ]
SQL: SELECT * FROM qd_channel_area GROUP BY city [ RunTime:0.001000s ]
SQL: SELECT * FROM bi_area WHERE area_name LIKE '%大连市%' OR CONCAT(area_name,'市') LIKE '大连市' [ RunTime:0.002000s ]
NOTIC: [8] Undefined variable: que_channel D:\trunk\gas_station_erp\Lib\Action\management\IndexAction.class.php 第 354 行.
NOTIC: [2] Invalid argument supplied for foreach() D:\trunk\gas_station_erp\Lib\Action\management\IndexAction.class.php 第 354 行.
SQL: SELECT * FROM bi_area WHERE area_name LIKE '%太原市%' OR CONCAT(area_name,'市') LIKE '太原市' [ RunTime:0.001000s ]
NOTIC: [8] Undefined variable: que_channel D:\trunk\gas_station_erp\Lib\Action\management\IndexAction.class.php 第 354 行.
NOTIC: [2] Invalid argument supplied for foreach() D:\trunk\gas_station_erp\Lib\Action\management\IndexAction.class.php 第 354 行.
SQL: SELECT * FROM bi_area WHERE area_name LIKE '%晋城市%' OR CONCAT(area_name,'市') LIKE '晋城市' [ RunTime:0.001000s ]
NOTIC: [8] Undefined variable: que_channel D:\trunk\gas_station_erp\Lib\Action\management\IndexAction.class.php 第 354 行.
NOTIC: [2] Invalid argument supplied for foreach() D:\trunk\gas_station_erp\Lib\Action\management\IndexAction.class.php 第 354 行.
SQL: SELECT * FROM bi_area WHERE area_name LIKE '%沈阳市%' OR CONCAT(area_name,'市') LIKE '沈阳市' [ RunTime:0.002000s ]
NOTIC: [8] Undefined variable: que_channel D:\trunk\gas_station_erp\Lib\Action\management\IndexAction.class.php 第 354 行.
NOTIC: [2] Invalid argument supplied for foreach() D:\trunk\gas_station_erp\Lib\Action\management\IndexAction.class.php 第 354 行.
SQL: SELECT * FROM bi_area WHERE area_name LIKE '%济南市%' OR CONCAT(area_name,'市') LIKE '济南市' [ RunTime:0.001000s ]
NOTIC: [8] Undefined variable: que_channel D:\trunk\gas_station_erp\Lib\Action\management\IndexAction.class.php 第 354 行.
NOTIC: [2] Invalid argument supplied for foreach() D:\trunk\gas_station_erp\Lib\Action\management\IndexAction.class.php 第 354 行.
SQL: 
				SELECT * FROM bi_area WHERE area_id IN (16,23,5,88,64,68,87,183)
				 [ RunTime:0.002000s ]

[ 2014-07-08T10:01:13+08:00 ] 127.0.0.1 /gas_station_erp/index.php/management/Index/getChannelArr
INFO: [ app_begin ] --START--
INFO: ReadHtmlCache Behavior ::run [ RunTime:0.000000s ]
INFO: [ app_begin ] --END-- [ RunTime:0.000000s ]
SQL: 
				SELECT a.channel_id area_id,a.channel_name area_name,b.city pid FROM qd_channel a
				LEFT JOIN qd_channel_area b ON a.channel_id = b.channel_id
				 [ RunTime:0.004000s ]
SQL: SELECT * FROM qd_channel_area GROUP BY province [ RunTime:0.002000s ]
SQL: SELECT * FROM bi_area WHERE area_name LIKE '%山东省%' OR CONCAT(area_name,'省') LIKE '山东省' [ RunTime:0.002000s ]
SQL: SELECT * FROM bi_area WHERE area_name LIKE '%山西省%' OR CONCAT(area_name,'省') LIKE '山西省' [ RunTime:0.002000s ]
SQL: SELECT * FROM bi_area WHERE area_name LIKE '%辽宁省%' OR CONCAT(area_name,'省') LIKE '辽宁省' [ RunTime:0.001000s ]
SQL: SELECT * FROM qd_channel_area GROUP BY city [ RunTime:0.001000s ]
SQL: SELECT * FROM bi_area WHERE area_name LIKE '%大连市%' OR CONCAT(area_name,'市') LIKE '大连市' [ RunTime:0.002000s ]
NOTIC: [8] Undefined variable: que_channel D:\trunk\gas_station_erp\Lib\Action\management\IndexAction.class.php 第 354 行.
NOTIC: [2] Invalid argument supplied for foreach() D:\trunk\gas_station_erp\Lib\Action\management\IndexAction.class.php 第 354 行.
SQL: SELECT * FROM bi_area WHERE area_name LIKE '%太原市%' OR CONCAT(area_name,'市') LIKE '太原市' [ RunTime:0.002001s ]
NOTIC: [8] Undefined variable: que_channel D:\trunk\gas_station_erp\Lib\Action\management\IndexAction.class.php 第 354 行.
NOTIC: [2] Invalid argument supplied for foreach() D:\trunk\gas_station_erp\Lib\Action\management\IndexAction.class.php 第 354 行.
SQL: SELECT * FROM bi_area WHERE area_name LIKE '%晋城市%' OR CONCAT(area_name,'市') LIKE '晋城市' [ RunTime:0.001000s ]
NOTIC: [8] Undefined variable: que_channel D:\trunk\gas_station_erp\Lib\Action\management\IndexAction.class.php 第 354 行.
NOTIC: [2] Invalid argument supplied for foreach() D:\trunk\gas_station_erp\Lib\Action\management\IndexAction.class.php 第 354 行.
SQL: SELECT * FROM bi_area WHERE area_name LIKE '%沈阳市%' OR CONCAT(area_name,'市') LIKE '沈阳市' [ RunTime:0.002000s ]
NOTIC: [8] Undefined variable: que_channel D:\trunk\gas_station_erp\Lib\Action\management\IndexAction.class.php 第 354 行.
NOTIC: [2] Invalid argument supplied for foreach() D:\trunk\gas_station_erp\Lib\Action\management\IndexAction.class.php 第 354 行.
SQL: SELECT * FROM bi_area WHERE area_name LIKE '%济南市%' OR CONCAT(area_name,'市') LIKE '济南市' [ RunTime:0.002000s ]
NOTIC: [8] Undefined variable: que_channel D:\trunk\gas_station_erp\Lib\Action\management\IndexAction.class.php 第 354 行.
NOTIC: [2] Invalid argument supplied for foreach() D:\trunk\gas_station_erp\Lib\Action\management\IndexAction.class.php 第 354 行.
SQL: 
				SELECT * FROM bi_area WHERE area_id IN (16,23,5,88,64,68,87,183)
				 [ RunTime:0.001000s ]

[ 2014-07-08T10:01:23+08:00 ] 127.0.0.1 /gas_station_erp/index.php/management/Index/getChannelArr
INFO: [ app_begin ] --START--
INFO: ReadHtmlCache Behavior ::run [ RunTime:0.001000s ]
INFO: [ app_begin ] --END-- [ RunTime:0.001000s ]
SQL: 
				SELECT a.channel_id area_id,a.channel_name area_name,b.city pid FROM qd_channel a
				LEFT JOIN qd_channel_area b ON a.channel_id = b.channel_id
				 [ RunTime:0.003000s ]
SQL: SELECT * FROM qd_channel_area GROUP BY province [ RunTime:0.001000s ]
SQL: SELECT * FROM bi_area WHERE area_name LIKE '%山东省%' OR CONCAT(area_name,'省') LIKE '山东省' [ RunTime:0.001000s ]
SQL: SELECT * FROM bi_area WHERE area_name LIKE '%山西省%' OR CONCAT(area_name,'省') LIKE '山西省' [ RunTime:0.001000s ]
SQL: SELECT * FROM bi_area WHERE area_name LIKE '%辽宁省%' OR CONCAT(area_name,'省') LIKE '辽宁省' [ RunTime:0.001000s ]
SQL: SELECT * FROM qd_channel_area GROUP BY city [ RunTime:0.001000s ]
SQL: SELECT * FROM bi_area WHERE area_name LIKE '%大连市%' OR CONCAT(area_name,'市') LIKE '大连市' [ RunTime:0.001000s ]
NOTIC: [8] Undefined variable: que_channel D:\trunk\gas_station_erp\Lib\Action\management\IndexAction.class.php 第 354 行.
NOTIC: [2] Invalid argument supplied for foreach() D:\trunk\gas_station_erp\Lib\Action\management\IndexAction.class.php 第 354 行.
SQL: SELECT * FROM bi_area WHERE area_name LIKE '%太原市%' OR CONCAT(area_name,'市') LIKE '太原市' [ RunTime:0.001000s ]
NOTIC: [8] Undefined variable: que_channel D:\trunk\gas_station_erp\Lib\Action\management\IndexAction.class.php 第 354 行.
NOTIC: [2] Invalid argument supplied for foreach() D:\trunk\gas_station_erp\Lib\Action\management\IndexAction.class.php 第 354 行.
SQL: SELECT * FROM bi_area WHERE area_name LIKE '%晋城市%' OR CONCAT(area_name,'市') LIKE '晋城市' [ RunTime:0.002000s ]
NOTIC: [8] Undefined variable: que_channel D:\trunk\gas_station_erp\Lib\Action\management\IndexAction.class.php 第 354 行.
NOTIC: [2] Invalid argument supplied for foreach() D:\trunk\gas_station_erp\Lib\Action\management\IndexAction.class.php 第 354 行.
SQL: SELECT * FROM bi_area WHERE area_name LIKE '%沈阳市%' OR CONCAT(area_name,'市') LIKE '沈阳市' [ RunTime:0.001000s ]
NOTIC: [8] Undefined variable: que_channel D:\trunk\gas_station_erp\Lib\Action\management\IndexAction.class.php 第 354 行.
NOTIC: [2] Invalid argument supplied for foreach() D:\trunk\gas_station_erp\Lib\Action\management\IndexAction.class.php 第 354 行.
SQL: SELECT * FROM bi_area WHERE area_name LIKE '%济南市%' OR CONCAT(area_name,'市') LIKE '济南市' [ RunTime:0.001000s ]
NOTIC: [8] Undefined variable: que_channel D:\trunk\gas_station_erp\Lib\Action\management\IndexAction.class.php 第 354 行.
NOTIC: [2] Invalid argument supplied for foreach() D:\trunk\gas_station_erp\Lib\Action\management\IndexAction.class.php 第 354 行.
SQL: 
				SELECT * FROM bi_area WHERE area_id IN (16,23,5,88,64,68,87,183)
				 [ RunTime:0.001000s ]

[ 2014-07-08T10:02:36+08:00 ] 127.0.0.1 /gas_station_erp/index.php/management/Index/getChannelArr
INFO: [ app_begin ] --START--
INFO: ReadHtmlCache Behavior ::run [ RunTime:0.001000s ]
INFO: [ app_begin ] --END-- [ RunTime:0.001000s ]
SQL: 
				SELECT a.channel_id area_id,a.channel_name area_name,b.city pid FROM qd_channel a
				LEFT JOIN qd_channel_area b ON a.channel_id = b.channel_id
				 [ RunTime:0.004000s ]
SQL: SELECT * FROM qd_channel_area GROUP BY province [ RunTime:0.002000s ]
SQL: SELECT * FROM bi_area WHERE area_name LIKE '%山东省%' OR CONCAT(area_name,'省') LIKE '山东省' [ RunTime:0.002000s ]
SQL: SELECT * FROM bi_area WHERE area_name LIKE '%山西省%' OR CONCAT(area_name,'省') LIKE '山西省' [ RunTime:0.001000s ]
SQL: SELECT * FROM bi_area WHERE area_name LIKE '%辽宁省%' OR CONCAT(area_name,'省') LIKE '辽宁省' [ RunTime:0.002000s ]
SQL: SELECT * FROM qd_channel_area GROUP BY city [ RunTime:0.002000s ]
SQL: SELECT * FROM bi_area WHERE area_name LIKE '%大连市%' OR CONCAT(area_name,'市') LIKE '大连市' [ RunTime:0.001000s ]
NOTIC: [8] Undefined variable: que_channel D:\trunk\gas_station_erp\Lib\Action\management\IndexAction.class.php 第 354 行.
NOTIC: [2] Invalid argument supplied for foreach() D:\trunk\gas_station_erp\Lib\Action\management\IndexAction.class.php 第 354 行.
SQL: SELECT * FROM bi_area WHERE area_name LIKE '%太原市%' OR CONCAT(area_name,'市') LIKE '太原市' [ RunTime:0.001000s ]
NOTIC: [8] Undefined variable: que_channel D:\trunk\gas_station_erp\Lib\Action\management\IndexAction.class.php 第 354 行.
NOTIC: [2] Invalid argument supplied for foreach() D:\trunk\gas_station_erp\Lib\Action\management\IndexAction.class.php 第 354 行.
SQL: SELECT * FROM bi_area WHERE area_name LIKE '%晋城市%' OR CONCAT(area_name,'市') LIKE '晋城市' [ RunTime:0.002000s ]
NOTIC: [8] Undefined variable: que_channel D:\trunk\gas_station_erp\Lib\Action\management\IndexAction.class.php 第 354 行.
NOTIC: [2] Invalid argument supplied for foreach() D:\trunk\gas_station_erp\Lib\Action\management\IndexAction.class.php 第 354 行.
SQL: SELECT * FROM bi_area WHERE area_name LIKE '%沈阳市%' OR CONCAT(area_name,'市') LIKE '沈阳市' [ RunTime:0.002000s ]
NOTIC: [8] Undefined variable: que_channel D:\trunk\gas_station_erp\Lib\Action\management\IndexAction.class.php 第 354 行.
NOTIC: [2] Invalid argument supplied for foreach() D:\trunk\gas_station_erp\Lib\Action\management\IndexAction.class.php 第 354 行.
SQL: SELECT * FROM bi_area WHERE area_name LIKE '%济南市%' OR CONCAT(area_name,'市') LIKE '济南市' [ RunTime:0.001000s ]
NOTIC: [8] Undefined variable: que_channel D:\trunk\gas_station_erp\Lib\Action\management\IndexAction.class.php 第 354 行.
NOTIC: [2] Invalid argument supplied for foreach() D:\trunk\gas_station_erp\Lib\Action\management\IndexAction.class.php 第 354 行.
SQL: 
				SELECT * FROM bi_area WHERE area_id IN (16,23,5,88,64,68,87,183)
				 [ RunTime:0.002000s ]

[ 2014-07-08T10:02:59+08:00 ] 127.0.0.1 /gas_station_erp/index.php/management/Index/getChannelArr
INFO: [ app_begin ] --START--
INFO: ReadHtmlCache Behavior ::run [ RunTime:0.001000s ]
INFO: [ app_begin ] --END-- [ RunTime:0.001000s ]
SQL: 
				SELECT a.channel_id area_id,a.channel_name area_name,b.city pid FROM qd_channel a
				LEFT JOIN qd_channel_area b ON a.channel_id = b.channel_id
				 [ RunTime:0.005000s ]
SQL: SELECT * FROM qd_channel_area GROUP BY province [ RunTime:0.003000s ]
SQL: SELECT * FROM bi_area WHERE area_name LIKE '%山东省%' OR CONCAT(area_name,'省') LIKE '山东省' [ RunTime:0.002000s ]
SQL: SELECT * FROM bi_area WHERE area_name LIKE '%山西省%' OR CONCAT(area_name,'省') LIKE '山西省' [ RunTime:0.003001s ]
SQL: SELECT * FROM bi_area WHERE area_name LIKE '%辽宁省%' OR CONCAT(area_name,'省') LIKE '辽宁省' [ RunTime:0.002000s ]
SQL: SELECT * FROM qd_channel_area GROUP BY city [ RunTime:0.002000s ]
SQL: SELECT * FROM bi_area WHERE area_name LIKE '%大连市%' OR CONCAT(area_name,'市') LIKE '大连市' [ RunTime:0.001000s ]
NOTIC: [8] Undefined variable: que_channel D:\trunk\gas_station_erp\Lib\Action\management\IndexAction.class.php 第 354 行.
NOTIC: [2] Invalid argument supplied for foreach() D:\trunk\gas_station_erp\Lib\Action\management\IndexAction.class.php 第 354 行.
SQL: SELECT * FROM bi_area WHERE area_name LIKE '%太原市%' OR CONCAT(area_name,'市') LIKE '太原市' [ RunTime:0.002000s ]
NOTIC: [8] Undefined variable: que_channel D:\trunk\gas_station_erp\Lib\Action\management\IndexAction.class.php 第 354 行.
NOTIC: [2] Invalid argument supplied for foreach() D:\trunk\gas_station_erp\Lib\Action\management\IndexAction.class.php 第 354 行.
SQL: SELECT * FROM bi_area WHERE area_name LIKE '%晋城市%' OR CONCAT(area_name,'市') LIKE '晋城市' [ RunTime:0.002000s ]
NOTIC: [8] Undefined variable: que_channel D:\trunk\gas_station_erp\Lib\Action\management\IndexAction.class.php 第 354 行.
NOTIC: [2] Invalid argument supplied for foreach() D:\trunk\gas_station_erp\Lib\Action\management\IndexAction.class.php 第 354 行.
SQL: SELECT * FROM bi_area WHERE area_name LIKE '%沈阳市%' OR CONCAT(area_name,'市') LIKE '沈阳市' [ RunTime:0.001000s ]
NOTIC: [8] Undefined variable: que_channel D:\trunk\gas_station_erp\Lib\Action\management\IndexAction.class.php 第 354 行.
NOTIC: [2] Invalid argument supplied for foreach() D:\trunk\gas_station_erp\Lib\Action\management\IndexAction.class.php 第 354 行.
SQL: SELECT * FROM bi_area WHERE area_name LIKE '%济南市%' OR CONCAT(area_name,'市') LIKE '济南市' [ RunTime:0.001000s ]
NOTIC: [8] Undefined variable: que_channel D:\trunk\gas_station_erp\Lib\Action\management\IndexAction.class.php 第 354 行.
NOTIC: [2] Invalid argument supplied for foreach() D:\trunk\gas_station_erp\Lib\Action\management\IndexAction.class.php 第 354 行.
SQL: 
				SELECT * FROM bi_area WHERE area_id IN (16,23,5,88,64,68,87,183)
				 [ RunTime:0.002000s ]

[ 2014-07-08T10:03:49+08:00 ] 127.0.0.1 /gas_station_erp/index.php/management/Index/getAppRule
NOTIC: [2] htmlspecialchars() expects parameter 2 to be long, string given D:\trunk\frame\Lib\Core\App.class.php 第 56 行.
INFO: [ app_begin ] --START--
INFO: ReadHtmlCache Behavior ::run [ RunTime:0.001000s ]
INFO: [ app_begin ] --END-- [ RunTime:0.001000s ]
SQL: 
				SELECT rule_no FROM app_rule GROUP BY rule_no
		 [ RunTime:0.055003s ]

[ 2014-07-08T10:03:50+08:00 ] 127.0.0.1 /gas_station_erp/index.php/management/Index/getAppRule
NOTIC: [2] htmlspecialchars() expects parameter 2 to be long, string given D:\trunk\frame\Lib\Core\App.class.php 第 56 行.
INFO: [ app_begin ] --START--
INFO: ReadHtmlCache Behavior ::run [ RunTime:0.000000s ]
INFO: [ app_begin ] --END-- [ RunTime:0.000000s ]
SQL: 
				SELECT rule_no FROM app_rule GROUP BY rule_no
		 [ RunTime:0.056003s ]

[ 2014-07-08T10:03:54+08:00 ] 127.0.0.1 /gas_station_erp/index.php/management/Index/getChannelArr
INFO: [ app_begin ] --START--
INFO: ReadHtmlCache Behavior ::run [ RunTime:0.000000s ]
INFO: [ app_begin ] --END-- [ RunTime:0.000000s ]
SQL: 
				SELECT a.channel_id area_id,a.channel_name area_name,b.city pid FROM qd_channel a
				LEFT JOIN qd_channel_area b ON a.channel_id = b.channel_id
				 [ RunTime:0.003001s ]
SQL: SELECT * FROM qd_channel_area GROUP BY province [ RunTime:0.002000s ]
SQL: SELECT * FROM bi_area WHERE area_name LIKE '%山东省%' OR CONCAT(area_name,'省') LIKE '山东省' [ RunTime:0.001000s ]
SQL: SELECT * FROM bi_area WHERE area_name LIKE '%山西省%' OR CONCAT(area_name,'省') LIKE '山西省' [ RunTime:0.001000s ]
SQL: SELECT * FROM bi_area WHERE area_name LIKE '%辽宁省%' OR CONCAT(area_name,'省') LIKE '辽宁省' [ RunTime:0.001000s ]
SQL: SELECT * FROM qd_channel_area GROUP BY city [ RunTime:0.001000s ]
SQL: SELECT * FROM bi_area WHERE area_name LIKE '%大连市%' OR CONCAT(area_name,'市') LIKE '大连市' [ RunTime:0.000000s ]
NOTIC: [8] Undefined variable: que_channel D:\trunk\gas_station_erp\Lib\Action\management\IndexAction.class.php 第 354 行.
NOTIC: [2] Invalid argument supplied for foreach() D:\trunk\gas_station_erp\Lib\Action\management\IndexAction.class.php 第 354 行.
SQL: SELECT * FROM bi_area WHERE area_name LIKE '%太原市%' OR CONCAT(area_name,'市') LIKE '太原市' [ RunTime:0.001000s ]
NOTIC: [8] Undefined variable: que_channel D:\trunk\gas_station_erp\Lib\Action\management\IndexAction.class.php 第 354 行.
NOTIC: [2] Invalid argument supplied for foreach() D:\trunk\gas_station_erp\Lib\Action\management\IndexAction.class.php 第 354 行.
SQL: SELECT * FROM bi_area WHERE area_name LIKE '%晋城市%' OR CONCAT(area_name,'市') LIKE '晋城市' [ RunTime:0.002000s ]
NOTIC: [8] Undefined variable: que_channel D:\trunk\gas_station_erp\Lib\Action\management\IndexAction.class.php 第 354 行.
NOTIC: [2] Invalid argument supplied for foreach() D:\trunk\gas_station_erp\Lib\Action\management\IndexAction.class.php 第 354 行.
SQL: SELECT * FROM bi_area WHERE area_name LIKE '%沈阳市%' OR CONCAT(area_name,'市') LIKE '沈阳市' [ RunTime:0.001000s ]
NOTIC: [8] Undefined variable: que_channel D:\trunk\gas_station_erp\Lib\Action\management\IndexAction.class.php 第 354 行.
NOTIC: [2] Invalid argument supplied for foreach() D:\trunk\gas_station_erp\Lib\Action\management\IndexAction.class.php 第 354 行.
SQL: SELECT * FROM bi_area WHERE area_name LIKE '%济南市%' OR CONCAT(area_name,'市') LIKE '济南市' [ RunTime:0.002000s ]
NOTIC: [8] Undefined variable: que_channel D:\trunk\gas_station_erp\Lib\Action\management\IndexAction.class.php 第 354 行.
NOTIC: [2] Invalid argument supplied for foreach() D:\trunk\gas_station_erp\Lib\Action\management\IndexAction.class.php 第 354 行.
SQL: 
				SELECT * FROM bi_area WHERE area_id IN (16,23,5,88,64,68,87,183)
				 [ RunTime:0.001000s ]

[ 2014-07-08T10:03:58+08:00 ] 127.0.0.1 /gas_station_erp/index.php/management/Index/getChannelArr
INFO: [ app_begin ] --START--
INFO: ReadHtmlCache Behavior ::run [ RunTime:0.000000s ]
INFO: [ app_begin ] --END-- [ RunTime:0.000000s ]
SQL: 
				SELECT a.channel_id area_id,a.channel_name area_name,b.city pid FROM qd_channel a
				LEFT JOIN qd_channel_area b ON a.channel_id = b.channel_id
				 [ RunTime:0.003000s ]
SQL: SELECT * FROM qd_channel_area GROUP BY province [ RunTime:0.002000s ]
SQL: SELECT * FROM bi_area WHERE area_name LIKE '%山东省%' OR CONCAT(area_name,'省') LIKE '山东省' [ RunTime:0.002000s ]
SQL: SELECT * FROM bi_area WHERE area_name LIKE '%山西省%' OR CONCAT(area_name,'省') LIKE '山西省' [ RunTime:0.001000s ]
SQL: SELECT * FROM bi_area WHERE area_name LIKE '%辽宁省%' OR CONCAT(area_name,'省') LIKE '辽宁省' [ RunTime:0.001000s ]
SQL: SELECT * FROM qd_channel_area GROUP BY city [ RunTime:0.001000s ]
SQL: SELECT * FROM bi_area WHERE area_name LIKE '%大连市%' OR CONCAT(area_name,'市') LIKE '大连市' [ RunTime:0.001000s ]
NOTIC: [8] Undefined variable: que_channel D:\trunk\gas_station_erp\Lib\Action\management\IndexAction.class.php 第 354 行.
NOTIC: [2] Invalid argument supplied for foreach() D:\trunk\gas_station_erp\Lib\Action\management\IndexAction.class.php 第 354 行.
SQL: SELECT * FROM bi_area WHERE area_name LIKE '%太原市%' OR CONCAT(area_name,'市') LIKE '太原市' [ RunTime:0.001000s ]
NOTIC: [8] Undefined variable: que_channel D:\trunk\gas_station_erp\Lib\Action\management\IndexAction.class.php 第 354 行.
NOTIC: [2] Invalid argument supplied for foreach() D:\trunk\gas_station_erp\Lib\Action\management\IndexAction.class.php 第 354 行.
SQL: SELECT * FROM bi_area WHERE area_name LIKE '%晋城市%' OR CONCAT(area_name,'市') LIKE '晋城市' [ RunTime:0.001000s ]
NOTIC: [8] Undefined variable: que_channel D:\trunk\gas_station_erp\Lib\Action\management\IndexAction.class.php 第 354 行.
NOTIC: [2] Invalid argument supplied for foreach() D:\trunk\gas_station_erp\Lib\Action\management\IndexAction.class.php 第 354 行.
SQL: SELECT * FROM bi_area WHERE area_name LIKE '%沈阳市%' OR CONCAT(area_name,'市') LIKE '沈阳市' [ RunTime:0.000000s ]
NOTIC: [8] Undefined variable: que_channel D:\trunk\gas_station_erp\Lib\Action\management\IndexAction.class.php 第 354 行.
NOTIC: [2] Invalid argument supplied for foreach() D:\trunk\gas_station_erp\Lib\Action\management\IndexAction.class.php 第 354 行.
SQL: SELECT * FROM bi_area WHERE area_name LIKE '%济南市%' OR CONCAT(area_name,'市') LIKE '济南市' [ RunTime:0.001000s ]
NOTIC: [8] Undefined variable: que_channel D:\trunk\gas_station_erp\Lib\Action\management\IndexAction.class.php 第 354 行.
NOTIC: [2] Invalid argument supplied for foreach() D:\trunk\gas_station_erp\Lib\Action\management\IndexAction.class.php 第 354 行.
SQL: 
				SELECT * FROM bi_area WHERE area_id IN (16,23,5,88,64,68,87,183)
				 [ RunTime:0.001001s ]

[ 2014-07-08T10:04:51+08:00 ] 127.0.0.1 /gas_station_erp/index.php/management/Index/getChannelArr
INFO: [ app_begin ] --START--
INFO: ReadHtmlCache Behavior ::run [ RunTime:0.000000s ]
INFO: [ app_begin ] --END-- [ RunTime:0.000000s ]
SQL: 
				SELECT a.channel_id area_id,a.channel_name area_name,b.city pid FROM qd_channel a
				LEFT JOIN qd_channel_area b ON a.channel_id = b.channel_id
				 [ RunTime:0.003000s ]
SQL: SELECT * FROM qd_channel_area GROUP BY province [ RunTime:0.002000s ]
SQL: SELECT * FROM bi_area WHERE area_name LIKE '%山东省%' OR CONCAT(area_name,'省') LIKE '山东省' [ RunTime:0.001000s ]
SQL: SELECT * FROM bi_area WHERE area_name LIKE '%山西省%' OR CONCAT(area_name,'省') LIKE '山西省' [ RunTime:0.001000s ]
SQL: SELECT * FROM bi_area WHERE area_name LIKE '%辽宁省%' OR CONCAT(area_name,'省') LIKE '辽宁省' [ RunTime:0.002000s ]
SQL: SELECT * FROM qd_channel_area GROUP BY city [ RunTime:0.002000s ]
SQL: SELECT * FROM bi_area WHERE area_name LIKE '%大连市%' OR CONCAT(area_name,'市') LIKE '大连市' [ RunTime:0.001000s ]
NOTIC: [8] Undefined variable: que_channel D:\trunk\gas_station_erp\Lib\Action\management\IndexAction.class.php 第 354 行.
NOTIC: [2] Invalid argument supplied for foreach() D:\trunk\gas_station_erp\Lib\Action\management\IndexAction.class.php 第 354 行.
SQL: SELECT * FROM bi_area WHERE area_name LIKE '%太原市%' OR CONCAT(area_name,'市') LIKE '太原市' [ RunTime:0.001001s ]
NOTIC: [8] Undefined variable: que_channel D:\trunk\gas_station_erp\Lib\Action\management\IndexAction.class.php 第 354 行.
NOTIC: [2] Invalid argument supplied for foreach() D:\trunk\gas_station_erp\Lib\Action\management\IndexAction.class.php 第 354 行.
SQL: SELECT * FROM bi_area WHERE area_name LIKE '%晋城市%' OR CONCAT(area_name,'市') LIKE '晋城市' [ RunTime:0.001000s ]
NOTIC: [8] Undefined variable: que_channel D:\trunk\gas_station_erp\Lib\Action\management\IndexAction.class.php 第 354 行.
NOTIC: [2] Invalid argument supplied for foreach() D:\trunk\gas_station_erp\Lib\Action\management\IndexAction.class.php 第 354 行.
SQL: SELECT * FROM bi_area WHERE area_name LIKE '%沈阳市%' OR CONCAT(area_name,'市') LIKE '沈阳市' [ RunTime:0.001000s ]
NOTIC: [8] Undefined variable: que_channel D:\trunk\gas_station_erp\Lib\Action\management\IndexAction.class.php 第 354 行.
NOTIC: [2] Invalid argument supplied for foreach() D:\trunk\gas_station_erp\Lib\Action\management\IndexAction.class.php 第 354 行.
SQL: SELECT * FROM bi_area WHERE area_name LIKE '%济南市%' OR CONCAT(area_name,'市') LIKE '济南市' [ RunTime:0.002000s ]
NOTIC: [8] Undefined variable: que_channel D:\trunk\gas_station_erp\Lib\Action\management\IndexAction.class.php 第 354 行.
NOTIC: [2] Invalid argument supplied for foreach() D:\trunk\gas_station_erp\Lib\Action\management\IndexAction.class.php 第 354 行.
SQL: 
				SELECT * FROM bi_area WHERE area_id IN (16,23,5,88,64,68,87,183)
				 [ RunTime:0.002000s ]

[ 2014-07-08T10:04:57+08:00 ] 127.0.0.1 /gas_station_erp/index.php/management/Index/getChannelArr
INFO: [ app_begin ] --START--
INFO: ReadHtmlCache Behavior ::run [ RunTime:0.000000s ]
INFO: [ app_begin ] --END-- [ RunTime:0.000000s ]
SQL: 
				SELECT a.channel_id area_id,a.channel_name area_name,b.city pid FROM qd_channel a
				LEFT JOIN qd_channel_area b ON a.channel_id = b.channel_id
				 [ RunTime:0.003001s ]
SQL: SELECT * FROM qd_channel_area GROUP BY province [ RunTime:0.002000s ]
SQL: SELECT * FROM bi_area WHERE area_name LIKE '%山东省%' OR CONCAT(area_name,'省') LIKE '山东省' [ RunTime:0.001000s ]
SQL: SELECT * FROM bi_area WHERE area_name LIKE '%山西省%' OR CONCAT(area_name,'省') LIKE '山西省' [ RunTime:0.001000s ]
SQL: SELECT * FROM bi_area WHERE area_name LIKE '%辽宁省%' OR CONCAT(area_name,'省') LIKE '辽宁省' [ RunTime:0.001000s ]
SQL: SELECT * FROM qd_channel_area GROUP BY city [ RunTime:0.001000s ]
SQL: SELECT * FROM bi_area WHERE area_name LIKE '%大连市%' OR CONCAT(area_name,'市') LIKE '大连市' [ RunTime:0.001000s ]
NOTIC: [8] Undefined variable: que_channel D:\trunk\gas_station_erp\Lib\Action\management\IndexAction.class.php 第 354 行.
NOTIC: [2] Invalid argument supplied for foreach() D:\trunk\gas_station_erp\Lib\Action\management\IndexAction.class.php 第 354 行.
SQL: SELECT * FROM bi_area WHERE area_name LIKE '%太原市%' OR CONCAT(area_name,'市') LIKE '太原市' [ RunTime:0.002000s ]
NOTIC: [8] Undefined variable: que_channel D:\trunk\gas_station_erp\Lib\Action\management\IndexAction.class.php 第 354 行.
NOTIC: [2] Invalid argument supplied for foreach() D:\trunk\gas_station_erp\Lib\Action\management\IndexAction.class.php 第 354 行.
SQL: SELECT * FROM bi_area WHERE area_name LIKE '%晋城市%' OR CONCAT(area_name,'市') LIKE '晋城市' [ RunTime:0.002000s ]
NOTIC: [8] Undefined variable: que_channel D:\trunk\gas_station_erp\Lib\Action\management\IndexAction.class.php 第 354 行.
NOTIC: [2] Invalid argument supplied for foreach() D:\trunk\gas_station_erp\Lib\Action\management\IndexAction.class.php 第 354 行.
SQL: SELECT * FROM bi_area WHERE area_name LIKE '%沈阳市%' OR CONCAT(area_name,'市') LIKE '沈阳市' [ RunTime:0.002000s ]
NOTIC: [8] Undefined variable: que_channel D:\trunk\gas_station_erp\Lib\Action\management\IndexAction.class.php 第 354 行.
NOTIC: [2] Invalid argument supplied for foreach() D:\trunk\gas_station_erp\Lib\Action\management\IndexAction.class.php 第 354 行.
SQL: SELECT * FROM bi_area WHERE area_name LIKE '%济南市%' OR CONCAT(area_name,'市') LIKE '济南市' [ RunTime:0.001000s ]
NOTIC: [8] Undefined variable: que_channel D:\trunk\gas_station_erp\Lib\Action\management\IndexAction.class.php 第 354 行.
NOTIC: [2] Invalid argument supplied for foreach() D:\trunk\gas_station_erp\Lib\Action\management\IndexAction.class.php 第 354 行.
SQL: 
				SELECT * FROM bi_area WHERE area_id IN (16,23,5,88,64,68,87,183)
				 [ RunTime:0.002001s ]

[ 2014-07-08T10:05:09+08:00 ] 127.0.0.1 /gas_station_erp/index.php/configuration/Org/show_org_tree
INFO: [ app_begin ] --START--
INFO: ReadHtmlCache Behavior ::run [ RunTime:0.001000s ]
INFO: [ app_begin ] --END-- [ RunTime:0.001000s ]
NOTIC: [2] urldecode() expects parameter 1 to be string, array given D:\trunk\gas_station_erp\Lib\Action\configuration\OrgAction.class.php 第 4 行.
SQL: select * from qd_agent a where a.isDelete=0 [ RunTime:0.002000s ]

[ 2014-07-08T10:05:12+08:00 ] 127.0.0.1 /gas_station_erp/index.php/configuration/Org/orgDetailSelect?agent_id=16
NOTIC: [2] htmlspecialchars() expects parameter 2 to be long, string given D:\trunk\frame\Lib\Core\App.class.php 第 57 行.
INFO: [ app_begin ] --START--
INFO: ReadHtmlCache Behavior ::run [ RunTime:0.003000s ]
INFO: [ app_begin ] --END-- [ RunTime:0.003000s ]
NOTIC: [2] urldecode() expects parameter 1 to be string, array given D:\trunk\gas_station_erp\Lib\Action\configuration\OrgAction.class.php 第 4 行.
NOTIC: [2] htmlspecialchars() expects parameter 2 to be long, string given D:\trunk\frame\Common\common.php 第 110 行.
NOTIC: [2] htmlspecialchars() expects parameter 2 to be long, string given D:\trunk\frame\Common\common.php 第 110 行.
SQL: SELECT * FROM qd_agent a WHERE ( a.agent_id=16 )  [ RunTime:0.001000s ]
SQL: select agent_name from qd_agent where agent_id=10 [ RunTime:0.001000s ]
SQL: select area_id from qd_agent_area where agent_id=16 [ RunTime:0.001000s ]
SQL: select area_name from bi_area where area_id=5 [ RunTime:0.001000s ]
SQL: select area_name from bi_area where area_id=5 [ RunTime:0.002000s ]

[ 2014-07-08T10:05:54+08:00 ] 127.0.0.1 /gas_station_erp/index.php/management/Index/getAppRule
NOTIC: [2] htmlspecialchars() expects parameter 2 to be long, string given D:\trunk\frame\Lib\Core\App.class.php 第 56 行.
INFO: [ app_begin ] --START--
INFO: ReadHtmlCache Behavior ::run [ RunTime:0.000000s ]
INFO: [ app_begin ] --END-- [ RunTime:0.000000s ]
SQL: 
				SELECT rule_no FROM app_rule GROUP BY rule_no
		 [ RunTime:0.056003s ]

[ 2014-07-08T10:05:55+08:00 ] 127.0.0.1 /gas_station_erp/index.php/management/Index/getAppRule
NOTIC: [2] htmlspecialchars() expects parameter 2 to be long, string given D:\trunk\frame\Lib\Core\App.class.php 第 56 行.
INFO: [ app_begin ] --START--
INFO: ReadHtmlCache Behavior ::run [ RunTime:0.000000s ]
INFO: [ app_begin ] --END-- [ RunTime:0.000000s ]
SQL: 
				SELECT rule_no FROM app_rule GROUP BY rule_no
		 [ RunTime:0.055003s ]

[ 2014-07-08T10:05:56+08:00 ] 127.0.0.1 /gas_station_erp/index.php/management/Index/getChannelArr
INFO: [ app_begin ] --START--
INFO: ReadHtmlCache Behavior ::run [ RunTime:0.000000s ]
INFO: [ app_begin ] --END-- [ RunTime:0.000000s ]
SQL: 
				SELECT a.channel_id area_id,a.channel_name area_name,b.city pid FROM qd_channel a
				LEFT JOIN qd_channel_area b ON a.channel_id = b.channel_id
				 [ RunTime:0.003000s ]
SQL: SELECT * FROM qd_channel_area GROUP BY province [ RunTime:0.002000s ]
SQL: SELECT * FROM bi_area WHERE area_name LIKE '%山东省%' OR CONCAT(area_name,'省') LIKE '山东省' [ RunTime:0.001000s ]
SQL: SELECT * FROM bi_area WHERE area_name LIKE '%山西省%' OR CONCAT(area_name,'省') LIKE '山西省' [ RunTime:0.002001s ]
SQL: SELECT * FROM bi_area WHERE area_name LIKE '%辽宁省%' OR CONCAT(area_name,'省') LIKE '辽宁省' [ RunTime:0.001000s ]
SQL: SELECT * FROM qd_channel_area GROUP BY city [ RunTime:0.001000s ]
SQL: SELECT * FROM bi_area WHERE area_name LIKE '%大连市%' OR CONCAT(area_name,'市') LIKE '大连市' [ RunTime:0.001000s ]
NOTIC: [8] Undefined variable: que_channel D:\trunk\gas_station_erp\Lib\Action\management\IndexAction.class.php 第 354 行.
NOTIC: [2] Invalid argument supplied for foreach() D:\trunk\gas_station_erp\Lib\Action\management\IndexAction.class.php 第 354 行.
SQL: SELECT * FROM bi_area WHERE area_name LIKE '%太原市%' OR CONCAT(area_name,'市') LIKE '太原市' [ RunTime:0.001000s ]
NOTIC: [8] Undefined variable: que_channel D:\trunk\gas_station_erp\Lib\Action\management\IndexAction.class.php 第 354 行.
NOTIC: [2] Invalid argument supplied for foreach() D:\trunk\gas_station_erp\Lib\Action\management\IndexAction.class.php 第 354 行.
SQL: SELECT * FROM bi_area WHERE area_name LIKE '%晋城市%' OR CONCAT(area_name,'市') LIKE '晋城市' [ RunTime:0.001000s ]
NOTIC: [8] Undefined variable: que_channel D:\trunk\gas_station_erp\Lib\Action\management\IndexAction.class.php 第 354 行.
NOTIC: [2] Invalid argument supplied for foreach() D:\trunk\gas_station_erp\Lib\Action\management\IndexAction.class.php 第 354 行.
SQL: SELECT * FROM bi_area WHERE area_name LIKE '%沈阳市%' OR CONCAT(area_name,'市') LIKE '沈阳市' [ RunTime:0.001000s ]
NOTIC: [8] Undefined variable: que_channel D:\trunk\gas_station_erp\Lib\Action\management\IndexAction.class.php 第 354 行.
NOTIC: [2] Invalid argument supplied for foreach() D:\trunk\gas_station_erp\Lib\Action\management\IndexAction.class.php 第 354 行.
SQL: SELECT * FROM bi_area WHERE area_name LIKE '%济南市%' OR CONCAT(area_name,'市') LIKE '济南市' [ RunTime:0.001000s ]
NOTIC: [8] Undefined variable: que_channel D:\trunk\gas_station_erp\Lib\Action\management\IndexAction.class.php 第 354 行.
NOTIC: [2] Invalid argument supplied for foreach() D:\trunk\gas_station_erp\Lib\Action\management\IndexAction.class.php 第 354 行.
SQL: 
				SELECT * FROM bi_area WHERE area_id IN (16,23,5,88,64,68,87,183)
				 [ RunTime:0.002000s ]

[ 2014-07-08T10:06:43+08:00 ] 127.0.0.1 /gas_station_erp/index.php/management/Index/getAppRule
NOTIC: [2] htmlspecialchars() expects parameter 2 to be long, string given D:\trunk\frame\Lib\Core\App.class.php 第 56 行.
INFO: [ app_begin ] --START--
INFO: ReadHtmlCache Behavior ::run [ RunTime:0.001000s ]
INFO: [ app_begin ] --END-- [ RunTime:0.001000s ]
SQL: 
				SELECT rule_no FROM app_rule GROUP BY rule_no
		 [ RunTime:0.057003s ]

[ 2014-07-08T10:06:43+08:00 ] 127.0.0.1 /gas_station_erp/index.php/management/Index/getAppRule
NOTIC: [2] htmlspecialchars() expects parameter 2 to be long, string given D:\trunk\frame\Lib\Core\App.class.php 第 56 行.
INFO: [ app_begin ] --START--
INFO: ReadHtmlCache Behavior ::run [ RunTime:0.000000s ]
INFO: [ app_begin ] --END-- [ RunTime:0.000000s ]
SQL: 
				SELECT rule_no FROM app_rule GROUP BY rule_no
		 [ RunTime:0.058003s ]

[ 2014-07-08T10:06:44+08:00 ] 127.0.0.1 /gas_station_erp/index.php/management/Index/getAppRule
NOTIC: [2] htmlspecialchars() expects parameter 2 to be long, string given D:\trunk\frame\Lib\Core\App.class.php 第 56 行.
INFO: [ app_begin ] --START--
INFO: ReadHtmlCache Behavior ::run [ RunTime:0.001000s ]
INFO: [ app_begin ] --END-- [ RunTime:0.001000s ]
SQL: 
				SELECT rule_no FROM app_rule GROUP BY rule_no
		 [ RunTime:0.055003s ]

[ 2014-07-08T10:06:45+08:00 ] 127.0.0.1 /gas_station_erp/index.php/management/Index/getAppRule
NOTIC: [2] htmlspecialchars() expects parameter 2 to be long, string given D:\trunk\frame\Lib\Core\App.class.php 第 56 行.
INFO: [ app_begin ] --START--
INFO: ReadHtmlCache Behavior ::run [ RunTime:0.001000s ]
INFO: [ app_begin ] --END-- [ RunTime:0.001000s ]
SQL: 
				SELECT rule_no FROM app_rule GROUP BY rule_no
		 [ RunTime:0.056003s ]

[ 2014-07-08T10:06:45+08:00 ] 127.0.0.1 /gas_station_erp/index.php/management/Index/getChannelArr
INFO: [ app_begin ] --START--
INFO: ReadHtmlCache Behavior ::run [ RunTime:0.001000s ]
INFO: [ app_begin ] --END-- [ RunTime:0.001000s ]
SQL: 
				SELECT a.channel_id area_id,a.channel_name area_name,b.city pid FROM qd_channel a
				LEFT JOIN qd_channel_area b ON a.channel_id = b.channel_id
				 [ RunTime:0.004000s ]
SQL: SELECT * FROM qd_channel_area GROUP BY province [ RunTime:0.001000s ]
SQL: SELECT * FROM bi_area WHERE area_name LIKE '%山东省%' OR CONCAT(area_name,'省') LIKE '山东省' [ RunTime:0.002000s ]
SQL: SELECT * FROM bi_area WHERE area_name LIKE '%山西省%' OR CONCAT(area_name,'省') LIKE '山西省' [ RunTime:0.002000s ]
SQL: SELECT * FROM bi_area WHERE area_name LIKE '%辽宁省%' OR CONCAT(area_name,'省') LIKE '辽宁省' [ RunTime:0.001000s ]
SQL: SELECT * FROM qd_channel_area GROUP BY city [ RunTime:0.002000s ]
SQL: SELECT * FROM bi_area WHERE area_name LIKE '%大连市%' OR CONCAT(area_name,'市') LIKE '大连市' [ RunTime:0.002000s ]
NOTIC: [8] Undefined variable: que_channel D:\trunk\gas_station_erp\Lib\Action\management\IndexAction.class.php 第 354 行.
NOTIC: [2] Invalid argument supplied for foreach() D:\trunk\gas_station_erp\Lib\Action\management\IndexAction.class.php 第 354 行.
SQL: SELECT * FROM bi_area WHERE area_name LIKE '%太原市%' OR CONCAT(area_name,'市') LIKE '太原市' [ RunTime:0.002000s ]
NOTIC: [8] Undefined variable: que_channel D:\trunk\gas_station_erp\Lib\Action\management\IndexAction.class.php 第 354 行.
NOTIC: [2] Invalid argument supplied for foreach() D:\trunk\gas_station_erp\Lib\Action\management\IndexAction.class.php 第 354 行.
SQL: SELECT * FROM bi_area WHERE area_name LIKE '%晋城市%' OR CONCAT(area_name,'市') LIKE '晋城市' [ RunTime:0.001000s ]
NOTIC: [8] Undefined variable: que_channel D:\trunk\gas_station_erp\Lib\Action\management\IndexAction.class.php 第 354 行.
NOTIC: [2] Invalid argument supplied for foreach() D:\trunk\gas_station_erp\Lib\Action\management\IndexAction.class.php 第 354 行.
SQL: SELECT * FROM bi_area WHERE area_name LIKE '%沈阳市%' OR CONCAT(area_name,'市') LIKE '沈阳市' [ RunTime:0.002000s ]
NOTIC: [8] Undefined variable: que_channel D:\trunk\gas_station_erp\Lib\Action\management\IndexAction.class.php 第 354 行.
NOTIC: [2] Invalid argument supplied for foreach() D:\trunk\gas_station_erp\Lib\Action\management\IndexAction.class.php 第 354 行.
SQL: SELECT * FROM bi_area WHERE area_name LIKE '%济南市%' OR CONCAT(area_name,'市') LIKE '济南市' [ RunTime:0.001000s ]
NOTIC: [8] Undefined variable: que_channel D:\trunk\gas_station_erp\Lib\Action\management\IndexAction.class.php 第 354 行.
NOTIC: [2] Invalid argument supplied for foreach() D:\trunk\gas_station_erp\Lib\Action\management\IndexAction.class.php 第 354 行.
SQL: 
				SELECT * FROM bi_area WHERE area_id IN (16,23,5,88,64,68,87,183)
				 [ RunTime:0.001000s ]

[ 2014-07-08T10:07:18+08:00 ] 127.0.0.1 /gas_station_erp/index.php/management/Index/getChannelArr
INFO: [ app_begin ] --START--
INFO: ReadHtmlCache Behavior ::run [ RunTime:0.001000s ]
INFO: [ app_begin ] --END-- [ RunTime:0.001000s ]
SQL: 
				SELECT a.channel_id area_id,a.channel_name area_name,b.city pid FROM qd_channel a
				LEFT JOIN qd_channel_area b ON a.channel_id = b.channel_id
				 [ RunTime:0.004000s ]
SQL: SELECT * FROM qd_channel_area GROUP BY province [ RunTime:0.002000s ]
SQL: SELECT * FROM bi_area WHERE area_name LIKE '%山东省%' OR CONCAT(area_name,'省') LIKE '山东省' [ RunTime:0.001000s ]
SQL: SELECT * FROM bi_area WHERE area_name LIKE '%山西省%' OR CONCAT(area_name,'省') LIKE '山西省' [ RunTime:0.001000s ]
SQL: SELECT * FROM bi_area WHERE area_name LIKE '%辽宁省%' OR CONCAT(area_name,'省') LIKE '辽宁省' [ RunTime:0.001000s ]
SQL: SELECT * FROM qd_channel_area GROUP BY city [ RunTime:0.001000s ]
SQL: SELECT * FROM bi_area WHERE area_name LIKE '%大连市%' OR CONCAT(area_name,'市') LIKE '大连市' [ RunTime:0.001000s ]
NOTIC: [8] Undefined variable: que_channel D:\trunk\gas_station_erp\Lib\Action\management\IndexAction.class.php 第 354 行.
NOTIC: [2] Invalid argument supplied for foreach() D:\trunk\gas_station_erp\Lib\Action\management\IndexAction.class.php 第 354 行.
SQL: SELECT * FROM bi_area WHERE area_name LIKE '%太原市%' OR CONCAT(area_name,'市') LIKE '太原市' [ RunTime:0.002000s ]
NOTIC: [8] Undefined variable: que_channel D:\trunk\gas_station_erp\Lib\Action\management\IndexAction.class.php 第 354 行.
NOTIC: [2] Invalid argument supplied for foreach() D:\trunk\gas_station_erp\Lib\Action\management\IndexAction.class.php 第 354 行.
SQL: SELECT * FROM bi_area WHERE area_name LIKE '%晋城市%' OR CONCAT(area_name,'市') LIKE '晋城市' [ RunTime:0.001001s ]
NOTIC: [8] Undefined variable: que_channel D:\trunk\gas_station_erp\Lib\Action\management\IndexAction.class.php 第 354 行.
NOTIC: [2] Invalid argument supplied for foreach() D:\trunk\gas_station_erp\Lib\Action\management\IndexAction.class.php 第 354 行.
SQL: SELECT * FROM bi_area WHERE area_name LIKE '%沈阳市%' OR CONCAT(area_name,'市') LIKE '沈阳市' [ RunTime:0.001000s ]
NOTIC: [8] Undefined variable: que_channel D:\trunk\gas_station_erp\Lib\Action\management\IndexAction.class.php 第 354 行.
NOTIC: [2] Invalid argument supplied for foreach() D:\trunk\gas_station_erp\Lib\Action\management\IndexAction.class.php 第 354 行.
SQL: SELECT * FROM bi_area WHERE area_name LIKE '%济南市%' OR CONCAT(area_name,'市') LIKE '济南市' [ RunTime:0.001000s ]
NOTIC: [8] Undefined variable: que_channel D:\trunk\gas_station_erp\Lib\Action\management\IndexAction.class.php 第 354 行.
NOTIC: [2] Invalid argument supplied for foreach() D:\trunk\gas_station_erp\Lib\Action\management\IndexAction.class.php 第 354 行.
SQL: 
				SELECT * FROM bi_area WHERE area_id IN (16,23,5,88,64,68,87,183)
				 [ RunTime:0.002000s ]

[ 2014-07-08T10:07:59+08:00 ] 127.0.0.1 /gas_station_erp/index.php/management/Index/getChannelArr
INFO: [ app_begin ] --START--
INFO: ReadHtmlCache Behavior ::run [ RunTime:0.001000s ]
INFO: [ app_begin ] --END-- [ RunTime:0.001000s ]
SQL: 
				SELECT a.channel_id area_id,a.channel_name area_name,b.city pid FROM qd_channel a
				LEFT JOIN qd_channel_area b ON a.channel_id = b.channel_id
				 [ RunTime:0.003000s ]
SQL: SELECT * FROM qd_channel_area GROUP BY province [ RunTime:0.002000s ]
SQL: SELECT * FROM bi_area WHERE area_name LIKE '%山东省%' OR CONCAT(area_name,'省') LIKE '山东省' [ RunTime:0.001000s ]
SQL: SELECT * FROM bi_area WHERE area_name LIKE '%山西省%' OR CONCAT(area_name,'省') LIKE '山西省' [ RunTime:0.002000s ]
SQL: SELECT * FROM bi_area WHERE area_name LIKE '%辽宁省%' OR CONCAT(area_name,'省') LIKE '辽宁省' [ RunTime:0.002000s ]
SQL: SELECT * FROM qd_channel_area GROUP BY city [ RunTime:0.001000s ]
SQL: SELECT * FROM bi_area WHERE area_name LIKE '%大连市%' OR CONCAT(area_name,'市') LIKE '大连市' [ RunTime:0.002001s ]
NOTIC: [8] Undefined variable: que_channel D:\trunk\gas_station_erp\Lib\Action\management\IndexAction.class.php 第 354 行.
NOTIC: [2] Invalid argument supplied for foreach() D:\trunk\gas_station_erp\Lib\Action\management\IndexAction.class.php 第 354 行.
SQL: SELECT * FROM bi_area WHERE area_name LIKE '%太原市%' OR CONCAT(area_name,'市') LIKE '太原市' [ RunTime:0.002000s ]
NOTIC: [8] Undefined variable: que_channel D:\trunk\gas_station_erp\Lib\Action\management\IndexAction.class.php 第 354 行.
NOTIC: [2] Invalid argument supplied for foreach() D:\trunk\gas_station_erp\Lib\Action\management\IndexAction.class.php 第 354 行.
SQL: SELECT * FROM bi_area WHERE area_name LIKE '%晋城市%' OR CONCAT(area_name,'市') LIKE '晋城市' [ RunTime:0.002000s ]
NOTIC: [8] Undefined variable: que_channel D:\trunk\gas_station_erp\Lib\Action\management\IndexAction.class.php 第 354 行.
NOTIC: [2] Invalid argument supplied for foreach() D:\trunk\gas_station_erp\Lib\Action\management\IndexAction.class.php 第 354 行.
SQL: SELECT * FROM bi_area WHERE area_name LIKE '%沈阳市%' OR CONCAT(area_name,'市') LIKE '沈阳市' [ RunTime:0.001000s ]
NOTIC: [8] Undefined variable: que_channel D:\trunk\gas_station_erp\Lib\Action\management\IndexAction.class.php 第 354 行.
NOTIC: [2] Invalid argument supplied for foreach() D:\trunk\gas_station_erp\Lib\Action\management\IndexAction.class.php 第 354 行.
SQL: SELECT * FROM bi_area WHERE area_name LIKE '%济南市%' OR CONCAT(area_name,'市') LIKE '济南市' [ RunTime:0.002000s ]
NOTIC: [8] Undefined variable: que_channel D:\trunk\gas_station_erp\Lib\Action\management\IndexAction.class.php 第 354 行.
NOTIC: [2] Invalid argument supplied for foreach() D:\trunk\gas_station_erp\Lib\Action\management\IndexAction.class.php 第 354 行.
SQL: 
				SELECT * FROM bi_area WHERE area_id IN (16,23,5,88,64,68,87,183)
				 [ RunTime:0.002000s ]

[ 2014-07-08T10:08:02+08:00 ] 127.0.0.1 /gas_station_erp/index.php/management/Index/getChannelArr
INFO: [ app_begin ] --START--
INFO: ReadHtmlCache Behavior ::run [ RunTime:0.001000s ]
INFO: [ app_begin ] --END-- [ RunTime:0.001000s ]
SQL: 
				SELECT a.channel_id area_id,a.channel_name area_name,b.city pid FROM qd_channel a
				LEFT JOIN qd_channel_area b ON a.channel_id = b.channel_id
				 [ RunTime:0.003001s ]
SQL: SELECT * FROM qd_channel_area GROUP BY province [ RunTime:0.002000s ]
SQL: SELECT * FROM bi_area WHERE area_name LIKE '%山东省%' OR CONCAT(area_name,'省') LIKE '山东省' [ RunTime:0.001000s ]
SQL: SELECT * FROM bi_area WHERE area_name LIKE '%山西省%' OR CONCAT(area_name,'省') LIKE '山西省' [ RunTime:0.001000s ]
SQL: SELECT * FROM bi_area WHERE area_name LIKE '%辽宁省%' OR CONCAT(area_name,'省') LIKE '辽宁省' [ RunTime:0.001000s ]
SQL: SELECT * FROM qd_channel_area GROUP BY city [ RunTime:0.001000s ]
SQL: SELECT * FROM bi_area WHERE area_name LIKE '%大连市%' OR CONCAT(area_name,'市') LIKE '大连市' [ RunTime:0.000000s ]
NOTIC: [8] Undefined variable: que_channel D:\trunk\gas_station_erp\Lib\Action\management\IndexAction.class.php 第 354 行.
NOTIC: [2] Invalid argument supplied for foreach() D:\trunk\gas_station_erp\Lib\Action\management\IndexAction.class.php 第 354 行.
SQL: SELECT * FROM bi_area WHERE area_name LIKE '%太原市%' OR CONCAT(area_name,'市') LIKE '太原市' [ RunTime:0.001000s ]
NOTIC: [8] Undefined variable: que_channel D:\trunk\gas_station_erp\Lib\Action\management\IndexAction.class.php 第 354 行.
NOTIC: [2] Invalid argument supplied for foreach() D:\trunk\gas_station_erp\Lib\Action\management\IndexAction.class.php 第 354 行.
SQL: SELECT * FROM bi_area WHERE area_name LIKE '%晋城市%' OR CONCAT(area_name,'市') LIKE '晋城市' [ RunTime:0.001000s ]
NOTIC: [8] Undefined variable: que_channel D:\trunk\gas_station_erp\Lib\Action\management\IndexAction.class.php 第 354 行.
NOTIC: [2] Invalid argument supplied for foreach() D:\trunk\gas_station_erp\Lib\Action\management\IndexAction.class.php 第 354 行.
SQL: SELECT * FROM bi_area WHERE area_name LIKE '%沈阳市%' OR CONCAT(area_name,'市') LIKE '沈阳市' [ RunTime:0.001000s ]
NOTIC: [8] Undefined variable: que_channel D:\trunk\gas_station_erp\Lib\Action\management\IndexAction.class.php 第 354 行.
NOTIC: [2] Invalid argument supplied for foreach() D:\trunk\gas_station_erp\Lib\Action\management\IndexAction.class.php 第 354 行.
SQL: SELECT * FROM bi_area WHERE area_name LIKE '%济南市%' OR CONCAT(area_name,'市') LIKE '济南市' [ RunTime:0.001000s ]
NOTIC: [8] Undefined variable: que_channel D:\trunk\gas_station_erp\Lib\Action\management\IndexAction.class.php 第 354 行.
NOTIC: [2] Invalid argument supplied for foreach() D:\trunk\gas_station_erp\Lib\Action\management\IndexAction.class.php 第 354 行.
SQL: 
				SELECT * FROM bi_area WHERE area_id IN (16,23,5,88,64,68,87,183)
				 [ RunTime:0.001000s ]

[ 2014-07-08T10:08:32+08:00 ] 127.0.0.1 /gas_station_erp/index.php/management/Index/getAppRule
NOTIC: [2] htmlspecialchars() expects parameter 2 to be long, string given D:\trunk\frame\Lib\Core\App.class.php 第 56 行.
INFO: [ app_begin ] --START--
INFO: ReadHtmlCache Behavior ::run [ RunTime:0.000000s ]
INFO: [ app_begin ] --END-- [ RunTime:0.000000s ]
SQL: 
				SELECT rule_no FROM app_rule GROUP BY rule_no
		 [ RunTime:0.056004s ]

[ 2014-07-08T10:11:02+08:00 ] 127.0.0.1 /gas_station_erp/index.php/configuration/Org/show_org_tree
INFO: [ app_begin ] --START--
INFO: ReadHtmlCache Behavior ::run [ RunTime:0.000000s ]
INFO: [ app_begin ] --END-- [ RunTime:0.000000s ]
NOTIC: [2] urldecode() expects parameter 1 to be string, array given D:\trunk\gas_station_erp\Lib\Action\configuration\OrgAction.class.php 第 4 行.
SQL: select * from qd_agent a where a.isDelete=0 [ RunTime:0.002000s ]

[ 2014-07-08T10:11:09+08:00 ] 127.0.0.1 /gas_station_erp/index.php/management/Index/getAppRule
NOTIC: [2] htmlspecialchars() expects parameter 2 to be long, string given D:\trunk\frame\Lib\Core\App.class.php 第 56 行.
INFO: [ app_begin ] --START--
INFO: ReadHtmlCache Behavior ::run [ RunTime:0.001000s ]
INFO: [ app_begin ] --END-- [ RunTime:0.001000s ]
SQL: 
				SELECT rule_no FROM app_rule GROUP BY rule_no
		 [ RunTime:0.056003s ]

[ 2014-07-08T10:11:10+08:00 ] 127.0.0.1 /gas_station_erp/index.php/management/Index/getAppRule
NOTIC: [2] htmlspecialchars() expects parameter 2 to be long, string given D:\trunk\frame\Lib\Core\App.class.php 第 56 行.
INFO: [ app_begin ] --START--
INFO: ReadHtmlCache Behavior ::run [ RunTime:0.000000s ]
INFO: [ app_begin ] --END-- [ RunTime:0.000000s ]
SQL: 
				SELECT rule_no FROM app_rule GROUP BY rule_no
		 [ RunTime:0.055003s ]

[ 2014-07-08T10:11:11+08:00 ] 127.0.0.1 /gas_station_erp/index.php/management/Index/getAppRule
NOTIC: [2] htmlspecialchars() expects parameter 2 to be long, string given D:\trunk\frame\Lib\Core\App.class.php 第 56 行.
INFO: [ app_begin ] --START--
INFO: ReadHtmlCache Behavior ::run [ RunTime:0.001000s ]
INFO: [ app_begin ] --END-- [ RunTime:0.001000s ]
SQL: 
				SELECT rule_no FROM app_rule GROUP BY rule_no
		 [ RunTime:0.055003s ]

[ 2014-07-08T10:11:12+08:00 ] 127.0.0.1 /gas_station_erp/index.php/management/Index/getAppRule
NOTIC: [2] htmlspecialchars() expects parameter 2 to be long, string given D:\trunk\frame\Lib\Core\App.class.php 第 56 行.
INFO: [ app_begin ] --START--
INFO: ReadHtmlCache Behavior ::run [ RunTime:0.000000s ]
INFO: [ app_begin ] --END-- [ RunTime:0.000000s ]
SQL: 
				SELECT rule_no FROM app_rule GROUP BY rule_no
		 [ RunTime:0.056003s ]

[ 2014-07-08T10:11:13+08:00 ] 127.0.0.1 /gas_station_erp/index.php/management/Index/getAppRule
NOTIC: [2] htmlspecialchars() expects parameter 2 to be long, string given D:\trunk\frame\Lib\Core\App.class.php 第 56 行.
INFO: [ app_begin ] --START--
INFO: ReadHtmlCache Behavior ::run [ RunTime:0.001000s ]
INFO: [ app_begin ] --END-- [ RunTime:0.001000s ]
SQL: 
				SELECT rule_no FROM app_rule GROUP BY rule_no
		 [ RunTime:0.056004s ]

[ 2014-07-08T10:11:14+08:00 ] 127.0.0.1 /gas_station_erp/index.php/management/Index/getAppRule
NOTIC: [2] htmlspecialchars() expects parameter 2 to be long, string given D:\trunk\frame\Lib\Core\App.class.php 第 56 行.
INFO: [ app_begin ] --START--
INFO: ReadHtmlCache Behavior ::run [ RunTime:0.000000s ]
INFO: [ app_begin ] --END-- [ RunTime:0.001000s ]
SQL: 
				SELECT rule_no FROM app_rule GROUP BY rule_no
		 [ RunTime:0.055003s ]

[ 2014-07-08T10:11:36+08:00 ] 127.0.0.1 /gas_station_erp/index.php/management/Index/getAppRule
NOTIC: [2] htmlspecialchars() expects parameter 2 to be long, string given D:\trunk\frame\Lib\Core\App.class.php 第 56 行.
INFO: [ app_begin ] --START--
INFO: ReadHtmlCache Behavior ::run [ RunTime:0.001000s ]
INFO: [ app_begin ] --END-- [ RunTime:0.001000s ]
SQL: 
				SELECT rule_no FROM app_rule GROUP BY rule_no
		 [ RunTime:0.056003s ]

[ 2014-07-08T10:11:50+08:00 ] 127.0.0.1 /gas_station_erp/index.php/management/Index/getAppRule
NOTIC: [2] htmlspecialchars() expects parameter 2 to be long, string given D:\trunk\frame\Lib\Core\App.class.php 第 56 行.
INFO: [ app_begin ] --START--
INFO: ReadHtmlCache Behavior ::run [ RunTime:0.000000s ]
INFO: [ app_begin ] --END-- [ RunTime:0.000000s ]
SQL: 
				SELECT rule_no FROM app_rule GROUP BY rule_no
		 [ RunTime:0.055003s ]

[ 2014-07-08T10:11:53+08:00 ] 127.0.0.1 /gas_station_erp/index.php/management/Index/getAppRule
NOTIC: [2] htmlspecialchars() expects parameter 2 to be long, string given D:\trunk\frame\Lib\Core\App.class.php 第 56 行.
INFO: [ app_begin ] --START--
INFO: ReadHtmlCache Behavior ::run [ RunTime:0.001000s ]
INFO: [ app_begin ] --END-- [ RunTime:0.001000s ]
SQL: 
				SELECT rule_no FROM app_rule GROUP BY rule_no
		 [ RunTime:0.057003s ]

[ 2014-07-08T10:12:38+08:00 ] 127.0.0.1 /gas_station_erp/index.php/management/Index/getAppRule
NOTIC: [2] htmlspecialchars() expects parameter 2 to be long, string given D:\trunk\frame\Lib\Core\App.class.php 第 56 行.
INFO: [ app_begin ] --START--
INFO: ReadHtmlCache Behavior ::run [ RunTime:0.001000s ]
INFO: [ app_begin ] --END-- [ RunTime:0.001000s ]
SQL: 
				SELECT rule_no FROM app_rule GROUP BY rule_no
		 [ RunTime:0.055004s ]

[ 2014-07-08T10:12:44+08:00 ] 127.0.0.1 /gas_station_erp/index.php/management/Index/getAppRule
NOTIC: [2] htmlspecialchars() expects parameter 2 to be long, string given D:\trunk\frame\Lib\Core\App.class.php 第 56 行.
INFO: [ app_begin ] --START--
INFO: ReadHtmlCache Behavior ::run [ RunTime:0.001000s ]
INFO: [ app_begin ] --END-- [ RunTime:0.001000s ]
SQL: 
				SELECT rule_no FROM app_rule GROUP BY rule_no
		 [ RunTime:0.056003s ]

[ 2014-07-08T10:12:45+08:00 ] 127.0.0.1 /gas_station_erp/index.php/management/Index/getAppRule
NOTIC: [2] htmlspecialchars() expects parameter 2 to be long, string given D:\trunk\frame\Lib\Core\App.class.php 第 56 行.
INFO: [ app_begin ] --START--
INFO: ReadHtmlCache Behavior ::run [ RunTime:0.000000s ]
INFO: [ app_begin ] --END-- [ RunTime:0.000000s ]
SQL: 
				SELECT rule_no FROM app_rule GROUP BY rule_no
		 [ RunTime:0.055003s ]

[ 2014-07-08T10:12:45+08:00 ] 127.0.0.1 /gas_station_erp/index.php/management/Index/getAppRule
NOTIC: [2] htmlspecialchars() expects parameter 2 to be long, string given D:\trunk\frame\Lib\Core\App.class.php 第 56 行.
INFO: [ app_begin ] --START--
INFO: ReadHtmlCache Behavior ::run [ RunTime:0.000000s ]
INFO: [ app_begin ] --END-- [ RunTime:0.000000s ]
SQL: 
				SELECT rule_no FROM app_rule GROUP BY rule_no
		 [ RunTime:0.055003s ]

[ 2014-07-08T10:13:37+08:00 ] 127.0.0.1 /gas_station_erp/index.php/management/Index/getAppRule
NOTIC: [2] htmlspecialchars() expects parameter 2 to be long, string given D:\trunk\frame\Lib\Core\App.class.php 第 56 行.
INFO: [ app_begin ] --START--
INFO: ReadHtmlCache Behavior ::run [ RunTime:0.001000s ]
INFO: [ app_begin ] --END-- [ RunTime:0.001000s ]
SQL: 
				SELECT rule_no FROM app_rule GROUP BY rule_no
		 [ RunTime:0.056003s ]

[ 2014-07-08T10:17:06+08:00 ] 127.0.0.1 /gas_station_erp/index.php/configuration/Org/show_org_tree
INFO: [ app_begin ] --START--
INFO: ReadHtmlCache Behavior ::run [ RunTime:0.001000s ]
INFO: [ app_begin ] --END-- [ RunTime:0.001000s ]
NOTIC: [2] urldecode() expects parameter 1 to be string, array given D:\trunk\gas_station_erp\Lib\Action\configuration\OrgAction.class.php 第 4 行.
SQL: select * from qd_agent a where a.isDelete=0 [ RunTime:0.001000s ]

[ 2014-07-08T10:17:28+08:00 ] 127.0.0.1 /gas_station_erp/index.php/management/Index/getAppRule
NOTIC: [2] htmlspecialchars() expects parameter 2 to be long, string given D:\trunk\frame\Lib\Core\App.class.php 第 56 行.
INFO: [ app_begin ] --START--
INFO: ReadHtmlCache Behavior ::run [ RunTime:0.001000s ]
INFO: [ app_begin ] --END-- [ RunTime:0.001000s ]
SQL: 
				SELECT rule_no FROM app_rule GROUP BY rule_no
		 [ RunTime:0.056004s ]

[ 2014-07-08T10:17:39+08:00 ] 127.0.0.1 /gas_station_erp/index.php/management/Index/getAppRule
NOTIC: [2] htmlspecialchars() expects parameter 2 to be long, string given D:\trunk\frame\Lib\Core\App.class.php 第 56 行.
INFO: [ app_begin ] --START--
INFO: ReadHtmlCache Behavior ::run [ RunTime:0.000000s ]
INFO: [ app_begin ] --END-- [ RunTime:0.000000s ]
SQL: 
				SELECT rule_no FROM app_rule GROUP BY rule_no
		 [ RunTime:0.056003s ]

[ 2014-07-08T10:18:32+08:00 ] 127.0.0.1 /gas_station_erp/index.php/configuration/Org/show_org_tree
INFO: [ app_begin ] --START--
INFO: ReadHtmlCache Behavior ::run [ RunTime:0.001000s ]
INFO: [ app_begin ] --END-- [ RunTime:0.001000s ]
NOTIC: [2] urldecode() expects parameter 1 to be string, array given D:\trunk\gas_station_erp\Lib\Action\configuration\OrgAction.class.php 第 4 行.
SQL: select * from qd_agent a where a.isDelete=0 [ RunTime:0.001000s ]

[ 2014-07-08T10:18:44+08:00 ] 127.0.0.1 /gas_station_erp/index.php/configuration/Org/show_org_tree
INFO: [ app_begin ] --START--
INFO: ReadHtmlCache Behavior ::run [ RunTime:0.001000s ]
INFO: [ app_begin ] --END-- [ RunTime:0.001000s ]
NOTIC: [2] urldecode() expects parameter 1 to be string, array given D:\trunk\gas_station_erp\Lib\Action\configuration\OrgAction.class.php 第 4 行.
SQL: select * from qd_agent a where a.isDelete=0 [ RunTime:0.001000s ]

[ 2014-07-08T10:18:45+08:00 ] 127.0.0.1 /gas_station_erp/index.php/configuration/Org/show_org_tree
INFO: [ app_begin ] --START--
INFO: ReadHtmlCache Behavior ::run [ RunTime:0.000000s ]
INFO: [ app_begin ] --END-- [ RunTime:0.001000s ]
NOTIC: [2] urldecode() expects parameter 1 to be string, array given D:\trunk\gas_station_erp\Lib\Action\configuration\OrgAction.class.php 第 4 行.
SQL: select * from qd_agent a where a.isDelete=0 [ RunTime:0.010000s ]

[ 2014-07-08T10:18:48+08:00 ] 127.0.0.1 /gas_station_erp/index.php/configuration/Org/show_org_tree
INFO: [ app_begin ] --START--
INFO: ReadHtmlCache Behavior ::run [ RunTime:0.001000s ]
INFO: [ app_begin ] --END-- [ RunTime:0.001000s ]
NOTIC: [2] urldecode() expects parameter 1 to be string, array given D:\trunk\gas_station_erp\Lib\Action\configuration\OrgAction.class.php 第 4 行.
SQL: select * from qd_agent a where a.isDelete=0 [ RunTime:0.002000s ]

[ 2014-07-08T10:19:14+08:00 ] 127.0.0.1 /gas_station_erp/index.php/management/Index/getAppRule
NOTIC: [2] htmlspecialchars() expects parameter 2 to be long, string given D:\trunk\frame\Lib\Core\App.class.php 第 56 行.
INFO: [ app_begin ] --START--
INFO: ReadHtmlCache Behavior ::run [ RunTime:0.000000s ]
INFO: [ app_begin ] --END-- [ RunTime:0.000000s ]
SQL: 
				SELECT rule_no FROM app_rule GROUP BY rule_no
		 [ RunTime:0.055003s ]

[ 2014-07-08T10:19:15+08:00 ] 127.0.0.1 /gas_station_erp/index.php/management/Index/getAppRule
NOTIC: [2] htmlspecialchars() expects parameter 2 to be long, string given D:\trunk\frame\Lib\Core\App.class.php 第 56 行.
INFO: [ app_begin ] --START--
INFO: ReadHtmlCache Behavior ::run [ RunTime:0.000000s ]
INFO: [ app_begin ] --END-- [ RunTime:0.000000s ]
SQL: 
				SELECT rule_no FROM app_rule GROUP BY rule_no
		 [ RunTime:0.054003s ]

[ 2014-07-08T10:19:27+08:00 ] 127.0.0.1 /gas_station_erp/index.php/management/Index/getAppRule
NOTIC: [2] htmlspecialchars() expects parameter 2 to be long, string given D:\trunk\frame\Lib\Core\App.class.php 第 56 行.
INFO: [ app_begin ] --START--
INFO: ReadHtmlCache Behavior ::run [ RunTime:0.001000s ]
INFO: [ app_begin ] --END-- [ RunTime:0.001000s ]
SQL: 
				SELECT rule_no FROM app_rule GROUP BY rule_no
		 [ RunTime:0.071004s ]

[ 2014-07-08T10:19:31+08:00 ] 127.0.0.1 /gas_station_erp/index.php/management/Index/getAppRule
NOTIC: [2] htmlspecialchars() expects parameter 2 to be long, string given D:\trunk\frame\Lib\Core\App.class.php 第 56 行.
INFO: [ app_begin ] --START--
INFO: ReadHtmlCache Behavior ::run [ RunTime:0.001000s ]
INFO: [ app_begin ] --END-- [ RunTime:0.001000s ]
SQL: 
				SELECT rule_no FROM app_rule GROUP BY rule_no
		 [ RunTime:0.056003s ]

[ 2014-07-08T10:19:32+08:00 ] 127.0.0.1 /gas_station_erp/index.php/management/Index/getAppRule
NOTIC: [2] htmlspecialchars() expects parameter 2 to be long, string given D:\trunk\frame\Lib\Core\App.class.php 第 56 行.
INFO: [ app_begin ] --START--
INFO: ReadHtmlCache Behavior ::run [ RunTime:0.000000s ]
INFO: [ app_begin ] --END-- [ RunTime:0.000000s ]
SQL: 
				SELECT rule_no FROM app_rule GROUP BY rule_no
		 [ RunTime:0.058003s ]

[ 2014-07-08T10:19:48+08:00 ] 127.0.0.1 /gas_station_erp/index.php/configuration/Org/show_org_tree
INFO: [ app_begin ] --START--
INFO: ReadHtmlCache Behavior ::run [ RunTime:0.000000s ]
INFO: [ app_begin ] --END-- [ RunTime:0.001000s ]
NOTIC: [2] urldecode() expects parameter 1 to be string, array given D:\trunk\gas_station_erp\Lib\Action\configuration\OrgAction.class.php 第 4 行.
SQL: select * from qd_agent a where a.isDelete=0 [ RunTime:0.001000s ]

[ 2014-07-08T10:20:06+08:00 ] 127.0.0.1 /gas_station_erp/index.php/management/Index/getAppRule
NOTIC: [2] htmlspecialchars() expects parameter 2 to be long, string given D:\trunk\frame\Lib\Core\App.class.php 第 56 行.
INFO: [ app_begin ] --START--
INFO: ReadHtmlCache Behavior ::run [ RunTime:0.000000s ]
INFO: [ app_begin ] --END-- [ RunTime:0.000000s ]
SQL: 
				SELECT rule_no FROM app_rule GROUP BY rule_no
		 [ RunTime:0.058003s ]

[ 2014-07-08T10:20:08+08:00 ] 127.0.0.1 /gas_station_erp/index.php/management/Index/getAppRule
NOTIC: [2] htmlspecialchars() expects parameter 2 to be long, string given D:\trunk\frame\Lib\Core\App.class.php 第 56 行.
INFO: [ app_begin ] --START--
INFO: ReadHtmlCache Behavior ::run [ RunTime:0.001000s ]
INFO: [ app_begin ] --END-- [ RunTime:0.001000s ]
SQL: 
				SELECT rule_no FROM app_rule GROUP BY rule_no
		 [ RunTime:0.055004s ]

[ 2014-07-08T10:25:18+08:00 ] 127.0.0.1 /gas_station_erp/index.php/configuration/Org/show_org_tree
INFO: [ app_begin ] --START--
INFO: ReadHtmlCache Behavior ::run [ RunTime:0.000000s ]
INFO: [ app_begin ] --END-- [ RunTime:0.000000s ]
NOTIC: [2] urldecode() expects parameter 1 to be string, array given D:\trunk\gas_station_erp\Lib\Action\configuration\OrgAction.class.php 第 4 行.
SQL: select * from qd_agent a where a.isDelete=0 [ RunTime:0.002000s ]

[ 2014-07-08T10:25:22+08:00 ] 127.0.0.1 /gas_station_erp/index.php/channel//gas_station_erp/gas_station_erp/Tpl/channel/Public/css/configuration.css
ERR: 无法加载模块:gas_station_erp

[ 2014-07-08T10:25:22+08:00 ] 127.0.0.1 /gas_station_erp/index.php/channel/Channel/channelnameBlurrySelect
INFO: [ app_begin ] --START--
INFO: ReadHtmlCache Behavior ::run [ RunTime:0.000000s ]
INFO: [ app_begin ] --END-- [ RunTime:0.000000s ]
NOTIC: [2] urldecode() expects parameter 1 to be string, array given D:\trunk\gas_station_erp\Lib\Action\channel\ChannelAction.class.php 第 4 行.
NOTIC: [2] htmlspecialchars() expects parameter 2 to be long, string given D:\trunk\frame\Common\common.php 第 110 行.
SQL: SHOW COLUMNS FROM `qd_channel` [ RunTime:0.002000s ]
SQL: SELECT DISTINCT  `channel_name` FROM `qd_channel` WHERE ( `channel_name` LIKE '%%' )  [ RunTime:0.002000s ]

[ 2014-07-08T10:25:22+08:00 ] 127.0.0.1 /gas_station_erp/index.php/channel/Agent/agentnameBlurrySelect?agent_name=
NOTIC: [2] htmlspecialchars() expects parameter 2 to be long, string given D:\trunk\frame\Lib\Core\App.class.php 第 57 行.
INFO: [ app_begin ] --START--
INFO: ReadHtmlCache Behavior ::run [ RunTime:0.001000s ]
INFO: [ app_begin ] --END-- [ RunTime:0.001000s ]
NOTIC: [2] urldecode() expects parameter 1 to be string, array given D:\trunk\gas_station_erp\Lib\Action\channel\AgentAction.class.php 第 4 行.
NOTIC: [2] htmlspecialchars() expects parameter 2 to be long, string given D:\trunk\frame\Common\common.php 第 110 行.
NOTIC: [2] htmlspecialchars() expects parameter 2 to be long, string given D:\trunk\frame\Common\common.php 第 110 行.
SQL: SHOW COLUMNS FROM `qd_agent` [ RunTime:0.002000s ]
SQL: SELECT DISTINCT  `agent_name` FROM `qd_agent` WHERE ( `agent_name` LIKE '%%' )  [ RunTime:0.002000s ]

[ 2014-07-08T10:28:58+08:00 ] 127.0.0.1 /gas_station_erp/index.php/management/Index/getAppRule
NOTIC: [2] htmlspecialchars() expects parameter 2 to be long, string given D:\trunk\frame\Lib\Core\App.class.php 第 56 行.
INFO: [ app_begin ] --START--
INFO: ReadHtmlCache Behavior ::run [ RunTime:0.000000s ]
INFO: [ app_begin ] --END-- [ RunTime:0.000000s ]
SQL: 
				SELECT rule_no FROM app_rule GROUP BY rule_no
		 [ RunTime:0.057004s ]

[ 2014-07-08T10:29:24+08:00 ] 127.0.0.1 /gas_station_erp/index.php/management/Index/getAppRule
NOTIC: [2] htmlspecialchars() expects parameter 2 to be long, string given D:\trunk\frame\Lib\Core\App.class.php 第 56 行.
INFO: [ app_begin ] --START--
INFO: ReadHtmlCache Behavior ::run [ RunTime:0.000000s ]
INFO: [ app_begin ] --END-- [ RunTime:0.000000s ]
SQL: 
				SELECT rule_no FROM app_rule GROUP BY rule_no
		 [ RunTime:0.057003s ]

[ 2014-07-08T10:29:25+08:00 ] 127.0.0.1 /gas_station_erp/index.php/management/Index/getAppRule
NOTIC: [2] htmlspecialchars() expects parameter 2 to be long, string given D:\trunk\frame\Lib\Core\App.class.php 第 56 行.
INFO: [ app_begin ] --START--
INFO: ReadHtmlCache Behavior ::run [ RunTime:0.000000s ]
INFO: [ app_begin ] --END-- [ RunTime:0.000000s ]
SQL: 
				SELECT rule_no FROM app_rule GROUP BY rule_no
		 [ RunTime:0.055003s ]

[ 2014-07-08T10:29:27+08:00 ] 127.0.0.1 /gas_station_erp/index.php/management/Index/getAppRule
NOTIC: [2] htmlspecialchars() expects parameter 2 to be long, string given D:\trunk\frame\Lib\Core\App.class.php 第 56 行.
INFO: [ app_begin ] --START--
INFO: ReadHtmlCache Behavior ::run [ RunTime:0.000000s ]
INFO: [ app_begin ] --END-- [ RunTime:0.000000s ]
SQL: 
				SELECT rule_no FROM app_rule GROUP BY rule_no
		 [ RunTime:0.055003s ]

[ 2014-07-08T10:29:27+08:00 ] 127.0.0.1 /gas_station_erp/index.php/management/Index/getAppRule
NOTIC: [2] htmlspecialchars() expects parameter 2 to be long, string given D:\trunk\frame\Lib\Core\App.class.php 第 56 行.
INFO: [ app_begin ] --START--
INFO: ReadHtmlCache Behavior ::run [ RunTime:0.002000s ]
INFO: [ app_begin ] --END-- [ RunTime:0.002000s ]
SQL: 
				SELECT rule_no FROM app_rule GROUP BY rule_no
		 [ RunTime:0.057003s ]

[ 2014-07-08T10:30:00+08:00 ] 127.0.0.1 /gas_station_erp/index.php/management/Index/getAppRule
NOTIC: [2] htmlspecialchars() expects parameter 2 to be long, string given D:\trunk\frame\Lib\Core\App.class.php 第 56 行.
INFO: [ app_begin ] --START--
INFO: ReadHtmlCache Behavior ::run [ RunTime:0.001000s ]
INFO: [ app_begin ] --END-- [ RunTime:0.001000s ]
SQL: 
				SELECT rule_no FROM app_rule GROUP BY rule_no
		 [ RunTime:0.055003s ]

[ 2014-07-08T10:30:01+08:00 ] 127.0.0.1 /gas_station_erp/index.php/management/Index/getAppRule
NOTIC: [2] htmlspecialchars() expects parameter 2 to be long, string given D:\trunk\frame\Lib\Core\App.class.php 第 56 行.
INFO: [ app_begin ] --START--
INFO: ReadHtmlCache Behavior ::run [ RunTime:0.001000s ]
INFO: [ app_begin ] --END-- [ RunTime:0.001000s ]
SQL: 
				SELECT rule_no FROM app_rule GROUP BY rule_no
		 [ RunTime:0.055003s ]

[ 2014-07-08T10:30:02+08:00 ] 127.0.0.1 /gas_station_erp/index.php/management/Index/getAppRule
NOTIC: [2] htmlspecialchars() expects parameter 2 to be long, string given D:\trunk\frame\Lib\Core\App.class.php 第 56 行.
INFO: [ app_begin ] --START--
INFO: ReadHtmlCache Behavior ::run [ RunTime:0.001000s ]
INFO: [ app_begin ] --END-- [ RunTime:0.001000s ]
SQL: 
				SELECT rule_no FROM app_rule GROUP BY rule_no
		 [ RunTime:0.055004s ]

[ 2014-07-08T10:30:03+08:00 ] 127.0.0.1 /gas_station_erp/index.php/management/Index/getAppRule
NOTIC: [2] htmlspecialchars() expects parameter 2 to be long, string given D:\trunk\frame\Lib\Core\App.class.php 第 56 行.
INFO: [ app_begin ] --START--
INFO: ReadHtmlCache Behavior ::run [ RunTime:0.001000s ]
INFO: [ app_begin ] --END-- [ RunTime:0.001000s ]
SQL: 
				SELECT rule_no FROM app_rule GROUP BY rule_no
		 [ RunTime:0.056003s ]

[ 2014-07-08T10:30:06+08:00 ] 127.0.0.1 /gas_station_erp/index.php/management/Index/getAppRule
NOTIC: [2] htmlspecialchars() expects parameter 2 to be long, string given D:\trunk\frame\Lib\Core\App.class.php 第 56 行.
INFO: [ app_begin ] --START--
INFO: ReadHtmlCache Behavior ::run [ RunTime:0.000000s ]
INFO: [ app_begin ] --END-- [ RunTime:0.000000s ]
SQL: 
				SELECT rule_no FROM app_rule GROUP BY rule_no
		 [ RunTime:0.056003s ]

[ 2014-07-08T10:30:07+08:00 ] 127.0.0.1 /gas_station_erp/index.php/management/Index/getAppRule
NOTIC: [2] htmlspecialchars() expects parameter 2 to be long, string given D:\trunk\frame\Lib\Core\App.class.php 第 56 行.
INFO: [ app_begin ] --START--
INFO: ReadHtmlCache Behavior ::run [ RunTime:0.000000s ]
INFO: [ app_begin ] --END-- [ RunTime:0.000000s ]
SQL: 
				SELECT rule_no FROM app_rule GROUP BY rule_no
		 [ RunTime:0.056003s ]

[ 2014-07-08T10:30:18+08:00 ] 127.0.0.1 /gas_station_erp/index.php/management/Index/getAppRule
NOTIC: [2] htmlspecialchars() expects parameter 2 to be long, string given D:\trunk\frame\Lib\Core\App.class.php 第 56 行.
INFO: [ app_begin ] --START--
INFO: ReadHtmlCache Behavior ::run [ RunTime:0.001000s ]
INFO: [ app_begin ] --END-- [ RunTime:0.001000s ]
SQL: 
				SELECT rule_no FROM app_rule GROUP BY rule_no
		 [ RunTime:0.055003s ]

[ 2014-07-08T10:30:32+08:00 ] 127.0.0.1 /gas_station_erp/index.php/management/Index/getAppRule
NOTIC: [2] htmlspecialchars() expects parameter 2 to be long, string given D:\trunk\frame\Lib\Core\App.class.php 第 56 行.
INFO: [ app_begin ] --START--
INFO: ReadHtmlCache Behavior ::run [ RunTime:0.001000s ]
INFO: [ app_begin ] --END-- [ RunTime:0.001000s ]
SQL: 
				SELECT rule_no FROM app_rule GROUP BY rule_no
		 [ RunTime:0.055003s ]

[ 2014-07-08T10:30:53+08:00 ] 127.0.0.1 /gas_station_erp/index.php/management/Index/getAppRule
NOTIC: [2] htmlspecialchars() expects parameter 2 to be long, string given D:\trunk\frame\Lib\Core\App.class.php 第 56 行.
INFO: [ app_begin ] --START--
INFO: ReadHtmlCache Behavior ::run [ RunTime:0.001000s ]
INFO: [ app_begin ] --END-- [ RunTime:0.001000s ]
SQL: 
				SELECT rule_no FROM app_rule GROUP BY rule_no
		 [ RunTime:0.055004s ]

[ 2014-07-08T10:30:55+08:00 ] 127.0.0.1 /gas_station_erp/index.php/management/Index/getAppRule
NOTIC: [2] htmlspecialchars() expects parameter 2 to be long, string given D:\trunk\frame\Lib\Core\App.class.php 第 56 行.
INFO: [ app_begin ] --START--
INFO: ReadHtmlCache Behavior ::run [ RunTime:0.001000s ]
INFO: [ app_begin ] --END-- [ RunTime:0.001000s ]
SQL: 
				SELECT rule_no FROM app_rule GROUP BY rule_no
		 [ RunTime:0.055003s ]

[ 2014-07-08T10:30:55+08:00 ] 127.0.0.1 /gas_station_erp/index.php/management/Index/getAppRule
NOTIC: [2] htmlspecialchars() expects parameter 2 to be long, string given D:\trunk\frame\Lib\Core\App.class.php 第 56 行.
INFO: [ app_begin ] --START--
INFO: ReadHtmlCache Behavior ::run [ RunTime:0.001000s ]
INFO: [ app_begin ] --END-- [ RunTime:0.001000s ]
SQL: 
				SELECT rule_no FROM app_rule GROUP BY rule_no
		 [ RunTime:0.056004s ]

[ 2014-07-08T10:30:57+08:00 ] 127.0.0.1 /gas_station_erp/index.php/management/Index/getAppRule
NOTIC: [2] htmlspecialchars() expects parameter 2 to be long, string given D:\trunk\frame\Lib\Core\App.class.php 第 56 行.
INFO: [ app_begin ] --START--
INFO: ReadHtmlCache Behavior ::run [ RunTime:0.000000s ]
INFO: [ app_begin ] --END-- [ RunTime:0.000000s ]
SQL: 
				SELECT rule_no FROM app_rule GROUP BY rule_no
		 [ RunTime:0.057003s ]

[ 2014-07-08T10:31:02+08:00 ] 127.0.0.1 /gas_station_erp/index.php/management/Index/getAppRule
NOTIC: [2] htmlspecialchars() expects parameter 2 to be long, string given D:\trunk\frame\Lib\Core\App.class.php 第 56 行.
INFO: [ app_begin ] --START--
INFO: ReadHtmlCache Behavior ::run [ RunTime:0.001000s ]
INFO: [ app_begin ] --END-- [ RunTime:0.001000s ]
SQL: 
				SELECT rule_no FROM app_rule GROUP BY rule_no
		 [ RunTime:0.061004s ]

[ 2014-07-08T10:50:13+08:00 ] 127.0.0.1 /gas_station_erp/index.php/management/Index/getAppRule
NOTIC: [2] htmlspecialchars() expects parameter 2 to be long, string given D:\trunk\frame\Lib\Core\App.class.php 第 56 行.
INFO: [ app_begin ] --START--
INFO: ReadHtmlCache Behavior ::run [ RunTime:0.001000s ]
INFO: [ app_begin ] --END-- [ RunTime:0.001000s ]
SQL: 
				SELECT rule_no FROM app_rule GROUP BY rule_no
		 [ RunTime:0.056003s ]

[ 2014-07-08T10:51:38+08:00 ] 127.0.0.1 /gas_station_erp/index.php/management/Index/getAppRule
NOTIC: [2] htmlspecialchars() expects parameter 2 to be long, string given D:\trunk\frame\Lib\Core\App.class.php 第 56 行.
INFO: [ app_begin ] --START--
INFO: ReadHtmlCache Behavior ::run [ RunTime:0.000000s ]
INFO: [ app_begin ] --END-- [ RunTime:0.001000s ]
SQL: 
				SELECT rule_no FROM app_rule GROUP BY rule_no
		 [ RunTime:0.056003s ]

[ 2014-07-08T10:51:39+08:00 ] 127.0.0.1 /gas_station_erp/index.php/management/Index/getAppRule
NOTIC: [2] htmlspecialchars() expects parameter 2 to be long, string given D:\trunk\frame\Lib\Core\App.class.php 第 56 行.
INFO: [ app_begin ] --START--
INFO: ReadHtmlCache Behavior ::run [ RunTime:0.000000s ]
INFO: [ app_begin ] --END-- [ RunTime:0.001000s ]
SQL: 
				SELECT rule_no FROM app_rule GROUP BY rule_no
		 [ RunTime:0.055003s ]

[ 2014-07-08T11:59:50+08:00 ] 127.0.0.1 /gas_station_erp/index.php/configuration//gas_station_erp/gas_station_erp/Tpl/configuration/Public/css/configuration.css
ERR: 无法加载模块:gas_station_erp

[ 2014-07-08T12:00:00+08:00 ] 127.0.0.1 /gas_station_erp/index.php/Login/login
NOTIC: [2] htmlspecialchars() expects parameter 2 to be long, string given D:\trunk\frame\Lib\Core\App.class.php 第 56 行.
NOTIC: [2] htmlspecialchars() expects parameter 2 to be long, string given D:\trunk\frame\Lib\Core\App.class.php 第 56 行.
NOTIC: [2] htmlspecialchars() expects parameter 2 to be long, string given D:\trunk\frame\Lib\Core\App.class.php 第 56 行.
NOTIC: [2] htmlspecialchars() expects parameter 2 to be long, string given D:\trunk\frame\Lib\Core\App.class.php 第 56 行.
NOTIC: [2] htmlspecialchars() expects parameter 2 to be long, string given D:\trunk\frame\Lib\Core\App.class.php 第 56 行.
INFO: [ app_begin ] --START--
INFO: ReadHtmlCache Behavior ::run [ RunTime:0.001000s ]
INFO: [ app_begin ] --END-- [ RunTime:0.001000s ]
SQL: SELECT url FROM bi_menu [ RunTime:0.014001s ]

[ 2014-07-08T13:18:51+08:00 ] 127.0.0.1 /gas_station_erp/index.php/configuration//gas_station_erp/gas_station_erp/Tpl/configuration/Public/css/configuration.css
ERR: 无法加载模块:gas_station_erp

[ 2014-07-08T13:18:59+08:00 ] 127.0.0.1 /gas_station_erp/index.php/configuration//gas_station_erp/gas_station_erp/Tpl/configuration/Public/css/configuration.css
ERR: 无法加载模块:gas_station_erp

[ 2014-07-08T13:19:10+08:00 ] 127.0.0.1 /gas_station_erp/index.php/Login/login
NOTIC: [2] htmlspecialchars() expects parameter 2 to be long, string given D:\trunk\frame\Lib\Core\App.class.php 第 56 行.
NOTIC: [2] htmlspecialchars() expects parameter 2 to be long, string given D:\trunk\frame\Lib\Core\App.class.php 第 56 行.
NOTIC: [2] htmlspecialchars() expects parameter 2 to be long, string given D:\trunk\frame\Lib\Core\App.class.php 第 56 行.
NOTIC: [2] htmlspecialchars() expects parameter 2 to be long, string given D:\trunk\frame\Lib\Core\App.class.php 第 56 行.
NOTIC: [2] htmlspecialchars() expects parameter 2 to be long, string given D:\trunk\frame\Lib\Core\App.class.php 第 56 行.
INFO: [ app_begin ] --START--
INFO: ReadHtmlCache Behavior ::run [ RunTime:0.001000s ]
INFO: [ app_begin ] --END-- [ RunTime:0.001000s ]
SQL: SELECT url FROM bi_menu [ RunTime:0.001000s ]

[ 2014-07-08T13:45:51+08:00 ] 127.0.0.1 /gas_station_erp/index.php/channel//gas_station_erp/gas_station_erp/Tpl/channel/Public/css/configuration.css
ERR: 无法加载模块:gas_station_erp

[ 2014-07-08T13:45:51+08:00 ] 127.0.0.1 /gas_station_erp/index.php/channel/Agent/agentnameBlurrySelect?agent_name=
NOTIC: [2] htmlspecialchars() expects parameter 2 to be long, string given D:\trunk\frame\Lib\Core\App.class.php 第 57 行.
INFO: [ app_begin ] --START--
INFO: ReadHtmlCache Behavior ::run [ RunTime:0.000000s ]
INFO: [ app_begin ] --END-- [ RunTime:0.000000s ]
NOTIC: [2] urldecode() expects parameter 1 to be string, array given D:\trunk\gas_station_erp\Lib\Action\channel\AgentAction.class.php 第 4 行.
NOTIC: [2] htmlspecialchars() expects parameter 2 to be long, string given D:\trunk\frame\Common\common.php 第 110 行.
NOTIC: [2] htmlspecialchars() expects parameter 2 to be long, string given D:\trunk\frame\Common\common.php 第 110 行.
SQL: SHOW COLUMNS FROM `qd_agent` [ RunTime:0.002000s ]
SQL: SELECT DISTINCT  `agent_name` FROM `qd_agent` WHERE ( `agent_name` LIKE '%%' )  [ RunTime:0.001000s ]

[ 2014-07-08T13:45:51+08:00 ] 127.0.0.1 /gas_station_erp/index.php/channel/Channel/channelnameBlurrySelect
INFO: [ app_begin ] --START--
INFO: ReadHtmlCache Behavior ::run [ RunTime:0.000000s ]
INFO: [ app_begin ] --END-- [ RunTime:0.001001s ]
NOTIC: [2] urldecode() expects parameter 1 to be string, array given D:\trunk\gas_station_erp\Lib\Action\channel\ChannelAction.class.php 第 4 行.
NOTIC: [2] htmlspecialchars() expects parameter 2 to be long, string given D:\trunk\frame\Common\common.php 第 110 行.
SQL: SHOW COLUMNS FROM `qd_channel` [ RunTime:0.002000s ]
SQL: SELECT DISTINCT  `channel_name` FROM `qd_channel` WHERE ( `channel_name` LIKE '%%' )  [ RunTime:0.003001s ]

[ 2014-07-08T13:45:58+08:00 ] 127.0.0.1 /gas_station_erp/index.php/channel/Agent/agentnameBlurrySelect?agent_name=
NOTIC: [2] htmlspecialchars() expects parameter 2 to be long, string given D:\trunk\frame\Lib\Core\App.class.php 第 57 行.
INFO: [ app_begin ] --START--
INFO: ReadHtmlCache Behavior ::run [ RunTime:0.001000s ]
INFO: [ app_begin ] --END-- [ RunTime:0.001000s ]
NOTIC: [2] urldecode() expects parameter 1 to be string, array given D:\trunk\gas_station_erp\Lib\Action\channel\AgentAction.class.php 第 4 行.
NOTIC: [2] htmlspecialchars() expects parameter 2 to be long, string given D:\trunk\frame\Common\common.php 第 110 行.
NOTIC: [2] htmlspecialchars() expects parameter 2 to be long, string given D:\trunk\frame\Common\common.php 第 110 行.
SQL: SHOW COLUMNS FROM `qd_agent` [ RunTime:0.003000s ]
SQL: SELECT DISTINCT  `agent_name` FROM `qd_agent` WHERE ( `agent_name` LIKE '%%' )  [ RunTime:0.002000s ]

[ 2014-07-08T13:45:58+08:00 ] 127.0.0.1 /gas_station_erp/index.php/channel/Channel/channelnameBlurrySelect
INFO: [ app_begin ] --START--
INFO: ReadHtmlCache Behavior ::run [ RunTime:0.001000s ]
INFO: [ app_begin ] --END-- [ RunTime:0.001000s ]
NOTIC: [2] urldecode() expects parameter 1 to be string, array given D:\trunk\gas_station_erp\Lib\Action\channel\ChannelAction.class.php 第 4 行.
NOTIC: [2] htmlspecialchars() expects parameter 2 to be long, string given D:\trunk\frame\Common\common.php 第 110 行.
SQL: SHOW COLUMNS FROM `qd_channel` [ RunTime:0.002001s ]
SQL: SELECT DISTINCT  `channel_name` FROM `qd_channel` WHERE ( `channel_name` LIKE '%%' )  [ RunTime:0.003000s ]

[ 2014-07-08T13:45:59+08:00 ] 127.0.0.1 /gas_station_erp/index.php/configuration/Org/show_org_tree
INFO: [ app_begin ] --START--
INFO: ReadHtmlCache Behavior ::run [ RunTime:0.001001s ]
INFO: [ app_begin ] --END-- [ RunTime:0.001001s ]
NOTIC: [2] urldecode() expects parameter 1 to be string, array given D:\trunk\gas_station_erp\Lib\Action\configuration\OrgAction.class.php 第 4 行.
SQL: select * from qd_agent a where a.isDelete=0 [ RunTime:0.002000s ]

[ 2014-07-08T13:46:01+08:00 ] 127.0.0.1 /gas_station_erp/index.php/configuration/Role/getAgentArr
INFO: [ app_begin ] --START--
INFO: ReadHtmlCache Behavior ::run [ RunTime:0.001001s ]
INFO: [ app_begin ] --END-- [ RunTime:0.001001s ]
NOTIC: [2] urldecode() expects parameter 1 to be string, array given D:\trunk\gas_station_erp\Lib\Action\configuration\RoleAction.class.php 第 4 行.
NOTIC: [8] Undefined index: orgid D:\trunk\gas_station_erp\Lib\Action\configuration\RoleAction.class.php 第 272 行.
NOTIC: [8] Undefined variable: where D:\trunk\gas_station_erp\Lib\Action\configuration\RoleAction.class.php 第 276 行.
SQL: SELECT agent_name,agent_id,father_agentid FROM qd_agent WHERE isDelete = 0  ORDER BY father_agentid,agent_id [ RunTime:0.002000s ]

[ 2014-07-08T13:46:01+08:00 ] 127.0.0.1 /gas_station_erp/index.php/configuration/Role/rolenameBlurrySelect?role_name=
NOTIC: [2] htmlspecialchars() expects parameter 2 to be long, string given D:\trunk\frame\Lib\Core\App.class.php 第 57 行.
INFO: [ app_begin ] --START--
INFO: ReadHtmlCache Behavior ::run [ RunTime:0.001000s ]
INFO: [ app_begin ] --END-- [ RunTime:0.001000s ]
NOTIC: [2] urldecode() expects parameter 1 to be string, array given D:\trunk\gas_station_erp\Lib\Action\configuration\RoleAction.class.php 第 4 行.
NOTIC: [2] htmlspecialchars() expects parameter 2 to be long, string given D:\trunk\frame\Common\common.php 第 110 行.
NOTIC: [2] htmlspecialchars() expects parameter 2 to be long, string given D:\trunk\frame\Common\common.php 第 110 行.
SQL: SHOW COLUMNS FROM `bi_role` [ RunTime:0.002000s ]
SQL: SELECT DISTINCT  `rolename` FROM `bi_role` WHERE ( `rolename` LIKE '%%' )  [ RunTime:0.001000s ]

[ 2014-07-08T13:46:01+08:00 ] 127.0.0.1 /gas_station_erp/index.php/channel/Agent/agentnameBlurrySelect?agent_name=
NOTIC: [2] htmlspecialchars() expects parameter 2 to be long, string given D:\trunk\frame\Lib\Core\App.class.php 第 57 行.
INFO: [ app_begin ] --START--
INFO: ReadHtmlCache Behavior ::run [ RunTime:0.001000s ]
INFO: [ app_begin ] --END-- [ RunTime:0.001000s ]
NOTIC: [2] urldecode() expects parameter 1 to be string, array given D:\trunk\gas_station_erp\Lib\Action\channel\AgentAction.class.php 第 4 行.
NOTIC: [2] htmlspecialchars() expects parameter 2 to be long, string given D:\trunk\frame\Common\common.php 第 110 行.
NOTIC: [2] htmlspecialchars() expects parameter 2 to be long, string given D:\trunk\frame\Common\common.php 第 110 行.
SQL: SHOW COLUMNS FROM `qd_agent` [ RunTime:0.002000s ]
SQL: SELECT DISTINCT  `agent_name` FROM `qd_agent` WHERE ( `agent_name` LIKE '%%' )  [ RunTime:0.002001s ]

[ 2014-07-08T13:47:04+08:00 ] 127.0.0.1 /gas_station_erp/index.php/configuration/Role/getAgentArr
INFO: [ app_begin ] --START--
INFO: ReadHtmlCache Behavior ::run [ RunTime:0.001000s ]
INFO: [ app_begin ] --END-- [ RunTime:0.001000s ]
NOTIC: [2] urldecode() expects parameter 1 to be string, array given D:\trunk\gas_station_erp\Lib\Action\configuration\RoleAction.class.php 第 4 行.
NOTIC: [8] Undefined index: orgid D:\trunk\gas_station_erp\Lib\Action\configuration\RoleAction.class.php 第 272 行.
NOTIC: [8] Undefined variable: where D:\trunk\gas_station_erp\Lib\Action\configuration\RoleAction.class.php 第 276 行.
SQL: SELECT agent_name,agent_id,father_agentid FROM qd_agent WHERE isDelete = 0  ORDER BY father_agentid,agent_id [ RunTime:0.002000s ]

[ 2014-07-08T13:47:04+08:00 ] 127.0.0.1 /gas_station_erp/index.php/configuration/Role/rolenameBlurrySelect?role_name=
NOTIC: [2] htmlspecialchars() expects parameter 2 to be long, string given D:\trunk\frame\Lib\Core\App.class.php 第 57 行.
INFO: [ app_begin ] --START--
INFO: ReadHtmlCache Behavior ::run [ RunTime:0.001000s ]
INFO: [ app_begin ] --END-- [ RunTime:0.001000s ]
NOTIC: [2] urldecode() expects parameter 1 to be string, array given D:\trunk\gas_station_erp\Lib\Action\configuration\RoleAction.class.php 第 4 行.
NOTIC: [2] htmlspecialchars() expects parameter 2 to be long, string given D:\trunk\frame\Common\common.php 第 110 行.
NOTIC: [2] htmlspecialchars() expects parameter 2 to be long, string given D:\trunk\frame\Common\common.php 第 110 行.
SQL: SHOW COLUMNS FROM `bi_role` [ RunTime:0.002000s ]
SQL: SELECT DISTINCT  `rolename` FROM `bi_role` WHERE ( `rolename` LIKE '%%' )  [ RunTime:0.002000s ]

[ 2014-07-08T13:47:04+08:00 ] 127.0.0.1 /gas_station_erp/index.php/channel/Agent/agentnameBlurrySelect?agent_name=
NOTIC: [2] htmlspecialchars() expects parameter 2 to be long, string given D:\trunk\frame\Lib\Core\App.class.php 第 57 行.
INFO: [ app_begin ] --START--
INFO: ReadHtmlCache Behavior ::run [ RunTime:0.001000s ]
INFO: [ app_begin ] --END-- [ RunTime:0.001000s ]
NOTIC: [2] urldecode() expects parameter 1 to be string, array given D:\trunk\gas_station_erp\Lib\Action\channel\AgentAction.class.php 第 4 行.
NOTIC: [2] htmlspecialchars() expects parameter 2 to be long, string given D:\trunk\frame\Common\common.php 第 110 行.
NOTIC: [2] htmlspecialchars() expects parameter 2 to be long, string given D:\trunk\frame\Common\common.php 第 110 行.
SQL: SHOW COLUMNS FROM `qd_agent` [ RunTime:0.001000s ]
SQL: SELECT DISTINCT  `agent_name` FROM `qd_agent` WHERE ( `agent_name` LIKE '%%' )  [ RunTime:0.001000s ]

