[ 2014-06-20T10:23:56+08:00 ] 192.168.0.65 /gas_station_erp/index.php/configuration//gas_station_erp/gas_station_erp/Tpl/configuration/Public/css/configuration.css
ERR: Êó†Ê≥ïÂä†ËΩΩÊ®°Âùó:gas_station_erp

[ 2014-06-20T11:10:01+08:00 ] 192.168.0.65 /gas_station_erp/index.php/configuration//gas_station_erp/gas_station_erp/Tpl/configuration/Public/css/configuration.css
ERR: Êó†Ê≥ïÂä†ËΩΩÊ®°Âùó:gas_station_erp

[ 2014-06-20T11:10:03+08:00 ] 192.168.0.65 /gas_station_erp/index.php/configuration//gas_station_erp/gas_station_erp/Tpl/configuration/Public/css/configuration.css
ERR: Êó†Ê≥ïÂä†ËΩΩÊ®°Âùó:gas_station_erp

[ 2014-06-20T11:10:05+08:00 ] 192.168.0.65 /gas_station_erp/index.php/configuration//gas_station_erp/gas_station_erp/Tpl/configuration/Public/css/configuration.css
ERR: Êó†Ê≥ïÂä†ËΩΩÊ®°Âùó:gas_station_erp

[ 2014-06-20T11:10:06+08:00 ] 192.168.0.65 /gas_station_erp/index.php/configuration//gas_station_erp/gas_station_erp/Tpl/configuration/Public/css/configuration.css
ERR: Êó†Ê≥ïÂä†ËΩΩÊ®°Âùó:gas_station_erp

[ 2014-06-20T11:10:08+08:00 ] 192.168.0.65 /gas_station_erp/index.php/configuration//gas_station_erp/gas_station_erp/Tpl/configuration/Public/css/configuration.css
ERR: Êó†Ê≥ïÂä†ËΩΩÊ®°Âùó:gas_station_erp

[ 2014-06-20T11:10:16+08:00 ] 192.168.0.65 /gas_station_erp/index.php/Login/login
NOTIC: [2] htmlspecialchars() expects parameter 2 to be long, string given D:\trunk\frame\Lib\Core\App.class.php Á¨¨ 56 Ë°å.
NOTIC: [2] htmlspecialchars() expects parameter 2 to be long, string given D:\trunk\frame\Lib\Core\App.class.php Á¨¨ 56 Ë°å.
NOTIC: [2] htmlspecialchars() expects parameter 2 to be long, string given D:\trunk\frame\Lib\Core\App.class.php Á¨¨ 56 Ë°å.
NOTIC: [2] htmlspecialchars() expects parameter 2 to be long, string given D:\trunk\frame\Lib\Core\App.class.php Á¨¨ 56 Ë°å.
NOTIC: [2] htmlspecialchars() expects parameter 2 to be long, string given D:\trunk\frame\Lib\Core\App.class.php Á¨¨ 56 Ë°å.
INFO: [ app_begin ] --START--
INFO: ReadHtmlCache Behavior ::run [ RunTime:0.001000s ]
INFO: [ app_begin ] --END-- [ RunTime:0.001000s ]

[ 2014-06-20T11:10:16+08:00 ] 192.168.0.65 /gas_station_erp/index.php/configuration//gas_station_erp/gas_station_erp/Tpl/configuration/Public/css/configuration.css
ERR: Êó†Ê≥ïÂä†ËΩΩÊ®°Âùó:gas_station_erp

[ 2014-06-20T11:10:29+08:00 ] 192.168.0.65 /gas_station_erp/index.php/channel//gas_station_erp/gas_station_erp/Tpl/channel/Public/css/configuration.css
ERR: Êó†Ê≥ïÂä†ËΩΩÊ®°Âùó:gas_station_erp

[ 2014-06-20T11:10:29+08:00 ] 192.168.0.65 /gas_station_erp/index.php/channel/Agent/agentnameBlurrySelect?agent_name=
NOTIC: [2] htmlspecialchars() expects parameter 2 to be long, string given D:\trunk\frame\Lib\Core\App.class.php Á¨¨ 57 Ë°å.
INFO: [ app_begin ] --START--
INFO: ReadHtmlCache Behavior ::run [ RunTime:0.000000s ]
INFO: [ app_begin ] --END-- [ RunTime:0.000000s ]
NOTIC: [2] urldecode() expects parameter 1 to be string, array given D:\trunk\gas_station_erp\Lib\Action\channel\AgentAction.class.php Á¨¨ 4 Ë°å.
NOTIC: [2] htmlspecialchars() expects parameter 2 to be long, string given D:\trunk\frame\Common\common.php Á¨¨ 110 Ë°å.
NOTIC: [2] htmlspecialchars() expects parameter 2 to be long, string given D:\trunk\frame\Common\common.php Á¨¨ 110 Ë°å.
SQL: SHOW COLUMNS FROM `qd_agent` [ RunTime:0.012001s ]
SQL: SELECT DISTINCT  `agent_name` FROM `qd_agent` WHERE ( `agent_name` LIKE '%%' )  [ RunTime:0.001000s ]

[ 2014-06-20T11:10:29+08:00 ] 192.168.0.65 /gas_station_erp/index.php/channel/Channel/channelnameBlurrySelect
INFO: [ app_begin ] --START--
INFO: ReadHtmlCache Behavior ::run [ RunTime:0.001000s ]
INFO: [ app_begin ] --END-- [ RunTime:0.001000s ]
NOTIC: [2] urldecode() expects parameter 1 to be string, array given D:\trunk\gas_station_erp\Lib\Action\channel\ChannelAction.class.php Á¨¨ 4 Ë°å.
NOTIC: [2] htmlspecialchars() expects parameter 2 to be long, string given D:\trunk\frame\Common\common.php Á¨¨ 110 Ë°å.
SQL: SHOW COLUMNS FROM `qd_channel` [ RunTime:0.011000s ]
SQL: SELECT DISTINCT  `channel_name` FROM `qd_channel` WHERE ( `channel_name` LIKE '%%' )  [ RunTime:0.001001s ]

[ 2014-06-20T11:10:35+08:00 ] 192.168.0.65 /gas_station_erp/index.php/channel//gas_station_erp/gas_station_erp/Tpl/channel/Public/css/configuration.css
ERR: Êó†Ê≥ïÂä†ËΩΩÊ®°Âùó:gas_station_erp

[ 2014-06-20T11:10:35+08:00 ] 192.168.0.65 /gas_station_erp/index.php/channel//gas_station_erp/gas_station_erp/Tpl/channel/Public/js/jquery-1.6.1.js
ERR: Êó†Ê≥ïÂä†ËΩΩÊ®°Âùó:gas_station_erp

[ 2014-06-20T11:10:35+08:00 ] 192.168.0.65 /gas_station_erp/index.php/channel//gas_station_erp/gas_station_erp/Tpl/channel/Public/js/jquery.SuperSlide.2.1.1.js
ERR: Êó†Ê≥ïÂä†ËΩΩÊ®°Âùó:gas_station_erp

[ 2014-06-20T11:10:36+08:00 ] 192.168.0.65 /gas_station_erp/index.php/channel/Channel/channelnameBlurrySelect
INFO: [ app_begin ] --START--
INFO: ReadHtmlCache Behavior ::run [ RunTime:0.001000s ]
INFO: [ app_begin ] --END-- [ RunTime:0.001000s ]
NOTIC: [2] urldecode() expects parameter 1 to be string, array given D:\trunk\gas_station_erp\Lib\Action\channel\ChannelAction.class.php Á¨¨ 4 Ë°å.
NOTIC: [2] htmlspecialchars() expects parameter 2 to be long, string given D:\trunk\frame\Common\common.php Á¨¨ 110 Ë°å.
SQL: SHOW COLUMNS FROM `qd_channel` [ RunTime:0.010001s ]
SQL: SELECT DISTINCT  `channel_name` FROM `qd_channel` WHERE ( `channel_name` LIKE '%%' )  [ RunTime:0.001000s ]

[ 2014-06-20T11:10:36+08:00 ] 192.168.0.65 /gas_station_erp/index.php/channel/Place/placenameBlurrySelect
INFO: [ app_begin ] --START--
INFO: ReadHtmlCache Behavior ::run [ RunTime:0.000000s ]
INFO: [ app_begin ] --END-- [ RunTime:0.000000s ]
NOTIC: [2] urldecode() expects parameter 1 to be string, array given D:\trunk\gas_station_erp\Lib\Action\channel\PlaceAction.class.php Á¨¨ 4 Ë°å.
NOTIC: [2] htmlspecialchars() expects parameter 2 to be long, string given D:\trunk\frame\Common\common.php Á¨¨ 110 Ë°å.
SQL: SHOW COLUMNS FROM `qd_place` [ RunTime:0.011000s ]
SQL: SELECT DISTINCT  `place_name` FROM `qd_place` WHERE ( `place_name` LIKE '%%' )  [ RunTime:0.001001s ]

[ 2014-06-20T11:10:37+08:00 ] 192.168.0.65 /gas_station_erp/index.php/channel//gas_station_erp/gas_station_erp/Tpl/channel/Public/css/configuration.css
ERR: Êó†Ê≥ïÂä†ËΩΩÊ®°Âùó:gas_station_erp

[ 2014-06-20T11:10:37+08:00 ] 192.168.0.65 /gas_station_erp/index.php/channel//gas_station_erp/gas_station_erp/Tpl/channel/Public/js/jquery.SuperSlide.2.1.1.js
ERR: Êó†Ê≥ïÂä†ËΩΩÊ®°Âùó:gas_station_erp

[ 2014-06-20T11:10:37+08:00 ] 192.168.0.65 /gas_station_erp/index.php/channel//gas_station_erp/gas_station_erp/Tpl/channel/Public/js/jquery-1.6.1.js
ERR: Êó†Ê≥ïÂä†ËΩΩÊ®°Âùó:gas_station_erp

[ 2014-06-20T11:10:37+08:00 ] 192.168.0.65 /gas_station_erp/index.php/channel/Channel/channelnameBlurrySelect
INFO: [ app_begin ] --START--
INFO: ReadHtmlCache Behavior ::run [ RunTime:0.001000s ]
INFO: [ app_begin ] --END-- [ RunTime:0.001000s ]
NOTIC: [2] urldecode() expects parameter 1 to be string, array given D:\trunk\gas_station_erp\Lib\Action\channel\ChannelAction.class.php Á¨¨ 4 Ë°å.
NOTIC: [2] htmlspecialchars() expects parameter 2 to be long, string given D:\trunk\frame\Common\common.php Á¨¨ 110 Ë°å.
SQL: SHOW COLUMNS FROM `qd_channel` [ RunTime:0.009001s ]
SQL: SELECT DISTINCT  `channel_name` FROM `qd_channel` WHERE ( `channel_name` LIKE '%%' )  [ RunTime:0.000000s ]

[ 2014-06-20T11:10:37+08:00 ] 192.168.0.65 /gas_station_erp/index.php/channel/Place/placenameBlurrySelect
INFO: [ app_begin ] --START--
INFO: ReadHtmlCache Behavior ::run [ RunTime:0.000000s ]
INFO: [ app_begin ] --END-- [ RunTime:0.000000s ]
NOTIC: [2] urldecode() expects parameter 1 to be string, array given D:\trunk\gas_station_erp\Lib\Action\channel\PlaceAction.class.php Á¨¨ 4 Ë°å.
NOTIC: [2] htmlspecialchars() expects parameter 2 to be long, string given D:\trunk\frame\Common\common.php Á¨¨ 110 Ë°å.
SQL: SHOW COLUMNS FROM `qd_place` [ RunTime:0.010001s ]
SQL: SELECT DISTINCT  `place_name` FROM `qd_place` WHERE ( `place_name` LIKE '%%' )  [ RunTime:0.000000s ]

[ 2014-06-20T11:10:38+08:00 ] 192.168.0.65 /gas_station_erp/index.php/channel//gas_station_erp/gas_station_erp/Tpl/channel/Public/css/configuration.css
ERR: Êó†Ê≥ïÂä†ËΩΩÊ®°Âùó:gas_station_erp

[ 2014-06-20T11:10:38+08:00 ] 192.168.0.65 /gas_station_erp/index.php/channel//gas_station_erp/gas_station_erp/Tpl/channel/Public/js/jquery.SuperSlide.2.1.1.js
ERR: Êó†Ê≥ïÂä†ËΩΩÊ®°Âùó:gas_station_erp

[ 2014-06-20T11:10:38+08:00 ] 192.168.0.65 /gas_station_erp/index.php/channel//gas_station_erp/gas_station_erp/Tpl/channel/Public/js/jquery-1.6.1.js
ERR: Êó†Ê≥ïÂä†ËΩΩÊ®°Âùó:gas_station_erp

[ 2014-06-20T11:10:38+08:00 ] 192.168.0.65 /gas_station_erp/index.php/channel/Channel/channelnameBlurrySelect
INFO: [ app_begin ] --START--
INFO: ReadHtmlCache Behavior ::run [ RunTime:0.001000s ]
INFO: [ app_begin ] --END-- [ RunTime:0.001000s ]
NOTIC: [2] urldecode() expects parameter 1 to be string, array given D:\trunk\gas_station_erp\Lib\Action\channel\ChannelAction.class.php Á¨¨ 4 Ë°å.
NOTIC: [2] htmlspecialchars() expects parameter 2 to be long, string given D:\trunk\frame\Common\common.php Á¨¨ 110 Ë°å.
SQL: SHOW COLUMNS FROM `qd_channel` [ RunTime:0.010001s ]
SQL: SELECT DISTINCT  `channel_name` FROM `qd_channel` WHERE ( `channel_name` LIKE '%%' )  [ RunTime:0.001000s ]

[ 2014-06-20T11:10:38+08:00 ] 192.168.0.65 /gas_station_erp/index.php/channel/Place/placenameBlurrySelect
INFO: [ app_begin ] --START--
INFO: ReadHtmlCache Behavior ::run [ RunTime:0.000000s ]
INFO: [ app_begin ] --END-- [ RunTime:0.000000s ]
NOTIC: [2] urldecode() expects parameter 1 to be string, array given D:\trunk\gas_station_erp\Lib\Action\channel\PlaceAction.class.php Á¨¨ 4 Ë°å.
NOTIC: [2] htmlspecialchars() expects parameter 2 to be long, string given D:\trunk\frame\Common\common.php Á¨¨ 110 Ë°å.
SQL: SHOW COLUMNS FROM `qd_place` [ RunTime:0.011001s ]
SQL: SELECT DISTINCT  `place_name` FROM `qd_place` WHERE ( `place_name` LIKE '%%' )  [ RunTime:0.000000s ]

[ 2014-06-20T11:44:04+08:00 ] 192.168.0.65 /gas_station_erp/index.php/channel//gas_station_erp/gas_station_erp/Tpl/channel/Public/js/jquery.SuperSlide.2.1.1.js
ERR: Êó†Ê≥ïÂä†ËΩΩÊ®°Âùó:gas_station_erp

[ 2014-06-20T11:44:04+08:00 ] 192.168.0.65 /gas_station_erp/index.php/channel//gas_station_erp/gas_station_erp/Tpl/channel/Public/css/configuration.css
ERR: Êó†Ê≥ïÂä†ËΩΩÊ®°Âùó:gas_station_erp

[ 2014-06-20T11:44:04+08:00 ] 192.168.0.65 /gas_station_erp/index.php/channel//gas_station_erp/gas_station_erp/Tpl/channel/Public/js/jquery-1.6.1.js
ERR: Êó†Ê≥ïÂä†ËΩΩÊ®°Âùó:gas_station_erp

[ 2014-06-20T11:44:04+08:00 ] 192.168.0.65 /gas_station_erp/index.php/channel/Channel/channelnameBlurrySelect
INFO: [ app_begin ] --START--
INFO: ReadHtmlCache Behavior ::run [ RunTime:0.001000s ]
INFO: [ app_begin ] --END-- [ RunTime:0.001000s ]
NOTIC: [2] urldecode() expects parameter 1 to be string, array given D:\trunk\gas_station_erp\Lib\Action\channel\ChannelAction.class.php Á¨¨ 4 Ë°å.
NOTIC: [2] htmlspecialchars() expects parameter 2 to be long, string given D:\trunk\frame\Common\common.php Á¨¨ 110 Ë°å.
SQL: SHOW COLUMNS FROM `qd_channel` [ RunTime:0.015001s ]
SQL: SELECT DISTINCT  `channel_name` FROM `qd_channel` WHERE ( `channel_name` LIKE '%%' )  [ RunTime:0.000000s ]

[ 2014-06-20T11:44:04+08:00 ] 192.168.0.65 /gas_station_erp/index.php/channel/Place/placenameBlurrySelect
INFO: [ app_begin ] --START--
INFO: ReadHtmlCache Behavior ::run [ RunTime:0.000000s ]
INFO: [ app_begin ] --END-- [ RunTime:0.000000s ]
NOTIC: [2] urldecode() expects parameter 1 to be string, array given D:\trunk\gas_station_erp\Lib\Action\channel\PlaceAction.class.php Á¨¨ 4 Ë°å.
NOTIC: [2] htmlspecialchars() expects parameter 2 to be long, string given D:\trunk\frame\Common\common.php Á¨¨ 110 Ë°å.
SQL: SHOW COLUMNS FROM `qd_place` [ RunTime:0.010001s ]
SQL: SELECT DISTINCT  `place_name` FROM `qd_place` WHERE ( `place_name` LIKE '%%' )  [ RunTime:0.001000s ]

[ 2014-06-20T11:44:07+08:00 ] 192.168.0.65 /gas_station_erp/index.php/configuration/Org/show_org_tree
INFO: [ app_begin ] --START--
INFO: ReadHtmlCache Behavior ::run [ RunTime:0.001000s ]
INFO: [ app_begin ] --END-- [ RunTime:0.001000s ]
NOTIC: [2] urldecode() expects parameter 1 to be string, array given D:\trunk\gas_station_erp\Lib\Action\configuration\OrgAction.class.php Á¨¨ 4 Ë°å.
SQL: SHOW COLUMNS FROM `bi_bi_user` [ RunTime:0.005000s ]
ERR: 1146:Table 'jnbizs.bi_bi_user' doesn't exist
 [ SQLËØ≠Âè• ] : SHOW COLUMNS FROM `bi_bi_user`
SQL: select * from qd_agent a where a.isDelete=0 [ RunTime:0.001000s ]

[ 2014-06-20T11:44:17+08:00 ] 192.168.0.65 /gas_station_erp/index.php/configuration/Org/show_org_tree
INFO: [ app_begin ] --START--
INFO: ReadHtmlCache Behavior ::run [ RunTime:0.000000s ]
INFO: [ app_begin ] --END-- [ RunTime:0.000000s ]
NOTIC: [2] urldecode() expects parameter 1 to be string, array given D:\trunk\gas_station_erp\Lib\Action\configuration\OrgAction.class.php Á¨¨ 4 Ë°å.
SQL: SHOW COLUMNS FROM `bi_bi_user` [ RunTime:0.004000s ]
ERR: 1146:Table 'jnbizs.bi_bi_user' doesn't exist
 [ SQLËØ≠Âè• ] : SHOW COLUMNS FROM `bi_bi_user`
SQL: select * from qd_agent a where a.isDelete=0 [ RunTime:0.001000s ]

[ 2014-06-20T11:44:18+08:00 ] 192.168.0.65 /gas_station_erp/index.php/channel//gas_station_erp/gas_station_erp/Tpl/channel/Public/css/configuration.css
ERR: Êó†Ê≥ïÂä†ËΩΩÊ®°Âùó:gas_station_erp

[ 2014-06-20T11:44:19+08:00 ] 192.168.0.65 /gas_station_erp/index.php/channel/Agent/agentnameBlurrySelect?agent_name=
NOTIC: [2] htmlspecialchars() expects parameter 2 to be long, string given D:\trunk\frame\Lib\Core\App.class.php Á¨¨ 57 Ë°å.
INFO: [ app_begin ] --START--
INFO: ReadHtmlCache Behavior ::run [ RunTime:0.001000s ]
INFO: [ app_begin ] --END-- [ RunTime:0.001000s ]
NOTIC: [2] urldecode() expects parameter 1 to be string, array given D:\trunk\gas_station_erp\Lib\Action\channel\AgentAction.class.php Á¨¨ 4 Ë°å.
NOTIC: [2] htmlspecialchars() expects parameter 2 to be long, string given D:\trunk\frame\Common\common.php Á¨¨ 110 Ë°å.
NOTIC: [2] htmlspecialchars() expects parameter 2 to be long, string given D:\trunk\frame\Common\common.php Á¨¨ 110 Ë°å.
SQL: SHOW COLUMNS FROM `qd_agent` [ RunTime:0.012000s ]
SQL: SELECT DISTINCT  `agent_name` FROM `qd_agent` WHERE ( `agent_name` LIKE '%%' )  [ RunTime:0.001000s ]

[ 2014-06-20T11:44:19+08:00 ] 192.168.0.65 /gas_station_erp/index.php/channel/Channel/channelnameBlurrySelect
INFO: [ app_begin ] --START--
INFO: ReadHtmlCache Behavior ::run [ RunTime:0.007001s ]
INFO: [ app_begin ] --END-- [ RunTime:0.007001s ]
NOTIC: [2] urldecode() expects parameter 1 to be string, array given D:\trunk\gas_station_erp\Lib\Action\channel\ChannelAction.class.php Á¨¨ 4 Ë°å.
NOTIC: [2] htmlspecialchars() expects parameter 2 to be long, string given D:\trunk\frame\Common\common.php Á¨¨ 110 Ë°å.
SQL: SHOW COLUMNS FROM `qd_channel` [ RunTime:0.010000s ]
SQL: SELECT DISTINCT  `channel_name` FROM `qd_channel` WHERE ( `channel_name` LIKE '%%' )  [ RunTime:0.000000s ]

[ 2014-06-20T11:44:31+08:00 ] 192.168.0.65 /gas_station_erp/index.php/configuration/Org/show_org_tree
INFO: [ app_begin ] --START--
INFO: ReadHtmlCache Behavior ::run [ RunTime:0.001000s ]
INFO: [ app_begin ] --END-- [ RunTime:0.001000s ]
NOTIC: [2] urldecode() expects parameter 1 to be string, array given D:\trunk\gas_station_erp\Lib\Action\configuration\OrgAction.class.php Á¨¨ 4 Ë°å.
SQL: SHOW COLUMNS FROM `bi_bi_user` [ RunTime:0.004000s ]
ERR: 1146:Table 'jnbizs.bi_bi_user' doesn't exist
 [ SQLËØ≠Âè• ] : SHOW COLUMNS FROM `bi_bi_user`
SQL: select * from qd_agent a where a.isDelete=0 [ RunTime:0.001000s ]

[ 2014-06-20T13:39:23+08:00 ] 192.168.0.65 /gas_station_erp/index.php/configuration/Org/index
ERR: ”…”⁄¡¨Ω”∑Ω‘⁄“ª∂Œ ±º‰∫Û√ª”–’˝»∑¥∏¥ªÚ¡¨Ω”µƒ÷˜ª˙√ª”–∑¥”¶£¨¡¨Ω”≥¢ ‘ ß∞‹°£


[ 2014-06-20T13:39:23+08:00 ] 192.168.0.65 /gas_station_erp/index.php/configuration//gas_station_erp/gas_station_erp/Tpl/configuration/Public/css/configuration.css
ERR: Êó†Ê≥ïÂä†ËΩΩÊ®°Âùó:gas_station_erp

[ 2014-06-20T13:39:36+08:00 ] 192.168.0.65 /gas_station_erp/index.php/Login/login
NOTIC: [2] htmlspecialchars() expects parameter 2 to be long, string given D:\trunk\frame\Lib\Core\App.class.php Á¨¨ 56 Ë°å.
NOTIC: [2] htmlspecialchars() expects parameter 2 to be long, string given D:\trunk\frame\Lib\Core\App.class.php Á¨¨ 56 Ë°å.
NOTIC: [2] htmlspecialchars() expects parameter 2 to be long, string given D:\trunk\frame\Lib\Core\App.class.php Á¨¨ 56 Ë°å.
NOTIC: [2] htmlspecialchars() expects parameter 2 to be long, string given D:\trunk\frame\Lib\Core\App.class.php Á¨¨ 56 Ë°å.
NOTIC: [2] htmlspecialchars() expects parameter 2 to be long, string given D:\trunk\frame\Lib\Core\App.class.php Á¨¨ 56 Ë°å.
INFO: [ app_begin ] --START--
INFO: ReadHtmlCache Behavior ::run [ RunTime:0.000000s ]
INFO: [ app_begin ] --END-- [ RunTime:0.000000s ]

[ 2014-06-20T13:39:57+08:00 ] 192.168.0.65 /gas_station_erp/index.php/configuration/Login/default_index
ERR: ”…”⁄¡¨Ω”∑Ω‘⁄“ª∂Œ ±º‰∫Û√ª”–’˝»∑¥∏¥ªÚ¡¨Ω”µƒ÷˜ª˙√ª”–∑¥”¶£¨¡¨Ω”≥¢ ‘ ß∞‹°£


[ 2014-06-20T13:39:57+08:00 ] 192.168.0.65 /gas_station_erp/index.php/Login/login
NOTIC: [2] htmlspecialchars() expects parameter 2 to be long, string given D:\trunk\frame\Lib\Core\App.class.php Á¨¨ 56 Ë°å.
NOTIC: [2] htmlspecialchars() expects parameter 2 to be long, string given D:\trunk\frame\Lib\Core\App.class.php Á¨¨ 56 Ë°å.
NOTIC: [2] htmlspecialchars() expects parameter 2 to be long, string given D:\trunk\frame\Lib\Core\App.class.php Á¨¨ 56 Ë°å.
NOTIC: [2] htmlspecialchars() expects parameter 2 to be long, string given D:\trunk\frame\Lib\Core\App.class.php Á¨¨ 56 Ë°å.
NOTIC: [2] htmlspecialchars() expects parameter 2 to be long, string given D:\trunk\frame\Lib\Core\App.class.php Á¨¨ 56 Ë°å.
INFO: [ app_begin ] --START--
INFO: ReadHtmlCache Behavior ::run [ RunTime:0.001001s ]
INFO: [ app_begin ] --END-- [ RunTime:0.001001s ]

[ 2014-06-20T13:40:22+08:00 ] 192.168.0.65 /gas_station_erp/index.php//gas_station_erp/gas_station_erp/Tpl/configuration/Public/css/configuration.css
ERR: Êó†Ê≥ïÂä†ËΩΩÊ®°Âùó:gas_station_erp

[ 2014-06-20T13:40:32+08:00 ] 192.168.0.65 /gas_station_erp/index.php/Login/login
NOTIC: [2] htmlspecialchars() expects parameter 2 to be long, string given D:\trunk\frame\Lib\Core\App.class.php Á¨¨ 56 Ë°å.
NOTIC: [2] htmlspecialchars() expects parameter 2 to be long, string given D:\trunk\frame\Lib\Core\App.class.php Á¨¨ 56 Ë°å.
NOTIC: [2] htmlspecialchars() expects parameter 2 to be long, string given D:\trunk\frame\Lib\Core\App.class.php Á¨¨ 56 Ë°å.
NOTIC: [2] htmlspecialchars() expects parameter 2 to be long, string given D:\trunk\frame\Lib\Core\App.class.php Á¨¨ 56 Ë°å.
NOTIC: [2] htmlspecialchars() expects parameter 2 to be long, string given D:\trunk\frame\Lib\Core\App.class.php Á¨¨ 56 Ë°å.
INFO: [ app_begin ] --START--
INFO: ReadHtmlCache Behavior ::run [ RunTime:0.000000s ]
INFO: [ app_begin ] --END-- [ RunTime:0.000000s ]

[ 2014-06-20T13:40:53+08:00 ] 192.168.0.65 /gas_station_erp/index.php/configuration/Login/default_index
ERR: ”…”⁄¡¨Ω”∑Ω‘⁄“ª∂Œ ±º‰∫Û√ª”–’˝»∑¥∏¥ªÚ¡¨Ω”µƒ÷˜ª˙√ª”–∑¥”¶£¨¡¨Ω”≥¢ ‘ ß∞‹°£


[ 2014-06-20T13:41:33+08:00 ] 192.168.0.65 /gas_station_erp/index.php/configuration/Login/default_index
ERR: ”…”⁄¡¨Ω”∑Ω‘⁄“ª∂Œ ±º‰∫Û√ª”–’˝»∑¥∏¥ªÚ¡¨Ω”µƒ÷˜ª˙√ª”–∑¥”¶£¨¡¨Ω”≥¢ ‘ ß∞‹°£


[ 2014-06-20T13:41:54+08:00 ] 192.168.0.65 /gas_station_erp/index.php/configuration/Org/show_org_tree
INFO: [ app_begin ] --START--
INFO: ReadHtmlCache Behavior ::run [ RunTime:0.000000s ]
INFO: [ app_begin ] --END-- [ RunTime:0.000000s ]
NOTIC: [2] urldecode() expects parameter 1 to be string, array given D:\trunk\gas_station_erp\Lib\Action\configuration\OrgAction.class.php Á¨¨ 4 Ë°å.
NOTIC: [2] mysql_connect() [<a href='function.mysql-connect'>function.mysql-connect</a>]: [2002] ”…”⁄¡¨Ω”∑Ω‘⁄“ª∂Œ ±º‰∫Û√ª”–’˝»∑¥∏¥ªÚ¡¨Ω”µƒ÷˜ª˙√ª”–∑¥”¶£¨¡¨Ω”≥¢ ‘ ß∞‹°£
 (trying to connect via tcp://192.168.0.60:3306) D:\trunk\frame\Lib\Driver\Db\DbMysql.class.php Á¨¨ 55 Ë°å.
NOTIC: [2] mysql_connect() [<a href='function.mysql-connect'>function.mysql-connect</a>]: ”…”⁄¡¨Ω”∑Ω‘⁄“ª∂Œ ±º‰∫Û√ª”–’˝»∑¥∏¥ªÚ¡¨Ω”µƒ÷˜ª˙√ª”–∑¥”¶£¨¡¨Ω”≥¢ ‘ ß∞‹°£
 D:\trunk\frame\Lib\Driver\Db\DbMysql.class.php Á¨¨ 55 Ë°å.
ERR: ”…”⁄¡¨Ω”∑Ω‘⁄“ª∂Œ ±º‰∫Û√ª”–’˝»∑¥∏¥ªÚ¡¨Ω”µƒ÷˜ª˙√ª”–∑¥”¶£¨¡¨Ω”≥¢ ‘ ß∞‹°£


[ 2014-06-20T13:42:19+08:00 ] 192.168.0.65 /gas_station_erp/index.php/channel/Channel/index
ERR: ”…”⁄¡¨Ω”∑Ω‘⁄“ª∂Œ ±º‰∫Û√ª”–’˝»∑¥∏¥ªÚ¡¨Ω”µƒ÷˜ª˙√ª”–∑¥”¶£¨¡¨Ω”≥¢ ‘ ß∞‹°£


[ 2014-06-20T13:43:01+08:00 ] 192.168.0.65 /gas_station_erp/index.php/channel/Channel/index
ERR: ”…”⁄¡¨Ω”∑Ω‘⁄“ª∂Œ ±º‰∫Û√ª”–’˝»∑¥∏¥ªÚ¡¨Ω”µƒ÷˜ª˙√ª”–∑¥”¶£¨¡¨Ω”≥¢ ‘ ß∞‹°£


[ 2014-06-20T13:43:28+08:00 ] 192.168.0.65 /gas_station_erp/index.php/configuration/Org/show_org_tree
INFO: [ app_begin ] --START--
INFO: ReadHtmlCache Behavior ::run [ RunTime:0.001001s ]
INFO: [ app_begin ] --END-- [ RunTime:0.001001s ]
NOTIC: [2] urldecode() expects parameter 1 to be string, array given D:\trunk\gas_station_erp\Lib\Action\configuration\OrgAction.class.php Á¨¨ 4 Ë°å.
NOTIC: [2] mysql_connect() [<a href='function.mysql-connect'>function.mysql-connect</a>]: [2002] ”…”⁄¡¨Ω”∑Ω‘⁄“ª∂Œ ±º‰∫Û√ª”–’˝»∑¥∏¥ªÚ¡¨Ω”µƒ÷˜ª˙√ª”–∑¥”¶£¨¡¨Ω”≥¢ ‘ ß∞‹°£
 (trying to connect via tcp://192.168.0.60:3306) D:\trunk\frame\Lib\Driver\Db\DbMysql.class.php Á¨¨ 55 Ë°å.
NOTIC: [2] mysql_connect() [<a href='function.mysql-connect'>function.mysql-connect</a>]: ”…”⁄¡¨Ω”∑Ω‘⁄“ª∂Œ ±º‰∫Û√ª”–’˝»∑¥∏¥ªÚ¡¨Ω”µƒ÷˜ª˙√ª”–∑¥”¶£¨¡¨Ω”≥¢ ‘ ß∞‹°£
 D:\trunk\frame\Lib\Driver\Db\DbMysql.class.php Á¨¨ 55 Ë°å.
ERR: ”…”⁄¡¨Ω”∑Ω‘⁄“ª∂Œ ±º‰∫Û√ª”–’˝»∑¥∏¥ªÚ¡¨Ω”µƒ÷˜ª˙√ª”–∑¥”¶£¨¡¨Ω”≥¢ ‘ ß∞‹°£


[ 2014-06-20T13:44:15+08:00 ] 192.168.0.65 /gas_station_erp/index.php/configuration/Org/show_org_tree
INFO: [ app_begin ] --START--
INFO: ReadHtmlCache Behavior ::run [ RunTime:0.001001s ]
INFO: [ app_begin ] --END-- [ RunTime:0.001001s ]
NOTIC: [2] urldecode() expects parameter 1 to be string, array given D:\trunk\gas_station_erp\Lib\Action\configuration\OrgAction.class.php Á¨¨ 4 Ë°å.
NOTIC: [2] mysql_connect() [<a href='function.mysql-connect'>function.mysql-connect</a>]: [2002] ”…”⁄¡¨Ω”∑Ω‘⁄“ª∂Œ ±º‰∫Û√ª”–’˝»∑¥∏¥ªÚ¡¨Ω”µƒ÷˜ª˙√ª”–∑¥”¶£¨¡¨Ω”≥¢ ‘ ß∞‹°£
 (trying to connect via tcp://192.168.0.60:3306) D:\trunk\frame\Lib\Driver\Db\DbMysql.class.php Á¨¨ 55 Ë°å.
NOTIC: [2] mysql_connect() [<a href='function.mysql-connect'>function.mysql-connect</a>]: ”…”⁄¡¨Ω”∑Ω‘⁄“ª∂Œ ±º‰∫Û√ª”–’˝»∑¥∏¥ªÚ¡¨Ω”µƒ÷˜ª˙√ª”–∑¥”¶£¨¡¨Ω”≥¢ ‘ ß∞‹°£
 D:\trunk\frame\Lib\Driver\Db\DbMysql.class.php Á¨¨ 55 Ë°å.
ERR: ”…”⁄¡¨Ω”∑Ω‘⁄“ª∂Œ ±º‰∫Û√ª”–’˝»∑¥∏¥ªÚ¡¨Ω”µƒ÷˜ª˙√ª”–∑¥”¶£¨¡¨Ω”≥¢ ‘ ß∞‹°£


[ 2014-06-20T13:44:57+08:00 ] 192.168.0.65 /gas_station_erp/index.php/configuration/Org/show_org_tree
INFO: [ app_begin ] --START--
INFO: ReadHtmlCache Behavior ::run [ RunTime:0.001000s ]
INFO: [ app_begin ] --END-- [ RunTime:0.001000s ]
NOTIC: [2] urldecode() expects parameter 1 to be string, array given D:\trunk\gas_station_erp\Lib\Action\configuration\OrgAction.class.php Á¨¨ 4 Ë°å.
NOTIC: [2] mysql_connect() [<a href='function.mysql-connect'>function.mysql-connect</a>]: [2002] ”…”⁄¡¨Ω”∑Ω‘⁄“ª∂Œ ±º‰∫Û√ª”–’˝»∑¥∏¥ªÚ¡¨Ω”µƒ÷˜ª˙√ª”–∑¥”¶£¨¡¨Ω”≥¢ ‘ ß∞‹°£
 (trying to connect via tcp://192.168.0.60:3306) D:\trunk\frame\Lib\Driver\Db\DbMysql.class.php Á¨¨ 55 Ë°å.
NOTIC: [2] mysql_connect() [<a href='function.mysql-connect'>function.mysql-connect</a>]: ”…”⁄¡¨Ω”∑Ω‘⁄“ª∂Œ ±º‰∫Û√ª”–’˝»∑¥∏¥ªÚ¡¨Ω”µƒ÷˜ª˙√ª”–∑¥”¶£¨¡¨Ω”≥¢ ‘ ß∞‹°£
 D:\trunk\frame\Lib\Driver\Db\DbMysql.class.php Á¨¨ 55 Ë°å.
ERR: ”…”⁄¡¨Ω”∑Ω‘⁄“ª∂Œ ±º‰∫Û√ª”–’˝»∑¥∏¥ªÚ¡¨Ω”µƒ÷˜ª˙√ª”–∑¥”¶£¨¡¨Ω”≥¢ ‘ ß∞‹°£


[ 2014-06-20T13:46:05+08:00 ] 192.168.0.65 /gas_station_erp/index.php/configuration/Login/default_index
ERR: ”…”⁄¡¨Ω”∑Ω‘⁄“ª∂Œ ±º‰∫Û√ª”–’˝»∑¥∏¥ªÚ¡¨Ω”µƒ÷˜ª˙√ª”–∑¥”¶£¨¡¨Ω”≥¢ ‘ ß∞‹°£


[ 2014-06-20T13:46:26+08:00 ] 192.168.0.65 /gas_station_erp/index.php/configuration/Org/show_org_tree
INFO: [ app_begin ] --START--
INFO: ReadHtmlCache Behavior ::run [ RunTime:0.000000s ]
INFO: [ app_begin ] --END-- [ RunTime:0.000000s ]
NOTIC: [2] urldecode() expects parameter 1 to be string, array given D:\trunk\gas_station_erp\Lib\Action\configuration\OrgAction.class.php Á¨¨ 4 Ë°å.
NOTIC: [2] mysql_connect() [<a href='function.mysql-connect'>function.mysql-connect</a>]: [2002] ”…”⁄¡¨Ω”∑Ω‘⁄“ª∂Œ ±º‰∫Û√ª”–’˝»∑¥∏¥ªÚ¡¨Ω”µƒ÷˜ª˙√ª”–∑¥”¶£¨¡¨Ω”≥¢ ‘ ß∞‹°£
 (trying to connect via tcp://192.168.0.60:3306) D:\trunk\frame\Lib\Driver\Db\DbMysql.class.php Á¨¨ 55 Ë°å.
NOTIC: [2] mysql_connect() [<a href='function.mysql-connect'>function.mysql-connect</a>]: ”…”⁄¡¨Ω”∑Ω‘⁄“ª∂Œ ±º‰∫Û√ª”–’˝»∑¥∏¥ªÚ¡¨Ω”µƒ÷˜ª˙√ª”–∑¥”¶£¨¡¨Ω”≥¢ ‘ ß∞‹°£
 D:\trunk\frame\Lib\Driver\Db\DbMysql.class.php Á¨¨ 55 Ë°å.
ERR: ”…”⁄¡¨Ω”∑Ω‘⁄“ª∂Œ ±º‰∫Û√ª”–’˝»∑¥∏¥ªÚ¡¨Ω”µƒ÷˜ª˙√ª”–∑¥”¶£¨¡¨Ω”≥¢ ‘ ß∞‹°£


[ 2014-06-20T13:47:23+08:00 ] 192.168.0.65 /gas_station_erp/index.php/management/Index/getAppRule
NOTIC: [2] htmlspecialchars() expects parameter 2 to be long, string given D:\trunk\frame\Lib\Core\App.class.php Á¨¨ 56 Ë°å.
INFO: [ app_begin ] --START--
INFO: ReadHtmlCache Behavior ::run [ RunTime:0.001000s ]
INFO: [ app_begin ] --END-- [ RunTime:0.001000s ]
SQL: SHOW COLUMNS FROM `bi_user` [ RunTime:0.002000s ]
SQL: 
	SELECT c.url FROM bi_user_role a
	LEFT JOIN bi_role_menu b ON a.roleid = b.role_id
	LEFT JOIN bi_menu c ON b.menu_id = c.menu_id
	WHERE a.userid = '0'
	 [ RunTime:0.003000s ]
SQL: 
				SELECT rule_no FROM app_rule WHERE rule_status = 0 GROUP BY rule_no
		 [ RunTime:0.002000s ]

[ 2014-06-20T13:48:02+08:00 ] 192.168.0.65 /gas_station_erp/index.php/management/Index/getAppRule
NOTIC: [2] htmlspecialchars() expects parameter 2 to be long, string given D:\trunk\frame\Lib\Core\App.class.php Á¨¨ 56 Ë°å.
INFO: [ app_begin ] --START--
INFO: ReadHtmlCache Behavior ::run [ RunTime:0.001000s ]
INFO: [ app_begin ] --END-- [ RunTime:0.001000s ]
SQL: SHOW COLUMNS FROM `bi_user` [ RunTime:0.002000s ]
SQL: 
	SELECT c.url FROM bi_user_role a
	LEFT JOIN bi_role_menu b ON a.roleid = b.role_id
	LEFT JOIN bi_menu c ON b.menu_id = c.menu_id
	WHERE a.userid = '0'
	 [ RunTime:0.004000s ]
SQL: 
				SELECT rule_no FROM app_rule WHERE rule_status = 0 GROUP BY rule_no
		 [ RunTime:0.006001s ]

[ 2014-06-20T13:48:04+08:00 ] 192.168.0.65 /gas_station_erp/index.php/management/Index/getAppRule
NOTIC: [2] htmlspecialchars() expects parameter 2 to be long, string given D:\trunk\frame\Lib\Core\App.class.php Á¨¨ 56 Ë°å.
INFO: [ app_begin ] --START--
INFO: ReadHtmlCache Behavior ::run [ RunTime:0.000000s ]
INFO: [ app_begin ] --END-- [ RunTime:0.001000s ]
SQL: SHOW COLUMNS FROM `bi_user` [ RunTime:0.002000s ]
SQL: 
	SELECT c.url FROM bi_user_role a
	LEFT JOIN bi_role_menu b ON a.roleid = b.role_id
	LEFT JOIN bi_menu c ON b.menu_id = c.menu_id
	WHERE a.userid = '0'
	 [ RunTime:0.002000s ]
SQL: 
				SELECT rule_no FROM app_rule WHERE rule_status = 0 GROUP BY rule_no
		 [ RunTime:0.002000s ]

[ 2014-06-20T13:48:05+08:00 ] 192.168.0.65 /gas_station_erp/index.php/configuration/Org/index
ERR: Access denied for user 'zyl19880817'@'192.168.0.65' (using password: YES)

[ 2014-06-20T13:48:06+08:00 ] 192.168.0.65 /gas_station_erp/index.php/management/Index/getAppRule
NOTIC: [2] htmlspecialchars() expects parameter 2 to be long, string given D:\trunk\frame\Lib\Core\App.class.php Á¨¨ 56 Ë°å.
INFO: [ app_begin ] --START--
INFO: ReadHtmlCache Behavior ::run [ RunTime:0.000000s ]
INFO: [ app_begin ] --END-- [ RunTime:0.000000s ]
SQL: SHOW COLUMNS FROM `bi_user` [ RunTime:0.001000s ]
SQL: 
	SELECT c.url FROM bi_user_role a
	LEFT JOIN bi_role_menu b ON a.roleid = b.role_id
	LEFT JOIN bi_menu c ON b.menu_id = c.menu_id
	WHERE a.userid = '0'
	 [ RunTime:0.002000s ]
SQL: 
				SELECT rule_no FROM app_rule WHERE rule_status = 0 GROUP BY rule_no
		 [ RunTime:0.002000s ]

[ 2014-06-20T13:48:07+08:00 ] 192.168.0.65 /gas_station_erp/index.php/channel/Channel/index
ERR: Access denied for user 'zyl19880817'@'192.168.0.65' (using password: YES)

[ 2014-06-20T13:48:08+08:00 ] 192.168.0.65 /gas_station_erp/index.php/management/Index/getAppRule
NOTIC: [2] htmlspecialchars() expects parameter 2 to be long, string given D:\trunk\frame\Lib\Core\App.class.php Á¨¨ 56 Ë°å.
INFO: [ app_begin ] --START--
INFO: ReadHtmlCache Behavior ::run [ RunTime:0.001000s ]
INFO: [ app_begin ] --END-- [ RunTime:0.001000s ]
SQL: SHOW COLUMNS FROM `bi_user` [ RunTime:0.002000s ]
SQL: 
	SELECT c.url FROM bi_user_role a
	LEFT JOIN bi_role_menu b ON a.roleid = b.role_id
	LEFT JOIN bi_menu c ON b.menu_id = c.menu_id
	WHERE a.userid = '0'
	 [ RunTime:0.002000s ]
SQL: 
				SELECT rule_no FROM app_rule WHERE rule_status = 0 GROUP BY rule_no
		 [ RunTime:0.002000s ]

[ 2014-06-20T13:48:09+08:00 ] 192.168.0.65 /gas_station_erp/index.php/management/Index/getAppRule
NOTIC: [2] htmlspecialchars() expects parameter 2 to be long, string given D:\trunk\frame\Lib\Core\App.class.php Á¨¨ 56 Ë°å.
INFO: [ app_begin ] --START--
INFO: ReadHtmlCache Behavior ::run [ RunTime:0.000000s ]
INFO: [ app_begin ] --END-- [ RunTime:0.000000s ]
SQL: SHOW COLUMNS FROM `bi_user` [ RunTime:0.002000s ]
SQL: 
	SELECT c.url FROM bi_user_role a
	LEFT JOIN bi_role_menu b ON a.roleid = b.role_id
	LEFT JOIN bi_menu c ON b.menu_id = c.menu_id
	WHERE a.userid = '0'
	 [ RunTime:0.002000s ]
SQL: 
				SELECT rule_no FROM app_rule WHERE rule_status = 0 GROUP BY rule_no
		 [ RunTime:0.002000s ]

[ 2014-06-20T13:48:11+08:00 ] 192.168.0.65 /gas_station_erp/index.php/management/Index/getAppRule
NOTIC: [2] htmlspecialchars() expects parameter 2 to be long, string given D:\trunk\frame\Lib\Core\App.class.php Á¨¨ 56 Ë°å.
INFO: [ app_begin ] --START--
INFO: ReadHtmlCache Behavior ::run [ RunTime:0.000000s ]
INFO: [ app_begin ] --END-- [ RunTime:0.000000s ]
SQL: SHOW COLUMNS FROM `bi_user` [ RunTime:0.002001s ]
SQL: 
	SELECT c.url FROM bi_user_role a
	LEFT JOIN bi_role_menu b ON a.roleid = b.role_id
	LEFT JOIN bi_menu c ON b.menu_id = c.menu_id
	WHERE a.userid = '0'
	 [ RunTime:0.002000s ]
SQL: 
				SELECT rule_no FROM app_rule WHERE rule_status = 0 GROUP BY rule_no
		 [ RunTime:0.003000s ]

[ 2014-06-20T13:48:12+08:00 ] 192.168.0.65 /gas_station_erp/index.php/management/Index/getAppRule
NOTIC: [2] htmlspecialchars() expects parameter 2 to be long, string given D:\trunk\frame\Lib\Core\App.class.php Á¨¨ 56 Ë°å.
INFO: [ app_begin ] --START--
INFO: ReadHtmlCache Behavior ::run [ RunTime:0.001000s ]
INFO: [ app_begin ] --END-- [ RunTime:0.001000s ]
SQL: SHOW COLUMNS FROM `bi_user` [ RunTime:0.002000s ]
SQL: 
	SELECT c.url FROM bi_user_role a
	LEFT JOIN bi_role_menu b ON a.roleid = b.role_id
	LEFT JOIN bi_menu c ON b.menu_id = c.menu_id
	WHERE a.userid = '0'
	 [ RunTime:0.002000s ]
SQL: 
				SELECT rule_no FROM app_rule WHERE rule_status = 0 GROUP BY rule_no
		 [ RunTime:0.002000s ]

[ 2014-06-20T13:49:07+08:00 ] 192.168.0.65 /gas_station_erp/index.php/management/Index/getAppRule
NOTIC: [2] htmlspecialchars() expects parameter 2 to be long, string given D:\trunk\frame\Lib\Core\App.class.php Á¨¨ 56 Ë°å.
INFO: [ app_begin ] --START--
INFO: ReadHtmlCache Behavior ::run [ RunTime:0.000000s ]
INFO: [ app_begin ] --END-- [ RunTime:0.000000s ]
SQL: SHOW COLUMNS FROM `bi_user` [ RunTime:0.003001s ]
SQL: 
	SELECT c.url FROM bi_user_role a
	LEFT JOIN bi_role_menu b ON a.roleid = b.role_id
	LEFT JOIN bi_menu c ON b.menu_id = c.menu_id
	WHERE a.userid = '0'
	 [ RunTime:0.003000s ]
SQL: 
				SELECT rule_no FROM app_rule WHERE rule_status = 0 GROUP BY rule_no
		 [ RunTime:0.002000s ]

[ 2014-06-20T13:49:09+08:00 ] 192.168.0.65 /gas_station_erp/index.php/configuration/Org/show_org_tree
INFO: [ app_begin ] --START--
INFO: ReadHtmlCache Behavior ::run [ RunTime:0.001000s ]
INFO: [ app_begin ] --END-- [ RunTime:0.001000s ]
NOTIC: [2] urldecode() expects parameter 1 to be string, array given D:\trunk\gas_station_erp\Lib\Action\configuration\OrgAction.class.php Á¨¨ 4 Ë°å.
SQL: SHOW COLUMNS FROM `bi_bi_user` [ RunTime:0.001000s ]
ERR: 1146:Table 'jnbizs.bi_bi_user' doesn't exist
 [ SQLËØ≠Âè• ] : SHOW COLUMNS FROM `bi_bi_user`
SQL: select * from qd_agent a where a.isDelete=0 [ RunTime:0.001000s ]

[ 2014-06-20T13:49:12+08:00 ] 192.168.0.65 /gas_station_erp/index.php/configuration/Role/rolenameBlurrySelect?role_name=
NOTIC: [2] htmlspecialchars() expects parameter 2 to be long, string given D:\trunk\frame\Lib\Core\App.class.php Á¨¨ 57 Ë°å.
INFO: [ app_begin ] --START--
INFO: ReadHtmlCache Behavior ::run [ RunTime:0.000000s ]
INFO: [ app_begin ] --END-- [ RunTime:0.000000s ]
NOTIC: [2] urldecode() expects parameter 1 to be string, array given D:\trunk\gas_station_erp\Lib\Action\configuration\RoleAction.class.php Á¨¨ 4 Ë°å.
NOTIC: [2] htmlspecialchars() expects parameter 2 to be long, string given D:\trunk\frame\Common\common.php Á¨¨ 110 Ë°å.
NOTIC: [2] htmlspecialchars() expects parameter 2 to be long, string given D:\trunk\frame\Common\common.php Á¨¨ 110 Ë°å.
SQL: SHOW COLUMNS FROM `bi_role` [ RunTime:0.002000s ]
SQL: SELECT DISTINCT  `rolename` FROM `bi_role` WHERE ( `rolename` LIKE '%%' )  [ RunTime:0.001000s ]

[ 2014-06-20T13:49:12+08:00 ] 192.168.0.65 /gas_station_erp/index.php/configuration/Org/show_org_tree
INFO: [ app_begin ] --START--
INFO: ReadHtmlCache Behavior ::run [ RunTime:0.000000s ]
INFO: [ app_begin ] --END-- [ RunTime:0.000000s ]
NOTIC: [2] urldecode() expects parameter 1 to be string, array given D:\trunk\gas_station_erp\Lib\Action\configuration\OrgAction.class.php Á¨¨ 4 Ë°å.
SQL: SHOW COLUMNS FROM `bi_bi_user` [ RunTime:0.001000s ]
ERR: 1146:Table 'jnbizs.bi_bi_user' doesn't exist
 [ SQLËØ≠Âè• ] : SHOW COLUMNS FROM `bi_bi_user`
SQL: select * from qd_agent a where a.isDelete=0 [ RunTime:0.001000s ]

[ 2014-06-20T13:49:15+08:00 ] 192.168.0.65 /gas_station_erp/index.php/channel//gas_station_erp/gas_station_erp/Tpl/channel/Public/css/configuration.css
ERR: Êó†Ê≥ïÂä†ËΩΩÊ®°Âùó:gas_station_erp

[ 2014-06-20T13:49:15+08:00 ] 192.168.0.65 /gas_station_erp/index.php/channel/Agent/agentnameBlurrySelect?agent_name=
NOTIC: [2] htmlspecialchars() expects parameter 2 to be long, string given D:\trunk\frame\Lib\Core\App.class.php Á¨¨ 57 Ë°å.
INFO: [ app_begin ] --START--
INFO: ReadHtmlCache Behavior ::run [ RunTime:0.001000s ]
INFO: [ app_begin ] --END-- [ RunTime:0.001000s ]
NOTIC: [2] urldecode() expects parameter 1 to be string, array given D:\trunk\gas_station_erp\Lib\Action\channel\AgentAction.class.php Á¨¨ 4 Ë°å.
NOTIC: [2] htmlspecialchars() expects parameter 2 to be long, string given D:\trunk\frame\Common\common.php Á¨¨ 110 Ë°å.
NOTIC: [2] htmlspecialchars() expects parameter 2 to be long, string given D:\trunk\frame\Common\common.php Á¨¨ 110 Ë°å.
SQL: SHOW COLUMNS FROM `qd_agent` [ RunTime:0.001000s ]
SQL: SELECT DISTINCT  `agent_name` FROM `qd_agent` WHERE ( `agent_name` LIKE '%%' )  [ RunTime:0.002000s ]

[ 2014-06-20T13:49:15+08:00 ] 192.168.0.65 /gas_station_erp/index.php/channel/Channel/channelnameBlurrySelect
INFO: [ app_begin ] --START--
INFO: ReadHtmlCache Behavior ::run [ RunTime:0.000000s ]
INFO: [ app_begin ] --END-- [ RunTime:0.000000s ]
NOTIC: [2] urldecode() expects parameter 1 to be string, array given D:\trunk\gas_station_erp\Lib\Action\channel\ChannelAction.class.php Á¨¨ 4 Ë°å.
NOTIC: [2] htmlspecialchars() expects parameter 2 to be long, string given D:\trunk\frame\Common\common.php Á¨¨ 110 Ë°å.
SQL: SHOW COLUMNS FROM `qd_channel` [ RunTime:0.002001s ]
SQL: SELECT DISTINCT  `channel_name` FROM `qd_channel` WHERE ( `channel_name` LIKE '%%' )  [ RunTime:0.001000s ]

[ 2014-06-20T13:54:43+08:00 ] 192.168.0.65 /gas_station_erp/index.php/channel//gas_station_erp/gas_station_erp/Tpl/channel/Public/css/configuration.css
ERR: Êó†Ê≥ïÂä†ËΩΩÊ®°Âùó:gas_station_erp

[ 2014-06-20T13:54:44+08:00 ] 192.168.0.65 /gas_station_erp/index.php/channel/Agent/agentnameBlurrySelect?agent_name=
NOTIC: [2] htmlspecialchars() expects parameter 2 to be long, string given D:\trunk\frame\Lib\Core\App.class.php Á¨¨ 57 Ë°å.
INFO: [ app_begin ] --START--
INFO: ReadHtmlCache Behavior ::run [ RunTime:0.001000s ]
INFO: [ app_begin ] --END-- [ RunTime:0.001000s ]
NOTIC: [2] urldecode() expects parameter 1 to be string, array given D:\trunk\gas_station_erp\Lib\Action\channel\AgentAction.class.php Á¨¨ 4 Ë°å.
NOTIC: [2] htmlspecialchars() expects parameter 2 to be long, string given D:\trunk\frame\Common\common.php Á¨¨ 110 Ë°å.
NOTIC: [2] htmlspecialchars() expects parameter 2 to be long, string given D:\trunk\frame\Common\common.php Á¨¨ 110 Ë°å.
SQL: SHOW COLUMNS FROM `qd_agent` [ RunTime:0.001000s ]
SQL: SELECT DISTINCT  `agent_name` FROM `qd_agent` WHERE ( `agent_name` LIKE '%%' )  [ RunTime:0.001000s ]

[ 2014-06-20T13:54:44+08:00 ] 192.168.0.65 /gas_station_erp/index.php/channel/Channel/channelnameBlurrySelect
INFO: [ app_begin ] --START--
INFO: ReadHtmlCache Behavior ::run [ RunTime:0.001000s ]
INFO: [ app_begin ] --END-- [ RunTime:0.001000s ]
NOTIC: [2] urldecode() expects parameter 1 to be string, array given D:\trunk\gas_station_erp\Lib\Action\channel\ChannelAction.class.php Á¨¨ 4 Ë°å.
NOTIC: [2] htmlspecialchars() expects parameter 2 to be long, string given D:\trunk\frame\Common\common.php Á¨¨ 110 Ë°å.
SQL: SHOW COLUMNS FROM `qd_channel` [ RunTime:0.002000s ]
SQL: SELECT DISTINCT  `channel_name` FROM `qd_channel` WHERE ( `channel_name` LIKE '%%' )  [ RunTime:0.002000s ]

[ 2014-06-20T13:54:46+08:00 ] 192.168.0.65 /gas_station_erp/index.php/channel//gas_station_erp/gas_station_erp/Tpl/channel/Public/css/configuration.css
ERR: Êó†Ê≥ïÂä†ËΩΩÊ®°Âùó:gas_station_erp

[ 2014-06-20T13:54:47+08:00 ] 192.168.0.65 /gas_station_erp/index.php/channel/Agent/agentnameBlurrySelect?agent_name=
NOTIC: [2] htmlspecialchars() expects parameter 2 to be long, string given D:\trunk\frame\Lib\Core\App.class.php Á¨¨ 57 Ë°å.
INFO: [ app_begin ] --START--
INFO: ReadHtmlCache Behavior ::run [ RunTime:0.001000s ]
INFO: [ app_begin ] --END-- [ RunTime:0.001000s ]
NOTIC: [2] urldecode() expects parameter 1 to be string, array given D:\trunk\gas_station_erp\Lib\Action\channel\AgentAction.class.php Á¨¨ 4 Ë°å.
NOTIC: [2] htmlspecialchars() expects parameter 2 to be long, string given D:\trunk\frame\Common\common.php Á¨¨ 110 Ë°å.
NOTIC: [2] htmlspecialchars() expects parameter 2 to be long, string given D:\trunk\frame\Common\common.php Á¨¨ 110 Ë°å.
SQL: SHOW COLUMNS FROM `qd_agent` [ RunTime:0.002000s ]
SQL: SELECT DISTINCT  `agent_name` FROM `qd_agent` WHERE ( `agent_name` LIKE '%%' )  [ RunTime:0.002000s ]

[ 2014-06-20T13:54:47+08:00 ] 192.168.0.65 /gas_station_erp/index.php/channel/Channel/channelnameBlurrySelect
INFO: [ app_begin ] --START--
INFO: ReadHtmlCache Behavior ::run [ RunTime:0.000000s ]
INFO: [ app_begin ] --END-- [ RunTime:0.000000s ]
NOTIC: [2] urldecode() expects parameter 1 to be string, array given D:\trunk\gas_station_erp\Lib\Action\channel\ChannelAction.class.php Á¨¨ 4 Ë°å.
NOTIC: [2] htmlspecialchars() expects parameter 2 to be long, string given D:\trunk\frame\Common\common.php Á¨¨ 110 Ë°å.
SQL: SHOW COLUMNS FROM `qd_channel` [ RunTime:0.002000s ]
SQL: SELECT DISTINCT  `channel_name` FROM `qd_channel` WHERE ( `channel_name` LIKE '%%' )  [ RunTime:0.002000s ]

[ 2014-06-20T13:54:47+08:00 ] 192.168.0.65 /gas_station_erp/index.php/channel//gas_station_erp/gas_station_erp/Tpl/channel/Public/css/configuration.css
ERR: Êó†Ê≥ïÂä†ËΩΩÊ®°Âùó:gas_station_erp

[ 2014-06-20T13:54:47+08:00 ] 192.168.0.65 /gas_station_erp/index.php/channel/Channel/channelnameBlurrySelect
INFO: [ app_begin ] --START--
INFO: ReadHtmlCache Behavior ::run [ RunTime:0.000000s ]
INFO: [ app_begin ] --END-- [ RunTime:0.000000s ]
NOTIC: [2] urldecode() expects parameter 1 to be string, array given D:\trunk\gas_station_erp\Lib\Action\channel\ChannelAction.class.php Á¨¨ 4 Ë°å.
NOTIC: [2] htmlspecialchars() expects parameter 2 to be long, string given D:\trunk\frame\Common\common.php Á¨¨ 110 Ë°å.
SQL: SHOW COLUMNS FROM `qd_channel` [ RunTime:0.002000s ]
SQL: SELECT DISTINCT  `channel_name` FROM `qd_channel` WHERE ( `channel_name` LIKE '%%' )  [ RunTime:0.001000s ]

[ 2014-06-20T13:54:48+08:00 ] 192.168.0.65 /gas_station_erp/index.php/channel/Agent/agentnameBlurrySelect?agent_name=
NOTIC: [2] htmlspecialchars() expects parameter 2 to be long, string given D:\trunk\frame\Lib\Core\App.class.php Á¨¨ 57 Ë°å.
INFO: [ app_begin ] --START--
INFO: ReadHtmlCache Behavior ::run [ RunTime:0.001000s ]
INFO: [ app_begin ] --END-- [ RunTime:0.001000s ]
NOTIC: [2] urldecode() expects parameter 1 to be string, array given D:\trunk\gas_station_erp\Lib\Action\channel\AgentAction.class.php Á¨¨ 4 Ë°å.
NOTIC: [2] htmlspecialchars() expects parameter 2 to be long, string given D:\trunk\frame\Common\common.php Á¨¨ 110 Ë°å.
NOTIC: [2] htmlspecialchars() expects parameter 2 to be long, string given D:\trunk\frame\Common\common.php Á¨¨ 110 Ë°å.
SQL: SHOW COLUMNS FROM `qd_agent` [ RunTime:0.002000s ]
SQL: SELECT DISTINCT  `agent_name` FROM `qd_agent` WHERE ( `agent_name` LIKE '%%' )  [ RunTime:0.001000s ]

[ 2014-06-20T13:54:49+08:00 ] 192.168.0.65 /gas_station_erp/index.php/channel//gas_station_erp/gas_station_erp/Tpl/channel/Public/css/configuration.css
ERR: Êó†Ê≥ïÂä†ËΩΩÊ®°Âùó:gas_station_erp

[ 2014-06-20T13:54:49+08:00 ] 192.168.0.65 /gas_station_erp/index.php/channel/Agent/agentnameBlurrySelect?agent_name=
NOTIC: [2] htmlspecialchars() expects parameter 2 to be long, string given D:\trunk\frame\Lib\Core\App.class.php Á¨¨ 57 Ë°å.
INFO: [ app_begin ] --START--
INFO: ReadHtmlCache Behavior ::run [ RunTime:0.001000s ]
INFO: [ app_begin ] --END-- [ RunTime:0.001000s ]
NOTIC: [2] urldecode() expects parameter 1 to be string, array given D:\trunk\gas_station_erp\Lib\Action\channel\AgentAction.class.php Á¨¨ 4 Ë°å.
NOTIC: [2] htmlspecialchars() expects parameter 2 to be long, string given D:\trunk\frame\Common\common.php Á¨¨ 110 Ë°å.
NOTIC: [2] htmlspecialchars() expects parameter 2 to be long, string given D:\trunk\frame\Common\common.php Á¨¨ 110 Ë°å.
SQL: SHOW COLUMNS FROM `qd_agent` [ RunTime:0.001000s ]
SQL: SELECT DISTINCT  `agent_name` FROM `qd_agent` WHERE ( `agent_name` LIKE '%%' )  [ RunTime:0.004000s ]

[ 2014-06-20T13:54:49+08:00 ] 192.168.0.65 /gas_station_erp/index.php/channel/Channel/channelnameBlurrySelect
INFO: [ app_begin ] --START--
INFO: ReadHtmlCache Behavior ::run [ RunTime:0.000000s ]
INFO: [ app_begin ] --END-- [ RunTime:0.000000s ]
NOTIC: [2] urldecode() expects parameter 1 to be string, array given D:\trunk\gas_station_erp\Lib\Action\channel\ChannelAction.class.php Á¨¨ 4 Ë°å.
NOTIC: [2] htmlspecialchars() expects parameter 2 to be long, string given D:\trunk\frame\Common\common.php Á¨¨ 110 Ë°å.
SQL: SHOW COLUMNS FROM `qd_channel` [ RunTime:0.001000s ]
SQL: SELECT DISTINCT  `channel_name` FROM `qd_channel` WHERE ( `channel_name` LIKE '%%' )  [ RunTime:0.001000s ]

[ 2014-06-20T14:03:02+08:00 ] 192.168.0.65 /gas_station_erp/index.php/channel//gas_station_erp/gas_station_erp/Tpl/channel/Public/css/configuration.css
ERR: Êó†Ê≥ïÂä†ËΩΩÊ®°Âùó:gas_station_erp

[ 2014-06-20T14:03:02+08:00 ] 192.168.0.65 /gas_station_erp/index.php/channel/Agent/agentnameBlurrySelect?agent_name=
NOTIC: [2] htmlspecialchars() expects parameter 2 to be long, string given D:\trunk\frame\Lib\Core\App.class.php Á¨¨ 57 Ë°å.
INFO: [ app_begin ] --START--
INFO: ReadHtmlCache Behavior ::run [ RunTime:0.000000s ]
INFO: [ app_begin ] --END-- [ RunTime:0.000000s ]
NOTIC: [2] urldecode() expects parameter 1 to be string, array given D:\trunk\gas_station_erp\Lib\Action\channel\AgentAction.class.php Á¨¨ 4 Ë°å.
NOTIC: [2] htmlspecialchars() expects parameter 2 to be long, string given D:\trunk\frame\Common\common.php Á¨¨ 110 Ë°å.
NOTIC: [2] htmlspecialchars() expects parameter 2 to be long, string given D:\trunk\frame\Common\common.php Á¨¨ 110 Ë°å.
SQL: SHOW COLUMNS FROM `qd_agent` [ RunTime:0.003000s ]
SQL: SELECT DISTINCT  `agent_name` FROM `qd_agent` WHERE ( `agent_name` LIKE '%%' )  [ RunTime:0.006000s ]

[ 2014-06-20T14:03:02+08:00 ] 192.168.0.65 /gas_station_erp/index.php/channel/Channel/channelnameBlurrySelect
INFO: [ app_begin ] --START--
INFO: ReadHtmlCache Behavior ::run [ RunTime:0.001000s ]
INFO: [ app_begin ] --END-- [ RunTime:0.001000s ]
NOTIC: [2] urldecode() expects parameter 1 to be string, array given D:\trunk\gas_station_erp\Lib\Action\channel\ChannelAction.class.php Á¨¨ 4 Ë°å.
NOTIC: [2] htmlspecialchars() expects parameter 2 to be long, string given D:\trunk\frame\Common\common.php Á¨¨ 110 Ë°å.
SQL: SHOW COLUMNS FROM `qd_channel` [ RunTime:0.002000s ]
SQL: SELECT DISTINCT  `channel_name` FROM `qd_channel` WHERE ( `channel_name` LIKE '%%' )  [ RunTime:0.002001s ]

[ 2014-06-20T14:03:05+08:00 ] 192.168.0.65 /gas_station_erp/index.php/configuration/Org/show_org_tree
INFO: [ app_begin ] --START--
INFO: ReadHtmlCache Behavior ::run [ RunTime:0.000000s ]
INFO: [ app_begin ] --END-- [ RunTime:0.000000s ]
NOTIC: [2] urldecode() expects parameter 1 to be string, array given D:\trunk\gas_station_erp\Lib\Action\configuration\OrgAction.class.php Á¨¨ 4 Ë°å.
SQL: SHOW COLUMNS FROM `bi_bi_user` [ RunTime:0.002000s ]
ERR: 1146:Table 'jnbizs.bi_bi_user' doesn't exist
 [ SQLËØ≠Âè• ] : SHOW COLUMNS FROM `bi_bi_user`
SQL: select * from qd_agent a where a.isDelete=0 [ RunTime:0.001000s ]

[ 2014-06-20T14:03:08+08:00 ] 192.168.0.65 /gas_station_erp/index.php/configuration/Org/show_org_tree
INFO: [ app_begin ] --START--
INFO: ReadHtmlCache Behavior ::run [ RunTime:0.001000s ]
INFO: [ app_begin ] --END-- [ RunTime:0.001000s ]
NOTIC: [2] urldecode() expects parameter 1 to be string, array given D:\trunk\gas_station_erp\Lib\Action\configuration\OrgAction.class.php Á¨¨ 4 Ë°å.
SQL: SHOW COLUMNS FROM `bi_bi_user` [ RunTime:0.002000s ]
ERR: 1146:Table 'jnbizs.bi_bi_user' doesn't exist
 [ SQLËØ≠Âè• ] : SHOW COLUMNS FROM `bi_bi_user`
SQL: select * from qd_agent a where a.isDelete=0 [ RunTime:0.001000s ]

[ 2014-06-20T14:03:12+08:00 ] 192.168.0.65 /gas_station_erp/index.php/channel//gas_station_erp/gas_station_erp/Tpl/channel/Public/css/configuration.css
ERR: Êó†Ê≥ïÂä†ËΩΩÊ®°Âùó:gas_station_erp

[ 2014-06-20T14:03:12+08:00 ] 192.168.0.65 /gas_station_erp/index.php/channel/Agent/agentnameBlurrySelect?agent_name=
NOTIC: [2] htmlspecialchars() expects parameter 2 to be long, string given D:\trunk\frame\Lib\Core\App.class.php Á¨¨ 57 Ë°å.
INFO: [ app_begin ] --START--
INFO: ReadHtmlCache Behavior ::run [ RunTime:0.000000s ]
INFO: [ app_begin ] --END-- [ RunTime:0.000000s ]
NOTIC: [2] urldecode() expects parameter 1 to be string, array given D:\trunk\gas_station_erp\Lib\Action\channel\AgentAction.class.php Á¨¨ 4 Ë°å.
NOTIC: [2] htmlspecialchars() expects parameter 2 to be long, string given D:\trunk\frame\Common\common.php Á¨¨ 110 Ë°å.
NOTIC: [2] htmlspecialchars() expects parameter 2 to be long, string given D:\trunk\frame\Common\common.php Á¨¨ 110 Ë°å.
SQL: SHOW COLUMNS FROM `qd_agent` [ RunTime:0.002000s ]
SQL: SELECT DISTINCT  `agent_name` FROM `qd_agent` WHERE ( `agent_name` LIKE '%%' )  [ RunTime:0.001000s ]

[ 2014-06-20T14:03:12+08:00 ] 192.168.0.65 /gas_station_erp/index.php/channel/Channel/channelnameBlurrySelect
INFO: [ app_begin ] --START--
INFO: ReadHtmlCache Behavior ::run [ RunTime:0.001000s ]
INFO: [ app_begin ] --END-- [ RunTime:0.001000s ]
NOTIC: [2] urldecode() expects parameter 1 to be string, array given D:\trunk\gas_station_erp\Lib\Action\channel\ChannelAction.class.php Á¨¨ 4 Ë°å.
NOTIC: [2] htmlspecialchars() expects parameter 2 to be long, string given D:\trunk\frame\Common\common.php Á¨¨ 110 Ë°å.
SQL: SHOW COLUMNS FROM `qd_channel` [ RunTime:0.005001s ]
SQL: SELECT DISTINCT  `channel_name` FROM `qd_channel` WHERE ( `channel_name` LIKE '%%' )  [ RunTime:0.001000s ]

[ 2014-06-20T14:03:37+08:00 ] 192.168.0.65 /gas_station_erp/index.php/management/Index/getAppRule
NOTIC: [2] htmlspecialchars() expects parameter 2 to be long, string given D:\trunk\frame\Lib\Core\App.class.php Á¨¨ 56 Ë°å.
INFO: [ app_begin ] --START--
INFO: ReadHtmlCache Behavior ::run [ RunTime:0.001000s ]
INFO: [ app_begin ] --END-- [ RunTime:0.001000s ]
SQL: SHOW COLUMNS FROM `bi_user` [ RunTime:0.002001s ]
SQL: 
	SELECT c.url FROM bi_user_role a
	LEFT JOIN bi_role_menu b ON a.roleid = b.role_id
	LEFT JOIN bi_menu c ON b.menu_id = c.menu_id
	WHERE a.userid = '0'
	 [ RunTime:0.002000s ]
SQL: 
				SELECT rule_no FROM app_rule WHERE rule_status = 0 GROUP BY rule_no
		 [ RunTime:0.002000s ]

[ 2014-06-20T14:03:38+08:00 ] 192.168.0.65 /gas_station_erp/index.php/management/Index/getAppRule
NOTIC: [2] htmlspecialchars() expects parameter 2 to be long, string given D:\trunk\frame\Lib\Core\App.class.php Á¨¨ 56 Ë°å.
INFO: [ app_begin ] --START--
INFO: ReadHtmlCache Behavior ::run [ RunTime:0.001000s ]
INFO: [ app_begin ] --END-- [ RunTime:0.001000s ]
SQL: SHOW COLUMNS FROM `bi_user` [ RunTime:0.002000s ]
SQL: 
	SELECT c.url FROM bi_user_role a
	LEFT JOIN bi_role_menu b ON a.roleid = b.role_id
	LEFT JOIN bi_menu c ON b.menu_id = c.menu_id
	WHERE a.userid = '0'
	 [ RunTime:0.002001s ]
SQL: 
				SELECT rule_no FROM app_rule WHERE rule_status = 0 GROUP BY rule_no
		 [ RunTime:0.001000s ]

[ 2014-06-20T14:03:41+08:00 ] 192.168.0.65 /gas_station_erp/index.php/configuration/Org/show_org_tree
INFO: [ app_begin ] --START--
INFO: ReadHtmlCache Behavior ::run [ RunTime:0.000000s ]
INFO: [ app_begin ] --END-- [ RunTime:0.000000s ]
NOTIC: [2] urldecode() expects parameter 1 to be string, array given D:\trunk\gas_station_erp\Lib\Action\configuration\OrgAction.class.php Á¨¨ 4 Ë°å.
SQL: SHOW COLUMNS FROM `bi_bi_user` [ RunTime:0.001000s ]
ERR: 1146:Table 'jnbizs.bi_bi_user' doesn't exist
 [ SQLËØ≠Âè• ] : SHOW COLUMNS FROM `bi_bi_user`
SQL: select * from qd_agent a where a.isDelete=0 [ RunTime:0.002000s ]

[ 2014-06-20T16:35:31+08:00 ] 192.168.0.65 /gas_station_erp/index.php/management/Index/getAppRule
NOTIC: [2] htmlspecialchars() expects parameter 2 to be long, string given D:\trunk\frame\Lib\Core\App.class.php Á¨¨ 56 Ë°å.
INFO: [ app_begin ] --START--
INFO: ReadHtmlCache Behavior ::run [ RunTime:0.001000s ]
INFO: [ app_begin ] --END-- [ RunTime:0.001000s ]
SQL: SHOW COLUMNS FROM `bi_user` [ RunTime:0.002000s ]
SQL: 
	SELECT c.url FROM bi_user_role a
	LEFT JOIN bi_role_menu b ON a.roleid = b.role_id
	LEFT JOIN bi_menu c ON b.menu_id = c.menu_id
	WHERE a.userid = '0'
	 [ RunTime:0.001000s ]
SQL: 
				SELECT rule_no FROM app_rule WHERE rule_status = 0 GROUP BY rule_no
		 [ RunTime:0.002000s ]

[ 2014-06-20T16:35:32+08:00 ] 192.168.0.65 /gas_station_erp/index.php/management/Index/getAppRule
NOTIC: [2] htmlspecialchars() expects parameter 2 to be long, string given D:\trunk\frame\Lib\Core\App.class.php Á¨¨ 56 Ë°å.
INFO: [ app_begin ] --START--
INFO: ReadHtmlCache Behavior ::run [ RunTime:0.000000s ]
INFO: [ app_begin ] --END-- [ RunTime:0.000000s ]
SQL: SHOW COLUMNS FROM `bi_user` [ RunTime:0.002000s ]
SQL: 
	SELECT c.url FROM bi_user_role a
	LEFT JOIN bi_role_menu b ON a.roleid = b.role_id
	LEFT JOIN bi_menu c ON b.menu_id = c.menu_id
	WHERE a.userid = '0'
	 [ RunTime:0.001000s ]
SQL: 
				SELECT rule_no FROM app_rule WHERE rule_status = 0 GROUP BY rule_no
		 [ RunTime:0.003000s ]

[ 2014-06-20T16:46:47+08:00 ] 192.168.0.65 /gas_station_erp/index.php/management/Index/getAppRule
NOTIC: [2] htmlspecialchars() expects parameter 2 to be long, string given D:\trunk\frame\Lib\Core\App.class.php Á¨¨ 56 Ë°å.
INFO: [ app_begin ] --START--
INFO: ReadHtmlCache Behavior ::run [ RunTime:0.001000s ]
INFO: [ app_begin ] --END-- [ RunTime:0.001000s ]
SQL: SHOW COLUMNS FROM `bi_user` [ RunTime:0.002001s ]
SQL: 
	SELECT c.url FROM bi_user_role a
	LEFT JOIN bi_role_menu b ON a.roleid = b.role_id
	LEFT JOIN bi_menu c ON b.menu_id = c.menu_id
	WHERE a.userid = '0'
	 [ RunTime:0.002000s ]
SQL: 
				SELECT rule_no FROM app_rule WHERE rule_status = 0 GROUP BY rule_no
		 [ RunTime:0.002000s ]

[ 2014-06-20T16:47:52+08:00 ] 192.168.0.65 /gas_station_erp/index.php/management/Index/getAppRule
NOTIC: [2] htmlspecialchars() expects parameter 2 to be long, string given D:\trunk\frame\Lib\Core\App.class.php Á¨¨ 56 Ë°å.
INFO: [ app_begin ] --START--
INFO: ReadHtmlCache Behavior ::run [ RunTime:0.001000s ]
INFO: [ app_begin ] --END-- [ RunTime:0.001000s ]
SQL: SHOW COLUMNS FROM `bi_user` [ RunTime:0.002000s ]
SQL: 
	SELECT c.url FROM bi_user_role a
	LEFT JOIN bi_role_menu b ON a.roleid = b.role_id
	LEFT JOIN bi_menu c ON b.menu_id = c.menu_id
	WHERE a.userid = '0'
	 [ RunTime:0.001000s ]
SQL: 
				SELECT rule_no FROM app_rule WHERE rule_status = 0 GROUP BY rule_no
		 [ RunTime:0.002000s ]

[ 2014-06-20T16:47:54+08:00 ] 192.168.0.65 /gas_station_erp/index.php/management/Index/getAppRule
NOTIC: [2] htmlspecialchars() expects parameter 2 to be long, string given D:\trunk\frame\Lib\Core\App.class.php Á¨¨ 56 Ë°å.
INFO: [ app_begin ] --START--
INFO: ReadHtmlCache Behavior ::run [ RunTime:0.001000s ]
INFO: [ app_begin ] --END-- [ RunTime:0.001000s ]
SQL: SHOW COLUMNS FROM `bi_user` [ RunTime:0.002000s ]
SQL: 
	SELECT c.url FROM bi_user_role a
	LEFT JOIN bi_role_menu b ON a.roleid = b.role_id
	LEFT JOIN bi_menu c ON b.menu_id = c.menu_id
	WHERE a.userid = '0'
	 [ RunTime:0.001000s ]
SQL: 
				SELECT rule_no FROM app_rule WHERE rule_status = 0 GROUP BY rule_no
		 [ RunTime:0.003000s ]

[ 2014-06-20T16:47:55+08:00 ] 192.168.0.65 /gas_station_erp/index.php/management/Index/getAppRule
NOTIC: [2] htmlspecialchars() expects parameter 2 to be long, string given D:\trunk\frame\Lib\Core\App.class.php Á¨¨ 56 Ë°å.
INFO: [ app_begin ] --START--
INFO: ReadHtmlCache Behavior ::run [ RunTime:0.001000s ]
INFO: [ app_begin ] --END-- [ RunTime:0.001000s ]
SQL: SHOW COLUMNS FROM `bi_user` [ RunTime:0.001000s ]
SQL: 
	SELECT c.url FROM bi_user_role a
	LEFT JOIN bi_role_menu b ON a.roleid = b.role_id
	LEFT JOIN bi_menu c ON b.menu_id = c.menu_id
	WHERE a.userid = '0'
	 [ RunTime:0.001001s ]
SQL: 
				SELECT rule_no FROM app_rule WHERE rule_status = 0 GROUP BY rule_no
		 [ RunTime:0.002000s ]

[ 2014-06-20T16:47:55+08:00 ] 192.168.0.65 /gas_station_erp/index.php/management/Index/getAppRule
NOTIC: [2] htmlspecialchars() expects parameter 2 to be long, string given D:\trunk\frame\Lib\Core\App.class.php Á¨¨ 56 Ë°å.
INFO: [ app_begin ] --START--
INFO: ReadHtmlCache Behavior ::run [ RunTime:0.001000s ]
INFO: [ app_begin ] --END-- [ RunTime:0.001000s ]
SQL: SHOW COLUMNS FROM `bi_user` [ RunTime:0.002001s ]
SQL: 
	SELECT c.url FROM bi_user_role a
	LEFT JOIN bi_role_menu b ON a.roleid = b.role_id
	LEFT JOIN bi_menu c ON b.menu_id = c.menu_id
	WHERE a.userid = '0'
	 [ RunTime:0.002000s ]
SQL: 
				SELECT rule_no FROM app_rule WHERE rule_status = 0 GROUP BY rule_no
		 [ RunTime:0.008000s ]

[ 2014-06-20T16:48:00+08:00 ] 192.168.0.65 /gas_station_erp/index.php/management/Index/getAppRule
NOTIC: [2] htmlspecialchars() expects parameter 2 to be long, string given D:\trunk\frame\Lib\Core\App.class.php Á¨¨ 56 Ë°å.
INFO: [ app_begin ] --START--
INFO: ReadHtmlCache Behavior ::run [ RunTime:0.000000s ]
INFO: [ app_begin ] --END-- [ RunTime:0.000000s ]
SQL: SHOW COLUMNS FROM `bi_user` [ RunTime:0.002000s ]
SQL: 
	SELECT c.url FROM bi_user_role a
	LEFT JOIN bi_role_menu b ON a.roleid = b.role_id
	LEFT JOIN bi_menu c ON b.menu_id = c.menu_id
	WHERE a.userid = '0'
	 [ RunTime:0.001000s ]
SQL: 
				SELECT rule_no FROM app_rule WHERE rule_status = 0 GROUP BY rule_no
		 [ RunTime:0.003000s ]

[ 2014-06-20T16:48:02+08:00 ] 192.168.0.65 /gas_station_erp/index.php/management/Index/getAppRule
NOTIC: [2] htmlspecialchars() expects parameter 2 to be long, string given D:\trunk\frame\Lib\Core\App.class.php Á¨¨ 56 Ë°å.
INFO: [ app_begin ] --START--
INFO: ReadHtmlCache Behavior ::run [ RunTime:0.000000s ]
INFO: [ app_begin ] --END-- [ RunTime:0.001000s ]
SQL: SHOW COLUMNS FROM `bi_user` [ RunTime:0.001000s ]
SQL: 
	SELECT c.url FROM bi_user_role a
	LEFT JOIN bi_role_menu b ON a.roleid = b.role_id
	LEFT JOIN bi_menu c ON b.menu_id = c.menu_id
	WHERE a.userid = '0'
	 [ RunTime:0.001000s ]
SQL: 
				SELECT rule_no FROM app_rule WHERE rule_status = 0 GROUP BY rule_no
		 [ RunTime:0.003000s ]

[ 2014-06-20T16:48:03+08:00 ] 192.168.0.65 /gas_station_erp/index.php/channel//gas_station_erp/gas_station_erp/Tpl/channel/Public/css/configuration.css
ERR: Êó†Ê≥ïÂä†ËΩΩÊ®°Âùó:gas_station_erp

[ 2014-06-20T16:48:04+08:00 ] 192.168.0.65 /gas_station_erp/index.php/channel/Agent/agentnameBlurrySelect?agent_name=
NOTIC: [2] htmlspecialchars() expects parameter 2 to be long, string given D:\trunk\frame\Lib\Core\App.class.php Á¨¨ 57 Ë°å.
INFO: [ app_begin ] --START--
INFO: ReadHtmlCache Behavior ::run [ RunTime:0.000000s ]
INFO: [ app_begin ] --END-- [ RunTime:0.000000s ]
NOTIC: [2] urldecode() expects parameter 1 to be string, array given D:\trunk\gas_station_erp\Lib\Action\channel\AgentAction.class.php Á¨¨ 4 Ë°å.
NOTIC: [2] htmlspecialchars() expects parameter 2 to be long, string given D:\trunk\frame\Common\common.php Á¨¨ 110 Ë°å.
NOTIC: [2] htmlspecialchars() expects parameter 2 to be long, string given D:\trunk\frame\Common\common.php Á¨¨ 110 Ë°å.
SQL: SHOW COLUMNS FROM `qd_agent` [ RunTime:0.002000s ]
SQL: SELECT DISTINCT  `agent_name` FROM `qd_agent` WHERE ( `agent_name` LIKE '%%' )  [ RunTime:0.001000s ]

[ 2014-06-20T16:48:04+08:00 ] 192.168.0.65 /gas_station_erp/index.php/channel/Channel/channelnameBlurrySelect
INFO: [ app_begin ] --START--
INFO: ReadHtmlCache Behavior ::run [ RunTime:0.000000s ]
INFO: [ app_begin ] --END-- [ RunTime:0.000000s ]
NOTIC: [2] urldecode() expects parameter 1 to be string, array given D:\trunk\gas_station_erp\Lib\Action\channel\ChannelAction.class.php Á¨¨ 4 Ë°å.
NOTIC: [2] htmlspecialchars() expects parameter 2 to be long, string given D:\trunk\frame\Common\common.php Á¨¨ 110 Ë°å.
SQL: SHOW COLUMNS FROM `qd_channel` [ RunTime:0.002000s ]
SQL: SELECT DISTINCT  `channel_name` FROM `qd_channel` WHERE ( `channel_name` LIKE '%%' )  [ RunTime:0.003000s ]

[ 2014-06-20T16:49:35+08:00 ] 192.168.0.65 /gas_station_erp/index.php/channel//gas_station_erp/gas_station_erp/Tpl/channel/Public/css/configuration.css
ERR: Êó†Ê≥ïÂä†ËΩΩÊ®°Âùó:gas_station_erp

[ 2014-06-20T16:49:35+08:00 ] 192.168.0.65 /gas_station_erp/index.php/channel/Agent/agentnameBlurrySelect?agent_name=
NOTIC: [2] htmlspecialchars() expects parameter 2 to be long, string given D:\trunk\frame\Lib\Core\App.class.php Á¨¨ 57 Ë°å.
INFO: [ app_begin ] --START--
INFO: ReadHtmlCache Behavior ::run [ RunTime:0.000000s ]
INFO: [ app_begin ] --END-- [ RunTime:0.000000s ]
NOTIC: [2] urldecode() expects parameter 1 to be string, array given D:\trunk\gas_station_erp\Lib\Action\channel\AgentAction.class.php Á¨¨ 4 Ë°å.
NOTIC: [2] htmlspecialchars() expects parameter 2 to be long, string given D:\trunk\frame\Common\common.php Á¨¨ 110 Ë°å.
NOTIC: [2] htmlspecialchars() expects parameter 2 to be long, string given D:\trunk\frame\Common\common.php Á¨¨ 110 Ë°å.
SQL: SHOW COLUMNS FROM `qd_agent` [ RunTime:0.001000s ]
SQL: SELECT DISTINCT  `agent_name` FROM `qd_agent` WHERE ( `agent_name` LIKE '%%' )  [ RunTime:0.001000s ]

[ 2014-06-20T16:49:35+08:00 ] 192.168.0.65 /gas_station_erp/index.php/channel/Channel/channelnameBlurrySelect
INFO: [ app_begin ] --START--
INFO: ReadHtmlCache Behavior ::run [ RunTime:0.000000s ]
INFO: [ app_begin ] --END-- [ RunTime:0.000000s ]
NOTIC: [2] urldecode() expects parameter 1 to be string, array given D:\trunk\gas_station_erp\Lib\Action\channel\ChannelAction.class.php Á¨¨ 4 Ë°å.
NOTIC: [2] htmlspecialchars() expects parameter 2 to be long, string given D:\trunk\frame\Common\common.php Á¨¨ 110 Ë°å.
SQL: SHOW COLUMNS FROM `qd_channel` [ RunTime:0.002000s ]
SQL: SELECT DISTINCT  `channel_name` FROM `qd_channel` WHERE ( `channel_name` LIKE '%%' )  [ RunTime:0.001000s ]

[ 2014-06-20T16:49:49+08:00 ] 192.168.0.65 /gas_station_erp/index.php/channel//gas_station_erp/gas_station_erp/Tpl/channel/Public/css/configuration.css
ERR: Êó†Ê≥ïÂä†ËΩΩÊ®°Âùó:gas_station_erp

[ 2014-06-20T16:49:49+08:00 ] 192.168.0.65 /gas_station_erp/index.php/channel//gas_station_erp/gas_station_erp/Tpl/channel/Public/js/jquery-1.6.1.js
ERR: Êó†Ê≥ïÂä†ËΩΩÊ®°Âùó:gas_station_erp

[ 2014-06-20T16:49:49+08:00 ] 192.168.0.65 /gas_station_erp/index.php/channel//gas_station_erp/gas_station_erp/Tpl/channel/Public/js/jquery.SuperSlide.2.1.1.js
ERR: Êó†Ê≥ïÂä†ËΩΩÊ®°Âùó:gas_station_erp

[ 2014-06-20T16:49:50+08:00 ] 192.168.0.65 /gas_station_erp/index.php/channel/Channel/channelnameBlurrySelect
INFO: [ app_begin ] --START--
INFO: ReadHtmlCache Behavior ::run [ RunTime:0.001000s ]
INFO: [ app_begin ] --END-- [ RunTime:0.001000s ]
NOTIC: [2] urldecode() expects parameter 1 to be string, array given D:\trunk\gas_station_erp\Lib\Action\channel\ChannelAction.class.php Á¨¨ 4 Ë°å.
NOTIC: [2] htmlspecialchars() expects parameter 2 to be long, string given D:\trunk\frame\Common\common.php Á¨¨ 110 Ë°å.
SQL: SHOW COLUMNS FROM `qd_channel` [ RunTime:0.002000s ]
SQL: SELECT DISTINCT  `channel_name` FROM `qd_channel` WHERE ( `channel_name` LIKE '%%' )  [ RunTime:0.002000s ]

[ 2014-06-20T16:49:50+08:00 ] 192.168.0.65 /gas_station_erp/index.php/channel/Place/placenameBlurrySelect
INFO: [ app_begin ] --START--
INFO: ReadHtmlCache Behavior ::run [ RunTime:0.001000s ]
INFO: [ app_begin ] --END-- [ RunTime:0.001000s ]
NOTIC: [2] urldecode() expects parameter 1 to be string, array given D:\trunk\gas_station_erp\Lib\Action\channel\PlaceAction.class.php Á¨¨ 4 Ë°å.
NOTIC: [2] htmlspecialchars() expects parameter 2 to be long, string given D:\trunk\frame\Common\common.php Á¨¨ 110 Ë°å.
SQL: SHOW COLUMNS FROM `qd_place` [ RunTime:0.002000s ]
SQL: SELECT DISTINCT  `place_name` FROM `qd_place` WHERE ( `place_name` LIKE '%%' )  [ RunTime:0.002000s ]

