[ 2014-09-05T15:48:39+08:00 ] 127.0.0.1 /gas_station_erp/index.php/Login/login
NOTIC: [2] htmlspecialchars() expects parameter 2 to be long, string given D:\trunk\frame\Lib\Core\App.class.php 第 56 行.
NOTIC: [2] htmlspecialchars() expects parameter 2 to be long, string given D:\trunk\frame\Lib\Core\App.class.php 第 56 行.
NOTIC: [2] htmlspecialchars() expects parameter 2 to be long, string given D:\trunk\frame\Lib\Core\App.class.php 第 56 行.
NOTIC: [2] htmlspecialchars() expects parameter 2 to be long, string given D:\trunk\frame\Lib\Core\App.class.php 第 56 行.
NOTIC: [2] htmlspecialchars() expects parameter 2 to be long, string given D:\trunk\frame\Lib\Core\App.class.php 第 56 行.
INFO: [ app_begin ] --START--
INFO: ReadHtmlCache Behavior ::run [ RunTime:0.001000s ]
INFO: [ app_begin ] --END-- [ RunTime:0.001000s ]
SQL: SELECT url FROM bi_menu [ RunTime:0.014001s ]

[ 2014-09-05T15:48:41+08:00 ] 127.0.0.1 /gas_station_erp/index.php/channel//gas_station_erp/gas_station_erp/Tpl/channel/Public/css/configuration.css
ERR: 无法加载模块:gas_station_erp

[ 2014-09-05T15:48:41+08:00 ] 127.0.0.1 /gas_station_erp/index.php/channel/Channel/getProvince
INFO: [ app_begin ] --START--
INFO: ReadHtmlCache Behavior ::run [ RunTime:0.001000s ]
INFO: [ app_begin ] --END-- [ RunTime:0.001000s ]
NOTIC: [2] urldecode() expects parameter 1 to be string, array given D:\trunk\gas_station_erp\Lib\Action\channel\ChannelAction.class.php 第 6 行.
SQL: select area_id,area_name from bi_area where pid=0 [ RunTime:0.012001s ]

[ 2014-09-05T15:50:56+08:00 ] 127.0.0.1 /gas_station_erp/index.php/channel//gas_station_erp/gas_station_erp/Tpl/channel/Public/css/configuration.css
ERR: 无法加载模块:gas_station_erp

[ 2014-09-05T15:50:56+08:00 ] 127.0.0.1 /gas_station_erp/index.php/channel/Channel/getProvince
INFO: [ app_begin ] --START--
INFO: ReadHtmlCache Behavior ::run [ RunTime:0.001000s ]
INFO: [ app_begin ] --END-- [ RunTime:0.001000s ]
NOTIC: [2] urldecode() expects parameter 1 to be string, array given D:\trunk\gas_station_erp\Lib\Action\channel\ChannelAction.class.php 第 6 行.
SQL: select area_id,area_name from bi_area where pid=0 [ RunTime:0.000000s ]

[ 2014-09-05T15:51:25+08:00 ] 127.0.0.1 /gas_station_erp/index.php/channel/Channel/getProvince
INFO: [ app_begin ] --START--
INFO: ReadHtmlCache Behavior ::run [ RunTime:0.001000s ]
INFO: [ app_begin ] --END-- [ RunTime:0.001000s ]
NOTIC: [2] urldecode() expects parameter 1 to be string, array given D:\trunk\gas_station_erp\Lib\Action\channel\ChannelAction.class.php 第 6 行.
SQL: select area_id,area_name from bi_area where pid=0 [ RunTime:0.001000s ]

[ 2014-09-05T15:51:26+08:00 ] 127.0.0.1 /gas_station_erp/index.php/channel/Channel/getProvince
INFO: [ app_begin ] --START--
INFO: ReadHtmlCache Behavior ::run [ RunTime:0.000000s ]
INFO: [ app_begin ] --END-- [ RunTime:0.000000s ]
NOTIC: [2] urldecode() expects parameter 1 to be string, array given D:\trunk\gas_station_erp\Lib\Action\channel\ChannelAction.class.php 第 6 行.
SQL: select area_id,area_name from bi_area where pid=0 [ RunTime:0.001000s ]

[ 2014-09-05T15:51:30+08:00 ] 127.0.0.1 /gas_station_erp/index.php/channel/Channel/getProvince
INFO: [ app_begin ] --START--
INFO: ReadHtmlCache Behavior ::run [ RunTime:0.001000s ]
INFO: [ app_begin ] --END-- [ RunTime:0.001000s ]
NOTIC: [2] urldecode() expects parameter 1 to be string, array given D:\trunk\gas_station_erp\Lib\Action\channel\ChannelAction.class.php 第 6 行.
SQL: select area_id,area_name from bi_area where pid=0 [ RunTime:0.002000s ]

[ 2014-09-05T15:51:32+08:00 ] 127.0.0.1 /gas_station_erp/index.php/channel/Channel/getProvince
INFO: [ app_begin ] --START--
INFO: ReadHtmlCache Behavior ::run [ RunTime:0.001000s ]
INFO: [ app_begin ] --END-- [ RunTime:0.001000s ]
NOTIC: [2] urldecode() expects parameter 1 to be string, array given D:\trunk\gas_station_erp\Lib\Action\channel\ChannelAction.class.php 第 6 行.
SQL: select area_id,area_name from bi_area where pid=0 [ RunTime:0.001000s ]

[ 2014-09-05T15:51:35+08:00 ] 127.0.0.1 /gas_station_erp/index.php/channel/Channel/getProvince
INFO: [ app_begin ] --START--
INFO: ReadHtmlCache Behavior ::run [ RunTime:0.001000s ]
INFO: [ app_begin ] --END-- [ RunTime:0.001000s ]
NOTIC: [2] urldecode() expects parameter 1 to be string, array given D:\trunk\gas_station_erp\Lib\Action\channel\ChannelAction.class.php 第 6 行.
SQL: select area_id,area_name from bi_area where pid=0 [ RunTime:0.001000s ]

[ 2014-09-05T15:51:36+08:00 ] 127.0.0.1 /gas_station_erp/index.php/channel/Channel/getProvince
INFO: [ app_begin ] --START--
INFO: ReadHtmlCache Behavior ::run [ RunTime:0.000000s ]
INFO: [ app_begin ] --END-- [ RunTime:0.000000s ]
NOTIC: [2] urldecode() expects parameter 1 to be string, array given D:\trunk\gas_station_erp\Lib\Action\channel\ChannelAction.class.php 第 6 行.
SQL: select area_id,area_name from bi_area where pid=0 [ RunTime:0.000000s ]

[ 2014-09-05T15:51:36+08:00 ] 127.0.0.1 /gas_station_erp/index.php/channel/Channel/getProvince
INFO: [ app_begin ] --START--
INFO: ReadHtmlCache Behavior ::run [ RunTime:0.000000s ]
INFO: [ app_begin ] --END-- [ RunTime:0.000000s ]
NOTIC: [2] urldecode() expects parameter 1 to be string, array given D:\trunk\gas_station_erp\Lib\Action\channel\ChannelAction.class.php 第 6 行.
SQL: select area_id,area_name from bi_area where pid=0 [ RunTime:0.001000s ]

[ 2014-09-05T15:51:38+08:00 ] 127.0.0.1 /gas_station_erp/index.php/channel/Channel/getProvince
INFO: [ app_begin ] --START--
INFO: ReadHtmlCache Behavior ::run [ RunTime:0.000000s ]
INFO: [ app_begin ] --END-- [ RunTime:0.001000s ]
NOTIC: [2] urldecode() expects parameter 1 to be string, array given D:\trunk\gas_station_erp\Lib\Action\channel\ChannelAction.class.php 第 6 行.
SQL: select area_id,area_name from bi_area where pid=0 [ RunTime:0.001000s ]

[ 2014-09-05T15:51:39+08:00 ] 127.0.0.1 /gas_station_erp/index.php/channel/Channel/getProvince
INFO: [ app_begin ] --START--
INFO: ReadHtmlCache Behavior ::run [ RunTime:0.000000s ]
INFO: [ app_begin ] --END-- [ RunTime:0.000000s ]
NOTIC: [2] urldecode() expects parameter 1 to be string, array given D:\trunk\gas_station_erp\Lib\Action\channel\ChannelAction.class.php 第 6 行.
SQL: select area_id,area_name from bi_area where pid=0 [ RunTime:0.001000s ]

[ 2014-09-05T15:51:45+08:00 ] 127.0.0.1 /gas_station_erp/index.php/channel/Channel/getProvince
INFO: [ app_begin ] --START--
INFO: ReadHtmlCache Behavior ::run [ RunTime:0.001000s ]
INFO: [ app_begin ] --END-- [ RunTime:0.001000s ]
NOTIC: [2] urldecode() expects parameter 1 to be string, array given D:\trunk\gas_station_erp\Lib\Action\channel\ChannelAction.class.php 第 6 行.
SQL: select area_id,area_name from bi_area where pid=0 [ RunTime:0.002000s ]

[ 2014-09-05T15:51:46+08:00 ] 127.0.0.1 /gas_station_erp/index.php/channel/Channel/getProvince
INFO: [ app_begin ] --START--
INFO: ReadHtmlCache Behavior ::run [ RunTime:0.000000s ]
INFO: [ app_begin ] --END-- [ RunTime:0.000000s ]
NOTIC: [2] urldecode() expects parameter 1 to be string, array given D:\trunk\gas_station_erp\Lib\Action\channel\ChannelAction.class.php 第 6 行.
SQL: select area_id,area_name from bi_area where pid=0 [ RunTime:0.001000s ]

[ 2014-09-05T15:51:48+08:00 ] 127.0.0.1 /gas_station_erp/index.php/channel/Channel/logSelect?option_id=16&option_name=place
NOTIC: [2] htmlspecialchars() expects parameter 2 to be long, string given D:\trunk\frame\Lib\Core\App.class.php 第 57 行.
NOTIC: [2] htmlspecialchars() expects parameter 2 to be long, string given D:\trunk\frame\Lib\Core\App.class.php 第 57 行.
INFO: [ app_begin ] --START--
INFO: ReadHtmlCache Behavior ::run [ RunTime:0.000000s ]
INFO: [ app_begin ] --END-- [ RunTime:0.000000s ]
NOTIC: [2] urldecode() expects parameter 1 to be string, array given D:\trunk\gas_station_erp\Lib\Action\channel\ChannelAction.class.php 第 6 行.
NOTIC: [2] htmlspecialchars() expects parameter 2 to be long, string given D:\trunk\frame\Common\common.php 第 110 行.
NOTIC: [2] htmlspecialchars() expects parameter 2 to be long, string given D:\trunk\frame\Common\common.php 第 110 行.
NOTIC: [2] htmlspecialchars() expects parameter 2 to be long, string given D:\trunk\frame\Common\common.php 第 110 行.
NOTIC: [2] htmlspecialchars() expects parameter 2 to be long, string given D:\trunk\frame\Common\common.php 第 110 行.
NOTIC: [2] htmlspecialchars() expects parameter 2 to be long, string given D:\trunk\frame\Common\common.php 第 110 行.
NOTIC: [2] htmlspecialchars() expects parameter 2 to be long, string given D:\trunk\frame\Common\common.php 第 110 行.
SQL: 
			SELECT
			a.logs_id,
			IF(b.username IS NULL,'根用户',b.username) user,
			CASE option_type WHEN 'add' THEN '添加' WHEN 'del' THEN '撤销' WHEN 'change' THEN (SELECT option_descrption FROM qd_logs_option_description WHERE option_log_id=a.logs_id  ) END info,
			FROM_UNIXTIME( a.timestamp, '%Y-%m-%d') time
			FROM qd_logs_option a
			LEFT JOIN bi_user b ON a.userid = b.uid
			WHERE
			a.option_id = 16
			AND a.option_name = 'place'
		 [ RunTime:0.025001s ]

[ 2014-09-05T15:51:48+08:00 ] 127.0.0.1 /gas_station_erp/index.php/channel/Channel/logSelect?option_id=13&option_name=place
NOTIC: [2] htmlspecialchars() expects parameter 2 to be long, string given D:\trunk\frame\Lib\Core\App.class.php 第 57 行.
NOTIC: [2] htmlspecialchars() expects parameter 2 to be long, string given D:\trunk\frame\Lib\Core\App.class.php 第 57 行.
INFO: [ app_begin ] --START--
INFO: ReadHtmlCache Behavior ::run [ RunTime:0.000000s ]
INFO: [ app_begin ] --END-- [ RunTime:0.000000s ]
NOTIC: [2] urldecode() expects parameter 1 to be string, array given D:\trunk\gas_station_erp\Lib\Action\channel\ChannelAction.class.php 第 6 行.
NOTIC: [2] htmlspecialchars() expects parameter 2 to be long, string given D:\trunk\frame\Common\common.php 第 110 行.
NOTIC: [2] htmlspecialchars() expects parameter 2 to be long, string given D:\trunk\frame\Common\common.php 第 110 行.
NOTIC: [2] htmlspecialchars() expects parameter 2 to be long, string given D:\trunk\frame\Common\common.php 第 110 行.
NOTIC: [2] htmlspecialchars() expects parameter 2 to be long, string given D:\trunk\frame\Common\common.php 第 110 行.
NOTIC: [2] htmlspecialchars() expects parameter 2 to be long, string given D:\trunk\frame\Common\common.php 第 110 行.
NOTIC: [2] htmlspecialchars() expects parameter 2 to be long, string given D:\trunk\frame\Common\common.php 第 110 行.
SQL: 
			SELECT
			a.logs_id,
			IF(b.username IS NULL,'根用户',b.username) user,
			CASE option_type WHEN 'add' THEN '添加' WHEN 'del' THEN '撤销' WHEN 'change' THEN (SELECT option_descrption FROM qd_logs_option_description WHERE option_log_id=a.logs_id  ) END info,
			FROM_UNIXTIME( a.timestamp, '%Y-%m-%d') time
			FROM qd_logs_option a
			LEFT JOIN bi_user b ON a.userid = b.uid
			WHERE
			a.option_id = 13
			AND a.option_name = 'place'
		 [ RunTime:0.002001s ]

[ 2014-09-05T15:51:49+08:00 ] 127.0.0.1 /gas_station_erp/index.php/channel/Channel/logSelect?option_id=19&option_name=place
NOTIC: [2] htmlspecialchars() expects parameter 2 to be long, string given D:\trunk\frame\Lib\Core\App.class.php 第 57 行.
NOTIC: [2] htmlspecialchars() expects parameter 2 to be long, string given D:\trunk\frame\Lib\Core\App.class.php 第 57 行.
INFO: [ app_begin ] --START--
INFO: ReadHtmlCache Behavior ::run [ RunTime:0.001000s ]
INFO: [ app_begin ] --END-- [ RunTime:0.001000s ]
NOTIC: [2] urldecode() expects parameter 1 to be string, array given D:\trunk\gas_station_erp\Lib\Action\channel\ChannelAction.class.php 第 6 行.
NOTIC: [2] htmlspecialchars() expects parameter 2 to be long, string given D:\trunk\frame\Common\common.php 第 110 行.
NOTIC: [2] htmlspecialchars() expects parameter 2 to be long, string given D:\trunk\frame\Common\common.php 第 110 行.
NOTIC: [2] htmlspecialchars() expects parameter 2 to be long, string given D:\trunk\frame\Common\common.php 第 110 行.
NOTIC: [2] htmlspecialchars() expects parameter 2 to be long, string given D:\trunk\frame\Common\common.php 第 110 行.
NOTIC: [2] htmlspecialchars() expects parameter 2 to be long, string given D:\trunk\frame\Common\common.php 第 110 行.
NOTIC: [2] htmlspecialchars() expects parameter 2 to be long, string given D:\trunk\frame\Common\common.php 第 110 行.
SQL: 
			SELECT
			a.logs_id,
			IF(b.username IS NULL,'根用户',b.username) user,
			CASE option_type WHEN 'add' THEN '添加' WHEN 'del' THEN '撤销' WHEN 'change' THEN (SELECT option_descrption FROM qd_logs_option_description WHERE option_log_id=a.logs_id  ) END info,
			FROM_UNIXTIME( a.timestamp, '%Y-%m-%d') time
			FROM qd_logs_option a
			LEFT JOIN bi_user b ON a.userid = b.uid
			WHERE
			a.option_id = 19
			AND a.option_name = 'place'
		 [ RunTime:0.002000s ]

[ 2014-09-05T15:51:50+08:00 ] 127.0.0.1 /gas_station_erp/index.php/channel/Channel/logSelect?option_id=20&option_name=place
NOTIC: [2] htmlspecialchars() expects parameter 2 to be long, string given D:\trunk\frame\Lib\Core\App.class.php 第 57 行.
NOTIC: [2] htmlspecialchars() expects parameter 2 to be long, string given D:\trunk\frame\Lib\Core\App.class.php 第 57 行.
INFO: [ app_begin ] --START--
INFO: ReadHtmlCache Behavior ::run [ RunTime:0.000000s ]
INFO: [ app_begin ] --END-- [ RunTime:0.000000s ]
NOTIC: [2] urldecode() expects parameter 1 to be string, array given D:\trunk\gas_station_erp\Lib\Action\channel\ChannelAction.class.php 第 6 行.
NOTIC: [2] htmlspecialchars() expects parameter 2 to be long, string given D:\trunk\frame\Common\common.php 第 110 行.
NOTIC: [2] htmlspecialchars() expects parameter 2 to be long, string given D:\trunk\frame\Common\common.php 第 110 行.
NOTIC: [2] htmlspecialchars() expects parameter 2 to be long, string given D:\trunk\frame\Common\common.php 第 110 行.
NOTIC: [2] htmlspecialchars() expects parameter 2 to be long, string given D:\trunk\frame\Common\common.php 第 110 行.
NOTIC: [2] htmlspecialchars() expects parameter 2 to be long, string given D:\trunk\frame\Common\common.php 第 110 行.
NOTIC: [2] htmlspecialchars() expects parameter 2 to be long, string given D:\trunk\frame\Common\common.php 第 110 行.
SQL: 
			SELECT
			a.logs_id,
			IF(b.username IS NULL,'根用户',b.username) user,
			CASE option_type WHEN 'add' THEN '添加' WHEN 'del' THEN '撤销' WHEN 'change' THEN (SELECT option_descrption FROM qd_logs_option_description WHERE option_log_id=a.logs_id  ) END info,
			FROM_UNIXTIME( a.timestamp, '%Y-%m-%d') time
			FROM qd_logs_option a
			LEFT JOIN bi_user b ON a.userid = b.uid
			WHERE
			a.option_id = 20
			AND a.option_name = 'place'
		 [ RunTime:0.002000s ]

[ 2014-09-05T15:51:50+08:00 ] 127.0.0.1 /gas_station_erp/index.php/channel/Channel/logSelect?option_id=255&option_name=place
NOTIC: [2] htmlspecialchars() expects parameter 2 to be long, string given D:\trunk\frame\Lib\Core\App.class.php 第 57 行.
NOTIC: [2] htmlspecialchars() expects parameter 2 to be long, string given D:\trunk\frame\Lib\Core\App.class.php 第 57 行.
INFO: [ app_begin ] --START--
INFO: ReadHtmlCache Behavior ::run [ RunTime:0.002000s ]
INFO: [ app_begin ] --END-- [ RunTime:0.002000s ]
NOTIC: [2] urldecode() expects parameter 1 to be string, array given D:\trunk\gas_station_erp\Lib\Action\channel\ChannelAction.class.php 第 6 行.
NOTIC: [2] htmlspecialchars() expects parameter 2 to be long, string given D:\trunk\frame\Common\common.php 第 110 行.
NOTIC: [2] htmlspecialchars() expects parameter 2 to be long, string given D:\trunk\frame\Common\common.php 第 110 行.
NOTIC: [2] htmlspecialchars() expects parameter 2 to be long, string given D:\trunk\frame\Common\common.php 第 110 行.
NOTIC: [2] htmlspecialchars() expects parameter 2 to be long, string given D:\trunk\frame\Common\common.php 第 110 行.
NOTIC: [2] htmlspecialchars() expects parameter 2 to be long, string given D:\trunk\frame\Common\common.php 第 110 行.
NOTIC: [2] htmlspecialchars() expects parameter 2 to be long, string given D:\trunk\frame\Common\common.php 第 110 行.
SQL: 
			SELECT
			a.logs_id,
			IF(b.username IS NULL,'根用户',b.username) user,
			CASE option_type WHEN 'add' THEN '添加' WHEN 'del' THEN '撤销' WHEN 'change' THEN (SELECT option_descrption FROM qd_logs_option_description WHERE option_log_id=a.logs_id  ) END info,
			FROM_UNIXTIME( a.timestamp, '%Y-%m-%d') time
			FROM qd_logs_option a
			LEFT JOIN bi_user b ON a.userid = b.uid
			WHERE
			a.option_id = 255
			AND a.option_name = 'place'
		 [ RunTime:0.002000s ]

[ 2014-09-05T15:51:51+08:00 ] 127.0.0.1 /gas_station_erp/index.php/channel/Channel/getProvince
INFO: [ app_begin ] --START--
INFO: ReadHtmlCache Behavior ::run [ RunTime:0.000000s ]
INFO: [ app_begin ] --END-- [ RunTime:0.000000s ]
NOTIC: [2] urldecode() expects parameter 1 to be string, array given D:\trunk\gas_station_erp\Lib\Action\channel\ChannelAction.class.php 第 6 行.
SQL: select area_id,area_name from bi_area where pid=0 [ RunTime:0.002000s ]

[ 2014-09-05T15:51:53+08:00 ] 127.0.0.1 /gas_station_erp/index.php/channel/Channel/getProvince
INFO: [ app_begin ] --START--
INFO: ReadHtmlCache Behavior ::run [ RunTime:0.000000s ]
INFO: [ app_begin ] --END-- [ RunTime:0.000000s ]
NOTIC: [2] urldecode() expects parameter 1 to be string, array given D:\trunk\gas_station_erp\Lib\Action\channel\ChannelAction.class.php 第 6 行.
SQL: select area_id,area_name from bi_area where pid=0 [ RunTime:0.001000s ]

