[ 2014-08-25T13:59:13+08:00 ] 127.0.0.1 /gas_station_erp/index.php/Login/login
NOTIC: [2] htmlspecialchars() expects parameter 2 to be long, string given D:\trunk\frame\Lib\Core\App.class.php 第 56 行.
NOTIC: [2] htmlspecialchars() expects parameter 2 to be long, string given D:\trunk\frame\Lib\Core\App.class.php 第 56 行.
NOTIC: [2] htmlspecialchars() expects parameter 2 to be long, string given D:\trunk\frame\Lib\Core\App.class.php 第 56 行.
NOTIC: [2] htmlspecialchars() expects parameter 2 to be long, string given D:\trunk\frame\Lib\Core\App.class.php 第 56 行.
NOTIC: [2] htmlspecialchars() expects parameter 2 to be long, string given D:\trunk\frame\Lib\Core\App.class.php 第 56 行.
INFO: [ app_begin ] --START--
INFO: ReadHtmlCache Behavior ::run [ RunTime:0.000000s ]
INFO: [ app_begin ] --END-- [ RunTime:0.000000s ]
SQL: SELECT url FROM bi_menu [ RunTime:0.001000s ]

[ 2014-08-25T13:59:13+08:00 ] 127.0.0.1 /gas_station_erp/index.php/Login/login
NOTIC: [2] htmlspecialchars() expects parameter 2 to be long, string given D:\trunk\frame\Lib\Core\App.class.php 第 56 行.
NOTIC: [2] htmlspecialchars() expects parameter 2 to be long, string given D:\trunk\frame\Lib\Core\App.class.php 第 56 行.
NOTIC: [2] htmlspecialchars() expects parameter 2 to be long, string given D:\trunk\frame\Lib\Core\App.class.php 第 56 行.
NOTIC: [2] htmlspecialchars() expects parameter 2 to be long, string given D:\trunk\frame\Lib\Core\App.class.php 第 56 行.
NOTIC: [2] htmlspecialchars() expects parameter 2 to be long, string given D:\trunk\frame\Lib\Core\App.class.php 第 56 行.
INFO: [ app_begin ] --START--
INFO: ReadHtmlCache Behavior ::run [ RunTime:0.000000s ]
INFO: [ app_begin ] --END-- [ RunTime:0.001000s ]
SQL: SELECT url FROM bi_menu [ RunTime:0.001000s ]

[ 2014-08-25T13:59:13+08:00 ] 127.0.0.1 /gas_station_erp/index.php/Login/login
NOTIC: [2] htmlspecialchars() expects parameter 2 to be long, string given D:\trunk\frame\Lib\Core\App.class.php 第 56 行.
NOTIC: [2] htmlspecialchars() expects parameter 2 to be long, string given D:\trunk\frame\Lib\Core\App.class.php 第 56 行.
NOTIC: [2] htmlspecialchars() expects parameter 2 to be long, string given D:\trunk\frame\Lib\Core\App.class.php 第 56 行.
NOTIC: [2] htmlspecialchars() expects parameter 2 to be long, string given D:\trunk\frame\Lib\Core\App.class.php 第 56 行.
NOTIC: [2] htmlspecialchars() expects parameter 2 to be long, string given D:\trunk\frame\Lib\Core\App.class.php 第 56 行.
INFO: [ app_begin ] --START--
INFO: ReadHtmlCache Behavior ::run [ RunTime:0.001000s ]
INFO: [ app_begin ] --END-- [ RunTime:0.001000s ]
SQL: SELECT url FROM bi_menu [ RunTime:0.001000s ]

[ 2014-08-25T13:59:22+08:00 ] 127.0.0.1 /gas_station_erp/index.php/Login/login
NOTIC: [2] htmlspecialchars() expects parameter 2 to be long, string given D:\trunk\frame\Lib\Core\App.class.php 第 56 行.
NOTIC: [2] htmlspecialchars() expects parameter 2 to be long, string given D:\trunk\frame\Lib\Core\App.class.php 第 56 行.
NOTIC: [2] htmlspecialchars() expects parameter 2 to be long, string given D:\trunk\frame\Lib\Core\App.class.php 第 56 行.
NOTIC: [2] htmlspecialchars() expects parameter 2 to be long, string given D:\trunk\frame\Lib\Core\App.class.php 第 56 行.
NOTIC: [2] htmlspecialchars() expects parameter 2 to be long, string given D:\trunk\frame\Lib\Core\App.class.php 第 56 行.
INFO: [ app_begin ] --START--
INFO: ReadHtmlCache Behavior ::run [ RunTime:0.001000s ]
INFO: [ app_begin ] --END-- [ RunTime:0.001000s ]
SQL: SELECT url FROM bi_menu [ RunTime:0.001001s ]

[ 2014-08-25T13:59:28+08:00 ] 127.0.0.1 /gas_station_erp/index.php/monitoring/Index/getProvinceCity
NOTIC: [2] htmlspecialchars() expects parameter 2 to be long, string given D:\trunk\frame\Lib\Core\App.class.php 第 56 行.
INFO: [ app_begin ] --START--
INFO: ReadHtmlCache Behavior ::run [ RunTime:0.000000s ]
INFO: [ app_begin ] --END-- [ RunTime:0.001000s ]
NOTIC: [8] Undefined index: orgid D:\trunk\gas_station_erp\Lib\Action\monitoring\IndexAction.class.php 第 17 行.
SQL: SELECT MAX(monitor_no) monitor_no FROM dev_monitor [ RunTime:0.003000s ]
SQL: 
				SELECT b.province,b.city,COUNT(*) count FROM dev_monitor a
				LEFT JOIN qd_device b ON a.dev_no = b.device_no
				WHERE
				a.monitor_no = 87
				AND a.unfind <> 1 AND a.dev_no_begin_time <>1
				GROUP BY b.province,b.city
				ORDER BY b.province,b.city
				 [ RunTime:0.016001s ]
NOTIC: [8] Undefined index: orgid D:\trunk\gas_station_erp\Lib\Action\monitoring\IndexAction.class.php 第 268 行.
SQL: 
				SELECT b.area_id
				FROM qd_agent_area a
				LEFT JOIN bi_area b ON a.area_id = b.area_id
				
				UNION
				SELECT area_id
				FROM bi_area
				WHERE level = 1
				AND area_id IN(
					SELECT b.pid
					FROM qd_agent_area a
					LEFT JOIN bi_area b ON a.area_id = b.area_id
					
				)
				 [ RunTime:0.015001s ]
NOTIC: [8] Undefined variable: where D:\trunk\gas_station_erp\Lib\Action\monitoring\IndexAction.class.php 第 269 行.
SQL: 
		SELECT area_id,area_name,pid,level,0 count
		FROM bi_area a
		 where area_id IN (5,16,23,17,183,88,87,68) 
		 [ RunTime:0.001000s ]
NOTIC: [8] Undefined index: orgid D:\trunk\gas_station_erp\Lib\Action\monitoring\IndexAction.class.php 第 285 行.

[ 2014-08-25T13:59:28+08:00 ] 127.0.0.1 /gas_station_erp/index.php/channel/Channel/channelnameBlurrySelect
INFO: [ app_begin ] --START--
INFO: ReadHtmlCache Behavior ::run [ RunTime:0.000000s ]
INFO: [ app_begin ] --END-- [ RunTime:0.000000s ]
NOTIC: [2] urldecode() expects parameter 1 to be string, array given D:\trunk\gas_station_erp\Lib\Action\channel\ChannelAction.class.php 第 6 行.
NOTIC: [2] htmlspecialchars() expects parameter 2 to be long, string given D:\trunk\frame\Common\common.php 第 110 行.
SQL: 
				SELECT channel_name title FROM qd_channel WHERE channel_name LIKE '%%' AND isDelete = 0
				 [ RunTime:0.003001s ]

[ 2014-08-25T13:59:28+08:00 ] 127.0.0.1 /gas_station_erp/index.php/channel/Channel/channelnameBlurrySelect
INFO: [ app_begin ] --START--
INFO: ReadHtmlCache Behavior ::run [ RunTime:0.002000s ]
INFO: [ app_begin ] --END-- [ RunTime:0.002000s ]
NOTIC: [2] urldecode() expects parameter 1 to be string, array given D:\trunk\gas_station_erp\Lib\Action\channel\ChannelAction.class.php 第 6 行.
NOTIC: [2] htmlspecialchars() expects parameter 2 to be long, string given D:\trunk\frame\Common\common.php 第 110 行.
SQL: 
				SELECT channel_name title FROM qd_channel WHERE channel_name LIKE '%%' AND isDelete = 0
				 [ RunTime:0.004000s ]

[ 2014-08-25T13:59:28+08:00 ] 127.0.0.1 /gas_station_erp/index.php/channel/Device/devicemacBlurrySelect
INFO: [ app_begin ] --START--
INFO: ReadHtmlCache Behavior ::run [ RunTime:0.001000s ]
INFO: [ app_begin ] --END-- [ RunTime:0.001000s ]
NOTIC: [2] urldecode() expects parameter 1 to be string, array given D:\trunk\gas_station_erp\Lib\Action\channel\DeviceAction.class.php 第 5 行.
NOTIC: [2] htmlspecialchars() expects parameter 2 to be long, string given D:\trunk\frame\Common\common.php 第 110 行.
SQL: SHOW COLUMNS FROM `qd_device` [ RunTime:0.004001s ]
SQL: SELECT DISTINCT  `MAC` FROM `qd_device` WHERE ( `MAC` LIKE '%%' )  [ RunTime:0.007000s ]

[ 2014-08-25T13:59:28+08:00 ] 127.0.0.1 /gas_station_erp/index.php/channel/Device/deviceAddress
INFO: [ app_begin ] --START--
INFO: ReadHtmlCache Behavior ::run [ RunTime:0.001000s ]
INFO: [ app_begin ] --END-- [ RunTime:0.001000s ]
NOTIC: [2] urldecode() expects parameter 1 to be string, array given D:\trunk\gas_station_erp\Lib\Action\channel\DeviceAction.class.php 第 5 行.
NOTIC: [2] htmlspecialchars() expects parameter 2 to be long, string given D:\trunk\frame\Common\common.php 第 110 行.
SQL: SHOW COLUMNS FROM `qd_device` [ RunTime:0.003000s ]
SQL: SELECT DISTINCT  `address` FROM `qd_device` WHERE ( `address` LIKE '%%' )  [ RunTime:0.013000s ]

[ 2014-08-25T13:59:28+08:00 ] 127.0.0.1 /gas_station_erp/index.php/channel/Device/devicenoBlurrySelect
INFO: [ app_begin ] --START--
INFO: ReadHtmlCache Behavior ::run [ RunTime:0.000000s ]
INFO: [ app_begin ] --END-- [ RunTime:0.001000s ]
NOTIC: [2] urldecode() expects parameter 1 to be string, array given D:\trunk\gas_station_erp\Lib\Action\channel\DeviceAction.class.php 第 5 行.
NOTIC: [2] htmlspecialchars() expects parameter 2 to be long, string given D:\trunk\frame\Common\common.php 第 110 行.
SQL: SHOW COLUMNS FROM `qd_device` [ RunTime:0.004000s ]
SQL: SELECT DISTINCT  `device_no` FROM `qd_device` WHERE ( `device_no` LIKE '%%' )  [ RunTime:0.005000s ]

[ 2014-08-25T13:59:28+08:00 ] 127.0.0.1 /gas_station_erp/index.php/channel/Place/placenameBlurrySelect
INFO: [ app_begin ] --START--
INFO: ReadHtmlCache Behavior ::run [ RunTime:0.003001s ]
INFO: [ app_begin ] --END-- [ RunTime:0.004001s ]
NOTIC: [2] urldecode() expects parameter 1 to be string, array given D:\trunk\gas_station_erp\Lib\Action\channel\PlaceAction.class.php 第 5 行.
NOTIC: [2] htmlspecialchars() expects parameter 2 to be long, string given D:\trunk\frame\Common\common.php 第 110 行.
SQL: SHOW COLUMNS FROM `qd_place` [ RunTime:0.004000s ]
SQL: SELECT DISTINCT  `place_name` FROM `qd_place` WHERE ( `place_name` LIKE '%%' )  [ RunTime:0.003000s ]

[ 2014-08-25T13:59:28+08:00 ] 127.0.0.1 /gas_station_erp/index.php/channel/Place/placenameBlurrySelect
INFO: [ app_begin ] --START--
INFO: ReadHtmlCache Behavior ::run [ RunTime:0.000000s ]
INFO: [ app_begin ] --END-- [ RunTime:0.000000s ]
NOTIC: [2] urldecode() expects parameter 1 to be string, array given D:\trunk\gas_station_erp\Lib\Action\channel\PlaceAction.class.php 第 5 行.
NOTIC: [2] htmlspecialchars() expects parameter 2 to be long, string given D:\trunk\frame\Common\common.php 第 110 行.
SQL: SHOW COLUMNS FROM `qd_place` [ RunTime:0.004000s ]
SQL: SELECT DISTINCT  `place_name` FROM `qd_place` WHERE ( `place_name` LIKE '%%' )  [ RunTime:0.004001s ]

[ 2014-08-25T13:59:30+08:00 ] 127.0.0.1 /gas_station_erp/index.php/monitoring/Index/getProvinceCity
NOTIC: [2] htmlspecialchars() expects parameter 2 to be long, string given D:\trunk\frame\Lib\Core\App.class.php 第 56 行.
INFO: [ app_begin ] --START--
INFO: ReadHtmlCache Behavior ::run [ RunTime:0.001000s ]
INFO: [ app_begin ] --END-- [ RunTime:0.001000s ]
NOTIC: [8] Undefined index: orgid D:\trunk\gas_station_erp\Lib\Action\monitoring\IndexAction.class.php 第 17 行.
SQL: SELECT MAX(monitor_no) monitor_no FROM dev_monitor [ RunTime:0.003000s ]
SQL: 
				SELECT b.province,b.city,COUNT(*) count FROM dev_monitor a
				LEFT JOIN qd_device b ON a.dev_no = b.device_no
				WHERE
				a.monitor_no = 87
				AND a.unfind <> 1 AND a.dev_no_begin_time <>1
				GROUP BY b.province,b.city
				ORDER BY b.province,b.city
				 [ RunTime:0.016001s ]
NOTIC: [8] Undefined index: orgid D:\trunk\gas_station_erp\Lib\Action\monitoring\IndexAction.class.php 第 268 行.
SQL: 
				SELECT b.area_id
				FROM qd_agent_area a
				LEFT JOIN bi_area b ON a.area_id = b.area_id
				
				UNION
				SELECT area_id
				FROM bi_area
				WHERE level = 1
				AND area_id IN(
					SELECT b.pid
					FROM qd_agent_area a
					LEFT JOIN bi_area b ON a.area_id = b.area_id
					
				)
				 [ RunTime:0.007000s ]
NOTIC: [8] Undefined variable: where D:\trunk\gas_station_erp\Lib\Action\monitoring\IndexAction.class.php 第 269 行.
SQL: 
		SELECT area_id,area_name,pid,level,0 count
		FROM bi_area a
		 where area_id IN (5,16,23,17,183,88,87,68) 
		 [ RunTime:0.001000s ]
NOTIC: [8] Undefined index: orgid D:\trunk\gas_station_erp\Lib\Action\monitoring\IndexAction.class.php 第 285 行.

[ 2014-08-25T13:59:30+08:00 ] 127.0.0.1 /gas_station_erp/index.php/channel/Device/devicemacBlurrySelect
INFO: [ app_begin ] --START--
INFO: ReadHtmlCache Behavior ::run [ RunTime:0.001000s ]
INFO: [ app_begin ] --END-- [ RunTime:0.001000s ]
NOTIC: [2] urldecode() expects parameter 1 to be string, array given D:\trunk\gas_station_erp\Lib\Action\channel\DeviceAction.class.php 第 5 行.
NOTIC: [2] htmlspecialchars() expects parameter 2 to be long, string given D:\trunk\frame\Common\common.php 第 110 行.
SQL: SHOW COLUMNS FROM `qd_device` [ RunTime:0.004000s ]
SQL: SELECT DISTINCT  `MAC` FROM `qd_device` WHERE ( `MAC` LIKE '%%' )  [ RunTime:0.007000s ]

[ 2014-08-25T13:59:30+08:00 ] 127.0.0.1 /gas_station_erp/index.php/channel/Place/placenameBlurrySelect
INFO: [ app_begin ] --START--
INFO: ReadHtmlCache Behavior ::run [ RunTime:0.002000s ]
INFO: [ app_begin ] --END-- [ RunTime:0.002000s ]
NOTIC: [2] urldecode() expects parameter 1 to be string, array given D:\trunk\gas_station_erp\Lib\Action\channel\PlaceAction.class.php 第 5 行.
NOTIC: [2] htmlspecialchars() expects parameter 2 to be long, string given D:\trunk\frame\Common\common.php 第 110 行.
SQL: SHOW COLUMNS FROM `qd_place` [ RunTime:0.004000s ]
SQL: SELECT DISTINCT  `place_name` FROM `qd_place` WHERE ( `place_name` LIKE '%%' )  [ RunTime:0.004000s ]

[ 2014-08-25T13:59:30+08:00 ] 127.0.0.1 /gas_station_erp/index.php/channel/Channel/channelnameBlurrySelect
INFO: [ app_begin ] --START--
INFO: ReadHtmlCache Behavior ::run [ RunTime:0.002000s ]
INFO: [ app_begin ] --END-- [ RunTime:0.002000s ]
NOTIC: [2] urldecode() expects parameter 1 to be string, array given D:\trunk\gas_station_erp\Lib\Action\channel\ChannelAction.class.php 第 6 行.
NOTIC: [2] htmlspecialchars() expects parameter 2 to be long, string given D:\trunk\frame\Common\common.php 第 110 行.
SQL: 
				SELECT channel_name title FROM qd_channel WHERE channel_name LIKE '%%' AND isDelete = 0
				 [ RunTime:0.002001s ]

[ 2014-08-25T13:59:30+08:00 ] 127.0.0.1 /gas_station_erp/index.php/channel/Device/deviceAddress
INFO: [ app_begin ] --START--
INFO: ReadHtmlCache Behavior ::run [ RunTime:0.000000s ]
INFO: [ app_begin ] --END-- [ RunTime:0.001000s ]
NOTIC: [2] urldecode() expects parameter 1 to be string, array given D:\trunk\gas_station_erp\Lib\Action\channel\DeviceAction.class.php 第 5 行.
NOTIC: [2] htmlspecialchars() expects parameter 2 to be long, string given D:\trunk\frame\Common\common.php 第 110 行.
SQL: SHOW COLUMNS FROM `qd_device` [ RunTime:0.004000s ]
SQL: SELECT DISTINCT  `address` FROM `qd_device` WHERE ( `address` LIKE '%%' )  [ RunTime:0.005000s ]

[ 2014-08-25T13:59:30+08:00 ] 127.0.0.1 /gas_station_erp/index.php/channel/Device/devicenoBlurrySelect
INFO: [ app_begin ] --START--
INFO: ReadHtmlCache Behavior ::run [ RunTime:0.001001s ]
INFO: [ app_begin ] --END-- [ RunTime:0.001001s ]
NOTIC: [2] urldecode() expects parameter 1 to be string, array given D:\trunk\gas_station_erp\Lib\Action\channel\DeviceAction.class.php 第 5 行.
NOTIC: [2] htmlspecialchars() expects parameter 2 to be long, string given D:\trunk\frame\Common\common.php 第 110 行.
SQL: SHOW COLUMNS FROM `qd_device` [ RunTime:0.003000s ]
SQL: SELECT DISTINCT  `device_no` FROM `qd_device` WHERE ( `device_no` LIKE '%%' )  [ RunTime:0.004000s ]

[ 2014-08-25T13:59:30+08:00 ] 127.0.0.1 /gas_station_erp/index.php/channel/Place/placenameBlurrySelect
INFO: [ app_begin ] --START--
INFO: ReadHtmlCache Behavior ::run [ RunTime:0.000000s ]
INFO: [ app_begin ] --END-- [ RunTime:0.001000s ]
NOTIC: [2] urldecode() expects parameter 1 to be string, array given D:\trunk\gas_station_erp\Lib\Action\channel\PlaceAction.class.php 第 5 行.
NOTIC: [2] htmlspecialchars() expects parameter 2 to be long, string given D:\trunk\frame\Common\common.php 第 110 行.
SQL: SHOW COLUMNS FROM `qd_place` [ RunTime:0.003000s ]
SQL: SELECT DISTINCT  `place_name` FROM `qd_place` WHERE ( `place_name` LIKE '%%' )  [ RunTime:0.002001s ]

[ 2014-08-25T13:59:30+08:00 ] 127.0.0.1 /gas_station_erp/index.php/channel/Channel/channelnameBlurrySelect
INFO: [ app_begin ] --START--
INFO: ReadHtmlCache Behavior ::run [ RunTime:0.001000s ]
INFO: [ app_begin ] --END-- [ RunTime:0.001000s ]
NOTIC: [2] urldecode() expects parameter 1 to be string, array given D:\trunk\gas_station_erp\Lib\Action\channel\ChannelAction.class.php 第 6 行.
NOTIC: [2] htmlspecialchars() expects parameter 2 to be long, string given D:\trunk\frame\Common\common.php 第 110 行.
SQL: 
				SELECT channel_name title FROM qd_channel WHERE channel_name LIKE '%%' AND isDelete = 0
				 [ RunTime:0.002001s ]

[ 2014-08-25T13:59:33+08:00 ] 127.0.0.1 /gas_station_erp/index.php/monitoring/Index/getProvinceCity
NOTIC: [2] htmlspecialchars() expects parameter 2 to be long, string given D:\trunk\frame\Lib\Core\App.class.php 第 56 行.
INFO: [ app_begin ] --START--
INFO: ReadHtmlCache Behavior ::run [ RunTime:0.000000s ]
INFO: [ app_begin ] --END-- [ RunTime:0.001000s ]
NOTIC: [8] Undefined index: orgid D:\trunk\gas_station_erp\Lib\Action\monitoring\IndexAction.class.php 第 17 行.
SQL: SELECT MAX(monitor_no) monitor_no FROM dev_monitor [ RunTime:0.003000s ]
SQL: 
				SELECT b.province,b.city,COUNT(*) count FROM dev_monitor a
				LEFT JOIN qd_device b ON a.dev_no = b.device_no
				WHERE
				a.monitor_no = 87
				AND a.unfind <> 1 AND a.dev_no_begin_time <>1
				GROUP BY b.province,b.city
				ORDER BY b.province,b.city
				 [ RunTime:0.016001s ]
NOTIC: [8] Undefined index: orgid D:\trunk\gas_station_erp\Lib\Action\monitoring\IndexAction.class.php 第 268 行.
SQL: 
				SELECT b.area_id
				FROM qd_agent_area a
				LEFT JOIN bi_area b ON a.area_id = b.area_id
				
				UNION
				SELECT area_id
				FROM bi_area
				WHERE level = 1
				AND area_id IN(
					SELECT b.pid
					FROM qd_agent_area a
					LEFT JOIN bi_area b ON a.area_id = b.area_id
					
				)
				 [ RunTime:0.006001s ]
NOTIC: [8] Undefined variable: where D:\trunk\gas_station_erp\Lib\Action\monitoring\IndexAction.class.php 第 269 行.
SQL: 
		SELECT area_id,area_name,pid,level,0 count
		FROM bi_area a
		 where area_id IN (5,16,23,17,183,88,87,68) 
		 [ RunTime:0.001000s ]
NOTIC: [8] Undefined index: orgid D:\trunk\gas_station_erp\Lib\Action\monitoring\IndexAction.class.php 第 285 行.

[ 2014-08-25T13:59:33+08:00 ] 127.0.0.1 /gas_station_erp/index.php/channel/Place/placenameBlurrySelect
INFO: [ app_begin ] --START--
INFO: ReadHtmlCache Behavior ::run [ RunTime:0.000000s ]
INFO: [ app_begin ] --END-- [ RunTime:0.000000s ]
NOTIC: [2] urldecode() expects parameter 1 to be string, array given D:\trunk\gas_station_erp\Lib\Action\channel\PlaceAction.class.php 第 5 行.
NOTIC: [2] htmlspecialchars() expects parameter 2 to be long, string given D:\trunk\frame\Common\common.php 第 110 行.
SQL: SHOW COLUMNS FROM `qd_place` [ RunTime:0.004000s ]
SQL: SELECT DISTINCT  `place_name` FROM `qd_place` WHERE ( `place_name` LIKE '%%' )  [ RunTime:0.004000s ]

[ 2014-08-25T13:59:33+08:00 ] 127.0.0.1 /gas_station_erp/index.php/channel/Channel/channelnameBlurrySelect
INFO: [ app_begin ] --START--
INFO: ReadHtmlCache Behavior ::run [ RunTime:0.001000s ]
INFO: [ app_begin ] --END-- [ RunTime:0.001000s ]
NOTIC: [2] urldecode() expects parameter 1 to be string, array given D:\trunk\gas_station_erp\Lib\Action\channel\ChannelAction.class.php 第 6 行.
NOTIC: [2] htmlspecialchars() expects parameter 2 to be long, string given D:\trunk\frame\Common\common.php 第 110 行.
SQL: 
				SELECT channel_name title FROM qd_channel WHERE channel_name LIKE '%%' AND isDelete = 0
				 [ RunTime:0.003000s ]

[ 2014-08-25T13:59:33+08:00 ] 127.0.0.1 /gas_station_erp/index.php/channel/Device/deviceAddress
INFO: [ app_begin ] --START--
INFO: ReadHtmlCache Behavior ::run [ RunTime:0.004000s ]
INFO: [ app_begin ] --END-- [ RunTime:0.004000s ]
NOTIC: [2] urldecode() expects parameter 1 to be string, array given D:\trunk\gas_station_erp\Lib\Action\channel\DeviceAction.class.php 第 5 行.
NOTIC: [2] htmlspecialchars() expects parameter 2 to be long, string given D:\trunk\frame\Common\common.php 第 110 行.
SQL: SHOW COLUMNS FROM `qd_device` [ RunTime:0.004001s ]
SQL: SELECT DISTINCT  `address` FROM `qd_device` WHERE ( `address` LIKE '%%' )  [ RunTime:0.007000s ]

[ 2014-08-25T13:59:33+08:00 ] 127.0.0.1 /gas_station_erp/index.php/channel/Place/placenameBlurrySelect
INFO: [ app_begin ] --START--
INFO: ReadHtmlCache Behavior ::run [ RunTime:0.001000s ]
INFO: [ app_begin ] --END-- [ RunTime:0.001000s ]
NOTIC: [2] urldecode() expects parameter 1 to be string, array given D:\trunk\gas_station_erp\Lib\Action\channel\PlaceAction.class.php 第 5 行.
NOTIC: [2] htmlspecialchars() expects parameter 2 to be long, string given D:\trunk\frame\Common\common.php 第 110 行.
SQL: SHOW COLUMNS FROM `qd_place` [ RunTime:0.003001s ]
SQL: SELECT DISTINCT  `place_name` FROM `qd_place` WHERE ( `place_name` LIKE '%%' )  [ RunTime:0.004000s ]

[ 2014-08-25T13:59:33+08:00 ] 127.0.0.1 /gas_station_erp/index.php/channel/Device/devicemacBlurrySelect
INFO: [ app_begin ] --START--
INFO: ReadHtmlCache Behavior ::run [ RunTime:0.001000s ]
INFO: [ app_begin ] --END-- [ RunTime:0.002001s ]
NOTIC: [2] urldecode() expects parameter 1 to be string, array given D:\trunk\gas_station_erp\Lib\Action\channel\DeviceAction.class.php 第 5 行.
NOTIC: [2] htmlspecialchars() expects parameter 2 to be long, string given D:\trunk\frame\Common\common.php 第 110 行.
SQL: SHOW COLUMNS FROM `qd_device` [ RunTime:0.004001s ]
SQL: SELECT DISTINCT  `MAC` FROM `qd_device` WHERE ( `MAC` LIKE '%%' )  [ RunTime:0.006000s ]

[ 2014-08-25T13:59:33+08:00 ] 127.0.0.1 /gas_station_erp/index.php/channel/Device/devicenoBlurrySelect
INFO: [ app_begin ] --START--
INFO: ReadHtmlCache Behavior ::run [ RunTime:0.000000s ]
INFO: [ app_begin ] --END-- [ RunTime:0.000000s ]
NOTIC: [2] urldecode() expects parameter 1 to be string, array given D:\trunk\gas_station_erp\Lib\Action\channel\DeviceAction.class.php 第 5 行.
NOTIC: [2] htmlspecialchars() expects parameter 2 to be long, string given D:\trunk\frame\Common\common.php 第 110 行.
SQL: SHOW COLUMNS FROM `qd_device` [ RunTime:0.003000s ]
SQL: SELECT DISTINCT  `device_no` FROM `qd_device` WHERE ( `device_no` LIKE '%%' )  [ RunTime:0.005000s ]

[ 2014-08-25T13:59:33+08:00 ] 127.0.0.1 /gas_station_erp/index.php/channel/Channel/channelnameBlurrySelect
INFO: [ app_begin ] --START--
INFO: ReadHtmlCache Behavior ::run [ RunTime:0.001000s ]
INFO: [ app_begin ] --END-- [ RunTime:0.002000s ]
NOTIC: [2] urldecode() expects parameter 1 to be string, array given D:\trunk\gas_station_erp\Lib\Action\channel\ChannelAction.class.php 第 6 行.
NOTIC: [2] htmlspecialchars() expects parameter 2 to be long, string given D:\trunk\frame\Common\common.php 第 110 行.
SQL: 
				SELECT channel_name title FROM qd_channel WHERE channel_name LIKE '%%' AND isDelete = 0
				 [ RunTime:0.002000s ]

[ 2014-08-25T13:59:34+08:00 ] 127.0.0.1 /gas_station_erp/index.php/channel//gas_station_erp/gas_station_erp/Tpl/channel/Public/css/configuration.css
ERR: 无法加载模块:gas_station_erp

[ 2014-08-25T13:59:34+08:00 ] 127.0.0.1 /gas_station_erp/index.php/channel/Channel/getProvince
INFO: [ app_begin ] --START--
INFO: ReadHtmlCache Behavior ::run [ RunTime:0.001000s ]
INFO: [ app_begin ] --END-- [ RunTime:0.001000s ]
NOTIC: [2] urldecode() expects parameter 1 to be string, array given D:\trunk\gas_station_erp\Lib\Action\channel\ChannelAction.class.php 第 6 行.
SQL: select area_id,area_name from bi_area where pid=0 [ RunTime:0.001000s ]

[ 2014-08-25T13:59:36+08:00 ] 127.0.0.1 /gas_station_erp/index.php/channel/Channel/getProvince
INFO: [ app_begin ] --START--
INFO: ReadHtmlCache Behavior ::run [ RunTime:0.001000s ]
INFO: [ app_begin ] --END-- [ RunTime:0.001000s ]
NOTIC: [2] urldecode() expects parameter 1 to be string, array given D:\trunk\gas_station_erp\Lib\Action\channel\ChannelAction.class.php 第 6 行.
SQL: select area_id,area_name from bi_area where pid=0 [ RunTime:0.001000s ]

[ 2014-08-25T13:59:41+08:00 ] 127.0.0.1 /gas_station_erp/index.php/channel/Channel/getProvince
INFO: [ app_begin ] --START--
INFO: ReadHtmlCache Behavior ::run [ RunTime:0.000000s ]
INFO: [ app_begin ] --END-- [ RunTime:0.000000s ]
NOTIC: [2] urldecode() expects parameter 1 to be string, array given D:\trunk\gas_station_erp\Lib\Action\channel\ChannelAction.class.php 第 6 行.
SQL: select area_id,area_name from bi_area where pid=0 [ RunTime:0.000000s ]

[ 2014-08-25T13:59:44+08:00 ] 127.0.0.1 /gas_station_erp/index.php/channel//gas_station_erp/gas_station_erp/Tpl/channel/Public/css/configuration.css
ERR: 无法加载模块:gas_station_erp

[ 2014-08-25T13:59:44+08:00 ] 127.0.0.1 /gas_station_erp/index.php/channel/Channel/getProvince
INFO: [ app_begin ] --START--
INFO: ReadHtmlCache Behavior ::run [ RunTime:0.001000s ]
INFO: [ app_begin ] --END-- [ RunTime:0.001000s ]
NOTIC: [2] urldecode() expects parameter 1 to be string, array given D:\trunk\gas_station_erp\Lib\Action\channel\ChannelAction.class.php 第 6 行.
SQL: select area_id,area_name from bi_area where pid=0 [ RunTime:0.001000s ]

[ 2014-08-25T13:59:58+08:00 ] 127.0.0.1 /gas_station_erp/index.php/channel/Channel/getProvince
INFO: [ app_begin ] --START--
INFO: ReadHtmlCache Behavior ::run [ RunTime:0.001000s ]
INFO: [ app_begin ] --END-- [ RunTime:0.001000s ]
NOTIC: [2] urldecode() expects parameter 1 to be string, array given D:\trunk\gas_station_erp\Lib\Action\channel\ChannelAction.class.php 第 6 行.
SQL: select area_id,area_name from bi_area where pid=0 [ RunTime:0.001000s ]

[ 2014-08-25T14:00:06+08:00 ] 127.0.0.1 /gas_station_erp/index.php/channel/Channel/getProvince
INFO: [ app_begin ] --START--
INFO: ReadHtmlCache Behavior ::run [ RunTime:0.000000s ]
INFO: [ app_begin ] --END-- [ RunTime:0.000000s ]
NOTIC: [2] urldecode() expects parameter 1 to be string, array given D:\trunk\gas_station_erp\Lib\Action\channel\ChannelAction.class.php 第 6 行.
SQL: select area_id,area_name from bi_area where pid=0 [ RunTime:0.001000s ]

[ 2014-08-25T14:03:45+08:00 ] 127.0.0.1 /gas_station_erp/index.php/Login/login
NOTIC: [2] htmlspecialchars() expects parameter 2 to be long, string given D:\trunk\frame\Lib\Core\App.class.php 第 56 行.
NOTIC: [2] htmlspecialchars() expects parameter 2 to be long, string given D:\trunk\frame\Lib\Core\App.class.php 第 56 行.
NOTIC: [2] htmlspecialchars() expects parameter 2 to be long, string given D:\trunk\frame\Lib\Core\App.class.php 第 56 行.
NOTIC: [2] htmlspecialchars() expects parameter 2 to be long, string given D:\trunk\frame\Lib\Core\App.class.php 第 56 行.
NOTIC: [2] htmlspecialchars() expects parameter 2 to be long, string given D:\trunk\frame\Lib\Core\App.class.php 第 56 行.
INFO: [ app_begin ] --START--
INFO: ReadHtmlCache Behavior ::run [ RunTime:0.001000s ]
INFO: [ app_begin ] --END-- [ RunTime:0.002000s ]
SQL: SELECT url FROM bi_menu [ RunTime:0.001001s ]

[ 2014-08-25T14:03:56+08:00 ] 127.0.0.1 /gas_station_erp/index.php/channel//gas_station_erp/gas_station_erp/Tpl/channel/Public/css/configuration.css
ERR: 无法加载模块:gas_station_erp

[ 2014-08-25T14:03:56+08:00 ] 127.0.0.1 /gas_station_erp/index.php/channel/Channel/getProvince
INFO: [ app_begin ] --START--
INFO: ReadHtmlCache Behavior ::run [ RunTime:0.000000s ]
INFO: [ app_begin ] --END-- [ RunTime:0.000000s ]
NOTIC: [2] urldecode() expects parameter 1 to be string, array given D:\trunk\gas_station_erp\Lib\Action\channel\ChannelAction.class.php 第 6 行.
SQL: select area_id,area_name from bi_area where pid=0 [ RunTime:0.001000s ]

[ 2014-08-25T14:04:00+08:00 ] 127.0.0.1 /gas_station_erp/index.php/channel/Channel/getProvince
INFO: [ app_begin ] --START--
INFO: ReadHtmlCache Behavior ::run [ RunTime:0.002000s ]
INFO: [ app_begin ] --END-- [ RunTime:0.002000s ]
NOTIC: [2] urldecode() expects parameter 1 to be string, array given D:\trunk\gas_station_erp\Lib\Action\channel\ChannelAction.class.php 第 6 行.
SQL: select area_id,area_name from bi_area where pid=0 [ RunTime:0.001000s ]

[ 2014-08-25T14:04:02+08:00 ] 127.0.0.1 /gas_station_erp/index.php/channel/Channel/getProvince
INFO: [ app_begin ] --START--
INFO: ReadHtmlCache Behavior ::run [ RunTime:0.000000s ]
INFO: [ app_begin ] --END-- [ RunTime:0.000000s ]
NOTIC: [2] urldecode() expects parameter 1 to be string, array given D:\trunk\gas_station_erp\Lib\Action\channel\ChannelAction.class.php 第 6 行.
SQL: select area_id,area_name from bi_area where pid=0 [ RunTime:0.001000s ]

[ 2014-08-25T14:04:03+08:00 ] 127.0.0.1 /gas_station_erp/index.php/channel/Device/deviceLogSelect?device_id=922
NOTIC: [2] htmlspecialchars() expects parameter 2 to be long, string given D:\trunk\frame\Lib\Core\App.class.php 第 57 行.
INFO: [ app_begin ] --START--
INFO: ReadHtmlCache Behavior ::run [ RunTime:0.001000s ]
INFO: [ app_begin ] --END-- [ RunTime:0.001000s ]
NOTIC: [2] urldecode() expects parameter 1 to be string, array given D:\trunk\gas_station_erp\Lib\Action\channel\DeviceAction.class.php 第 5 行.
NOTIC: [2] htmlspecialchars() expects parameter 2 to be long, string given D:\trunk\frame\Common\common.php 第 110 行.
NOTIC: [2] htmlspecialchars() expects parameter 2 to be long, string given D:\trunk\frame\Common\common.php 第 110 行.
SQL: select a.logs_id, a.userid, a.timestamp, a.option_type from qd_logs_option a where a.option_id='922' and 
			a.option_name='device' [ RunTime:0.003000s ]
SQL: select a.option_descrption from qd_logs_option_description a where a.option_log_id=2185 [ RunTime:0.002000s ]
SQL: select a.option_descrption from qd_logs_option_description a where a.option_log_id=2186 [ RunTime:0.001000s ]

[ 2014-08-25T14:05:10+08:00 ] 127.0.0.1 /gas_station_erp/index.php/channel/Channel/getProvince
INFO: [ app_begin ] --START--
INFO: ReadHtmlCache Behavior ::run [ RunTime:0.000000s ]
INFO: [ app_begin ] --END-- [ RunTime:0.000000s ]
NOTIC: [2] urldecode() expects parameter 1 to be string, array given D:\trunk\gas_station_erp\Lib\Action\channel\ChannelAction.class.php 第 6 行.
SQL: select area_id,area_name from bi_area where pid=0 [ RunTime:0.001000s ]

[ 2014-08-25T14:05:45+08:00 ] 127.0.0.1 /gas_station_erp/index.php/channel/Channel/getProvince
INFO: [ app_begin ] --START--
INFO: ReadHtmlCache Behavior ::run [ RunTime:0.001000s ]
INFO: [ app_begin ] --END-- [ RunTime:0.001000s ]
NOTIC: [2] urldecode() expects parameter 1 to be string, array given D:\trunk\gas_station_erp\Lib\Action\channel\ChannelAction.class.php 第 6 行.
SQL: select area_id,area_name from bi_area where pid=0 [ RunTime:0.001000s ]

