[ 2014-06-25T09:17:38+08:00 ] 192.168.0.65 /gas_station_erp/index.php/configuration//gas_station_erp/gas_station_erp/Tpl/configuration/Public/css/configuration.css
ERR: 无法加载模块:gas_station_erp

[ 2014-06-25T09:17:43+08:00 ] 192.168.0.65 /gas_station_erp/index.php/configuration//gas_station_erp/gas_station_erp/Tpl/configuration/Public/css/configuration.css
ERR: 无法加载模块:gas_station_erp

[ 2014-06-25T09:17:55+08:00 ] 192.168.0.65 /gas_station_erp/index.php/Login/login
NOTIC: [2] htmlspecialchars() expects parameter 2 to be long, string given D:\trunk\frame\Lib\Core\App.class.php 第 56 行.
NOTIC: [2] htmlspecialchars() expects parameter 2 to be long, string given D:\trunk\frame\Lib\Core\App.class.php 第 56 行.
NOTIC: [2] htmlspecialchars() expects parameter 2 to be long, string given D:\trunk\frame\Lib\Core\App.class.php 第 56 行.
NOTIC: [2] htmlspecialchars() expects parameter 2 to be long, string given D:\trunk\frame\Lib\Core\App.class.php 第 56 行.
NOTIC: [2] htmlspecialchars() expects parameter 2 to be long, string given D:\trunk\frame\Lib\Core\App.class.php 第 56 行.
INFO: [ app_begin ] --START--
INFO: ReadHtmlCache Behavior ::run [ RunTime:0.001000s ]
INFO: [ app_begin ] --END-- [ RunTime:0.001000s ]
SQL: SELECT url FROM bi_menu [ RunTime:0.002000s ]

[ 2014-06-25T09:17:55+08:00 ] 192.168.0.65 /gas_station_erp/index.php/configuration//gas_station_erp/gas_station_erp/Tpl/configuration/Public/css/configuration.css
ERR: 无法加载模块:gas_station_erp

[ 2014-06-25T09:17:57+08:00 ] 192.168.0.65 /gas_station_erp/index.php/ad/Index/index
ERR: 无法加载模块:ad

[ 2014-06-25T09:18:01+08:00 ] 192.168.0.65 /gas_station_erp/index.php/configuration/Org/show_org_tree
INFO: [ app_begin ] --START--
INFO: ReadHtmlCache Behavior ::run [ RunTime:0.001000s ]
INFO: [ app_begin ] --END-- [ RunTime:0.002001s ]
NOTIC: [2] urldecode() expects parameter 1 to be string, array given D:\trunk\gas_station_erp\Lib\Action\configuration\OrgAction.class.php 第 4 行.
SQL: select * from qd_agent a where a.isDelete=0 [ RunTime:0.002000s ]

[ 2014-06-25T09:18:41+08:00 ] 192.168.0.65 /gas_station_erp/index.php/configuration/Org/orgDetailSelect?agent_id=19
NOTIC: [2] htmlspecialchars() expects parameter 2 to be long, string given D:\trunk\frame\Lib\Core\App.class.php 第 57 行.
INFO: [ app_begin ] --START--
INFO: ReadHtmlCache Behavior ::run [ RunTime:0.001000s ]
INFO: [ app_begin ] --END-- [ RunTime:0.001000s ]
NOTIC: [2] urldecode() expects parameter 1 to be string, array given D:\trunk\gas_station_erp\Lib\Action\configuration\OrgAction.class.php 第 4 行.
NOTIC: [2] htmlspecialchars() expects parameter 2 to be long, string given D:\trunk\frame\Common\common.php 第 110 行.
NOTIC: [2] htmlspecialchars() expects parameter 2 to be long, string given D:\trunk\frame\Common\common.php 第 110 行.
SQL: SELECT * FROM qd_agent a WHERE ( a.agent_id=19 )  [ RunTime:0.002000s ]
SQL: select agent_name from qd_agent where agent_id=1 [ RunTime:0.001000s ]
SQL: select area_id from qd_agent_area where agent_id=19 [ RunTime:0.002000s ]
SQL: select area_name from bi_area where area_id=5 [ RunTime:0.001000s ]

[ 2014-06-25T09:18:46+08:00 ] 192.168.0.65 /gas_station_erp/index.php/configuration/Org/show_org_tree
INFO: [ app_begin ] --START--
INFO: ReadHtmlCache Behavior ::run [ RunTime:0.001000s ]
INFO: [ app_begin ] --END-- [ RunTime:0.001000s ]
NOTIC: [2] urldecode() expects parameter 1 to be string, array given D:\trunk\gas_station_erp\Lib\Action\configuration\OrgAction.class.php 第 4 行.
SQL: select * from qd_agent a where a.isDelete=0 [ RunTime:0.002000s ]

[ 2014-06-25T09:18:56+08:00 ] 192.168.0.65 /gas_station_erp/index.php/configuration/Org/show_org_tree
INFO: [ app_begin ] --START--
INFO: ReadHtmlCache Behavior ::run [ RunTime:0.001000s ]
INFO: [ app_begin ] --END-- [ RunTime:0.001000s ]
NOTIC: [2] urldecode() expects parameter 1 to be string, array given D:\trunk\gas_station_erp\Lib\Action\configuration\OrgAction.class.php 第 4 行.
SQL: select * from qd_agent a where a.isDelete=0 [ RunTime:0.002000s ]

[ 2014-06-25T09:18:57+08:00 ] 192.168.0.65 /gas_station_erp/index.php/configuration/Role/show_all_role
INFO: [ app_begin ] --START--
INFO: ReadHtmlCache Behavior ::run [ RunTime:0.000000s ]
INFO: [ app_begin ] --END-- [ RunTime:0.000000s ]
NOTIC: [2] urldecode() expects parameter 1 to be string, array given D:\trunk\gas_station_erp\Lib\Action\configuration\RoleAction.class.php 第 4 行.
SQL: select * from bi_role where del_flag=0 [ RunTime:0.001000s ]

[ 2014-06-25T09:18:59+08:00 ] 192.168.0.65 /gas_station_erp/index.php/configuration/Org/show_org_tree
INFO: [ app_begin ] --START--
INFO: ReadHtmlCache Behavior ::run [ RunTime:0.001000s ]
INFO: [ app_begin ] --END-- [ RunTime:0.001000s ]
NOTIC: [2] urldecode() expects parameter 1 to be string, array given D:\trunk\gas_station_erp\Lib\Action\configuration\OrgAction.class.php 第 4 行.
SQL: select * from qd_agent a where a.isDelete=0 [ RunTime:0.002000s ]

[ 2014-06-25T09:19:01+08:00 ] 192.168.0.65 /gas_station_erp/index.php/configuration/Role/show_all_role
INFO: [ app_begin ] --START--
INFO: ReadHtmlCache Behavior ::run [ RunTime:0.000000s ]
INFO: [ app_begin ] --END-- [ RunTime:0.000000s ]
NOTIC: [2] urldecode() expects parameter 1 to be string, array given D:\trunk\gas_station_erp\Lib\Action\configuration\RoleAction.class.php 第 4 行.
SQL: select * from bi_role where del_flag=0 [ RunTime:0.001000s ]

[ 2014-06-25T09:19:05+08:00 ] 192.168.0.65 /gas_station_erp/index.php/configuration/Org/show_org_tree
INFO: [ app_begin ] --START--
INFO: ReadHtmlCache Behavior ::run [ RunTime:0.000000s ]
INFO: [ app_begin ] --END-- [ RunTime:0.000000s ]
NOTIC: [2] urldecode() expects parameter 1 to be string, array given D:\trunk\gas_station_erp\Lib\Action\configuration\OrgAction.class.php 第 4 行.
SQL: select * from qd_agent a where a.isDelete=0 [ RunTime:0.002000s ]

[ 2014-06-25T09:19:09+08:00 ] 192.168.0.65 /gas_station_erp/index.php/configuration/Role/show_all_role
INFO: [ app_begin ] --START--
INFO: ReadHtmlCache Behavior ::run [ RunTime:0.001000s ]
INFO: [ app_begin ] --END-- [ RunTime:0.001000s ]
NOTIC: [2] urldecode() expects parameter 1 to be string, array given D:\trunk\gas_station_erp\Lib\Action\configuration\RoleAction.class.php 第 4 行.
SQL: select * from bi_role where del_flag=0 [ RunTime:0.002000s ]

[ 2014-06-25T09:19:09+08:00 ] 192.168.0.65 /gas_station_erp/index.php/configuration/User/userDetailSelect?user_id=139
NOTIC: [2] htmlspecialchars() expects parameter 2 to be long, string given D:\trunk\frame\Lib\Core\App.class.php 第 57 行.
INFO: [ app_begin ] --START--
INFO: ReadHtmlCache Behavior ::run [ RunTime:0.001000s ]
INFO: [ app_begin ] --END-- [ RunTime:0.001000s ]
NOTIC: [2] urldecode() expects parameter 1 to be string, array given D:\trunk\gas_station_erp\Lib\Action\configuration\UserAction.class.php 第 4 行.
NOTIC: [2] htmlspecialchars() expects parameter 2 to be long, string given D:\trunk\frame\Common\common.php 第 110 行.
NOTIC: [2] htmlspecialchars() expects parameter 2 to be long, string given D:\trunk\frame\Common\common.php 第 110 行.
SQL: SELECT * FROM bi_user a WHERE ( a.uid=139 )  [ RunTime:0.001000s ]
SQL: select agent_name from qd_agent where agent_id=19 [ RunTime:0.001000s ]
SQL: select roleid from bi_user_role where userid=139 [ RunTime:0.001000s ]
SQL: select rolename from bi_role where roleid=10 [ RunTime:0.001000s ]
SQL: select rolename from bi_role where roleid=11 [ RunTime:0.001000s ]
SQL: select rolename from bi_role where roleid=0 [ RunTime:0.001000s ]
NOTIC: [8] Undefined offset: 0 D:\trunk\gas_station_erp\Lib\Action\configuration\UserAction.class.php 第 159 行.

[ 2014-06-25T09:19:13+08:00 ] 192.168.0.65 /gas_station_erp/index.php/configuration/Org/show_org_tree
INFO: [ app_begin ] --START--
INFO: ReadHtmlCache Behavior ::run [ RunTime:0.001000s ]
INFO: [ app_begin ] --END-- [ RunTime:0.001000s ]
NOTIC: [2] urldecode() expects parameter 1 to be string, array given D:\trunk\gas_station_erp\Lib\Action\configuration\OrgAction.class.php 第 4 行.
SQL: select * from qd_agent a where a.isDelete=0 [ RunTime:0.002000s ]

[ 2014-06-25T09:19:15+08:00 ] 192.168.0.65 /gas_station_erp/index.php/configuration/Role/show_all_role
INFO: [ app_begin ] --START--
INFO: ReadHtmlCache Behavior ::run [ RunTime:0.001000s ]
INFO: [ app_begin ] --END-- [ RunTime:0.001000s ]
NOTIC: [2] urldecode() expects parameter 1 to be string, array given D:\trunk\gas_station_erp\Lib\Action\configuration\RoleAction.class.php 第 4 行.
SQL: select * from bi_role where del_flag=0 [ RunTime:0.002000s ]

[ 2014-06-25T09:20:41+08:00 ] 192.168.0.65 /gas_station_erp/index.php/configuration/Org/show_org_tree
INFO: [ app_begin ] --START--
INFO: ReadHtmlCache Behavior ::run [ RunTime:0.000000s ]
INFO: [ app_begin ] --END-- [ RunTime:0.000000s ]
NOTIC: [2] urldecode() expects parameter 1 to be string, array given D:\trunk\gas_station_erp\Lib\Action\configuration\OrgAction.class.php 第 4 行.
SQL: select * from qd_agent a where a.isDelete=0 [ RunTime:0.002000s ]

[ 2014-06-25T09:21:54+08:00 ] 192.168.0.65 /gas_station_erp/index.php/configuration/Org/show_org_tree
INFO: [ app_begin ] --START--
INFO: ReadHtmlCache Behavior ::run [ RunTime:0.001000s ]
INFO: [ app_begin ] --END-- [ RunTime:0.001000s ]
NOTIC: [2] urldecode() expects parameter 1 to be string, array given D:\trunk\gas_station_erp\Lib\Action\configuration\OrgAction.class.php 第 4 行.
SQL: select * from qd_agent a where a.isDelete=0 [ RunTime:0.001000s ]

[ 2014-06-25T09:21:55+08:00 ] 192.168.0.65 /gas_station_erp/index.php/configuration/Role/show_all_role
INFO: [ app_begin ] --START--
INFO: ReadHtmlCache Behavior ::run [ RunTime:0.001000s ]
INFO: [ app_begin ] --END-- [ RunTime:0.001000s ]
NOTIC: [2] urldecode() expects parameter 1 to be string, array given D:\trunk\gas_station_erp\Lib\Action\configuration\RoleAction.class.php 第 4 行.
SQL: select * from bi_role where del_flag=0 [ RunTime:0.001000s ]

[ 2014-06-25T09:22:31+08:00 ] 192.168.0.65 /gas_station_erp/index.php/configuration/Org/show_org_tree
INFO: [ app_begin ] --START--
INFO: ReadHtmlCache Behavior ::run [ RunTime:0.000000s ]
INFO: [ app_begin ] --END-- [ RunTime:0.000000s ]
NOTIC: [2] urldecode() expects parameter 1 to be string, array given D:\trunk\gas_station_erp\Lib\Action\configuration\OrgAction.class.php 第 4 行.
SQL: select * from qd_agent a where a.isDelete=0 [ RunTime:0.002000s ]

[ 2014-06-25T09:22:32+08:00 ] 192.168.0.65 /gas_station_erp/index.php/configuration/Role/show_all_role
INFO: [ app_begin ] --START--
INFO: ReadHtmlCache Behavior ::run [ RunTime:0.001000s ]
INFO: [ app_begin ] --END-- [ RunTime:0.001000s ]
NOTIC: [2] urldecode() expects parameter 1 to be string, array given D:\trunk\gas_station_erp\Lib\Action\configuration\RoleAction.class.php 第 4 行.
SQL: select * from bi_role where del_flag=0 [ RunTime:0.002000s ]

[ 2014-06-25T09:22:34+08:00 ] 192.168.0.65 /gas_station_erp/index.php/configuration/Org/show_org_tree
INFO: [ app_begin ] --START--
INFO: ReadHtmlCache Behavior ::run [ RunTime:0.000000s ]
INFO: [ app_begin ] --END-- [ RunTime:0.000000s ]
NOTIC: [2] urldecode() expects parameter 1 to be string, array given D:\trunk\gas_station_erp\Lib\Action\configuration\OrgAction.class.php 第 4 行.
SQL: select * from qd_agent a where a.isDelete=0 [ RunTime:0.001000s ]

[ 2014-06-25T09:22:37+08:00 ] 192.168.0.65 /gas_station_erp/index.php/configuration/Org/show_org_tree
INFO: [ app_begin ] --START--
INFO: ReadHtmlCache Behavior ::run [ RunTime:0.002001s ]
INFO: [ app_begin ] --END-- [ RunTime:0.002001s ]
NOTIC: [2] urldecode() expects parameter 1 to be string, array given D:\trunk\gas_station_erp\Lib\Action\configuration\OrgAction.class.php 第 4 行.
SQL: select * from qd_agent a where a.isDelete=0 [ RunTime:0.002000s ]

[ 2014-06-25T09:22:38+08:00 ] 192.168.0.65 /gas_station_erp/index.php/configuration/Role/show_all_role
INFO: [ app_begin ] --START--
INFO: ReadHtmlCache Behavior ::run [ RunTime:0.001000s ]
INFO: [ app_begin ] --END-- [ RunTime:0.001000s ]
NOTIC: [2] urldecode() expects parameter 1 to be string, array given D:\trunk\gas_station_erp\Lib\Action\configuration\RoleAction.class.php 第 4 行.
SQL: select * from bi_role where del_flag=0 [ RunTime:0.002000s ]

[ 2014-06-25T09:22:58+08:00 ] 192.168.0.65 /gas_station_erp/index.php/configuration/Org/show_org_tree
INFO: [ app_begin ] --START--
INFO: ReadHtmlCache Behavior ::run [ RunTime:0.001000s ]
INFO: [ app_begin ] --END-- [ RunTime:0.001000s ]
NOTIC: [2] urldecode() expects parameter 1 to be string, array given D:\trunk\gas_station_erp\Lib\Action\configuration\OrgAction.class.php 第 4 行.
SQL: select * from qd_agent a where a.isDelete=0 [ RunTime:0.001000s ]

[ 2014-06-25T09:22:59+08:00 ] 192.168.0.65 /gas_station_erp/index.php/configuration/Role/show_all_role
INFO: [ app_begin ] --START--
INFO: ReadHtmlCache Behavior ::run [ RunTime:0.000000s ]
INFO: [ app_begin ] --END-- [ RunTime:0.000000s ]
NOTIC: [2] urldecode() expects parameter 1 to be string, array given D:\trunk\gas_station_erp\Lib\Action\configuration\RoleAction.class.php 第 4 行.
SQL: select * from bi_role where del_flag=0 [ RunTime:0.001000s ]

[ 2014-06-25T09:23:15+08:00 ] 192.168.0.65 /gas_station_erp/index.php/configuration/Org/show_org_tree
INFO: [ app_begin ] --START--
INFO: ReadHtmlCache Behavior ::run [ RunTime:0.001000s ]
INFO: [ app_begin ] --END-- [ RunTime:0.001000s ]
NOTIC: [2] urldecode() expects parameter 1 to be string, array given D:\trunk\gas_station_erp\Lib\Action\configuration\OrgAction.class.php 第 4 行.
SQL: select * from qd_agent a where a.isDelete=0 [ RunTime:0.001000s ]

[ 2014-06-25T09:23:16+08:00 ] 192.168.0.65 /gas_station_erp/index.php/configuration/Org/show_org_tree
INFO: [ app_begin ] --START--
INFO: ReadHtmlCache Behavior ::run [ RunTime:0.000000s ]
INFO: [ app_begin ] --END-- [ RunTime:0.000000s ]
NOTIC: [2] urldecode() expects parameter 1 to be string, array given D:\trunk\gas_station_erp\Lib\Action\configuration\OrgAction.class.php 第 4 行.
SQL: select * from qd_agent a where a.isDelete=0 [ RunTime:0.002000s ]

[ 2014-06-25T09:23:17+08:00 ] 192.168.0.65 /gas_station_erp/index.php/configuration/Role/show_all_role
INFO: [ app_begin ] --START--
INFO: ReadHtmlCache Behavior ::run [ RunTime:0.001000s ]
INFO: [ app_begin ] --END-- [ RunTime:0.001000s ]
NOTIC: [2] urldecode() expects parameter 1 to be string, array given D:\trunk\gas_station_erp\Lib\Action\configuration\RoleAction.class.php 第 4 行.
SQL: select * from bi_role where del_flag=0 [ RunTime:0.001000s ]

[ 2014-06-25T09:23:26+08:00 ] 192.168.0.65 /gas_station_erp/index.php/configuration/Org/show_org_tree
INFO: [ app_begin ] --START--
INFO: ReadHtmlCache Behavior ::run [ RunTime:0.001000s ]
INFO: [ app_begin ] --END-- [ RunTime:0.001000s ]
NOTIC: [2] urldecode() expects parameter 1 to be string, array given D:\trunk\gas_station_erp\Lib\Action\configuration\OrgAction.class.php 第 4 行.
SQL: select * from qd_agent a where a.isDelete=0 [ RunTime:0.002000s ]

[ 2014-06-25T09:23:28+08:00 ] 192.168.0.65 /gas_station_erp/index.php/configuration/Role/show_all_role
INFO: [ app_begin ] --START--
INFO: ReadHtmlCache Behavior ::run [ RunTime:0.001000s ]
INFO: [ app_begin ] --END-- [ RunTime:0.001000s ]
NOTIC: [2] urldecode() expects parameter 1 to be string, array given D:\trunk\gas_station_erp\Lib\Action\configuration\RoleAction.class.php 第 4 行.
SQL: select * from bi_role where del_flag=0 [ RunTime:0.001000s ]

[ 2014-06-25T09:23:38+08:00 ] 192.168.0.65 /gas_station_erp/index.php/configuration/Org/show_org_tree
INFO: [ app_begin ] --START--
INFO: ReadHtmlCache Behavior ::run [ RunTime:0.000000s ]
INFO: [ app_begin ] --END-- [ RunTime:0.000000s ]
NOTIC: [2] urldecode() expects parameter 1 to be string, array given D:\trunk\gas_station_erp\Lib\Action\configuration\OrgAction.class.php 第 4 行.
SQL: select * from qd_agent a where a.isDelete=0 [ RunTime:0.002000s ]

[ 2014-06-25T09:23:46+08:00 ] 192.168.0.65 /gas_station_erp/index.php/configuration/Role/show_all_role
INFO: [ app_begin ] --START--
INFO: ReadHtmlCache Behavior ::run [ RunTime:0.001000s ]
INFO: [ app_begin ] --END-- [ RunTime:0.001000s ]
NOTIC: [2] urldecode() expects parameter 1 to be string, array given D:\trunk\gas_station_erp\Lib\Action\configuration\RoleAction.class.php 第 4 行.
SQL: select * from bi_role where del_flag=0 [ RunTime:0.002000s ]

[ 2014-06-25T09:24:10+08:00 ] 192.168.0.65 /gas_station_erp/index.php/configuration/Org/show_org_tree
INFO: [ app_begin ] --START--
INFO: ReadHtmlCache Behavior ::run [ RunTime:0.001000s ]
INFO: [ app_begin ] --END-- [ RunTime:0.001000s ]
NOTIC: [2] urldecode() expects parameter 1 to be string, array given D:\trunk\gas_station_erp\Lib\Action\configuration\OrgAction.class.php 第 4 行.
SQL: select * from qd_agent a where a.isDelete=0 [ RunTime:0.002000s ]

[ 2014-06-25T09:25:44+08:00 ] 192.168.0.65 /gas_station_erp/index.php/configuration/Role/show_all_role
INFO: [ app_begin ] --START--
INFO: ReadHtmlCache Behavior ::run [ RunTime:0.001000s ]
INFO: [ app_begin ] --END-- [ RunTime:0.001000s ]
NOTIC: [2] urldecode() expects parameter 1 to be string, array given D:\trunk\gas_station_erp\Lib\Action\configuration\RoleAction.class.php 第 4 行.
SQL: select * from bi_role where del_flag=0 [ RunTime:0.002000s ]

[ 2014-06-25T09:26:01+08:00 ] 192.168.0.65 /gas_station_erp/index.php/configuration/Org/show_org_tree
INFO: [ app_begin ] --START--
INFO: ReadHtmlCache Behavior ::run [ RunTime:0.000000s ]
INFO: [ app_begin ] --END-- [ RunTime:0.001000s ]
NOTIC: [2] urldecode() expects parameter 1 to be string, array given D:\trunk\gas_station_erp\Lib\Action\configuration\OrgAction.class.php 第 4 行.
SQL: select * from qd_agent a where a.isDelete=0 [ RunTime:0.002000s ]

[ 2014-06-25T09:29:54+08:00 ] 192.168.0.65 /gas_station_erp/index.php/configuration/Org/show_org_tree
INFO: [ app_begin ] --START--
INFO: ReadHtmlCache Behavior ::run [ RunTime:0.000000s ]
INFO: [ app_begin ] --END-- [ RunTime:0.000000s ]
NOTIC: [2] urldecode() expects parameter 1 to be string, array given D:\trunk\gas_station_erp\Lib\Action\configuration\OrgAction.class.php 第 4 行.
SQL: select * from qd_agent a where a.isDelete=0 [ RunTime:0.001000s ]

[ 2014-06-25T09:29:55+08:00 ] 192.168.0.65 /gas_station_erp/index.php/configuration/Role/rolenameBlurrySelect?role_name=
NOTIC: [2] htmlspecialchars() expects parameter 2 to be long, string given D:\trunk\frame\Lib\Core\App.class.php 第 57 行.
INFO: [ app_begin ] --START--
INFO: ReadHtmlCache Behavior ::run [ RunTime:0.000000s ]
INFO: [ app_begin ] --END-- [ RunTime:0.000000s ]
NOTIC: [2] urldecode() expects parameter 1 to be string, array given D:\trunk\gas_station_erp\Lib\Action\configuration\RoleAction.class.php 第 4 行.
NOTIC: [2] htmlspecialchars() expects parameter 2 to be long, string given D:\trunk\frame\Common\common.php 第 110 行.
NOTIC: [2] htmlspecialchars() expects parameter 2 to be long, string given D:\trunk\frame\Common\common.php 第 110 行.
SQL: SHOW COLUMNS FROM `bi_role` [ RunTime:0.001000s ]
SQL: SELECT DISTINCT  `rolename` FROM `bi_role` WHERE ( `rolename` LIKE '%%' )  [ RunTime:0.001000s ]

[ 2014-06-25T09:29:56+08:00 ] 192.168.0.65 /gas_station_erp/index.php/configuration/Org/show_org_tree
INFO: [ app_begin ] --START--
INFO: ReadHtmlCache Behavior ::run [ RunTime:0.001000s ]
INFO: [ app_begin ] --END-- [ RunTime:0.001000s ]
NOTIC: [2] urldecode() expects parameter 1 to be string, array given D:\trunk\gas_station_erp\Lib\Action\configuration\OrgAction.class.php 第 4 行.
SQL: select * from qd_agent a where a.isDelete=0 [ RunTime:0.002000s ]

[ 2014-06-25T09:29:57+08:00 ] 192.168.0.65 /gas_station_erp/index.php/configuration/Org/show_org_tree
INFO: [ app_begin ] --START--
INFO: ReadHtmlCache Behavior ::run [ RunTime:0.001000s ]
INFO: [ app_begin ] --END-- [ RunTime:0.001000s ]
NOTIC: [2] urldecode() expects parameter 1 to be string, array given D:\trunk\gas_station_erp\Lib\Action\configuration\OrgAction.class.php 第 4 行.
SQL: select * from qd_agent a where a.isDelete=0 [ RunTime:0.001000s ]

[ 2014-06-25T09:31:12+08:00 ] 192.168.0.65 /gas_station_erp/index.php/configuration/Org/show_org_tree
INFO: [ app_begin ] --START--
INFO: ReadHtmlCache Behavior ::run [ RunTime:0.000000s ]
INFO: [ app_begin ] --END-- [ RunTime:0.001000s ]
NOTIC: [2] urldecode() expects parameter 1 to be string, array given D:\trunk\gas_station_erp\Lib\Action\configuration\OrgAction.class.php 第 4 行.
SQL: select * from qd_agent a where a.isDelete=0 [ RunTime:0.002000s ]

[ 2014-06-25T09:32:19+08:00 ] 192.168.0.65 /gas_station_erp/index.php/configuration/Org/show_org_tree
INFO: [ app_begin ] --START--
INFO: ReadHtmlCache Behavior ::run [ RunTime:0.001000s ]
INFO: [ app_begin ] --END-- [ RunTime:0.001000s ]
NOTIC: [2] urldecode() expects parameter 1 to be string, array given D:\trunk\gas_station_erp\Lib\Action\configuration\OrgAction.class.php 第 4 行.
SQL: select * from qd_agent a where a.isDelete=0 [ RunTime:0.002000s ]

