[ 2014-07-21T08:48:25+08:00 ] 127.0.0.1 /gas_station_erp/index.php/Login/login
NOTIC: [2] htmlspecialchars() expects parameter 2 to be long, string given D:\trunk\frame\Lib\Core\App.class.php 第 56 行.
NOTIC: [2] htmlspecialchars() expects parameter 2 to be long, string given D:\trunk\frame\Lib\Core\App.class.php 第 56 行.
NOTIC: [2] htmlspecialchars() expects parameter 2 to be long, string given D:\trunk\frame\Lib\Core\App.class.php 第 56 行.
NOTIC: [2] htmlspecialchars() expects parameter 2 to be long, string given D:\trunk\frame\Lib\Core\App.class.php 第 56 行.
NOTIC: [2] htmlspecialchars() expects parameter 2 to be long, string given D:\trunk\frame\Lib\Core\App.class.php 第 56 行.
INFO: [ app_begin ] --START--
INFO: ReadHtmlCache Behavior ::run [ RunTime:0.001000s ]
INFO: [ app_begin ] --END-- [ RunTime:0.001000s ]
SQL: SELECT url FROM bi_menu [ RunTime:0.002000s ]

[ 2014-07-21T08:49:49+08:00 ] 127.0.0.1 /gas_station_erp/index.php/management/Index/getAreaIdByUpdate
NOTIC: [2] htmlspecialchars() expects parameter 2 to be long, string given D:\trunk\frame\Lib\Core\App.class.php 第 56 行.
INFO: [ app_begin ] --START--
INFO: ReadHtmlCache Behavior ::run [ RunTime:0.000000s ]
INFO: [ app_begin ] --END-- [ RunTime:0.000000s ]
SQL: select target_num from app_dev_update where id = '21' [ RunTime:0.001000s ]

[ 2014-07-21T08:49:49+08:00 ] 127.0.0.1 /gas_station_erp/index.php/management/Index/getChannelArr
INFO: [ app_begin ] --START--
INFO: ReadHtmlCache Behavior ::run [ RunTime:0.000000s ]
INFO: [ app_begin ] --END-- [ RunTime:0.000000s ]
NOTIC: [8] Undefined index: orgid D:\trunk\gas_station_erp\Lib\Action\management\IndexAction.class.php 第 594 行.
SQL: 
				SELECT a.channel_id area_id,a.channel_name area_name,a.city pid FROM qd_channel a
				 where 1 
				and a.isDelete = 0
				 [ RunTime:0.003001s ]
SQL: SELECT a.channel_id,a.province,a.city
				FROM qd_channel a
				 where 1 
				GROUP BY a.province
				 [ RunTime:0.002000s ]
SQL: SELECT * FROM bi_area WHERE area_name LIKE '%山东省%' OR CONCAT(area_name,'省') LIKE '山东省' [ RunTime:0.001000s ]
SQL: SELECT * FROM bi_area WHERE area_name LIKE '%山西省%' OR CONCAT(area_name,'省') LIKE '山西省' [ RunTime:0.001000s ]
SQL: SELECT * FROM bi_area WHERE area_name LIKE '%福建省%' OR CONCAT(area_name,'省') LIKE '福建省' [ RunTime:0.002000s ]
SQL: SELECT * FROM bi_area WHERE area_name LIKE '%辽宁省%' OR CONCAT(area_name,'省') LIKE '辽宁省' [ RunTime:0.001000s ]
SQL: SELECT a.channel_id,a.province,a.city FROM
				qd_channel a
				 where 1 
				GROUP BY a.city
				 [ RunTime:0.001000s ]
SQL: SELECT * FROM bi_area WHERE area_name LIKE '%三明市%' OR CONCAT(area_name,'市') LIKE '三明市' [ RunTime:0.002000s ]
SQL: SELECT * FROM bi_area WHERE area_name LIKE '%南平市%' OR CONCAT(area_name,'市') LIKE '南平市' [ RunTime:0.002000s ]
SQL: SELECT * FROM bi_area WHERE area_name LIKE '%大连市%' OR CONCAT(area_name,'市') LIKE '大连市' [ RunTime:0.001000s ]
SQL: SELECT * FROM bi_area WHERE area_name LIKE '%太原市%' OR CONCAT(area_name,'市') LIKE '太原市' [ RunTime:0.001001s ]
SQL: SELECT * FROM bi_area WHERE area_name LIKE '%晋城市%' OR CONCAT(area_name,'市') LIKE '晋城市' [ RunTime:0.002000s ]
SQL: SELECT * FROM bi_area WHERE area_name LIKE '%本溪市%' OR CONCAT(area_name,'市') LIKE '本溪市' [ RunTime:0.002000s ]
SQL: SELECT * FROM bi_area WHERE area_name LIKE '%沈阳市%' OR CONCAT(area_name,'市') LIKE '沈阳市' [ RunTime:0.002000s ]
SQL: SELECT * FROM bi_area WHERE area_name LIKE '%济南市%' OR CONCAT(area_name,'市') LIKE '济南市' [ RunTime:0.002000s ]
SQL: SELECT * FROM bi_area WHERE area_name LIKE '%莆田市%' OR CONCAT(area_name,'市') LIKE '莆田市' [ RunTime:0.006000s ]
SQL: 
				SELECT * FROM bi_area WHERE area_id IN (16,23,17,5,166,169,88,64,68,91,87,183,165)
				 [ RunTime:0.002000s ]

[ 2014-07-21T08:50:12+08:00 ] 127.0.0.1 /gas_station_erp/index.php/management/Index/getChannelArr
INFO: [ app_begin ] --START--
INFO: ReadHtmlCache Behavior ::run [ RunTime:0.000000s ]
INFO: [ app_begin ] --END-- [ RunTime:0.000000s ]
NOTIC: [8] Undefined index: orgid D:\trunk\gas_station_erp\Lib\Action\management\IndexAction.class.php 第 594 行.
SQL: 
				SELECT a.channel_id area_id,a.channel_name area_name,a.city pid FROM qd_channel a
				 where 1 
				and a.isDelete = 0
				 [ RunTime:0.003000s ]
SQL: SELECT a.channel_id,a.province,a.city
				FROM qd_channel a
				 where 1 
				GROUP BY a.province
				 [ RunTime:0.002000s ]
SQL: SELECT * FROM bi_area WHERE area_name LIKE '%山东省%' OR CONCAT(area_name,'省') LIKE '山东省' [ RunTime:0.002001s ]
SQL: SELECT * FROM bi_area WHERE area_name LIKE '%山西省%' OR CONCAT(area_name,'省') LIKE '山西省' [ RunTime:0.001000s ]
SQL: SELECT * FROM bi_area WHERE area_name LIKE '%福建省%' OR CONCAT(area_name,'省') LIKE '福建省' [ RunTime:0.001000s ]
SQL: SELECT * FROM bi_area WHERE area_name LIKE '%辽宁省%' OR CONCAT(area_name,'省') LIKE '辽宁省' [ RunTime:0.002000s ]
SQL: SELECT a.channel_id,a.province,a.city FROM
				qd_channel a
				 where 1 
				GROUP BY a.city
				 [ RunTime:0.002000s ]
SQL: SELECT * FROM bi_area WHERE area_name LIKE '%三明市%' OR CONCAT(area_name,'市') LIKE '三明市' [ RunTime:0.001000s ]
SQL: SELECT * FROM bi_area WHERE area_name LIKE '%南平市%' OR CONCAT(area_name,'市') LIKE '南平市' [ RunTime:0.001000s ]
SQL: SELECT * FROM bi_area WHERE area_name LIKE '%大连市%' OR CONCAT(area_name,'市') LIKE '大连市' [ RunTime:0.002000s ]
SQL: SELECT * FROM bi_area WHERE area_name LIKE '%太原市%' OR CONCAT(area_name,'市') LIKE '太原市' [ RunTime:0.002000s ]
SQL: SELECT * FROM bi_area WHERE area_name LIKE '%晋城市%' OR CONCAT(area_name,'市') LIKE '晋城市' [ RunTime:0.001000s ]
SQL: SELECT * FROM bi_area WHERE area_name LIKE '%本溪市%' OR CONCAT(area_name,'市') LIKE '本溪市' [ RunTime:0.001000s ]
SQL: SELECT * FROM bi_area WHERE area_name LIKE '%沈阳市%' OR CONCAT(area_name,'市') LIKE '沈阳市' [ RunTime:0.002001s ]
SQL: SELECT * FROM bi_area WHERE area_name LIKE '%济南市%' OR CONCAT(area_name,'市') LIKE '济南市' [ RunTime:0.002000s ]
SQL: SELECT * FROM bi_area WHERE area_name LIKE '%莆田市%' OR CONCAT(area_name,'市') LIKE '莆田市' [ RunTime:0.001000s ]
SQL: 
				SELECT * FROM bi_area WHERE area_id IN (16,23,17,5,166,169,88,64,68,91,87,183,165)
				 [ RunTime:0.001000s ]

[ 2014-07-21T08:50:46+08:00 ] 127.0.0.1 /gas_station_erp/index.php/Login/login
NOTIC: [2] htmlspecialchars() expects parameter 2 to be long, string given D:\trunk\frame\Lib\Core\App.class.php 第 56 行.
NOTIC: [2] htmlspecialchars() expects parameter 2 to be long, string given D:\trunk\frame\Lib\Core\App.class.php 第 56 行.
NOTIC: [2] htmlspecialchars() expects parameter 2 to be long, string given D:\trunk\frame\Lib\Core\App.class.php 第 56 行.
NOTIC: [2] htmlspecialchars() expects parameter 2 to be long, string given D:\trunk\frame\Lib\Core\App.class.php 第 56 行.
NOTIC: [2] htmlspecialchars() expects parameter 2 to be long, string given D:\trunk\frame\Lib\Core\App.class.php 第 56 行.
INFO: [ app_begin ] --START--
INFO: ReadHtmlCache Behavior ::run [ RunTime:0.001000s ]
INFO: [ app_begin ] --END-- [ RunTime:0.001000s ]
SQL: SELECT url FROM bi_menu [ RunTime:0.001000s ]

[ 2014-07-21T08:50:58+08:00 ] 127.0.0.1 /gas_station_erp/index.php/management/Index/getAreaIdByUpdate
NOTIC: [2] htmlspecialchars() expects parameter 2 to be long, string given D:\trunk\frame\Lib\Core\App.class.php 第 56 行.
INFO: [ app_begin ] --START--
INFO: ReadHtmlCache Behavior ::run [ RunTime:0.000000s ]
INFO: [ app_begin ] --END-- [ RunTime:0.000000s ]
SQL: select target_num from app_dev_update where id = '24' [ RunTime:0.001000s ]

[ 2014-07-21T08:50:58+08:00 ] 127.0.0.1 /gas_station_erp/index.php/management/Index/getChannelArr
INFO: [ app_begin ] --START--
INFO: ReadHtmlCache Behavior ::run [ RunTime:0.000000s ]
INFO: [ app_begin ] --END-- [ RunTime:0.000000s ]
NOTIC: [8] Undefined index: orgid D:\trunk\gas_station_erp\Lib\Action\management\IndexAction.class.php 第 594 行.
SQL: 
				SELECT a.channel_id area_id,a.channel_name area_name,a.city pid FROM qd_channel a
				 where 1 
				and a.isDelete = 0
				 [ RunTime:0.002000s ]
SQL: SELECT a.channel_id,a.province,a.city
				FROM qd_channel a
				 where 1 
				GROUP BY a.province
				 [ RunTime:0.002000s ]
SQL: SELECT * FROM bi_area WHERE area_name LIKE '%山东省%' OR CONCAT(area_name,'省') LIKE '山东省' [ RunTime:0.002000s ]
SQL: SELECT * FROM bi_area WHERE area_name LIKE '%山西省%' OR CONCAT(area_name,'省') LIKE '山西省' [ RunTime:0.001000s ]
SQL: SELECT * FROM bi_area WHERE area_name LIKE '%福建省%' OR CONCAT(area_name,'省') LIKE '福建省' [ RunTime:0.001000s ]
SQL: SELECT * FROM bi_area WHERE area_name LIKE '%辽宁省%' OR CONCAT(area_name,'省') LIKE '辽宁省' [ RunTime:0.001000s ]
SQL: SELECT a.channel_id,a.province,a.city FROM
				qd_channel a
				 where 1 
				GROUP BY a.city
				 [ RunTime:0.002000s ]
SQL: SELECT * FROM bi_area WHERE area_name LIKE '%三明市%' OR CONCAT(area_name,'市') LIKE '三明市' [ RunTime:0.001000s ]
SQL: SELECT * FROM bi_area WHERE area_name LIKE '%南平市%' OR CONCAT(area_name,'市') LIKE '南平市' [ RunTime:0.002000s ]
SQL: SELECT * FROM bi_area WHERE area_name LIKE '%大连市%' OR CONCAT(area_name,'市') LIKE '大连市' [ RunTime:0.001001s ]
SQL: SELECT * FROM bi_area WHERE area_name LIKE '%太原市%' OR CONCAT(area_name,'市') LIKE '太原市' [ RunTime:0.001000s ]
SQL: SELECT * FROM bi_area WHERE area_name LIKE '%晋城市%' OR CONCAT(area_name,'市') LIKE '晋城市' [ RunTime:0.002000s ]
SQL: SELECT * FROM bi_area WHERE area_name LIKE '%本溪市%' OR CONCAT(area_name,'市') LIKE '本溪市' [ RunTime:0.001000s ]
SQL: SELECT * FROM bi_area WHERE area_name LIKE '%沈阳市%' OR CONCAT(area_name,'市') LIKE '沈阳市' [ RunTime:0.002000s ]
SQL: SELECT * FROM bi_area WHERE area_name LIKE '%济南市%' OR CONCAT(area_name,'市') LIKE '济南市' [ RunTime:0.001000s ]
SQL: SELECT * FROM bi_area WHERE area_name LIKE '%莆田市%' OR CONCAT(area_name,'市') LIKE '莆田市' [ RunTime:0.001000s ]
SQL: 
				SELECT * FROM bi_area WHERE area_id IN (16,23,17,5,166,169,88,64,68,91,87,183,165)
				 [ RunTime:0.002000s ]

[ 2014-07-21T08:51:10+08:00 ] 127.0.0.1 /gas_station_erp/index.php/management/Index/getAreaIdByUpdate
NOTIC: [2] htmlspecialchars() expects parameter 2 to be long, string given D:\trunk\frame\Lib\Core\App.class.php 第 56 行.
INFO: [ app_begin ] --START--
INFO: ReadHtmlCache Behavior ::run [ RunTime:0.001000s ]
INFO: [ app_begin ] --END-- [ RunTime:0.001000s ]
SQL: select target_num from app_dev_update where id = '20' [ RunTime:0.001000s ]

[ 2014-07-21T08:51:10+08:00 ] 127.0.0.1 /gas_station_erp/index.php/management/Index/getChannelArr
INFO: [ app_begin ] --START--
INFO: ReadHtmlCache Behavior ::run [ RunTime:0.000000s ]
INFO: [ app_begin ] --END-- [ RunTime:0.000000s ]
NOTIC: [8] Undefined index: orgid D:\trunk\gas_station_erp\Lib\Action\management\IndexAction.class.php 第 594 行.
SQL: 
				SELECT a.channel_id area_id,a.channel_name area_name,a.city pid FROM qd_channel a
				 where 1 
				and a.isDelete = 0
				 [ RunTime:0.002000s ]
SQL: SELECT a.channel_id,a.province,a.city
				FROM qd_channel a
				 where 1 
				GROUP BY a.province
				 [ RunTime:0.002000s ]
SQL: SELECT * FROM bi_area WHERE area_name LIKE '%山东省%' OR CONCAT(area_name,'省') LIKE '山东省' [ RunTime:0.001000s ]
SQL: SELECT * FROM bi_area WHERE area_name LIKE '%山西省%' OR CONCAT(area_name,'省') LIKE '山西省' [ RunTime:0.001000s ]
SQL: SELECT * FROM bi_area WHERE area_name LIKE '%福建省%' OR CONCAT(area_name,'省') LIKE '福建省' [ RunTime:0.001000s ]
SQL: SELECT * FROM bi_area WHERE area_name LIKE '%辽宁省%' OR CONCAT(area_name,'省') LIKE '辽宁省' [ RunTime:0.001000s ]
SQL: SELECT a.channel_id,a.province,a.city FROM
				qd_channel a
				 where 1 
				GROUP BY a.city
				 [ RunTime:0.001000s ]
SQL: SELECT * FROM bi_area WHERE area_name LIKE '%三明市%' OR CONCAT(area_name,'市') LIKE '三明市' [ RunTime:0.002000s ]
SQL: SELECT * FROM bi_area WHERE area_name LIKE '%南平市%' OR CONCAT(area_name,'市') LIKE '南平市' [ RunTime:0.002000s ]
SQL: SELECT * FROM bi_area WHERE area_name LIKE '%大连市%' OR CONCAT(area_name,'市') LIKE '大连市' [ RunTime:0.001001s ]
SQL: SELECT * FROM bi_area WHERE area_name LIKE '%太原市%' OR CONCAT(area_name,'市') LIKE '太原市' [ RunTime:0.001000s ]
SQL: SELECT * FROM bi_area WHERE area_name LIKE '%晋城市%' OR CONCAT(area_name,'市') LIKE '晋城市' [ RunTime:0.002000s ]
SQL: SELECT * FROM bi_area WHERE area_name LIKE '%本溪市%' OR CONCAT(area_name,'市') LIKE '本溪市' [ RunTime:0.001000s ]
SQL: SELECT * FROM bi_area WHERE area_name LIKE '%沈阳市%' OR CONCAT(area_name,'市') LIKE '沈阳市' [ RunTime:0.001000s ]
SQL: SELECT * FROM bi_area WHERE area_name LIKE '%济南市%' OR CONCAT(area_name,'市') LIKE '济南市' [ RunTime:0.001000s ]
SQL: SELECT * FROM bi_area WHERE area_name LIKE '%莆田市%' OR CONCAT(area_name,'市') LIKE '莆田市' [ RunTime:0.002000s ]
SQL: 
				SELECT * FROM bi_area WHERE area_id IN (16,23,17,5,166,169,88,64,68,91,87,183,165)
				 [ RunTime:0.001000s ]

[ 2014-07-21T08:52:23+08:00 ] 127.0.0.1 /gas_station_erp/index.php/management/Index/getChannelArr
INFO: [ app_begin ] --START--
INFO: ReadHtmlCache Behavior ::run [ RunTime:0.000000s ]
INFO: [ app_begin ] --END-- [ RunTime:0.000000s ]
NOTIC: [8] Undefined index: orgid D:\trunk\gas_station_erp\Lib\Action\management\IndexAction.class.php 第 594 行.
SQL: 
				SELECT a.channel_id area_id,a.channel_name area_name,a.city pid FROM qd_channel a
				 where 1 
				and a.isDelete = 0
				 [ RunTime:0.003000s ]
SQL: SELECT a.channel_id,a.province,a.city
				FROM qd_channel a
				 where 1 
				GROUP BY a.province
				 [ RunTime:0.002001s ]
SQL: SELECT * FROM bi_area WHERE area_name LIKE '%山东省%' OR CONCAT(area_name,'省') LIKE '山东省' [ RunTime:0.001000s ]
SQL: SELECT * FROM bi_area WHERE area_name LIKE '%山西省%' OR CONCAT(area_name,'省') LIKE '山西省' [ RunTime:0.001000s ]
SQL: SELECT * FROM bi_area WHERE area_name LIKE '%福建省%' OR CONCAT(area_name,'省') LIKE '福建省' [ RunTime:0.001000s ]
SQL: SELECT * FROM bi_area WHERE area_name LIKE '%辽宁省%' OR CONCAT(area_name,'省') LIKE '辽宁省' [ RunTime:0.001000s ]
SQL: SELECT a.channel_id,a.province,a.city FROM
				qd_channel a
				 where 1 
				GROUP BY a.city
				 [ RunTime:0.001000s ]
SQL: SELECT * FROM bi_area WHERE area_name LIKE '%三明市%' OR CONCAT(area_name,'市') LIKE '三明市' [ RunTime:0.002000s ]
SQL: SELECT * FROM bi_area WHERE area_name LIKE '%南平市%' OR CONCAT(area_name,'市') LIKE '南平市' [ RunTime:0.001000s ]
SQL: SELECT * FROM bi_area WHERE area_name LIKE '%大连市%' OR CONCAT(area_name,'市') LIKE '大连市' [ RunTime:0.001000s ]
SQL: SELECT * FROM bi_area WHERE area_name LIKE '%太原市%' OR CONCAT(area_name,'市') LIKE '太原市' [ RunTime:0.002000s ]
SQL: SELECT * FROM bi_area WHERE area_name LIKE '%晋城市%' OR CONCAT(area_name,'市') LIKE '晋城市' [ RunTime:0.001000s ]
SQL: SELECT * FROM bi_area WHERE area_name LIKE '%本溪市%' OR CONCAT(area_name,'市') LIKE '本溪市' [ RunTime:0.000000s ]
SQL: SELECT * FROM bi_area WHERE area_name LIKE '%沈阳市%' OR CONCAT(area_name,'市') LIKE '沈阳市' [ RunTime:0.000000s ]
SQL: SELECT * FROM bi_area WHERE area_name LIKE '%济南市%' OR CONCAT(area_name,'市') LIKE '济南市' [ RunTime:0.001000s ]
SQL: SELECT * FROM bi_area WHERE area_name LIKE '%莆田市%' OR CONCAT(area_name,'市') LIKE '莆田市' [ RunTime:0.001001s ]
SQL: 
				SELECT * FROM bi_area WHERE area_id IN (16,23,17,5,166,169,88,64,68,91,87,183,165)
				 [ RunTime:0.001000s ]

[ 2014-07-21T08:52:30+08:00 ] 127.0.0.1 /gas_station_erp/index.php/management/Index/getAppRule
NOTIC: [2] htmlspecialchars() expects parameter 2 to be long, string given D:\trunk\frame\Lib\Core\App.class.php 第 56 行.
INFO: [ app_begin ] --START--
INFO: ReadHtmlCache Behavior ::run [ RunTime:0.000000s ]
INFO: [ app_begin ] --END-- [ RunTime:0.000000s ]
SQL: 
				SELECT rule_no FROM app_rule GROUP BY rule_no
		 [ RunTime:0.050002s ]

[ 2014-07-21T08:52:32+08:00 ] 127.0.0.1 /gas_station_erp/index.php/management/Index/getChannelArr
INFO: [ app_begin ] --START--
INFO: ReadHtmlCache Behavior ::run [ RunTime:0.001000s ]
INFO: [ app_begin ] --END-- [ RunTime:0.001000s ]
NOTIC: [8] Undefined index: orgid D:\trunk\gas_station_erp\Lib\Action\management\IndexAction.class.php 第 594 行.
SQL: 
				SELECT a.channel_id area_id,a.channel_name area_name,a.city pid FROM qd_channel a
				 where 1 
				and a.isDelete = 0
				 [ RunTime:0.003000s ]
SQL: SELECT a.channel_id,a.province,a.city
				FROM qd_channel a
				 where 1 
				GROUP BY a.province
				 [ RunTime:0.002000s ]
SQL: SELECT * FROM bi_area WHERE area_name LIKE '%山东省%' OR CONCAT(area_name,'省') LIKE '山东省' [ RunTime:0.001000s ]
SQL: SELECT * FROM bi_area WHERE area_name LIKE '%山西省%' OR CONCAT(area_name,'省') LIKE '山西省' [ RunTime:0.000000s ]
SQL: SELECT * FROM bi_area WHERE area_name LIKE '%福建省%' OR CONCAT(area_name,'省') LIKE '福建省' [ RunTime:0.000000s ]
SQL: SELECT * FROM bi_area WHERE area_name LIKE '%辽宁省%' OR CONCAT(area_name,'省') LIKE '辽宁省' [ RunTime:0.001000s ]
SQL: SELECT a.channel_id,a.province,a.city FROM
				qd_channel a
				 where 1 
				GROUP BY a.city
				 [ RunTime:0.001000s ]
SQL: SELECT * FROM bi_area WHERE area_name LIKE '%三明市%' OR CONCAT(area_name,'市') LIKE '三明市' [ RunTime:0.001000s ]
SQL: SELECT * FROM bi_area WHERE area_name LIKE '%南平市%' OR CONCAT(area_name,'市') LIKE '南平市' [ RunTime:0.001000s ]
SQL: SELECT * FROM bi_area WHERE area_name LIKE '%大连市%' OR CONCAT(area_name,'市') LIKE '大连市' [ RunTime:0.001000s ]
SQL: SELECT * FROM bi_area WHERE area_name LIKE '%太原市%' OR CONCAT(area_name,'市') LIKE '太原市' [ RunTime:0.002000s ]
SQL: SELECT * FROM bi_area WHERE area_name LIKE '%晋城市%' OR CONCAT(area_name,'市') LIKE '晋城市' [ RunTime:0.001000s ]
SQL: SELECT * FROM bi_area WHERE area_name LIKE '%本溪市%' OR CONCAT(area_name,'市') LIKE '本溪市' [ RunTime:0.001000s ]
SQL: SELECT * FROM bi_area WHERE area_name LIKE '%沈阳市%' OR CONCAT(area_name,'市') LIKE '沈阳市' [ RunTime:0.001000s ]
SQL: SELECT * FROM bi_area WHERE area_name LIKE '%济南市%' OR CONCAT(area_name,'市') LIKE '济南市' [ RunTime:0.000000s ]
SQL: SELECT * FROM bi_area WHERE area_name LIKE '%莆田市%' OR CONCAT(area_name,'市') LIKE '莆田市' [ RunTime:0.000000s ]
SQL: 
				SELECT * FROM bi_area WHERE area_id IN (16,23,17,5,166,169,88,64,68,91,87,183,165)
				 [ RunTime:0.001000s ]

[ 2014-07-21T08:52:33+08:00 ] 127.0.0.1 /gas_station_erp/index.php/management/Index/getAppRule
NOTIC: [2] htmlspecialchars() expects parameter 2 to be long, string given D:\trunk\frame\Lib\Core\App.class.php 第 56 行.
INFO: [ app_begin ] --START--
INFO: ReadHtmlCache Behavior ::run [ RunTime:0.001000s ]
INFO: [ app_begin ] --END-- [ RunTime:0.001000s ]
SQL: 
				SELECT rule_no FROM app_rule GROUP BY rule_no
		 [ RunTime:0.049003s ]

[ 2014-07-21T08:53:07+08:00 ] 127.0.0.1 /gas_station_erp/index.php/management/Index/getAreaIdByUpdate
NOTIC: [2] htmlspecialchars() expects parameter 2 to be long, string given D:\trunk\frame\Lib\Core\App.class.php 第 56 行.
INFO: [ app_begin ] --START--
INFO: ReadHtmlCache Behavior ::run [ RunTime:0.001000s ]
INFO: [ app_begin ] --END-- [ RunTime:0.001000s ]
SQL: select target_num from app_dev_update where id = '20' [ RunTime:0.001000s ]

[ 2014-07-21T08:53:07+08:00 ] 127.0.0.1 /gas_station_erp/index.php/management/Index/getChannelArr
INFO: [ app_begin ] --START--
INFO: ReadHtmlCache Behavior ::run [ RunTime:0.000000s ]
INFO: [ app_begin ] --END-- [ RunTime:0.001000s ]
NOTIC: [8] Undefined index: orgid D:\trunk\gas_station_erp\Lib\Action\management\IndexAction.class.php 第 594 行.
SQL: 
				SELECT a.channel_id area_id,a.channel_name area_name,a.city pid FROM qd_channel a
				 where 1 
				and a.isDelete = 0
				 [ RunTime:0.002001s ]
SQL: SELECT a.channel_id,a.province,a.city
				FROM qd_channel a
				 where 1 
				GROUP BY a.province
				 [ RunTime:0.001000s ]
SQL: SELECT * FROM bi_area WHERE area_name LIKE '%山东省%' OR CONCAT(area_name,'省') LIKE '山东省' [ RunTime:0.001000s ]
SQL: SELECT * FROM bi_area WHERE area_name LIKE '%山西省%' OR CONCAT(area_name,'省') LIKE '山西省' [ RunTime:0.001000s ]
SQL: SELECT * FROM bi_area WHERE area_name LIKE '%福建省%' OR CONCAT(area_name,'省') LIKE '福建省' [ RunTime:0.001000s ]
SQL: SELECT * FROM bi_area WHERE area_name LIKE '%辽宁省%' OR CONCAT(area_name,'省') LIKE '辽宁省' [ RunTime:0.001000s ]
SQL: SELECT a.channel_id,a.province,a.city FROM
				qd_channel a
				 where 1 
				GROUP BY a.city
				 [ RunTime:0.001000s ]
SQL: SELECT * FROM bi_area WHERE area_name LIKE '%三明市%' OR CONCAT(area_name,'市') LIKE '三明市' [ RunTime:0.001000s ]
SQL: SELECT * FROM bi_area WHERE area_name LIKE '%南平市%' OR CONCAT(area_name,'市') LIKE '南平市' [ RunTime:0.001000s ]
SQL: SELECT * FROM bi_area WHERE area_name LIKE '%大连市%' OR CONCAT(area_name,'市') LIKE '大连市' [ RunTime:0.001000s ]
SQL: SELECT * FROM bi_area WHERE area_name LIKE '%太原市%' OR CONCAT(area_name,'市') LIKE '太原市' [ RunTime:0.001000s ]
SQL: SELECT * FROM bi_area WHERE area_name LIKE '%晋城市%' OR CONCAT(area_name,'市') LIKE '晋城市' [ RunTime:0.002000s ]
SQL: SELECT * FROM bi_area WHERE area_name LIKE '%本溪市%' OR CONCAT(area_name,'市') LIKE '本溪市' [ RunTime:0.001000s ]
SQL: SELECT * FROM bi_area WHERE area_name LIKE '%沈阳市%' OR CONCAT(area_name,'市') LIKE '沈阳市' [ RunTime:0.001001s ]
SQL: SELECT * FROM bi_area WHERE area_name LIKE '%济南市%' OR CONCAT(area_name,'市') LIKE '济南市' [ RunTime:0.002000s ]
SQL: SELECT * FROM bi_area WHERE area_name LIKE '%莆田市%' OR CONCAT(area_name,'市') LIKE '莆田市' [ RunTime:0.001000s ]
SQL: 
				SELECT * FROM bi_area WHERE area_id IN (16,23,17,5,166,169,88,64,68,91,87,183,165)
				 [ RunTime:0.001000s ]

[ 2014-07-21T08:53:47+08:00 ] 127.0.0.1 /gas_station_erp/index.php/management/Index/getChannelArr
INFO: [ app_begin ] --START--
INFO: ReadHtmlCache Behavior ::run [ RunTime:0.000000s ]
INFO: [ app_begin ] --END-- [ RunTime:0.000000s ]
NOTIC: [8] Undefined index: orgid D:\trunk\gas_station_erp\Lib\Action\management\IndexAction.class.php 第 594 行.
SQL: 
				SELECT a.channel_id area_id,a.channel_name area_name,a.city pid FROM qd_channel a
				 where 1 
				and a.isDelete = 0
				 [ RunTime:0.003000s ]
SQL: SELECT a.channel_id,a.province,a.city
				FROM qd_channel a
				 where 1 
				GROUP BY a.province
				 [ RunTime:0.002000s ]
SQL: SELECT * FROM bi_area WHERE area_name LIKE '%山东省%' OR CONCAT(area_name,'省') LIKE '山东省' [ RunTime:0.001000s ]
SQL: SELECT * FROM bi_area WHERE area_name LIKE '%山西省%' OR CONCAT(area_name,'省') LIKE '山西省' [ RunTime:0.001000s ]
SQL: SELECT * FROM bi_area WHERE area_name LIKE '%福建省%' OR CONCAT(area_name,'省') LIKE '福建省' [ RunTime:0.001000s ]
SQL: SELECT * FROM bi_area WHERE area_name LIKE '%辽宁省%' OR CONCAT(area_name,'省') LIKE '辽宁省' [ RunTime:0.001000s ]
SQL: SELECT a.channel_id,a.province,a.city FROM
				qd_channel a
				 where 1 
				GROUP BY a.city
				 [ RunTime:0.001000s ]
SQL: SELECT * FROM bi_area WHERE area_name LIKE '%三明市%' OR CONCAT(area_name,'市') LIKE '三明市' [ RunTime:0.001000s ]
SQL: SELECT * FROM bi_area WHERE area_name LIKE '%南平市%' OR CONCAT(area_name,'市') LIKE '南平市' [ RunTime:0.001000s ]
SQL: SELECT * FROM bi_area WHERE area_name LIKE '%大连市%' OR CONCAT(area_name,'市') LIKE '大连市' [ RunTime:0.001000s ]
SQL: SELECT * FROM bi_area WHERE area_name LIKE '%太原市%' OR CONCAT(area_name,'市') LIKE '太原市' [ RunTime:0.002001s ]
SQL: SELECT * FROM bi_area WHERE area_name LIKE '%晋城市%' OR CONCAT(area_name,'市') LIKE '晋城市' [ RunTime:0.001000s ]
SQL: SELECT * FROM bi_area WHERE area_name LIKE '%本溪市%' OR CONCAT(area_name,'市') LIKE '本溪市' [ RunTime:0.001000s ]
SQL: SELECT * FROM bi_area WHERE area_name LIKE '%沈阳市%' OR CONCAT(area_name,'市') LIKE '沈阳市' [ RunTime:0.002000s ]
SQL: SELECT * FROM bi_area WHERE area_name LIKE '%济南市%' OR CONCAT(area_name,'市') LIKE '济南市' [ RunTime:0.001000s ]
SQL: SELECT * FROM bi_area WHERE area_name LIKE '%莆田市%' OR CONCAT(area_name,'市') LIKE '莆田市' [ RunTime:0.002000s ]
SQL: 
				SELECT * FROM bi_area WHERE area_id IN (16,23,17,5,166,169,88,64,68,91,87,183,165)
				 [ RunTime:0.002000s ]

[ 2014-07-21T08:53:50+08:00 ] 127.0.0.1 /gas_station_erp/index.php/management/Index/getAreaIdByUpdate
NOTIC: [2] htmlspecialchars() expects parameter 2 to be long, string given D:\trunk\frame\Lib\Core\App.class.php 第 56 行.
INFO: [ app_begin ] --START--
INFO: ReadHtmlCache Behavior ::run [ RunTime:0.000000s ]
INFO: [ app_begin ] --END-- [ RunTime:0.001000s ]
SQL: select target_num from app_dev_update where id = '20' [ RunTime:0.001000s ]

[ 2014-07-21T08:53:50+08:00 ] 127.0.0.1 /gas_station_erp/index.php/management/Index/getChannelArr
INFO: [ app_begin ] --START--
INFO: ReadHtmlCache Behavior ::run [ RunTime:0.001000s ]
INFO: [ app_begin ] --END-- [ RunTime:0.001000s ]
NOTIC: [8] Undefined index: orgid D:\trunk\gas_station_erp\Lib\Action\management\IndexAction.class.php 第 594 行.
SQL: 
				SELECT a.channel_id area_id,a.channel_name area_name,a.city pid FROM qd_channel a
				 where 1 
				and a.isDelete = 0
				 [ RunTime:0.003001s ]
SQL: SELECT a.channel_id,a.province,a.city
				FROM qd_channel a
				 where 1 
				GROUP BY a.province
				 [ RunTime:0.002000s ]
SQL: SELECT * FROM bi_area WHERE area_name LIKE '%山东省%' OR CONCAT(area_name,'省') LIKE '山东省' [ RunTime:0.001000s ]
SQL: SELECT * FROM bi_area WHERE area_name LIKE '%山西省%' OR CONCAT(area_name,'省') LIKE '山西省' [ RunTime:0.001000s ]
SQL: SELECT * FROM bi_area WHERE area_name LIKE '%福建省%' OR CONCAT(area_name,'省') LIKE '福建省' [ RunTime:0.001000s ]
SQL: SELECT * FROM bi_area WHERE area_name LIKE '%辽宁省%' OR CONCAT(area_name,'省') LIKE '辽宁省' [ RunTime:0.001000s ]
SQL: SELECT a.channel_id,a.province,a.city FROM
				qd_channel a
				 where 1 
				GROUP BY a.city
				 [ RunTime:0.001000s ]
SQL: SELECT * FROM bi_area WHERE area_name LIKE '%三明市%' OR CONCAT(area_name,'市') LIKE '三明市' [ RunTime:0.002000s ]
SQL: SELECT * FROM bi_area WHERE area_name LIKE '%南平市%' OR CONCAT(area_name,'市') LIKE '南平市' [ RunTime:0.001000s ]
SQL: SELECT * FROM bi_area WHERE area_name LIKE '%大连市%' OR CONCAT(area_name,'市') LIKE '大连市' [ RunTime:0.001000s ]
SQL: SELECT * FROM bi_area WHERE area_name LIKE '%太原市%' OR CONCAT(area_name,'市') LIKE '太原市' [ RunTime:0.001000s ]
SQL: SELECT * FROM bi_area WHERE area_name LIKE '%晋城市%' OR CONCAT(area_name,'市') LIKE '晋城市' [ RunTime:0.002000s ]
SQL: SELECT * FROM bi_area WHERE area_name LIKE '%本溪市%' OR CONCAT(area_name,'市') LIKE '本溪市' [ RunTime:0.001001s ]
SQL: SELECT * FROM bi_area WHERE area_name LIKE '%沈阳市%' OR CONCAT(area_name,'市') LIKE '沈阳市' [ RunTime:0.001000s ]
SQL: SELECT * FROM bi_area WHERE area_name LIKE '%济南市%' OR CONCAT(area_name,'市') LIKE '济南市' [ RunTime:0.002000s ]
SQL: SELECT * FROM bi_area WHERE area_name LIKE '%莆田市%' OR CONCAT(area_name,'市') LIKE '莆田市' [ RunTime:0.001000s ]
SQL: 
				SELECT * FROM bi_area WHERE area_id IN (16,23,17,5,166,169,88,64,68,91,87,183,165)
				 [ RunTime:0.001000s ]

[ 2014-07-21T08:53:55+08:00 ] 127.0.0.1 /gas_station_erp/index.php/management/Index/getAreaIdByUpdate
NOTIC: [2] htmlspecialchars() expects parameter 2 to be long, string given D:\trunk\frame\Lib\Core\App.class.php 第 56 行.
INFO: [ app_begin ] --START--
INFO: ReadHtmlCache Behavior ::run [ RunTime:0.000000s ]
INFO: [ app_begin ] --END-- [ RunTime:0.000000s ]
SQL: select target_num from app_dev_update where id = '21' [ RunTime:0.001000s ]

[ 2014-07-21T08:53:56+08:00 ] 127.0.0.1 /gas_station_erp/index.php/management/Index/getChannelArr
INFO: [ app_begin ] --START--
INFO: ReadHtmlCache Behavior ::run [ RunTime:0.001000s ]
INFO: [ app_begin ] --END-- [ RunTime:0.001000s ]
NOTIC: [8] Undefined index: orgid D:\trunk\gas_station_erp\Lib\Action\management\IndexAction.class.php 第 594 行.
SQL: 
				SELECT a.channel_id area_id,a.channel_name area_name,a.city pid FROM qd_channel a
				 where 1 
				and a.isDelete = 0
				 [ RunTime:0.003000s ]
SQL: SELECT a.channel_id,a.province,a.city
				FROM qd_channel a
				 where 1 
				GROUP BY a.province
				 [ RunTime:0.002000s ]
SQL: SELECT * FROM bi_area WHERE area_name LIKE '%山东省%' OR CONCAT(area_name,'省') LIKE '山东省' [ RunTime:0.002000s ]
SQL: SELECT * FROM bi_area WHERE area_name LIKE '%山西省%' OR CONCAT(area_name,'省') LIKE '山西省' [ RunTime:0.001000s ]
SQL: SELECT * FROM bi_area WHERE area_name LIKE '%福建省%' OR CONCAT(area_name,'省') LIKE '福建省' [ RunTime:0.002000s ]
SQL: SELECT * FROM bi_area WHERE area_name LIKE '%辽宁省%' OR CONCAT(area_name,'省') LIKE '辽宁省' [ RunTime:0.002001s ]
SQL: SELECT a.channel_id,a.province,a.city FROM
				qd_channel a
				 where 1 
				GROUP BY a.city
				 [ RunTime:0.001000s ]
SQL: SELECT * FROM bi_area WHERE area_name LIKE '%三明市%' OR CONCAT(area_name,'市') LIKE '三明市' [ RunTime:0.002000s ]
SQL: SELECT * FROM bi_area WHERE area_name LIKE '%南平市%' OR CONCAT(area_name,'市') LIKE '南平市' [ RunTime:0.002000s ]
SQL: SELECT * FROM bi_area WHERE area_name LIKE '%大连市%' OR CONCAT(area_name,'市') LIKE '大连市' [ RunTime:0.001000s ]
SQL: SELECT * FROM bi_area WHERE area_name LIKE '%太原市%' OR CONCAT(area_name,'市') LIKE '太原市' [ RunTime:0.001000s ]
SQL: SELECT * FROM bi_area WHERE area_name LIKE '%晋城市%' OR CONCAT(area_name,'市') LIKE '晋城市' [ RunTime:0.002000s ]
SQL: SELECT * FROM bi_area WHERE area_name LIKE '%本溪市%' OR CONCAT(area_name,'市') LIKE '本溪市' [ RunTime:0.002000s ]
SQL: SELECT * FROM bi_area WHERE area_name LIKE '%沈阳市%' OR CONCAT(area_name,'市') LIKE '沈阳市' [ RunTime:0.001000s ]
SQL: SELECT * FROM bi_area WHERE area_name LIKE '%济南市%' OR CONCAT(area_name,'市') LIKE '济南市' [ RunTime:0.001000s ]
SQL: SELECT * FROM bi_area WHERE area_name LIKE '%莆田市%' OR CONCAT(area_name,'市') LIKE '莆田市' [ RunTime:0.002000s ]
SQL: 
				SELECT * FROM bi_area WHERE area_id IN (16,23,17,5,166,169,88,64,68,91,87,183,165)
				 [ RunTime:0.002001s ]

[ 2014-07-21T08:59:03+08:00 ] 127.0.0.1 /gas_station_erp/index.php/management/Index/getAreaIdByUpdate
NOTIC: [2] htmlspecialchars() expects parameter 2 to be long, string given D:\trunk\frame\Lib\Core\App.class.php 第 56 行.
INFO: [ app_begin ] --START--
INFO: ReadHtmlCache Behavior ::run [ RunTime:0.001000s ]
INFO: [ app_begin ] --END-- [ RunTime:0.001000s ]
SQL: select target_num from app_dev_update where id = '21' [ RunTime:0.001000s ]

[ 2014-07-21T08:59:03+08:00 ] 127.0.0.1 /gas_station_erp/index.php/management/Index/getChannelArr
INFO: [ app_begin ] --START--
INFO: ReadHtmlCache Behavior ::run [ RunTime:0.000000s ]
INFO: [ app_begin ] --END-- [ RunTime:0.000000s ]
NOTIC: [8] Undefined index: orgid D:\trunk\gas_station_erp\Lib\Action\management\IndexAction.class.php 第 594 行.
SQL: 
				SELECT a.channel_id area_id,a.channel_name area_name,a.city pid FROM qd_channel a
				 where 1 
				and a.isDelete = 0
				 [ RunTime:0.002000s ]
SQL: SELECT a.channel_id,a.province,a.city
				FROM qd_channel a
				 where 1 
				GROUP BY a.province
				 [ RunTime:0.001000s ]
SQL: SELECT * FROM bi_area WHERE area_name LIKE '%山东省%' OR CONCAT(area_name,'省') LIKE '山东省' [ RunTime:0.001000s ]
SQL: SELECT * FROM bi_area WHERE area_name LIKE '%山西省%' OR CONCAT(area_name,'省') LIKE '山西省' [ RunTime:0.001000s ]
SQL: SELECT * FROM bi_area WHERE area_name LIKE '%福建省%' OR CONCAT(area_name,'省') LIKE '福建省' [ RunTime:0.001000s ]
SQL: SELECT * FROM bi_area WHERE area_name LIKE '%辽宁省%' OR CONCAT(area_name,'省') LIKE '辽宁省' [ RunTime:0.001000s ]
SQL: SELECT a.channel_id,a.province,a.city FROM
				qd_channel a
				 where 1 
				GROUP BY a.city
				 [ RunTime:0.001000s ]
SQL: SELECT * FROM bi_area WHERE area_name LIKE '%三明市%' OR CONCAT(area_name,'市') LIKE '三明市' [ RunTime:0.002000s ]
SQL: SELECT * FROM bi_area WHERE area_name LIKE '%南平市%' OR CONCAT(area_name,'市') LIKE '南平市' [ RunTime:0.001000s ]
SQL: SELECT * FROM bi_area WHERE area_name LIKE '%大连市%' OR CONCAT(area_name,'市') LIKE '大连市' [ RunTime:0.001000s ]
SQL: SELECT * FROM bi_area WHERE area_name LIKE '%太原市%' OR CONCAT(area_name,'市') LIKE '太原市' [ RunTime:0.002001s ]
SQL: SELECT * FROM bi_area WHERE area_name LIKE '%晋城市%' OR CONCAT(area_name,'市') LIKE '晋城市' [ RunTime:0.001000s ]
SQL: SELECT * FROM bi_area WHERE area_name LIKE '%本溪市%' OR CONCAT(area_name,'市') LIKE '本溪市' [ RunTime:0.001000s ]
SQL: SELECT * FROM bi_area WHERE area_name LIKE '%沈阳市%' OR CONCAT(area_name,'市') LIKE '沈阳市' [ RunTime:0.002000s ]
SQL: SELECT * FROM bi_area WHERE area_name LIKE '%济南市%' OR CONCAT(area_name,'市') LIKE '济南市' [ RunTime:0.001000s ]
SQL: SELECT * FROM bi_area WHERE area_name LIKE '%莆田市%' OR CONCAT(area_name,'市') LIKE '莆田市' [ RunTime:0.001000s ]
SQL: 
				SELECT * FROM bi_area WHERE area_id IN (16,23,17,5,166,169,88,64,68,91,87,183,165)
				 [ RunTime:0.002000s ]

[ 2014-07-21T08:59:12+08:00 ] 127.0.0.1 /gas_station_erp/index.php/management/Index/getAreaIdByUpdate
NOTIC: [2] htmlspecialchars() expects parameter 2 to be long, string given D:\trunk\frame\Lib\Core\App.class.php 第 56 行.
INFO: [ app_begin ] --START--
INFO: ReadHtmlCache Behavior ::run [ RunTime:0.001000s ]
INFO: [ app_begin ] --END-- [ RunTime:0.001000s ]
SQL: select target_num from app_dev_update where id = '21' [ RunTime:0.001000s ]

[ 2014-07-21T08:59:12+08:00 ] 127.0.0.1 /gas_station_erp/index.php/management/Index/getChannelArr
INFO: [ app_begin ] --START--
INFO: ReadHtmlCache Behavior ::run [ RunTime:0.000000s ]
INFO: [ app_begin ] --END-- [ RunTime:0.000000s ]
NOTIC: [8] Undefined index: orgid D:\trunk\gas_station_erp\Lib\Action\management\IndexAction.class.php 第 594 行.
SQL: 
				SELECT a.channel_id area_id,a.channel_name area_name,a.city pid FROM qd_channel a
				 where 1 
				and a.isDelete = 0
				 [ RunTime:0.002001s ]
SQL: SELECT a.channel_id,a.province,a.city
				FROM qd_channel a
				 where 1 
				GROUP BY a.province
				 [ RunTime:0.002000s ]
SQL: SELECT * FROM bi_area WHERE area_name LIKE '%山东省%' OR CONCAT(area_name,'省') LIKE '山东省' [ RunTime:0.001000s ]
SQL: SELECT * FROM bi_area WHERE area_name LIKE '%山西省%' OR CONCAT(area_name,'省') LIKE '山西省' [ RunTime:0.001000s ]
SQL: SELECT * FROM bi_area WHERE area_name LIKE '%福建省%' OR CONCAT(area_name,'省') LIKE '福建省' [ RunTime:0.002000s ]
SQL: SELECT * FROM bi_area WHERE area_name LIKE '%辽宁省%' OR CONCAT(area_name,'省') LIKE '辽宁省' [ RunTime:0.001000s ]
SQL: SELECT a.channel_id,a.province,a.city FROM
				qd_channel a
				 where 1 
				GROUP BY a.city
				 [ RunTime:0.002000s ]
SQL: SELECT * FROM bi_area WHERE area_name LIKE '%三明市%' OR CONCAT(area_name,'市') LIKE '三明市' [ RunTime:0.002000s ]
SQL: SELECT * FROM bi_area WHERE area_name LIKE '%南平市%' OR CONCAT(area_name,'市') LIKE '南平市' [ RunTime:0.002000s ]
SQL: SELECT * FROM bi_area WHERE area_name LIKE '%大连市%' OR CONCAT(area_name,'市') LIKE '大连市' [ RunTime:0.001001s ]
SQL: SELECT * FROM bi_area WHERE area_name LIKE '%太原市%' OR CONCAT(area_name,'市') LIKE '太原市' [ RunTime:0.001000s ]
SQL: SELECT * FROM bi_area WHERE area_name LIKE '%晋城市%' OR CONCAT(area_name,'市') LIKE '晋城市' [ RunTime:0.001000s ]
SQL: SELECT * FROM bi_area WHERE area_name LIKE '%本溪市%' OR CONCAT(area_name,'市') LIKE '本溪市' [ RunTime:0.002000s ]
SQL: SELECT * FROM bi_area WHERE area_name LIKE '%沈阳市%' OR CONCAT(area_name,'市') LIKE '沈阳市' [ RunTime:0.002000s ]
SQL: SELECT * FROM bi_area WHERE area_name LIKE '%济南市%' OR CONCAT(area_name,'市') LIKE '济南市' [ RunTime:0.001000s ]
SQL: SELECT * FROM bi_area WHERE area_name LIKE '%莆田市%' OR CONCAT(area_name,'市') LIKE '莆田市' [ RunTime:0.001000s ]
SQL: 
				SELECT * FROM bi_area WHERE area_id IN (16,23,17,5,166,169,88,64,68,91,87,183,165)
				 [ RunTime:0.002000s ]

[ 2014-07-21T09:00:04+08:00 ] 127.0.0.1 /gas_station_erp/index.php/management/Index/getAreaIdByUpdate
NOTIC: [2] htmlspecialchars() expects parameter 2 to be long, string given D:\trunk\frame\Lib\Core\App.class.php 第 56 行.
INFO: [ app_begin ] --START--
INFO: ReadHtmlCache Behavior ::run [ RunTime:0.000000s ]
INFO: [ app_begin ] --END-- [ RunTime:0.001000s ]
SQL: select target_num from app_dev_update where id = '20' [ RunTime:0.001000s ]

[ 2014-07-21T09:00:04+08:00 ] 127.0.0.1 /gas_station_erp/index.php/management/Index/getChannelArr
INFO: [ app_begin ] --START--
INFO: ReadHtmlCache Behavior ::run [ RunTime:0.000000s ]
INFO: [ app_begin ] --END-- [ RunTime:0.000000s ]
NOTIC: [8] Undefined index: orgid D:\trunk\gas_station_erp\Lib\Action\management\IndexAction.class.php 第 594 行.
SQL: 
				SELECT a.channel_id area_id,a.channel_name area_name,a.city pid FROM qd_channel a
				 where 1 
				and a.isDelete = 0
				 [ RunTime:0.002001s ]
SQL: SELECT a.channel_id,a.province,a.city
				FROM qd_channel a
				 where 1 
				GROUP BY a.province
				 [ RunTime:0.002000s ]
SQL: SELECT * FROM bi_area WHERE area_name LIKE '%山东省%' OR CONCAT(area_name,'省') LIKE '山东省' [ RunTime:0.002000s ]
SQL: SELECT * FROM bi_area WHERE area_name LIKE '%山西省%' OR CONCAT(area_name,'省') LIKE '山西省' [ RunTime:0.001000s ]
SQL: SELECT * FROM bi_area WHERE area_name LIKE '%福建省%' OR CONCAT(area_name,'省') LIKE '福建省' [ RunTime:0.001000s ]
SQL: SELECT * FROM bi_area WHERE area_name LIKE '%辽宁省%' OR CONCAT(area_name,'省') LIKE '辽宁省' [ RunTime:0.001000s ]
SQL: SELECT a.channel_id,a.province,a.city FROM
				qd_channel a
				 where 1 
				GROUP BY a.city
				 [ RunTime:0.001000s ]
SQL: SELECT * FROM bi_area WHERE area_name LIKE '%三明市%' OR CONCAT(area_name,'市') LIKE '三明市' [ RunTime:0.002000s ]
SQL: SELECT * FROM bi_area WHERE area_name LIKE '%南平市%' OR CONCAT(area_name,'市') LIKE '南平市' [ RunTime:0.001000s ]
SQL: SELECT * FROM bi_area WHERE area_name LIKE '%大连市%' OR CONCAT(area_name,'市') LIKE '大连市' [ RunTime:0.001000s ]
SQL: SELECT * FROM bi_area WHERE area_name LIKE '%太原市%' OR CONCAT(area_name,'市') LIKE '太原市' [ RunTime:0.002000s ]
SQL: SELECT * FROM bi_area WHERE area_name LIKE '%晋城市%' OR CONCAT(area_name,'市') LIKE '晋城市' [ RunTime:0.001000s ]
SQL: SELECT * FROM bi_area WHERE area_name LIKE '%本溪市%' OR CONCAT(area_name,'市') LIKE '本溪市' [ RunTime:0.001001s ]
SQL: SELECT * FROM bi_area WHERE area_name LIKE '%沈阳市%' OR CONCAT(area_name,'市') LIKE '沈阳市' [ RunTime:0.001000s ]
SQL: SELECT * FROM bi_area WHERE area_name LIKE '%济南市%' OR CONCAT(area_name,'市') LIKE '济南市' [ RunTime:0.002000s ]
SQL: SELECT * FROM bi_area WHERE area_name LIKE '%莆田市%' OR CONCAT(area_name,'市') LIKE '莆田市' [ RunTime:0.001000s ]
SQL: 
				SELECT * FROM bi_area WHERE area_id IN (16,23,17,5,166,169,88,64,68,91,87,183,165)
				 [ RunTime:0.001000s ]

[ 2014-07-21T09:00:12+08:00 ] 127.0.0.1 /gas_station_erp/index.php/management/Index/getAreaIdByUpdate
NOTIC: [2] htmlspecialchars() expects parameter 2 to be long, string given D:\trunk\frame\Lib\Core\App.class.php 第 56 行.
INFO: [ app_begin ] --START--
INFO: ReadHtmlCache Behavior ::run [ RunTime:0.000000s ]
INFO: [ app_begin ] --END-- [ RunTime:0.000000s ]
SQL: select target_num from app_dev_update where id = '22' [ RunTime:0.001000s ]

[ 2014-07-21T09:00:12+08:00 ] 127.0.0.1 /gas_station_erp/index.php/management/Index/getChannelArr
INFO: [ app_begin ] --START--
INFO: ReadHtmlCache Behavior ::run [ RunTime:0.000000s ]
INFO: [ app_begin ] --END-- [ RunTime:0.000000s ]
NOTIC: [8] Undefined index: orgid D:\trunk\gas_station_erp\Lib\Action\management\IndexAction.class.php 第 594 行.
SQL: 
				SELECT a.channel_id area_id,a.channel_name area_name,a.city pid FROM qd_channel a
				 where 1 
				and a.isDelete = 0
				 [ RunTime:0.003000s ]
SQL: SELECT a.channel_id,a.province,a.city
				FROM qd_channel a
				 where 1 
				GROUP BY a.province
				 [ RunTime:0.002000s ]
SQL: SELECT * FROM bi_area WHERE area_name LIKE '%山东省%' OR CONCAT(area_name,'省') LIKE '山东省' [ RunTime:0.001000s ]
SQL: SELECT * FROM bi_area WHERE area_name LIKE '%山西省%' OR CONCAT(area_name,'省') LIKE '山西省' [ RunTime:0.001000s ]
SQL: SELECT * FROM bi_area WHERE area_name LIKE '%福建省%' OR CONCAT(area_name,'省') LIKE '福建省' [ RunTime:0.001000s ]
SQL: SELECT * FROM bi_area WHERE area_name LIKE '%辽宁省%' OR CONCAT(area_name,'省') LIKE '辽宁省' [ RunTime:0.001000s ]
SQL: SELECT a.channel_id,a.province,a.city FROM
				qd_channel a
				 where 1 
				GROUP BY a.city
				 [ RunTime:0.001000s ]
SQL: SELECT * FROM bi_area WHERE area_name LIKE '%三明市%' OR CONCAT(area_name,'市') LIKE '三明市' [ RunTime:0.002000s ]
SQL: SELECT * FROM bi_area WHERE area_name LIKE '%南平市%' OR CONCAT(area_name,'市') LIKE '南平市' [ RunTime:0.001000s ]
SQL: SELECT * FROM bi_area WHERE area_name LIKE '%大连市%' OR CONCAT(area_name,'市') LIKE '大连市' [ RunTime:0.001000s ]
SQL: SELECT * FROM bi_area WHERE area_name LIKE '%太原市%' OR CONCAT(area_name,'市') LIKE '太原市' [ RunTime:0.001000s ]
SQL: SELECT * FROM bi_area WHERE area_name LIKE '%晋城市%' OR CONCAT(area_name,'市') LIKE '晋城市' [ RunTime:0.002001s ]
SQL: SELECT * FROM bi_area WHERE area_name LIKE '%本溪市%' OR CONCAT(area_name,'市') LIKE '本溪市' [ RunTime:0.001000s ]
SQL: SELECT * FROM bi_area WHERE area_name LIKE '%沈阳市%' OR CONCAT(area_name,'市') LIKE '沈阳市' [ RunTime:0.002000s ]
SQL: SELECT * FROM bi_area WHERE area_name LIKE '%济南市%' OR CONCAT(area_name,'市') LIKE '济南市' [ RunTime:0.001000s ]
SQL: SELECT * FROM bi_area WHERE area_name LIKE '%莆田市%' OR CONCAT(area_name,'市') LIKE '莆田市' [ RunTime:0.001000s ]
SQL: 
				SELECT * FROM bi_area WHERE area_id IN (16,23,17,5,166,169,88,64,68,91,87,183,165)
				 [ RunTime:0.002000s ]

[ 2014-07-21T09:00:39+08:00 ] 127.0.0.1 /gas_station_erp/index.php/management/Index/getChannelArr
INFO: [ app_begin ] --START--
INFO: ReadHtmlCache Behavior ::run [ RunTime:0.001000s ]
INFO: [ app_begin ] --END-- [ RunTime:0.001000s ]
NOTIC: [8] Undefined index: orgid D:\trunk\gas_station_erp\Lib\Action\management\IndexAction.class.php 第 594 行.
SQL: 
				SELECT a.channel_id area_id,a.channel_name area_name,a.city pid FROM qd_channel a
				 where 1 
				and a.isDelete = 0
				 [ RunTime:0.002000s ]
SQL: SELECT a.channel_id,a.province,a.city
				FROM qd_channel a
				 where 1 
				GROUP BY a.province
				 [ RunTime:0.002001s ]
SQL: SELECT * FROM bi_area WHERE area_name LIKE '%山东省%' OR CONCAT(area_name,'省') LIKE '山东省' [ RunTime:0.001000s ]
SQL: SELECT * FROM bi_area WHERE area_name LIKE '%山西省%' OR CONCAT(area_name,'省') LIKE '山西省' [ RunTime:0.001000s ]
SQL: SELECT * FROM bi_area WHERE area_name LIKE '%福建省%' OR CONCAT(area_name,'省') LIKE '福建省' [ RunTime:0.001000s ]
SQL: SELECT * FROM bi_area WHERE area_name LIKE '%辽宁省%' OR CONCAT(area_name,'省') LIKE '辽宁省' [ RunTime:0.001000s ]
SQL: SELECT a.channel_id,a.province,a.city FROM
				qd_channel a
				 where 1 
				GROUP BY a.city
				 [ RunTime:0.001000s ]
SQL: SELECT * FROM bi_area WHERE area_name LIKE '%三明市%' OR CONCAT(area_name,'市') LIKE '三明市' [ RunTime:0.002000s ]
SQL: SELECT * FROM bi_area WHERE area_name LIKE '%南平市%' OR CONCAT(area_name,'市') LIKE '南平市' [ RunTime:0.001000s ]
SQL: SELECT * FROM bi_area WHERE area_name LIKE '%大连市%' OR CONCAT(area_name,'市') LIKE '大连市' [ RunTime:0.001000s ]
SQL: SELECT * FROM bi_area WHERE area_name LIKE '%太原市%' OR CONCAT(area_name,'市') LIKE '太原市' [ RunTime:0.001000s ]
SQL: SELECT * FROM bi_area WHERE area_name LIKE '%晋城市%' OR CONCAT(area_name,'市') LIKE '晋城市' [ RunTime:0.001000s ]
SQL: SELECT * FROM bi_area WHERE area_name LIKE '%本溪市%' OR CONCAT(area_name,'市') LIKE '本溪市' [ RunTime:0.001000s ]
SQL: SELECT * FROM bi_area WHERE area_name LIKE '%沈阳市%' OR CONCAT(area_name,'市') LIKE '沈阳市' [ RunTime:0.001000s ]
SQL: SELECT * FROM bi_area WHERE area_name LIKE '%济南市%' OR CONCAT(area_name,'市') LIKE '济南市' [ RunTime:0.001000s ]
SQL: SELECT * FROM bi_area WHERE area_name LIKE '%莆田市%' OR CONCAT(area_name,'市') LIKE '莆田市' [ RunTime:0.002001s ]
SQL: 
				SELECT * FROM bi_area WHERE area_id IN (16,23,17,5,166,169,88,64,68,91,87,183,165)
				 [ RunTime:0.001000s ]

[ 2014-07-21T09:00:48+08:00 ] 127.0.0.1 /gas_station_erp/index.php/management/Index/getAreaIdByUpdate
NOTIC: [2] htmlspecialchars() expects parameter 2 to be long, string given D:\trunk\frame\Lib\Core\App.class.php 第 56 行.
INFO: [ app_begin ] --START--
INFO: ReadHtmlCache Behavior ::run [ RunTime:0.000000s ]
INFO: [ app_begin ] --END-- [ RunTime:0.001000s ]
SQL: select target_num from app_dev_update where id = '10' [ RunTime:0.001000s ]

[ 2014-07-21T09:00:48+08:00 ] 127.0.0.1 /gas_station_erp/index.php/management/Index/getChannelArr
INFO: [ app_begin ] --START--
INFO: ReadHtmlCache Behavior ::run [ RunTime:0.000000s ]
INFO: [ app_begin ] --END-- [ RunTime:0.000000s ]
NOTIC: [8] Undefined index: orgid D:\trunk\gas_station_erp\Lib\Action\management\IndexAction.class.php 第 594 行.
SQL: 
				SELECT a.channel_id area_id,a.channel_name area_name,a.city pid FROM qd_channel a
				 where 1 
				and a.isDelete = 0
				 [ RunTime:0.002001s ]
SQL: SELECT a.channel_id,a.province,a.city
				FROM qd_channel a
				 where 1 
				GROUP BY a.province
				 [ RunTime:0.001000s ]
SQL: SELECT * FROM bi_area WHERE area_name LIKE '%山东省%' OR CONCAT(area_name,'省') LIKE '山东省' [ RunTime:0.002000s ]
SQL: SELECT * FROM bi_area WHERE area_name LIKE '%山西省%' OR CONCAT(area_name,'省') LIKE '山西省' [ RunTime:0.001000s ]
SQL: SELECT * FROM bi_area WHERE area_name LIKE '%福建省%' OR CONCAT(area_name,'省') LIKE '福建省' [ RunTime:0.001000s ]
SQL: SELECT * FROM bi_area WHERE area_name LIKE '%辽宁省%' OR CONCAT(area_name,'省') LIKE '辽宁省' [ RunTime:0.001000s ]
SQL: SELECT a.channel_id,a.province,a.city FROM
				qd_channel a
				 where 1 
				GROUP BY a.city
				 [ RunTime:0.001000s ]
SQL: SELECT * FROM bi_area WHERE area_name LIKE '%三明市%' OR CONCAT(area_name,'市') LIKE '三明市' [ RunTime:0.002000s ]
SQL: SELECT * FROM bi_area WHERE area_name LIKE '%南平市%' OR CONCAT(area_name,'市') LIKE '南平市' [ RunTime:0.001000s ]
SQL: SELECT * FROM bi_area WHERE area_name LIKE '%大连市%' OR CONCAT(area_name,'市') LIKE '大连市' [ RunTime:0.001000s ]
SQL: SELECT * FROM bi_area WHERE area_name LIKE '%太原市%' OR CONCAT(area_name,'市') LIKE '太原市' [ RunTime:0.001000s ]
SQL: SELECT * FROM bi_area WHERE area_name LIKE '%晋城市%' OR CONCAT(area_name,'市') LIKE '晋城市' [ RunTime:0.001000s ]
SQL: SELECT * FROM bi_area WHERE area_name LIKE '%本溪市%' OR CONCAT(area_name,'市') LIKE '本溪市' [ RunTime:0.001000s ]
SQL: SELECT * FROM bi_area WHERE area_name LIKE '%沈阳市%' OR CONCAT(area_name,'市') LIKE '沈阳市' [ RunTime:0.001001s ]
SQL: SELECT * FROM bi_area WHERE area_name LIKE '%济南市%' OR CONCAT(area_name,'市') LIKE '济南市' [ RunTime:0.001000s ]
SQL: SELECT * FROM bi_area WHERE area_name LIKE '%莆田市%' OR CONCAT(area_name,'市') LIKE '莆田市' [ RunTime:0.001000s ]
SQL: 
				SELECT * FROM bi_area WHERE area_id IN (16,23,17,5,166,169,88,64,68,91,87,183,165)
				 [ RunTime:0.001000s ]

[ 2014-07-21T09:01:10+08:00 ] 127.0.0.1 /gas_station_erp/index.php/management/Index/getAreaIdByUpdate
NOTIC: [2] htmlspecialchars() expects parameter 2 to be long, string given D:\trunk\frame\Lib\Core\App.class.php 第 56 行.
INFO: [ app_begin ] --START--
INFO: ReadHtmlCache Behavior ::run [ RunTime:0.001000s ]
INFO: [ app_begin ] --END-- [ RunTime:0.001000s ]
SQL: select target_num from app_dev_update where id = '20' [ RunTime:0.001000s ]

[ 2014-07-21T09:01:10+08:00 ] 127.0.0.1 /gas_station_erp/index.php/management/Index/getChannelArr
INFO: [ app_begin ] --START--
INFO: ReadHtmlCache Behavior ::run [ RunTime:0.000000s ]
INFO: [ app_begin ] --END-- [ RunTime:0.000000s ]
NOTIC: [8] Undefined index: orgid D:\trunk\gas_station_erp\Lib\Action\management\IndexAction.class.php 第 594 行.
SQL: 
				SELECT a.channel_id area_id,a.channel_name area_name,a.city pid FROM qd_channel a
				 where 1 
				and a.isDelete = 0
				 [ RunTime:0.002000s ]
SQL: SELECT a.channel_id,a.province,a.city
				FROM qd_channel a
				 where 1 
				GROUP BY a.province
				 [ RunTime:0.001000s ]
SQL: SELECT * FROM bi_area WHERE area_name LIKE '%山东省%' OR CONCAT(area_name,'省') LIKE '山东省' [ RunTime:0.001001s ]
SQL: SELECT * FROM bi_area WHERE area_name LIKE '%山西省%' OR CONCAT(area_name,'省') LIKE '山西省' [ RunTime:0.001000s ]
SQL: SELECT * FROM bi_area WHERE area_name LIKE '%福建省%' OR CONCAT(area_name,'省') LIKE '福建省' [ RunTime:0.001000s ]
SQL: SELECT * FROM bi_area WHERE area_name LIKE '%辽宁省%' OR CONCAT(area_name,'省') LIKE '辽宁省' [ RunTime:0.001000s ]
SQL: SELECT a.channel_id,a.province,a.city FROM
				qd_channel a
				 where 1 
				GROUP BY a.city
				 [ RunTime:0.002000s ]
SQL: SELECT * FROM bi_area WHERE area_name LIKE '%三明市%' OR CONCAT(area_name,'市') LIKE '三明市' [ RunTime:0.000000s ]
SQL: SELECT * FROM bi_area WHERE area_name LIKE '%南平市%' OR CONCAT(area_name,'市') LIKE '南平市' [ RunTime:0.001000s ]
SQL: SELECT * FROM bi_area WHERE area_name LIKE '%大连市%' OR CONCAT(area_name,'市') LIKE '大连市' [ RunTime:0.001000s ]
SQL: SELECT * FROM bi_area WHERE area_name LIKE '%太原市%' OR CONCAT(area_name,'市') LIKE '太原市' [ RunTime:0.001000s ]
SQL: SELECT * FROM bi_area WHERE area_name LIKE '%晋城市%' OR CONCAT(area_name,'市') LIKE '晋城市' [ RunTime:0.001000s ]
SQL: SELECT * FROM bi_area WHERE area_name LIKE '%本溪市%' OR CONCAT(area_name,'市') LIKE '本溪市' [ RunTime:0.001000s ]
SQL: SELECT * FROM bi_area WHERE area_name LIKE '%沈阳市%' OR CONCAT(area_name,'市') LIKE '沈阳市' [ RunTime:0.001000s ]
SQL: SELECT * FROM bi_area WHERE area_name LIKE '%济南市%' OR CONCAT(area_name,'市') LIKE '济南市' [ RunTime:0.001000s ]
SQL: SELECT * FROM bi_area WHERE area_name LIKE '%莆田市%' OR CONCAT(area_name,'市') LIKE '莆田市' [ RunTime:0.001000s ]
SQL: 
				SELECT * FROM bi_area WHERE area_id IN (16,23,17,5,166,169,88,64,68,91,87,183,165)
				 [ RunTime:0.001000s ]

[ 2014-07-21T09:01:15+08:00 ] 127.0.0.1 /gas_station_erp/index.php/management/Index/getAreaIdByUpdate
NOTIC: [2] htmlspecialchars() expects parameter 2 to be long, string given D:\trunk\frame\Lib\Core\App.class.php 第 56 行.
INFO: [ app_begin ] --START--
INFO: ReadHtmlCache Behavior ::run [ RunTime:0.001000s ]
INFO: [ app_begin ] --END-- [ RunTime:0.001000s ]
SQL: select target_num from app_dev_update where id = '21' [ RunTime:0.001000s ]

[ 2014-07-21T09:01:15+08:00 ] 127.0.0.1 /gas_station_erp/index.php/management/Index/getChannelArr
INFO: [ app_begin ] --START--
INFO: ReadHtmlCache Behavior ::run [ RunTime:0.000000s ]
INFO: [ app_begin ] --END-- [ RunTime:0.000000s ]
NOTIC: [8] Undefined index: orgid D:\trunk\gas_station_erp\Lib\Action\management\IndexAction.class.php 第 594 行.
SQL: 
				SELECT a.channel_id area_id,a.channel_name area_name,a.city pid FROM qd_channel a
				 where 1 
				and a.isDelete = 0
				 [ RunTime:0.003000s ]
SQL: SELECT a.channel_id,a.province,a.city
				FROM qd_channel a
				 where 1 
				GROUP BY a.province
				 [ RunTime:0.001000s ]
SQL: SELECT * FROM bi_area WHERE area_name LIKE '%山东省%' OR CONCAT(area_name,'省') LIKE '山东省' [ RunTime:0.002000s ]
SQL: SELECT * FROM bi_area WHERE area_name LIKE '%山西省%' OR CONCAT(area_name,'省') LIKE '山西省' [ RunTime:0.002001s ]
SQL: SELECT * FROM bi_area WHERE area_name LIKE '%福建省%' OR CONCAT(area_name,'省') LIKE '福建省' [ RunTime:0.001000s ]
SQL: SELECT * FROM bi_area WHERE area_name LIKE '%辽宁省%' OR CONCAT(area_name,'省') LIKE '辽宁省' [ RunTime:0.002000s ]
SQL: SELECT a.channel_id,a.province,a.city FROM
				qd_channel a
				 where 1 
				GROUP BY a.city
				 [ RunTime:0.002000s ]
SQL: SELECT * FROM bi_area WHERE area_name LIKE '%三明市%' OR CONCAT(area_name,'市') LIKE '三明市' [ RunTime:0.002000s ]
SQL: SELECT * FROM bi_area WHERE area_name LIKE '%南平市%' OR CONCAT(area_name,'市') LIKE '南平市' [ RunTime:0.001000s ]
SQL: SELECT * FROM bi_area WHERE area_name LIKE '%大连市%' OR CONCAT(area_name,'市') LIKE '大连市' [ RunTime:0.001000s ]
SQL: SELECT * FROM bi_area WHERE area_name LIKE '%太原市%' OR CONCAT(area_name,'市') LIKE '太原市' [ RunTime:0.002000s ]
SQL: SELECT * FROM bi_area WHERE area_name LIKE '%晋城市%' OR CONCAT(area_name,'市') LIKE '晋城市' [ RunTime:0.002000s ]
SQL: SELECT * FROM bi_area WHERE area_name LIKE '%本溪市%' OR CONCAT(area_name,'市') LIKE '本溪市' [ RunTime:0.001000s ]
SQL: SELECT * FROM bi_area WHERE area_name LIKE '%沈阳市%' OR CONCAT(area_name,'市') LIKE '沈阳市' [ RunTime:0.001001s ]
SQL: SELECT * FROM bi_area WHERE area_name LIKE '%济南市%' OR CONCAT(area_name,'市') LIKE '济南市' [ RunTime:0.002000s ]
SQL: SELECT * FROM bi_area WHERE area_name LIKE '%莆田市%' OR CONCAT(area_name,'市') LIKE '莆田市' [ RunTime:0.002000s ]
SQL: 
				SELECT * FROM bi_area WHERE area_id IN (16,23,17,5,166,169,88,64,68,91,87,183,165)
				 [ RunTime:0.001000s ]

[ 2014-07-21T09:01:46+08:00 ] 127.0.0.1 /gas_station_erp/index.php/management/Index/getAreaIdByUpdate
NOTIC: [2] htmlspecialchars() expects parameter 2 to be long, string given D:\trunk\frame\Lib\Core\App.class.php 第 56 行.
INFO: [ app_begin ] --START--
INFO: ReadHtmlCache Behavior ::run [ RunTime:0.000000s ]
INFO: [ app_begin ] --END-- [ RunTime:0.000000s ]
SQL: select target_num from app_dev_update where id = '20' [ RunTime:0.001000s ]

[ 2014-07-21T09:01:46+08:00 ] 127.0.0.1 /gas_station_erp/index.php/management/Index/getChannelArr
INFO: [ app_begin ] --START--
INFO: ReadHtmlCache Behavior ::run [ RunTime:0.000000s ]
INFO: [ app_begin ] --END-- [ RunTime:0.000000s ]
NOTIC: [8] Undefined index: orgid D:\trunk\gas_station_erp\Lib\Action\management\IndexAction.class.php 第 594 行.
SQL: 
				SELECT a.channel_id area_id,a.channel_name area_name,a.city pid FROM qd_channel a
				 where 1 
				and a.isDelete = 0
				 [ RunTime:0.003000s ]
SQL: SELECT a.channel_id,a.province,a.city
				FROM qd_channel a
				 where 1 
				GROUP BY a.province
				 [ RunTime:0.002000s ]
SQL: SELECT * FROM bi_area WHERE area_name LIKE '%山东省%' OR CONCAT(area_name,'省') LIKE '山东省' [ RunTime:0.001000s ]
SQL: SELECT * FROM bi_area WHERE area_name LIKE '%山西省%' OR CONCAT(area_name,'省') LIKE '山西省' [ RunTime:0.001000s ]
SQL: SELECT * FROM bi_area WHERE area_name LIKE '%福建省%' OR CONCAT(area_name,'省') LIKE '福建省' [ RunTime:0.001000s ]
SQL: SELECT * FROM bi_area WHERE area_name LIKE '%辽宁省%' OR CONCAT(area_name,'省') LIKE '辽宁省' [ RunTime:0.001000s ]
SQL: SELECT a.channel_id,a.province,a.city FROM
				qd_channel a
				 where 1 
				GROUP BY a.city
				 [ RunTime:0.002000s ]
SQL: SELECT * FROM bi_area WHERE area_name LIKE '%三明市%' OR CONCAT(area_name,'市') LIKE '三明市' [ RunTime:0.001000s ]
SQL: SELECT * FROM bi_area WHERE area_name LIKE '%南平市%' OR CONCAT(area_name,'市') LIKE '南平市' [ RunTime:0.001000s ]
SQL: SELECT * FROM bi_area WHERE area_name LIKE '%大连市%' OR CONCAT(area_name,'市') LIKE '大连市' [ RunTime:0.002000s ]
SQL: SELECT * FROM bi_area WHERE area_name LIKE '%太原市%' OR CONCAT(area_name,'市') LIKE '太原市' [ RunTime:0.002000s ]
SQL: SELECT * FROM bi_area WHERE area_name LIKE '%晋城市%' OR CONCAT(area_name,'市') LIKE '晋城市' [ RunTime:0.001000s ]
SQL: SELECT * FROM bi_area WHERE area_name LIKE '%本溪市%' OR CONCAT(area_name,'市') LIKE '本溪市' [ RunTime:0.001001s ]
SQL: SELECT * FROM bi_area WHERE area_name LIKE '%沈阳市%' OR CONCAT(area_name,'市') LIKE '沈阳市' [ RunTime:0.002000s ]
SQL: SELECT * FROM bi_area WHERE area_name LIKE '%济南市%' OR CONCAT(area_name,'市') LIKE '济南市' [ RunTime:0.002000s ]
SQL: SELECT * FROM bi_area WHERE area_name LIKE '%莆田市%' OR CONCAT(area_name,'市') LIKE '莆田市' [ RunTime:0.001000s ]
SQL: 
				SELECT * FROM bi_area WHERE area_id IN (16,23,17,5,166,169,88,64,68,91,87,183,165)
				 [ RunTime:0.001000s ]

[ 2014-07-21T09:01:52+08:00 ] 127.0.0.1 /gas_station_erp/index.php/management/Index/getAreaIdByUpdate
NOTIC: [2] htmlspecialchars() expects parameter 2 to be long, string given D:\trunk\frame\Lib\Core\App.class.php 第 56 行.
INFO: [ app_begin ] --START--
INFO: ReadHtmlCache Behavior ::run [ RunTime:0.001000s ]
INFO: [ app_begin ] --END-- [ RunTime:0.001000s ]
SQL: select target_num from app_dev_update where id = '21' [ RunTime:0.001000s ]

[ 2014-07-21T09:01:52+08:00 ] 127.0.0.1 /gas_station_erp/index.php/management/Index/getChannelArr
INFO: [ app_begin ] --START--
INFO: ReadHtmlCache Behavior ::run [ RunTime:0.001000s ]
INFO: [ app_begin ] --END-- [ RunTime:0.001000s ]
NOTIC: [8] Undefined index: orgid D:\trunk\gas_station_erp\Lib\Action\management\IndexAction.class.php 第 594 行.
SQL: 
				SELECT a.channel_id area_id,a.channel_name area_name,a.city pid FROM qd_channel a
				 where 1 
				and a.isDelete = 0
				 [ RunTime:0.003000s ]
SQL: SELECT a.channel_id,a.province,a.city
				FROM qd_channel a
				 where 1 
				GROUP BY a.province
				 [ RunTime:0.001000s ]
SQL: SELECT * FROM bi_area WHERE area_name LIKE '%山东省%' OR CONCAT(area_name,'省') LIKE '山东省' [ RunTime:0.002000s ]
SQL: SELECT * FROM bi_area WHERE area_name LIKE '%山西省%' OR CONCAT(area_name,'省') LIKE '山西省' [ RunTime:0.002001s ]
SQL: SELECT * FROM bi_area WHERE area_name LIKE '%福建省%' OR CONCAT(area_name,'省') LIKE '福建省' [ RunTime:0.001000s ]
SQL: SELECT * FROM bi_area WHERE area_name LIKE '%辽宁省%' OR CONCAT(area_name,'省') LIKE '辽宁省' [ RunTime:0.001000s ]
SQL: SELECT a.channel_id,a.province,a.city FROM
				qd_channel a
				 where 1 
				GROUP BY a.city
				 [ RunTime:0.001000s ]
SQL: SELECT * FROM bi_area WHERE area_name LIKE '%三明市%' OR CONCAT(area_name,'市') LIKE '三明市' [ RunTime:0.002000s ]
SQL: SELECT * FROM bi_area WHERE area_name LIKE '%南平市%' OR CONCAT(area_name,'市') LIKE '南平市' [ RunTime:0.002000s ]
SQL: SELECT * FROM bi_area WHERE area_name LIKE '%大连市%' OR CONCAT(area_name,'市') LIKE '大连市' [ RunTime:0.002000s ]
SQL: SELECT * FROM bi_area WHERE area_name LIKE '%太原市%' OR CONCAT(area_name,'市') LIKE '太原市' [ RunTime:0.001000s ]
SQL: SELECT * FROM bi_area WHERE area_name LIKE '%晋城市%' OR CONCAT(area_name,'市') LIKE '晋城市' [ RunTime:0.001000s ]
SQL: SELECT * FROM bi_area WHERE area_name LIKE '%本溪市%' OR CONCAT(area_name,'市') LIKE '本溪市' [ RunTime:0.002000s ]
SQL: SELECT * FROM bi_area WHERE area_name LIKE '%沈阳市%' OR CONCAT(area_name,'市') LIKE '沈阳市' [ RunTime:0.001000s ]
SQL: SELECT * FROM bi_area WHERE area_name LIKE '%济南市%' OR CONCAT(area_name,'市') LIKE '济南市' [ RunTime:0.001000s ]
SQL: SELECT * FROM bi_area WHERE area_name LIKE '%莆田市%' OR CONCAT(area_name,'市') LIKE '莆田市' [ RunTime:0.002000s ]
SQL: 
				SELECT * FROM bi_area WHERE area_id IN (16,23,17,5,166,169,88,64,68,91,87,183,165)
				 [ RunTime:0.002000s ]

[ 2014-07-21T09:02:42+08:00 ] 127.0.0.1 /gas_station_erp/index.php/channel//gas_station_erp/gas_station_erp/Tpl/channel/Public/css/configuration.css
ERR: 无法加载模块:gas_station_erp

[ 2014-07-21T09:02:42+08:00 ] 127.0.0.1 /gas_station_erp/index.php/channel/Agent/agentnameBlurrySelect?agent_name=
NOTIC: [2] htmlspecialchars() expects parameter 2 to be long, string given D:\trunk\frame\Lib\Core\App.class.php 第 57 行.
INFO: [ app_begin ] --START--
INFO: ReadHtmlCache Behavior ::run [ RunTime:0.000000s ]
INFO: [ app_begin ] --END-- [ RunTime:0.000000s ]
NOTIC: [2] urldecode() expects parameter 1 to be string, array given D:\trunk\gas_station_erp\Lib\Action\channel\AgentAction.class.php 第 4 行.
NOTIC: [2] htmlspecialchars() expects parameter 2 to be long, string given D:\trunk\frame\Common\common.php 第 110 行.
NOTIC: [2] htmlspecialchars() expects parameter 2 to be long, string given D:\trunk\frame\Common\common.php 第 110 行.
SQL: SHOW COLUMNS FROM `qd_agent` [ RunTime:0.002000s ]
SQL: SELECT DISTINCT  `agent_name` FROM `qd_agent` WHERE ( `agent_name` LIKE '%%' )  [ RunTime:0.002000s ]

[ 2014-07-21T09:02:42+08:00 ] 127.0.0.1 /gas_station_erp/index.php/channel/Channel/channelnameBlurrySelect
INFO: [ app_begin ] --START--
INFO: ReadHtmlCache Behavior ::run [ RunTime:0.001000s ]
INFO: [ app_begin ] --END-- [ RunTime:0.001000s ]
NOTIC: [2] urldecode() expects parameter 1 to be string, array given D:\trunk\gas_station_erp\Lib\Action\channel\ChannelAction.class.php 第 4 行.
NOTIC: [2] htmlspecialchars() expects parameter 2 to be long, string given D:\trunk\frame\Common\common.php 第 110 行.
SQL: SHOW COLUMNS FROM `qd_channel` [ RunTime:0.001000s ]
SQL: SELECT DISTINCT  `channel_name` FROM `qd_channel` WHERE ( `channel_name` LIKE '%%' )  [ RunTime:0.002000s ]

[ 2014-07-21T09:02:50+08:00 ] 127.0.0.1 /gas_station_erp/index.php/management/Index/getAppRule
NOTIC: [2] htmlspecialchars() expects parameter 2 to be long, string given D:\trunk\frame\Lib\Core\App.class.php 第 56 行.
INFO: [ app_begin ] --START--
INFO: ReadHtmlCache Behavior ::run [ RunTime:0.001000s ]
INFO: [ app_begin ] --END-- [ RunTime:0.001000s ]
SQL: 
				SELECT rule_no FROM app_rule GROUP BY rule_no
		 [ RunTime:0.053003s ]

[ 2014-07-21T09:02:55+08:00 ] 127.0.0.1 /gas_station_erp/index.php/management/Index/getChannelArr
INFO: [ app_begin ] --START--
INFO: ReadHtmlCache Behavior ::run [ RunTime:0.001000s ]
INFO: [ app_begin ] --END-- [ RunTime:0.001000s ]
NOTIC: [8] Undefined index: orgid D:\trunk\gas_station_erp\Lib\Action\management\IndexAction.class.php 第 594 行.
SQL: 
				SELECT a.channel_id area_id,a.channel_name area_name,a.city pid FROM qd_channel a
				 where 1 
				and a.isDelete = 0
				 [ RunTime:0.002001s ]
SQL: SELECT a.channel_id,a.province,a.city
				FROM qd_channel a
				 where 1 
				GROUP BY a.province
				 [ RunTime:0.002000s ]
SQL: SELECT * FROM bi_area WHERE area_name LIKE '%山东省%' OR CONCAT(area_name,'省') LIKE '山东省' [ RunTime:0.001000s ]
SQL: SELECT * FROM bi_area WHERE area_name LIKE '%山西省%' OR CONCAT(area_name,'省') LIKE '山西省' [ RunTime:0.001000s ]
SQL: SELECT * FROM bi_area WHERE area_name LIKE '%福建省%' OR CONCAT(area_name,'省') LIKE '福建省' [ RunTime:0.002000s ]
SQL: SELECT * FROM bi_area WHERE area_name LIKE '%辽宁省%' OR CONCAT(area_name,'省') LIKE '辽宁省' [ RunTime:0.001000s ]
SQL: SELECT a.channel_id,a.province,a.city FROM
				qd_channel a
				 where 1 
				GROUP BY a.city
				 [ RunTime:0.002000s ]
SQL: SELECT * FROM bi_area WHERE area_name LIKE '%三明市%' OR CONCAT(area_name,'市') LIKE '三明市' [ RunTime:0.002000s ]
SQL: SELECT * FROM bi_area WHERE area_name LIKE '%南平市%' OR CONCAT(area_name,'市') LIKE '南平市' [ RunTime:0.001000s ]
SQL: SELECT * FROM bi_area WHERE area_name LIKE '%大连市%' OR CONCAT(area_name,'市') LIKE '大连市' [ RunTime:0.002000s ]
SQL: SELECT * FROM bi_area WHERE area_name LIKE '%太原市%' OR CONCAT(area_name,'市') LIKE '太原市' [ RunTime:0.002001s ]
SQL: SELECT * FROM bi_area WHERE area_name LIKE '%晋城市%' OR CONCAT(area_name,'市') LIKE '晋城市' [ RunTime:0.002000s ]
SQL: SELECT * FROM bi_area WHERE area_name LIKE '%本溪市%' OR CONCAT(area_name,'市') LIKE '本溪市' [ RunTime:0.001000s ]
SQL: SELECT * FROM bi_area WHERE area_name LIKE '%沈阳市%' OR CONCAT(area_name,'市') LIKE '沈阳市' [ RunTime:0.001000s ]
SQL: SELECT * FROM bi_area WHERE area_name LIKE '%济南市%' OR CONCAT(area_name,'市') LIKE '济南市' [ RunTime:0.002000s ]
SQL: SELECT * FROM bi_area WHERE area_name LIKE '%莆田市%' OR CONCAT(area_name,'市') LIKE '莆田市' [ RunTime:0.002000s ]
SQL: 
				SELECT * FROM bi_area WHERE area_id IN (16,23,17,5,166,169,88,64,68,91,87,183,165)
				 [ RunTime:0.001000s ]

[ 2014-07-21T09:04:13+08:00 ] 127.0.0.1 /gas_station_erp/index.php/channel//gas_station_erp/gas_station_erp/Tpl/channel/Public/css/configuration.css
ERR: 无法加载模块:gas_station_erp

[ 2014-07-21T09:04:14+08:00 ] 127.0.0.1 /gas_station_erp/index.php/channel/Agent/agentnameBlurrySelect?agent_name=
NOTIC: [2] htmlspecialchars() expects parameter 2 to be long, string given D:\trunk\frame\Lib\Core\App.class.php 第 57 行.
INFO: [ app_begin ] --START--
INFO: ReadHtmlCache Behavior ::run [ RunTime:0.000000s ]
INFO: [ app_begin ] --END-- [ RunTime:0.000000s ]
NOTIC: [2] urldecode() expects parameter 1 to be string, array given D:\trunk\gas_station_erp\Lib\Action\channel\AgentAction.class.php 第 4 行.
NOTIC: [2] htmlspecialchars() expects parameter 2 to be long, string given D:\trunk\frame\Common\common.php 第 110 行.
NOTIC: [2] htmlspecialchars() expects parameter 2 to be long, string given D:\trunk\frame\Common\common.php 第 110 行.
SQL: SHOW COLUMNS FROM `qd_agent` [ RunTime:0.002000s ]
SQL: SELECT DISTINCT  `agent_name` FROM `qd_agent` WHERE ( `agent_name` LIKE '%%' )  [ RunTime:0.001000s ]

[ 2014-07-21T09:04:14+08:00 ] 127.0.0.1 /gas_station_erp/index.php/channel/Channel/channelnameBlurrySelect
INFO: [ app_begin ] --START--
INFO: ReadHtmlCache Behavior ::run [ RunTime:0.001000s ]
INFO: [ app_begin ] --END-- [ RunTime:0.001000s ]
NOTIC: [2] urldecode() expects parameter 1 to be string, array given D:\trunk\gas_station_erp\Lib\Action\channel\ChannelAction.class.php 第 4 行.
NOTIC: [2] htmlspecialchars() expects parameter 2 to be long, string given D:\trunk\frame\Common\common.php 第 110 行.
SQL: SHOW COLUMNS FROM `qd_channel` [ RunTime:0.002000s ]
SQL: SELECT DISTINCT  `channel_name` FROM `qd_channel` WHERE ( `channel_name` LIKE '%%' )  [ RunTime:0.003000s ]

[ 2014-07-21T09:04:27+08:00 ] 127.0.0.1 /gas_station_erp/index.php/management/Index/getAppRule
NOTIC: [2] htmlspecialchars() expects parameter 2 to be long, string given D:\trunk\frame\Lib\Core\App.class.php 第 56 行.
INFO: [ app_begin ] --START--
INFO: ReadHtmlCache Behavior ::run [ RunTime:0.000000s ]
INFO: [ app_begin ] --END-- [ RunTime:0.000000s ]
SQL: 
				SELECT rule_no FROM app_rule GROUP BY rule_no
		 [ RunTime:0.049002s ]

[ 2014-07-21T09:04:31+08:00 ] 127.0.0.1 /gas_station_erp/index.php/management/Index/getChannelArr
INFO: [ app_begin ] --START--
INFO: ReadHtmlCache Behavior ::run [ RunTime:0.001000s ]
INFO: [ app_begin ] --END-- [ RunTime:0.001000s ]
NOTIC: [8] Undefined index: orgid D:\trunk\gas_station_erp\Lib\Action\management\IndexAction.class.php 第 594 行.
SQL: 
				SELECT a.channel_id area_id,a.channel_name area_name,a.city pid FROM qd_channel a
				 where 1 
				and a.isDelete = 0
				 [ RunTime:0.002000s ]
SQL: SELECT a.channel_id,a.province,a.city
				FROM qd_channel a
				 where 1 
				GROUP BY a.province
				 [ RunTime:0.001000s ]
SQL: SELECT * FROM bi_area WHERE area_name LIKE '%山东省%' OR CONCAT(area_name,'省') LIKE '山东省' [ RunTime:0.001000s ]
SQL: SELECT * FROM bi_area WHERE area_name LIKE '%山西省%' OR CONCAT(area_name,'省') LIKE '山西省' [ RunTime:0.002000s ]
SQL: SELECT * FROM bi_area WHERE area_name LIKE '%福建省%' OR CONCAT(area_name,'省') LIKE '福建省' [ RunTime:0.001000s ]
SQL: SELECT * FROM bi_area WHERE area_name LIKE '%辽宁省%' OR CONCAT(area_name,'省') LIKE '辽宁省' [ RunTime:0.001000s ]
SQL: SELECT a.channel_id,a.province,a.city FROM
				qd_channel a
				 where 1 
				GROUP BY a.city
				 [ RunTime:0.002000s ]
SQL: SELECT * FROM bi_area WHERE area_name LIKE '%三明市%' OR CONCAT(area_name,'市') LIKE '三明市' [ RunTime:0.001000s ]
SQL: SELECT * FROM bi_area WHERE area_name LIKE '%南平市%' OR CONCAT(area_name,'市') LIKE '南平市' [ RunTime:0.001000s ]
SQL: SELECT * FROM bi_area WHERE area_name LIKE '%大连市%' OR CONCAT(area_name,'市') LIKE '大连市' [ RunTime:0.002000s ]
SQL: SELECT * FROM bi_area WHERE area_name LIKE '%太原市%' OR CONCAT(area_name,'市') LIKE '太原市' [ RunTime:0.002000s ]
SQL: SELECT * FROM bi_area WHERE area_name LIKE '%晋城市%' OR CONCAT(area_name,'市') LIKE '晋城市' [ RunTime:0.001000s ]
SQL: SELECT * FROM bi_area WHERE area_name LIKE '%本溪市%' OR CONCAT(area_name,'市') LIKE '本溪市' [ RunTime:0.001000s ]
SQL: SELECT * FROM bi_area WHERE area_name LIKE '%沈阳市%' OR CONCAT(area_name,'市') LIKE '沈阳市' [ RunTime:0.002000s ]
SQL: SELECT * FROM bi_area WHERE area_name LIKE '%济南市%' OR CONCAT(area_name,'市') LIKE '济南市' [ RunTime:0.002000s ]
SQL: SELECT * FROM bi_area WHERE area_name LIKE '%莆田市%' OR CONCAT(area_name,'市') LIKE '莆田市' [ RunTime:0.001000s ]
SQL: 
				SELECT * FROM bi_area WHERE area_id IN (16,23,17,5,166,169,88,64,68,91,87,183,165)
				 [ RunTime:0.001000s ]

[ 2014-07-21T09:05:16+08:00 ] 127.0.0.1 /gas_station_erp/index.php/management/Index/getAppRule
NOTIC: [2] htmlspecialchars() expects parameter 2 to be long, string given D:\trunk\frame\Lib\Core\App.class.php 第 56 行.
INFO: [ app_begin ] --START--
INFO: ReadHtmlCache Behavior ::run [ RunTime:0.001000s ]
INFO: [ app_begin ] --END-- [ RunTime:0.001000s ]
SQL: 
				SELECT rule_no FROM app_rule GROUP BY rule_no
		 [ RunTime:0.049003s ]

[ 2014-07-21T09:05:31+08:00 ] 127.0.0.1 /gas_station_erp/index.php/management/Index/getChannelArr
INFO: [ app_begin ] --START--
INFO: ReadHtmlCache Behavior ::run [ RunTime:0.001000s ]
INFO: [ app_begin ] --END-- [ RunTime:0.001000s ]
NOTIC: [8] Undefined index: orgid D:\trunk\gas_station_erp\Lib\Action\management\IndexAction.class.php 第 594 行.
SQL: 
				SELECT a.channel_id area_id,a.channel_name area_name,a.city pid FROM qd_channel a
				 where 1 
				and a.isDelete = 0
				 [ RunTime:0.003000s ]
SQL: SELECT a.channel_id,a.province,a.city
				FROM qd_channel a
				 where 1 
				GROUP BY a.province
				 [ RunTime:0.002000s ]
SQL: SELECT * FROM bi_area WHERE area_name LIKE '%山东省%' OR CONCAT(area_name,'省') LIKE '山东省' [ RunTime:0.002000s ]
SQL: SELECT * FROM bi_area WHERE area_name LIKE '%山西省%' OR CONCAT(area_name,'省') LIKE '山西省' [ RunTime:0.001000s ]
SQL: SELECT * FROM bi_area WHERE area_name LIKE '%福建省%' OR CONCAT(area_name,'省') LIKE '福建省' [ RunTime:0.001000s ]
SQL: SELECT * FROM bi_area WHERE area_name LIKE '%辽宁省%' OR CONCAT(area_name,'省') LIKE '辽宁省' [ RunTime:0.002000s ]
SQL: SELECT a.channel_id,a.province,a.city FROM
				qd_channel a
				 where 1 
				GROUP BY a.city
				 [ RunTime:0.002000s ]
SQL: SELECT * FROM bi_area WHERE area_name LIKE '%三明市%' OR CONCAT(area_name,'市') LIKE '三明市' [ RunTime:0.001000s ]
SQL: SELECT * FROM bi_area WHERE area_name LIKE '%南平市%' OR CONCAT(area_name,'市') LIKE '南平市' [ RunTime:0.001001s ]
SQL: SELECT * FROM bi_area WHERE area_name LIKE '%大连市%' OR CONCAT(area_name,'市') LIKE '大连市' [ RunTime:0.002000s ]
SQL: SELECT * FROM bi_area WHERE area_name LIKE '%太原市%' OR CONCAT(area_name,'市') LIKE '太原市' [ RunTime:0.002000s ]
SQL: SELECT * FROM bi_area WHERE area_name LIKE '%晋城市%' OR CONCAT(area_name,'市') LIKE '晋城市' [ RunTime:0.002000s ]
SQL: SELECT * FROM bi_area WHERE area_name LIKE '%本溪市%' OR CONCAT(area_name,'市') LIKE '本溪市' [ RunTime:0.002000s ]
SQL: SELECT * FROM bi_area WHERE area_name LIKE '%沈阳市%' OR CONCAT(area_name,'市') LIKE '沈阳市' [ RunTime:0.001000s ]
SQL: SELECT * FROM bi_area WHERE area_name LIKE '%济南市%' OR CONCAT(area_name,'市') LIKE '济南市' [ RunTime:0.001000s ]
SQL: SELECT * FROM bi_area WHERE area_name LIKE '%莆田市%' OR CONCAT(area_name,'市') LIKE '莆田市' [ RunTime:0.001000s ]
SQL: 
				SELECT * FROM bi_area WHERE area_id IN (16,23,17,5,166,169,88,64,68,91,87,183,165)
				 [ RunTime:0.002000s ]

[ 2014-07-21T09:05:37+08:00 ] 127.0.0.1 /gas_station_erp/index.php/management/Index/getAppRule
NOTIC: [2] htmlspecialchars() expects parameter 2 to be long, string given D:\trunk\frame\Lib\Core\App.class.php 第 56 行.
INFO: [ app_begin ] --START--
INFO: ReadHtmlCache Behavior ::run [ RunTime:0.001000s ]
INFO: [ app_begin ] --END-- [ RunTime:0.001000s ]
SQL: 
				SELECT rule_no FROM app_rule GROUP BY rule_no
		 [ RunTime:0.049003s ]

[ 2014-07-21T09:05:37+08:00 ] 127.0.0.1 /gas_station_erp/index.php/management/Index/getChannelArr
INFO: [ app_begin ] --START--
INFO: ReadHtmlCache Behavior ::run [ RunTime:0.000000s ]
INFO: [ app_begin ] --END-- [ RunTime:0.000000s ]
NOTIC: [8] Undefined index: orgid D:\trunk\gas_station_erp\Lib\Action\management\IndexAction.class.php 第 594 行.
SQL: 
				SELECT a.channel_id area_id,a.channel_name area_name,a.city pid FROM qd_channel a
				 where 1 
				and a.isDelete = 0
				 [ RunTime:0.003000s ]
SQL: SELECT a.channel_id,a.province,a.city
				FROM qd_channel a
				 where 1 
				GROUP BY a.province
				 [ RunTime:0.002001s ]
SQL: SELECT * FROM bi_area WHERE area_name LIKE '%山东省%' OR CONCAT(area_name,'省') LIKE '山东省' [ RunTime:0.001000s ]
SQL: SELECT * FROM bi_area WHERE area_name LIKE '%山西省%' OR CONCAT(area_name,'省') LIKE '山西省' [ RunTime:0.001000s ]
SQL: SELECT * FROM bi_area WHERE area_name LIKE '%福建省%' OR CONCAT(area_name,'省') LIKE '福建省' [ RunTime:0.001000s ]
SQL: SELECT * FROM bi_area WHERE area_name LIKE '%辽宁省%' OR CONCAT(area_name,'省') LIKE '辽宁省' [ RunTime:0.001000s ]
SQL: SELECT a.channel_id,a.province,a.city FROM
				qd_channel a
				 where 1 
				GROUP BY a.city
				 [ RunTime:0.001000s ]
SQL: SELECT * FROM bi_area WHERE area_name LIKE '%三明市%' OR CONCAT(area_name,'市') LIKE '三明市' [ RunTime:0.002000s ]
SQL: SELECT * FROM bi_area WHERE area_name LIKE '%南平市%' OR CONCAT(area_name,'市') LIKE '南平市' [ RunTime:0.001000s ]
SQL: SELECT * FROM bi_area WHERE area_name LIKE '%大连市%' OR CONCAT(area_name,'市') LIKE '大连市' [ RunTime:0.001000s ]
SQL: SELECT * FROM bi_area WHERE area_name LIKE '%太原市%' OR CONCAT(area_name,'市') LIKE '太原市' [ RunTime:0.002000s ]
SQL: SELECT * FROM bi_area WHERE area_name LIKE '%晋城市%' OR CONCAT(area_name,'市') LIKE '晋城市' [ RunTime:0.001000s ]
SQL: SELECT * FROM bi_area WHERE area_name LIKE '%本溪市%' OR CONCAT(area_name,'市') LIKE '本溪市' [ RunTime:0.001000s ]
SQL: SELECT * FROM bi_area WHERE area_name LIKE '%沈阳市%' OR CONCAT(area_name,'市') LIKE '沈阳市' [ RunTime:0.002000s ]
SQL: SELECT * FROM bi_area WHERE area_name LIKE '%济南市%' OR CONCAT(area_name,'市') LIKE '济南市' [ RunTime:0.002001s ]
SQL: SELECT * FROM bi_area WHERE area_name LIKE '%莆田市%' OR CONCAT(area_name,'市') LIKE '莆田市' [ RunTime:0.001000s ]
SQL: 
				SELECT * FROM bi_area WHERE area_id IN (16,23,17,5,166,169,88,64,68,91,87,183,165)
				 [ RunTime:0.001000s ]

[ 2014-07-21T11:18:26+08:00 ] 127.0.0.1 /gas_station_erp/index.php/Login/login
NOTIC: [2] htmlspecialchars() expects parameter 2 to be long, string given D:\trunk\frame\Lib\Core\App.class.php 第 56 行.
NOTIC: [2] htmlspecialchars() expects parameter 2 to be long, string given D:\trunk\frame\Lib\Core\App.class.php 第 56 行.
NOTIC: [2] htmlspecialchars() expects parameter 2 to be long, string given D:\trunk\frame\Lib\Core\App.class.php 第 56 行.
NOTIC: [2] htmlspecialchars() expects parameter 2 to be long, string given D:\trunk\frame\Lib\Core\App.class.php 第 56 行.
NOTIC: [2] htmlspecialchars() expects parameter 2 to be long, string given D:\trunk\frame\Lib\Core\App.class.php 第 56 行.
INFO: [ app_begin ] --START--
INFO: ReadHtmlCache Behavior ::run [ RunTime:0.000000s ]
INFO: [ app_begin ] --END-- [ RunTime:0.000000s ]
SQL: SELECT url FROM bi_menu [ RunTime:0.001001s ]

[ 2014-07-21T11:18:33+08:00 ] 127.0.0.1 /gas_station_erp/index.php/management/Index/getAppRule
NOTIC: [2] htmlspecialchars() expects parameter 2 to be long, string given D:\trunk\frame\Lib\Core\App.class.php 第 56 行.
INFO: [ app_begin ] --START--
INFO: ReadHtmlCache Behavior ::run [ RunTime:0.000000s ]
INFO: [ app_begin ] --END-- [ RunTime:0.000000s ]
SQL: 
				SELECT rule_no FROM app_rule GROUP BY rule_no
		 [ RunTime:0.050003s ]

[ 2014-07-21T11:18:33+08:00 ] 127.0.0.1 /gas_station_erp/index.php/management/Index/getChannelArr
INFO: [ app_begin ] --START--
INFO: ReadHtmlCache Behavior ::run [ RunTime:0.001000s ]
INFO: [ app_begin ] --END-- [ RunTime:0.001000s ]
NOTIC: [8] Undefined index: orgid D:\trunk\gas_station_erp\Lib\Action\management\IndexAction.class.php 第 594 行.
SQL: 
				SELECT a.channel_id area_id,a.channel_name area_name,a.city pid FROM qd_channel a
				 where 1 
				and a.isDelete = 0
				 [ RunTime:0.003000s ]
SQL: SELECT a.channel_id,a.province,a.city
				FROM qd_channel a
				 where 1 
				GROUP BY a.province
				 [ RunTime:0.002000s ]
SQL: SELECT * FROM bi_area WHERE area_name LIKE '%山东省%' OR CONCAT(area_name,'省') LIKE '山东省' [ RunTime:0.001000s ]
SQL: SELECT * FROM bi_area WHERE area_name LIKE '%山西省%' OR CONCAT(area_name,'省') LIKE '山西省' [ RunTime:0.001000s ]
SQL: SELECT * FROM bi_area WHERE area_name LIKE '%福建省%' OR CONCAT(area_name,'省') LIKE '福建省' [ RunTime:0.001000s ]
SQL: SELECT * FROM bi_area WHERE area_name LIKE '%辽宁省%' OR CONCAT(area_name,'省') LIKE '辽宁省' [ RunTime:0.001000s ]
SQL: SELECT a.channel_id,a.province,a.city FROM
				qd_channel a
				 where 1 
				GROUP BY a.city
				 [ RunTime:0.001000s ]
SQL: SELECT * FROM bi_area WHERE area_name LIKE '%三明市%' OR CONCAT(area_name,'市') LIKE '三明市' [ RunTime:0.001000s ]
SQL: SELECT * FROM bi_area WHERE area_name LIKE '%南平市%' OR CONCAT(area_name,'市') LIKE '南平市' [ RunTime:0.001000s ]
SQL: SELECT * FROM bi_area WHERE area_name LIKE '%大连市%' OR CONCAT(area_name,'市') LIKE '大连市' [ RunTime:0.001000s ]
SQL: SELECT * FROM bi_area WHERE area_name LIKE '%太原市%' OR CONCAT(area_name,'市') LIKE '太原市' [ RunTime:0.001000s ]
SQL: SELECT * FROM bi_area WHERE area_name LIKE '%晋城市%' OR CONCAT(area_name,'市') LIKE '晋城市' [ RunTime:0.002000s ]
SQL: SELECT * FROM bi_area WHERE area_name LIKE '%本溪市%' OR CONCAT(area_name,'市') LIKE '本溪市' [ RunTime:0.001001s ]
SQL: SELECT * FROM bi_area WHERE area_name LIKE '%沈阳市%' OR CONCAT(area_name,'市') LIKE '沈阳市' [ RunTime:0.001000s ]
SQL: SELECT * FROM bi_area WHERE area_name LIKE '%济南市%' OR CONCAT(area_name,'市') LIKE '济南市' [ RunTime:0.001000s ]
SQL: SELECT * FROM bi_area WHERE area_name LIKE '%莆田市%' OR CONCAT(area_name,'市') LIKE '莆田市' [ RunTime:0.001000s ]
SQL: 
				SELECT * FROM bi_area WHERE area_id IN (16,23,17,5,166,169,88,64,68,91,87,183,165)
				 [ RunTime:0.002000s ]

[ 2014-07-21T11:18:35+08:00 ] 127.0.0.1 /gas_station_erp/index.php/management/Index/getAppRule
NOTIC: [2] htmlspecialchars() expects parameter 2 to be long, string given D:\trunk\frame\Lib\Core\App.class.php 第 56 行.
INFO: [ app_begin ] --START--
INFO: ReadHtmlCache Behavior ::run [ RunTime:0.000000s ]
INFO: [ app_begin ] --END-- [ RunTime:0.000000s ]
SQL: 
				SELECT rule_no FROM app_rule GROUP BY rule_no
		 [ RunTime:0.049002s ]

[ 2014-07-21T11:18:38+08:00 ] 127.0.0.1 /gas_station_erp/index.php/management/Index/getChannelArr
INFO: [ app_begin ] --START--
INFO: ReadHtmlCache Behavior ::run [ RunTime:0.001000s ]
INFO: [ app_begin ] --END-- [ RunTime:0.001000s ]
NOTIC: [8] Undefined index: orgid D:\trunk\gas_station_erp\Lib\Action\management\IndexAction.class.php 第 594 行.
SQL: 
				SELECT a.channel_id area_id,a.channel_name area_name,a.city pid FROM qd_channel a
				 where 1 
				and a.isDelete = 0
				 [ RunTime:0.002000s ]
SQL: SELECT a.channel_id,a.province,a.city
				FROM qd_channel a
				 where 1 
				GROUP BY a.province
				 [ RunTime:0.002000s ]
SQL: SELECT * FROM bi_area WHERE area_name LIKE '%山东省%' OR CONCAT(area_name,'省') LIKE '山东省' [ RunTime:0.001000s ]
SQL: SELECT * FROM bi_area WHERE area_name LIKE '%山西省%' OR CONCAT(area_name,'省') LIKE '山西省' [ RunTime:0.001000s ]
SQL: SELECT * FROM bi_area WHERE area_name LIKE '%福建省%' OR CONCAT(area_name,'省') LIKE '福建省' [ RunTime:0.001000s ]
SQL: SELECT * FROM bi_area WHERE area_name LIKE '%辽宁省%' OR CONCAT(area_name,'省') LIKE '辽宁省' [ RunTime:0.001000s ]
SQL: SELECT a.channel_id,a.province,a.city FROM
				qd_channel a
				 where 1 
				GROUP BY a.city
				 [ RunTime:0.001000s ]
SQL: SELECT * FROM bi_area WHERE area_name LIKE '%三明市%' OR CONCAT(area_name,'市') LIKE '三明市' [ RunTime:0.001001s ]
SQL: SELECT * FROM bi_area WHERE area_name LIKE '%南平市%' OR CONCAT(area_name,'市') LIKE '南平市' [ RunTime:0.002000s ]
SQL: SELECT * FROM bi_area WHERE area_name LIKE '%大连市%' OR CONCAT(area_name,'市') LIKE '大连市' [ RunTime:0.002000s ]
SQL: SELECT * FROM bi_area WHERE area_name LIKE '%太原市%' OR CONCAT(area_name,'市') LIKE '太原市' [ RunTime:0.001000s ]
SQL: SELECT * FROM bi_area WHERE area_name LIKE '%晋城市%' OR CONCAT(area_name,'市') LIKE '晋城市' [ RunTime:0.002000s ]
SQL: SELECT * FROM bi_area WHERE area_name LIKE '%本溪市%' OR CONCAT(area_name,'市') LIKE '本溪市' [ RunTime:0.002000s ]
SQL: SELECT * FROM bi_area WHERE area_name LIKE '%沈阳市%' OR CONCAT(area_name,'市') LIKE '沈阳市' [ RunTime:0.002000s ]
SQL: SELECT * FROM bi_area WHERE area_name LIKE '%济南市%' OR CONCAT(area_name,'市') LIKE '济南市' [ RunTime:0.001000s ]
SQL: SELECT * FROM bi_area WHERE area_name LIKE '%莆田市%' OR CONCAT(area_name,'市') LIKE '莆田市' [ RunTime:0.002000s ]
SQL: 
				SELECT * FROM bi_area WHERE area_id IN (16,23,17,5,166,169,88,64,68,91,87,183,165)
				 [ RunTime:0.001000s ]

