[ 2014-09-17T09:25:25+08:00 ] 127.0.0.1 /gas_station_erp/index.php/Login/login
NOTIC: [2] htmlspecialchars() expects parameter 2 to be long, string given D:\trunk\frame\Lib\Core\App.class.php 第 56 行.
NOTIC: [2] htmlspecialchars() expects parameter 2 to be long, string given D:\trunk\frame\Lib\Core\App.class.php 第 56 行.
NOTIC: [2] htmlspecialchars() expects parameter 2 to be long, string given D:\trunk\frame\Lib\Core\App.class.php 第 56 行.
NOTIC: [2] htmlspecialchars() expects parameter 2 to be long, string given D:\trunk\frame\Lib\Core\App.class.php 第 56 行.
NOTIC: [2] htmlspecialchars() expects parameter 2 to be long, string given D:\trunk\frame\Lib\Core\App.class.php 第 56 行.
INFO: [ app_begin ] --START--
INFO: ReadHtmlCache Behavior ::run [ RunTime:0.000000s ]
INFO: [ app_begin ] --END-- [ RunTime:0.000000s ]
SQL: SELECT url FROM bi_menu where is_del = 0 [ RunTime:0.001000s ]

[ 2014-09-17T09:25:26+08:00 ] 127.0.0.1 /gas_station_erp/index.php/configuration/User/getTopLink
INFO: [ app_begin ] --START--
INFO: ReadHtmlCache Behavior ::run [ RunTime:0.001000s ]
INFO: [ app_begin ] --END-- [ RunTime:0.001000s ]
NOTIC: [2] urldecode() expects parameter 1 to be string, array given D:\trunk\gas_station_erp\Lib\Action\configuration\UserAction.class.php 第 5 行.
NOTIC: [8] Undefined index: userUrl D:\trunk\gas_station_erp\Lib\Action\configuration\UserAction.class.php 第 256 行.
NOTIC: [8] Undefined variable: andStr D:\trunk\gas_station_erp\Lib\Action\configuration\UserAction.class.php 第 269 行.
SQL: 
			SELECT a.menu_id,a.menuname,a.url,a.url_order,a.pid,b.menuname top_name
			FROM bi_menu a
			LEFT JOIN bi_menu b ON a.pid = b.menu_id
			WHERE a.url IN ('','','','','/gas_station_erp/index.php/monitoring/Index/station','/gas_station_erp/index.php/channel/Channel/index','/gas_station_erp/index.php/channel/Place/index','/gas_station_erp/index.php/channel/Device/index','/gas_station_erp/index.php/configuration/Org/index','/gas_station_erp/index.php/configuration/Role/show_role','/gas_station_erp/index.php/configuration/User/index','/gas_station_erp/index.php/statistics/Index/index','/gas_station_erp/index.php/statistics/Index/user_statistics','/gas_station_erp/index.php/statistics/Index/app_installed','/gas_station_erp/index.php/statistics/Index/ad_analysis','/gas_station_erp/index.php/statistics/Index/ad_play','/gas_station_erp/index.php/statistics/Index/ad_maintain')
			AND a.pid <> 0
			AND a.is_del = 0
			
			ORDER BY b.url_order,a.url_order
		 [ RunTime:0.002000s ]

[ 2014-09-17T09:25:43+08:00 ] 127.0.0.1 /gas_station_erp/index.php/configuration/User/getTopLink
INFO: [ app_begin ] --START--
INFO: ReadHtmlCache Behavior ::run [ RunTime:0.001000s ]
INFO: [ app_begin ] --END-- [ RunTime:0.001000s ]
NOTIC: [2] urldecode() expects parameter 1 to be string, array given D:\trunk\gas_station_erp\Lib\Action\configuration\UserAction.class.php 第 5 行.
NOTIC: [8] Undefined index: userUrl D:\trunk\gas_station_erp\Lib\Action\configuration\UserAction.class.php 第 256 行.
NOTIC: [8] Undefined variable: andStr D:\trunk\gas_station_erp\Lib\Action\configuration\UserAction.class.php 第 269 行.
SQL: 
			SELECT a.menu_id,a.menuname,a.url,a.url_order,a.pid,b.menuname top_name
			FROM bi_menu a
			LEFT JOIN bi_menu b ON a.pid = b.menu_id
			WHERE a.url IN ('','','','','/gas_station_erp/index.php/monitoring/Index/station','/gas_station_erp/index.php/channel/Channel/index','/gas_station_erp/index.php/channel/Place/index','/gas_station_erp/index.php/channel/Device/index','/gas_station_erp/index.php/configuration/Org/index','/gas_station_erp/index.php/configuration/Role/show_role','/gas_station_erp/index.php/configuration/User/index','/gas_station_erp/index.php/statistics/Index/index','/gas_station_erp/index.php/statistics/Index/user_statistics','/gas_station_erp/index.php/statistics/Index/app_installed','/gas_station_erp/index.php/statistics/Index/ad_analysis','/gas_station_erp/index.php/statistics/Index/ad_play','/gas_station_erp/index.php/statistics/Index/ad_maintain')
			AND a.pid <> 0
			AND a.is_del = 0
			
			ORDER BY b.url_order,a.url_order
		 [ RunTime:0.001000s ]

[ 2014-09-17T09:25:44+08:00 ] 127.0.0.1 /gas_station_erp/index.php/configuration/User/getTopLink?userUrl=%27%2Fgas_station_erp%2Findex.php%2Fstatistics%2FIndex%2Findex%27
NOTIC: [2] htmlspecialchars() expects parameter 2 to be long, string given D:\trunk\frame\Lib\Core\App.class.php 第 57 行.
INFO: [ app_begin ] --START--
INFO: ReadHtmlCache Behavior ::run [ RunTime:0.000000s ]
INFO: [ app_begin ] --END-- [ RunTime:0.000000s ]
NOTIC: [2] urldecode() expects parameter 1 to be string, array given D:\trunk\gas_station_erp\Lib\Action\configuration\UserAction.class.php 第 5 行.
SQL: 
			SELECT a.menu_id,a.menuname,a.url,a.url_order,a.pid,b.menuname top_name
			FROM bi_menu a
			LEFT JOIN bi_menu b ON a.pid = b.menu_id
			WHERE a.url IN ('','','','','/gas_station_erp/index.php/monitoring/Index/station','/gas_station_erp/index.php/channel/Channel/index','/gas_station_erp/index.php/channel/Place/index','/gas_station_erp/index.php/channel/Device/index','/gas_station_erp/index.php/configuration/Org/index','/gas_station_erp/index.php/configuration/Role/show_role','/gas_station_erp/index.php/configuration/User/index','/gas_station_erp/index.php/statistics/Index/index','/gas_station_erp/index.php/statistics/Index/user_statistics','/gas_station_erp/index.php/statistics/Index/app_installed','/gas_station_erp/index.php/statistics/Index/ad_analysis','/gas_station_erp/index.php/statistics/Index/ad_play','/gas_station_erp/index.php/statistics/Index/ad_maintain')
			AND a.pid <> 0
			AND a.is_del = 0
			 AND a.pid = (select pid from bi_menu where url = '/gas_station_erp/index.php/statistics/Index/index') 
			ORDER BY b.url_order,a.url_order
		 [ RunTime:0.002000s ]

[ 2014-09-17T09:25:44+08:00 ] 127.0.0.1 /gas_station_erp/index.php/configuration/User/getTopLink?userUrl=%27%2Fgas_station_erp%2Findex.php%2Fstatistics%2FIndex%2Findex%27
NOTIC: [2] htmlspecialchars() expects parameter 2 to be long, string given D:\trunk\frame\Lib\Core\App.class.php 第 57 行.
INFO: [ app_begin ] --START--
INFO: ReadHtmlCache Behavior ::run [ RunTime:0.001000s ]
INFO: [ app_begin ] --END-- [ RunTime:0.001000s ]
NOTIC: [2] urldecode() expects parameter 1 to be string, array given D:\trunk\gas_station_erp\Lib\Action\configuration\UserAction.class.php 第 5 行.
SQL: 
			SELECT a.menu_id,a.menuname,a.url,a.url_order,a.pid,b.menuname top_name
			FROM bi_menu a
			LEFT JOIN bi_menu b ON a.pid = b.menu_id
			WHERE a.url IN ('','','','','/gas_station_erp/index.php/monitoring/Index/station','/gas_station_erp/index.php/channel/Channel/index','/gas_station_erp/index.php/channel/Place/index','/gas_station_erp/index.php/channel/Device/index','/gas_station_erp/index.php/configuration/Org/index','/gas_station_erp/index.php/configuration/Role/show_role','/gas_station_erp/index.php/configuration/User/index','/gas_station_erp/index.php/statistics/Index/index','/gas_station_erp/index.php/statistics/Index/user_statistics','/gas_station_erp/index.php/statistics/Index/app_installed','/gas_station_erp/index.php/statistics/Index/ad_analysis','/gas_station_erp/index.php/statistics/Index/ad_play','/gas_station_erp/index.php/statistics/Index/ad_maintain')
			AND a.pid <> 0
			AND a.is_del = 0
			 AND a.pid = (select pid from bi_menu where url = '/gas_station_erp/index.php/statistics/Index/index') 
			ORDER BY b.url_order,a.url_order
		 [ RunTime:0.001000s ]

[ 2014-09-17T09:29:53+08:00 ] 127.0.0.1 /gas_station_erp/index.php/configuration/User/getTopLink
INFO: [ app_begin ] --START--
INFO: ReadHtmlCache Behavior ::run [ RunTime:0.001000s ]
INFO: [ app_begin ] --END-- [ RunTime:0.001000s ]
NOTIC: [2] urldecode() expects parameter 1 to be string, array given D:\trunk\gas_station_erp\Lib\Action\configuration\UserAction.class.php 第 5 行.
NOTIC: [8] Undefined index: userUrl D:\trunk\gas_station_erp\Lib\Action\configuration\UserAction.class.php 第 256 行.
NOTIC: [8] Undefined variable: andStr D:\trunk\gas_station_erp\Lib\Action\configuration\UserAction.class.php 第 269 行.
SQL: 
			SELECT a.menu_id,a.menuname,a.url,a.url_order,a.pid,b.menuname top_name
			FROM bi_menu a
			LEFT JOIN bi_menu b ON a.pid = b.menu_id
			WHERE a.url IN ('','','','','/gas_station_erp/index.php/monitoring/Index/station','/gas_station_erp/index.php/channel/Channel/index','/gas_station_erp/index.php/channel/Place/index','/gas_station_erp/index.php/channel/Device/index','/gas_station_erp/index.php/configuration/Org/index','/gas_station_erp/index.php/configuration/Role/show_role','/gas_station_erp/index.php/configuration/User/index','/gas_station_erp/index.php/statistics/Index/index','/gas_station_erp/index.php/statistics/Index/user_statistics','/gas_station_erp/index.php/statistics/Index/app_installed','/gas_station_erp/index.php/statistics/Index/ad_analysis','/gas_station_erp/index.php/statistics/Index/ad_play','/gas_station_erp/index.php/statistics/Index/ad_maintain')
			AND a.pid <> 0
			AND a.is_del = 0
			
			ORDER BY b.url_order,a.url_order
		 [ RunTime:0.002000s ]

[ 2014-09-17T09:29:53+08:00 ] 127.0.0.1 /gas_station_erp/index.php/configuration/User/getTopLink?userUrl=%27%2Fgas_station_erp%2Findex.php%2Fstatistics%2FIndex%2Findex%27
NOTIC: [2] htmlspecialchars() expects parameter 2 to be long, string given D:\trunk\frame\Lib\Core\App.class.php 第 57 行.
INFO: [ app_begin ] --START--
INFO: ReadHtmlCache Behavior ::run [ RunTime:0.000000s ]
INFO: [ app_begin ] --END-- [ RunTime:0.000000s ]
NOTIC: [2] urldecode() expects parameter 1 to be string, array given D:\trunk\gas_station_erp\Lib\Action\configuration\UserAction.class.php 第 5 行.
SQL: 
			SELECT a.menu_id,a.menuname,a.url,a.url_order,a.pid,b.menuname top_name
			FROM bi_menu a
			LEFT JOIN bi_menu b ON a.pid = b.menu_id
			WHERE a.url IN ('','','','','/gas_station_erp/index.php/monitoring/Index/station','/gas_station_erp/index.php/channel/Channel/index','/gas_station_erp/index.php/channel/Place/index','/gas_station_erp/index.php/channel/Device/index','/gas_station_erp/index.php/configuration/Org/index','/gas_station_erp/index.php/configuration/Role/show_role','/gas_station_erp/index.php/configuration/User/index','/gas_station_erp/index.php/statistics/Index/index','/gas_station_erp/index.php/statistics/Index/user_statistics','/gas_station_erp/index.php/statistics/Index/app_installed','/gas_station_erp/index.php/statistics/Index/ad_analysis','/gas_station_erp/index.php/statistics/Index/ad_play','/gas_station_erp/index.php/statistics/Index/ad_maintain')
			AND a.pid <> 0
			AND a.is_del = 0
			 AND a.pid = (select pid from bi_menu where url = '/gas_station_erp/index.php/statistics/Index/index') 
			ORDER BY b.url_order,a.url_order
		 [ RunTime:0.002001s ]

[ 2014-09-17T09:29:53+08:00 ] 127.0.0.1 /gas_station_erp/index.php/configuration/User/getTopLink?userUrl=%27%2Fgas_station_erp%2Findex.php%2Fstatistics%2FIndex%2Findex%27
NOTIC: [2] htmlspecialchars() expects parameter 2 to be long, string given D:\trunk\frame\Lib\Core\App.class.php 第 57 行.
INFO: [ app_begin ] --START--
INFO: ReadHtmlCache Behavior ::run [ RunTime:0.001000s ]
INFO: [ app_begin ] --END-- [ RunTime:0.001000s ]
NOTIC: [2] urldecode() expects parameter 1 to be string, array given D:\trunk\gas_station_erp\Lib\Action\configuration\UserAction.class.php 第 5 行.
SQL: 
			SELECT a.menu_id,a.menuname,a.url,a.url_order,a.pid,b.menuname top_name
			FROM bi_menu a
			LEFT JOIN bi_menu b ON a.pid = b.menu_id
			WHERE a.url IN ('','','','','/gas_station_erp/index.php/monitoring/Index/station','/gas_station_erp/index.php/channel/Channel/index','/gas_station_erp/index.php/channel/Place/index','/gas_station_erp/index.php/channel/Device/index','/gas_station_erp/index.php/configuration/Org/index','/gas_station_erp/index.php/configuration/Role/show_role','/gas_station_erp/index.php/configuration/User/index','/gas_station_erp/index.php/statistics/Index/index','/gas_station_erp/index.php/statistics/Index/user_statistics','/gas_station_erp/index.php/statistics/Index/app_installed','/gas_station_erp/index.php/statistics/Index/ad_analysis','/gas_station_erp/index.php/statistics/Index/ad_play','/gas_station_erp/index.php/statistics/Index/ad_maintain')
			AND a.pid <> 0
			AND a.is_del = 0
			 AND a.pid = (select pid from bi_menu where url = '/gas_station_erp/index.php/statistics/Index/index') 
			ORDER BY b.url_order,a.url_order
		 [ RunTime:0.002000s ]

[ 2014-09-17T09:29:53+08:00 ] 127.0.0.1 /gas_station_erp/index.php/configuration/User/getTopLink?userUrl=%27%2Fgas_station_erp%2Findex.php%2Fstatistics%2FIndex%2Findex%27
NOTIC: [2] htmlspecialchars() expects parameter 2 to be long, string given D:\trunk\frame\Lib\Core\App.class.php 第 57 行.
INFO: [ app_begin ] --START--
INFO: ReadHtmlCache Behavior ::run [ RunTime:0.000000s ]
INFO: [ app_begin ] --END-- [ RunTime:0.000000s ]
NOTIC: [2] urldecode() expects parameter 1 to be string, array given D:\trunk\gas_station_erp\Lib\Action\configuration\UserAction.class.php 第 5 行.
SQL: 
			SELECT a.menu_id,a.menuname,a.url,a.url_order,a.pid,b.menuname top_name
			FROM bi_menu a
			LEFT JOIN bi_menu b ON a.pid = b.menu_id
			WHERE a.url IN ('','','','','/gas_station_erp/index.php/monitoring/Index/station','/gas_station_erp/index.php/channel/Channel/index','/gas_station_erp/index.php/channel/Place/index','/gas_station_erp/index.php/channel/Device/index','/gas_station_erp/index.php/configuration/Org/index','/gas_station_erp/index.php/configuration/Role/show_role','/gas_station_erp/index.php/configuration/User/index','/gas_station_erp/index.php/statistics/Index/index','/gas_station_erp/index.php/statistics/Index/user_statistics','/gas_station_erp/index.php/statistics/Index/app_installed','/gas_station_erp/index.php/statistics/Index/ad_analysis','/gas_station_erp/index.php/statistics/Index/ad_play','/gas_station_erp/index.php/statistics/Index/ad_maintain')
			AND a.pid <> 0
			AND a.is_del = 0
			 AND a.pid = (select pid from bi_menu where url = '/gas_station_erp/index.php/statistics/Index/index') 
			ORDER BY b.url_order,a.url_order
		 [ RunTime:0.001001s ]

[ 2014-09-17T09:31:47+08:00 ] 127.0.0.1 /gas_station_erp/index.php/configuration/User/getTopLink
INFO: [ app_begin ] --START--
INFO: ReadHtmlCache Behavior ::run [ RunTime:0.001000s ]
INFO: [ app_begin ] --END-- [ RunTime:0.001000s ]
NOTIC: [2] urldecode() expects parameter 1 to be string, array given D:\trunk\gas_station_erp\Lib\Action\configuration\UserAction.class.php 第 5 行.
NOTIC: [8] Undefined index: userUrl D:\trunk\gas_station_erp\Lib\Action\configuration\UserAction.class.php 第 256 行.
NOTIC: [8] Undefined variable: andStr D:\trunk\gas_station_erp\Lib\Action\configuration\UserAction.class.php 第 269 行.
SQL: 
			SELECT a.menu_id,a.menuname,a.url,a.url_order,a.pid,b.menuname top_name
			FROM bi_menu a
			LEFT JOIN bi_menu b ON a.pid = b.menu_id
			WHERE a.url IN ('','','','','/gas_station_erp/index.php/monitoring/Index/station','/gas_station_erp/index.php/channel/Channel/index','/gas_station_erp/index.php/channel/Place/index','/gas_station_erp/index.php/channel/Device/index','/gas_station_erp/index.php/configuration/Org/index','/gas_station_erp/index.php/configuration/Role/show_role','/gas_station_erp/index.php/configuration/User/index','/gas_station_erp/index.php/statistics/Index/index','/gas_station_erp/index.php/statistics/Index/user_statistics','/gas_station_erp/index.php/statistics/Index/app_installed','/gas_station_erp/index.php/statistics/Index/ad_analysis','/gas_station_erp/index.php/statistics/Index/ad_play','/gas_station_erp/index.php/statistics/Index/ad_maintain')
			AND a.pid <> 0
			AND a.is_del = 0
			
			ORDER BY b.url_order,a.url_order
		 [ RunTime:0.002000s ]

[ 2014-09-17T09:31:48+08:00 ] 127.0.0.1 /gas_station_erp/index.php/configuration/User/getTopLink?userUrl=%27%2Fgas_station_erp%2Findex.php%2Fstatistics%2FIndex%2Findex%27
NOTIC: [2] htmlspecialchars() expects parameter 2 to be long, string given D:\trunk\frame\Lib\Core\App.class.php 第 57 行.
INFO: [ app_begin ] --START--
INFO: ReadHtmlCache Behavior ::run [ RunTime:0.000000s ]
INFO: [ app_begin ] --END-- [ RunTime:0.000000s ]
NOTIC: [2] urldecode() expects parameter 1 to be string, array given D:\trunk\gas_station_erp\Lib\Action\configuration\UserAction.class.php 第 5 行.
SQL: 
			SELECT a.menu_id,a.menuname,a.url,a.url_order,a.pid,b.menuname top_name
			FROM bi_menu a
			LEFT JOIN bi_menu b ON a.pid = b.menu_id
			WHERE a.url IN ('','','','','/gas_station_erp/index.php/monitoring/Index/station','/gas_station_erp/index.php/channel/Channel/index','/gas_station_erp/index.php/channel/Place/index','/gas_station_erp/index.php/channel/Device/index','/gas_station_erp/index.php/configuration/Org/index','/gas_station_erp/index.php/configuration/Role/show_role','/gas_station_erp/index.php/configuration/User/index','/gas_station_erp/index.php/statistics/Index/index','/gas_station_erp/index.php/statistics/Index/user_statistics','/gas_station_erp/index.php/statistics/Index/app_installed','/gas_station_erp/index.php/statistics/Index/ad_analysis','/gas_station_erp/index.php/statistics/Index/ad_play','/gas_station_erp/index.php/statistics/Index/ad_maintain')
			AND a.pid <> 0
			AND a.is_del = 0
			 AND a.pid = (select pid from bi_menu where url = '/gas_station_erp/index.php/statistics/Index/index') 
			ORDER BY b.url_order,a.url_order
		 [ RunTime:0.002001s ]

[ 2014-09-17T09:31:48+08:00 ] 127.0.0.1 /gas_station_erp/index.php/configuration/User/getTopLink?userUrl=%27%2Fgas_station_erp%2Findex.php%2Fstatistics%2FIndex%2Findex%27
NOTIC: [2] htmlspecialchars() expects parameter 2 to be long, string given D:\trunk\frame\Lib\Core\App.class.php 第 57 行.
INFO: [ app_begin ] --START--
INFO: ReadHtmlCache Behavior ::run [ RunTime:0.001001s ]
INFO: [ app_begin ] --END-- [ RunTime:0.001001s ]
NOTIC: [2] urldecode() expects parameter 1 to be string, array given D:\trunk\gas_station_erp\Lib\Action\configuration\UserAction.class.php 第 5 行.
SQL: 
			SELECT a.menu_id,a.menuname,a.url,a.url_order,a.pid,b.menuname top_name
			FROM bi_menu a
			LEFT JOIN bi_menu b ON a.pid = b.menu_id
			WHERE a.url IN ('','','','','/gas_station_erp/index.php/monitoring/Index/station','/gas_station_erp/index.php/channel/Channel/index','/gas_station_erp/index.php/channel/Place/index','/gas_station_erp/index.php/channel/Device/index','/gas_station_erp/index.php/configuration/Org/index','/gas_station_erp/index.php/configuration/Role/show_role','/gas_station_erp/index.php/configuration/User/index','/gas_station_erp/index.php/statistics/Index/index','/gas_station_erp/index.php/statistics/Index/user_statistics','/gas_station_erp/index.php/statistics/Index/app_installed','/gas_station_erp/index.php/statistics/Index/ad_analysis','/gas_station_erp/index.php/statistics/Index/ad_play','/gas_station_erp/index.php/statistics/Index/ad_maintain')
			AND a.pid <> 0
			AND a.is_del = 0
			 AND a.pid = (select pid from bi_menu where url = '/gas_station_erp/index.php/statistics/Index/index') 
			ORDER BY b.url_order,a.url_order
		 [ RunTime:0.002001s ]

[ 2014-09-17T09:33:58+08:00 ] 127.0.0.1 /gas_station_erp/index.php/configuration/User/getTopLink
INFO: [ app_begin ] --START--
INFO: ReadHtmlCache Behavior ::run [ RunTime:0.001001s ]
INFO: [ app_begin ] --END-- [ RunTime:0.001001s ]
NOTIC: [2] urldecode() expects parameter 1 to be string, array given D:\trunk\gas_station_erp\Lib\Action\configuration\UserAction.class.php 第 5 行.
NOTIC: [8] Undefined index: userUrl D:\trunk\gas_station_erp\Lib\Action\configuration\UserAction.class.php 第 256 行.
NOTIC: [8] Undefined variable: andStr D:\trunk\gas_station_erp\Lib\Action\configuration\UserAction.class.php 第 269 行.
SQL: 
			SELECT a.menu_id,a.menuname,a.url,a.url_order,a.pid,b.menuname top_name
			FROM bi_menu a
			LEFT JOIN bi_menu b ON a.pid = b.menu_id
			WHERE a.url IN ('','','','','/gas_station_erp/index.php/monitoring/Index/station','/gas_station_erp/index.php/channel/Channel/index','/gas_station_erp/index.php/channel/Place/index','/gas_station_erp/index.php/channel/Device/index','/gas_station_erp/index.php/configuration/Org/index','/gas_station_erp/index.php/configuration/Role/show_role','/gas_station_erp/index.php/configuration/User/index','/gas_station_erp/index.php/statistics/Index/index','/gas_station_erp/index.php/statistics/Index/user_statistics','/gas_station_erp/index.php/statistics/Index/app_installed','/gas_station_erp/index.php/statistics/Index/ad_analysis','/gas_station_erp/index.php/statistics/Index/ad_play','/gas_station_erp/index.php/statistics/Index/ad_maintain')
			AND a.pid <> 0
			AND a.is_del = 0
			
			ORDER BY b.url_order,a.url_order
		 [ RunTime:0.002000s ]

[ 2014-09-17T09:33:58+08:00 ] 127.0.0.1 /gas_station_erp/index.php/configuration/User/getTopLink?userUrl=%27%2Fgas_station_erp%2Findex.php%2Fstatistics%2FIndex%2Findex%27
NOTIC: [2] htmlspecialchars() expects parameter 2 to be long, string given D:\trunk\frame\Lib\Core\App.class.php 第 57 行.
INFO: [ app_begin ] --START--
INFO: ReadHtmlCache Behavior ::run [ RunTime:0.001000s ]
INFO: [ app_begin ] --END-- [ RunTime:0.001000s ]
NOTIC: [2] urldecode() expects parameter 1 to be string, array given D:\trunk\gas_station_erp\Lib\Action\configuration\UserAction.class.php 第 5 行.
SQL: 
			SELECT a.menu_id,a.menuname,a.url,a.url_order,a.pid,b.menuname top_name
			FROM bi_menu a
			LEFT JOIN bi_menu b ON a.pid = b.menu_id
			WHERE a.url IN ('','','','','/gas_station_erp/index.php/monitoring/Index/station','/gas_station_erp/index.php/channel/Channel/index','/gas_station_erp/index.php/channel/Place/index','/gas_station_erp/index.php/channel/Device/index','/gas_station_erp/index.php/configuration/Org/index','/gas_station_erp/index.php/configuration/Role/show_role','/gas_station_erp/index.php/configuration/User/index','/gas_station_erp/index.php/statistics/Index/index','/gas_station_erp/index.php/statistics/Index/user_statistics','/gas_station_erp/index.php/statistics/Index/app_installed','/gas_station_erp/index.php/statistics/Index/ad_analysis','/gas_station_erp/index.php/statistics/Index/ad_play','/gas_station_erp/index.php/statistics/Index/ad_maintain')
			AND a.pid <> 0
			AND a.is_del = 0
			 AND a.pid = (select pid from bi_menu where url = '/gas_station_erp/index.php/statistics/Index/index') 
			ORDER BY b.url_order,a.url_order
		 [ RunTime:0.003000s ]

[ 2014-09-17T09:33:58+08:00 ] 127.0.0.1 /gas_station_erp/index.php/configuration/User/getTopLink?userUrl=%27%2Fgas_station_erp%2Findex.php%2Fstatistics%2FIndex%2Findex%27
NOTIC: [2] htmlspecialchars() expects parameter 2 to be long, string given D:\trunk\frame\Lib\Core\App.class.php 第 57 行.
INFO: [ app_begin ] --START--
INFO: ReadHtmlCache Behavior ::run [ RunTime:0.000000s ]
INFO: [ app_begin ] --END-- [ RunTime:0.000000s ]
NOTIC: [2] urldecode() expects parameter 1 to be string, array given D:\trunk\gas_station_erp\Lib\Action\configuration\UserAction.class.php 第 5 行.
SQL: 
			SELECT a.menu_id,a.menuname,a.url,a.url_order,a.pid,b.menuname top_name
			FROM bi_menu a
			LEFT JOIN bi_menu b ON a.pid = b.menu_id
			WHERE a.url IN ('','','','','/gas_station_erp/index.php/monitoring/Index/station','/gas_station_erp/index.php/channel/Channel/index','/gas_station_erp/index.php/channel/Place/index','/gas_station_erp/index.php/channel/Device/index','/gas_station_erp/index.php/configuration/Org/index','/gas_station_erp/index.php/configuration/Role/show_role','/gas_station_erp/index.php/configuration/User/index','/gas_station_erp/index.php/statistics/Index/index','/gas_station_erp/index.php/statistics/Index/user_statistics','/gas_station_erp/index.php/statistics/Index/app_installed','/gas_station_erp/index.php/statistics/Index/ad_analysis','/gas_station_erp/index.php/statistics/Index/ad_play','/gas_station_erp/index.php/statistics/Index/ad_maintain')
			AND a.pid <> 0
			AND a.is_del = 0
			 AND a.pid = (select pid from bi_menu where url = '/gas_station_erp/index.php/statistics/Index/index') 
			ORDER BY b.url_order,a.url_order
		 [ RunTime:0.002000s ]

[ 2014-09-17T09:34:22+08:00 ] 127.0.0.1 /gas_station_erp/index.php/statistics//gas_station_erp/gas_station_erp/Tpl/statistics/Public/css/configuration.css
ERR: 无法加载模块:gas_station_erp

[ 2014-09-17T09:34:23+08:00 ] 127.0.0.1 /gas_station_erp/index.php/configuration/User/getTopLink
INFO: [ app_begin ] --START--
INFO: ReadHtmlCache Behavior ::run [ RunTime:0.001000s ]
INFO: [ app_begin ] --END-- [ RunTime:0.001000s ]
NOTIC: [2] urldecode() expects parameter 1 to be string, array given D:\trunk\gas_station_erp\Lib\Action\configuration\UserAction.class.php 第 5 行.
NOTIC: [8] Undefined index: userUrl D:\trunk\gas_station_erp\Lib\Action\configuration\UserAction.class.php 第 256 行.
NOTIC: [8] Undefined variable: andStr D:\trunk\gas_station_erp\Lib\Action\configuration\UserAction.class.php 第 269 行.
SQL: 
			SELECT a.menu_id,a.menuname,a.url,a.url_order,a.pid,b.menuname top_name
			FROM bi_menu a
			LEFT JOIN bi_menu b ON a.pid = b.menu_id
			WHERE a.url IN ('','','','','/gas_station_erp/index.php/monitoring/Index/station','/gas_station_erp/index.php/channel/Channel/index','/gas_station_erp/index.php/channel/Place/index','/gas_station_erp/index.php/channel/Device/index','/gas_station_erp/index.php/configuration/Org/index','/gas_station_erp/index.php/configuration/Role/show_role','/gas_station_erp/index.php/configuration/User/index','/gas_station_erp/index.php/statistics/Index/index','/gas_station_erp/index.php/statistics/Index/user_statistics','/gas_station_erp/index.php/statistics/Index/app_installed','/gas_station_erp/index.php/statistics/Index/ad_analysis','/gas_station_erp/index.php/statistics/Index/ad_play','/gas_station_erp/index.php/statistics/Index/ad_maintain')
			AND a.pid <> 0
			AND a.is_del = 0
			
			ORDER BY b.url_order,a.url_order
		 [ RunTime:0.003000s ]

[ 2014-09-17T09:34:23+08:00 ] 127.0.0.1 /gas_station_erp/index.php/configuration/User/getTopLink?userUrl=%27%2Fgas_station_erp%2Findex.php%2Fstatistics%2FIndex%2Fad_maintain%27
NOTIC: [2] htmlspecialchars() expects parameter 2 to be long, string given D:\trunk\frame\Lib\Core\App.class.php 第 57 行.
INFO: [ app_begin ] --START--
INFO: ReadHtmlCache Behavior ::run [ RunTime:0.000000s ]
INFO: [ app_begin ] --END-- [ RunTime:0.000000s ]
NOTIC: [2] urldecode() expects parameter 1 to be string, array given D:\trunk\gas_station_erp\Lib\Action\configuration\UserAction.class.php 第 5 行.
SQL: 
			SELECT a.menu_id,a.menuname,a.url,a.url_order,a.pid,b.menuname top_name
			FROM bi_menu a
			LEFT JOIN bi_menu b ON a.pid = b.menu_id
			WHERE a.url IN ('','','','','/gas_station_erp/index.php/monitoring/Index/station','/gas_station_erp/index.php/channel/Channel/index','/gas_station_erp/index.php/channel/Place/index','/gas_station_erp/index.php/channel/Device/index','/gas_station_erp/index.php/configuration/Org/index','/gas_station_erp/index.php/configuration/Role/show_role','/gas_station_erp/index.php/configuration/User/index','/gas_station_erp/index.php/statistics/Index/index','/gas_station_erp/index.php/statistics/Index/user_statistics','/gas_station_erp/index.php/statistics/Index/app_installed','/gas_station_erp/index.php/statistics/Index/ad_analysis','/gas_station_erp/index.php/statistics/Index/ad_play','/gas_station_erp/index.php/statistics/Index/ad_maintain')
			AND a.pid <> 0
			AND a.is_del = 0
			 AND a.pid = (select pid from bi_menu where url = '/gas_station_erp/index.php/statistics/Index/ad_maintain') 
			ORDER BY b.url_order,a.url_order
		 [ RunTime:0.008001s ]

[ 2014-09-17T09:34:23+08:00 ] 127.0.0.1 /gas_station_erp/index.php/channel/Place/placenameBlurrySelect
INFO: [ app_begin ] --START--
INFO: ReadHtmlCache Behavior ::run [ RunTime:0.001000s ]
INFO: [ app_begin ] --END-- [ RunTime:0.001000s ]
NOTIC: [2] urldecode() expects parameter 1 to be string, array given D:\trunk\gas_station_erp\Lib\Action\channel\PlaceAction.class.php 第 5 行.
ERR: 非法操作:placenameBlurrySelect

[ 2014-09-17T09:34:23+08:00 ] 127.0.0.1 /gas_station_erp/index.php/channel/Channel/channelnameBlurrySelect
INFO: [ app_begin ] --START--
INFO: ReadHtmlCache Behavior ::run [ RunTime:0.001000s ]
INFO: [ app_begin ] --END-- [ RunTime:0.001000s ]
NOTIC: [2] urldecode() expects parameter 1 to be string, array given D:\trunk\gas_station_erp\Lib\Action\channel\ChannelAction.class.php 第 6 行.
ERR: 非法操作:channelnameBlurrySelect

