[ 2014-08-12T10:38:58+08:00 ] 127.0.0.1 /gas_station_erp/index.php/Login/login
NOTIC: [2] htmlspecialchars() expects parameter 2 to be long, string given D:\trunk\frame\Lib\Core\App.class.php 第 56 行.
NOTIC: [2] htmlspecialchars() expects parameter 2 to be long, string given D:\trunk\frame\Lib\Core\App.class.php 第 56 行.
NOTIC: [2] htmlspecialchars() expects parameter 2 to be long, string given D:\trunk\frame\Lib\Core\App.class.php 第 56 行.
NOTIC: [2] htmlspecialchars() expects parameter 2 to be long, string given D:\trunk\frame\Lib\Core\App.class.php 第 56 行.
NOTIC: [2] htmlspecialchars() expects parameter 2 to be long, string given D:\trunk\frame\Lib\Core\App.class.php 第 56 行.
INFO: [ app_begin ] --START--
INFO: ReadHtmlCache Behavior ::run [ RunTime:0.001000s ]
INFO: [ app_begin ] --END-- [ RunTime:0.001000s ]
SQL: SHOW COLUMNS FROM `bi_user` [ RunTime:0.027003s ]
SQL: SELECT * FROM `bi_user` WHERE ( username='admin' and del_flag=0 ) LIMIT 1   [ RunTime:0.001000s ]
SQL: SELECT * FROM `bi_user` WHERE ( username='admin' and del_flag=1 ) LIMIT 1   [ RunTime:0.001000s ]

[ 2014-08-12T10:38:58+08:00 ] 127.0.0.1 /gas_station_erp/index.php/Login/login
NOTIC: [2] htmlspecialchars() expects parameter 2 to be long, string given D:\trunk\frame\Lib\Core\App.class.php 第 56 行.
NOTIC: [2] htmlspecialchars() expects parameter 2 to be long, string given D:\trunk\frame\Lib\Core\App.class.php 第 56 行.
NOTIC: [2] htmlspecialchars() expects parameter 2 to be long, string given D:\trunk\frame\Lib\Core\App.class.php 第 56 行.
NOTIC: [2] htmlspecialchars() expects parameter 2 to be long, string given D:\trunk\frame\Lib\Core\App.class.php 第 56 行.
NOTIC: [2] htmlspecialchars() expects parameter 2 to be long, string given D:\trunk\frame\Lib\Core\App.class.php 第 56 行.
INFO: [ app_begin ] --START--
INFO: ReadHtmlCache Behavior ::run [ RunTime:0.000000s ]
INFO: [ app_begin ] --END-- [ RunTime:0.000000s ]
SQL: SHOW COLUMNS FROM `bi_user` [ RunTime:0.004001s ]
SQL: SELECT * FROM `bi_user` WHERE ( username='admin' and del_flag=0 ) LIMIT 1   [ RunTime:0.001000s ]
SQL: SELECT * FROM `bi_user` WHERE ( username='admin' and del_flag=1 ) LIMIT 1   [ RunTime:0.001000s ]

[ 2014-08-12T10:38:58+08:00 ] 127.0.0.1 /gas_station_erp/index.php/Login/login
NOTIC: [2] htmlspecialchars() expects parameter 2 to be long, string given D:\trunk\frame\Lib\Core\App.class.php 第 56 行.
NOTIC: [2] htmlspecialchars() expects parameter 2 to be long, string given D:\trunk\frame\Lib\Core\App.class.php 第 56 行.
NOTIC: [2] htmlspecialchars() expects parameter 2 to be long, string given D:\trunk\frame\Lib\Core\App.class.php 第 56 行.
NOTIC: [2] htmlspecialchars() expects parameter 2 to be long, string given D:\trunk\frame\Lib\Core\App.class.php 第 56 行.
NOTIC: [2] htmlspecialchars() expects parameter 2 to be long, string given D:\trunk\frame\Lib\Core\App.class.php 第 56 行.
INFO: [ app_begin ] --START--
INFO: ReadHtmlCache Behavior ::run [ RunTime:0.000000s ]
INFO: [ app_begin ] --END-- [ RunTime:0.000000s ]
SQL: SHOW COLUMNS FROM `bi_user` [ RunTime:0.004001s ]
SQL: SELECT * FROM `bi_user` WHERE ( username='admin' and del_flag=0 ) LIMIT 1   [ RunTime:0.001000s ]
SQL: SELECT * FROM `bi_user` WHERE ( username='admin' and del_flag=1 ) LIMIT 1   [ RunTime:0.001000s ]

[ 2014-08-12T10:40:27+08:00 ] 127.0.0.1 /gas_station_erp/index.php/Login/login
NOTIC: [2] htmlspecialchars() expects parameter 2 to be long, string given D:\trunk\frame\Lib\Core\App.class.php 第 56 行.
NOTIC: [2] htmlspecialchars() expects parameter 2 to be long, string given D:\trunk\frame\Lib\Core\App.class.php 第 56 行.
NOTIC: [2] htmlspecialchars() expects parameter 2 to be long, string given D:\trunk\frame\Lib\Core\App.class.php 第 56 行.
NOTIC: [2] htmlspecialchars() expects parameter 2 to be long, string given D:\trunk\frame\Lib\Core\App.class.php 第 56 行.
NOTIC: [2] htmlspecialchars() expects parameter 2 to be long, string given D:\trunk\frame\Lib\Core\App.class.php 第 56 行.
INFO: [ app_begin ] --START--
INFO: ReadHtmlCache Behavior ::run [ RunTime:0.000000s ]
INFO: [ app_begin ] --END-- [ RunTime:0.000000s ]
SQL: SELECT url FROM bi_menu [ RunTime:0.029003s ]

[ 2014-08-12T10:40:53+08:00 ] 127.0.0.1 /gas_station_erp/index.php/channel//gas_station_erp/gas_station_erp/Tpl/channel/Public/css/configuration.css
ERR: 无法加载模块:gas_station_erp

[ 2014-08-12T10:40:54+08:00 ] 127.0.0.1 /gas_station_erp/index.php/channel/Channel/channelnameBlurrySelect
INFO: [ app_begin ] --START--
INFO: ReadHtmlCache Behavior ::run [ RunTime:0.001000s ]
INFO: [ app_begin ] --END-- [ RunTime:0.001000s ]
NOTIC: [2] urldecode() expects parameter 1 to be string, array given D:\trunk\gas_station_erp\Lib\Action\channel\ChannelAction.class.php 第 4 行.
NOTIC: [2] htmlspecialchars() expects parameter 2 to be long, string given D:\trunk\frame\Common\common.php 第 110 行.
SQL: SHOW COLUMNS FROM `qd_channel` [ RunTime:0.004001s ]
SQL: SELECT DISTINCT  `channel_name` FROM `qd_channel` WHERE ( `channel_name` LIKE '%%' )  [ RunTime:0.008000s ]

[ 2014-08-12T10:40:54+08:00 ] 127.0.0.1 /gas_station_erp/index.php/channel/Agent/agentnameBlurrySelect?agent_name=
NOTIC: [2] htmlspecialchars() expects parameter 2 to be long, string given D:\trunk\frame\Lib\Core\App.class.php 第 57 行.
INFO: [ app_begin ] --START--
INFO: ReadHtmlCache Behavior ::run [ RunTime:0.000000s ]
INFO: [ app_begin ] --END-- [ RunTime:0.000000s ]
NOTIC: [2] urldecode() expects parameter 1 to be string, array given D:\trunk\gas_station_erp\Lib\Action\channel\AgentAction.class.php 第 4 行.
NOTIC: [2] htmlspecialchars() expects parameter 2 to be long, string given D:\trunk\frame\Common\common.php 第 110 行.
NOTIC: [2] htmlspecialchars() expects parameter 2 to be long, string given D:\trunk\frame\Common\common.php 第 110 行.
SQL: SHOW COLUMNS FROM `qd_agent` [ RunTime:0.003000s ]
SQL: SELECT DISTINCT  `agent_name` FROM `qd_agent` WHERE ( `agent_name` LIKE '%%' )  [ RunTime:0.001001s ]

[ 2014-08-12T10:44:53+08:00 ] 127.0.0.1 /gas_station_erp/index.php/channel//gas_station_erp/gas_station_erp/Tpl/channel/Public/css/configuration.css
ERR: 无法加载模块:gas_station_erp

[ 2014-08-12T10:44:53+08:00 ] 127.0.0.1 /gas_station_erp/index.php/channel/Agent/agentnameBlurrySelect?agent_name=
NOTIC: [2] htmlspecialchars() expects parameter 2 to be long, string given D:\trunk\frame\Lib\Core\App.class.php 第 57 行.
INFO: [ app_begin ] --START--
INFO: ReadHtmlCache Behavior ::run [ RunTime:0.004000s ]
INFO: [ app_begin ] --END-- [ RunTime:0.005000s ]
NOTIC: [2] urldecode() expects parameter 1 to be string, array given D:\trunk\gas_station_erp\Lib\Action\channel\AgentAction.class.php 第 4 行.
NOTIC: [2] htmlspecialchars() expects parameter 2 to be long, string given D:\trunk\frame\Common\common.php 第 110 行.
NOTIC: [2] htmlspecialchars() expects parameter 2 to be long, string given D:\trunk\frame\Common\common.php 第 110 行.
SQL: SHOW COLUMNS FROM `qd_agent` [ RunTime:0.004000s ]
SQL: SELECT DISTINCT  `agent_name` FROM `qd_agent` WHERE ( `agent_name` LIKE '%%' )  [ RunTime:0.002000s ]

[ 2014-08-12T10:44:53+08:00 ] 127.0.0.1 /gas_station_erp/index.php/channel/Channel/channelnameBlurrySelect
INFO: [ app_begin ] --START--
INFO: ReadHtmlCache Behavior ::run [ RunTime:0.002000s ]
INFO: [ app_begin ] --END-- [ RunTime:0.002000s ]
NOTIC: [2] urldecode() expects parameter 1 to be string, array given D:\trunk\gas_station_erp\Lib\Action\channel\ChannelAction.class.php 第 4 行.
NOTIC: [2] htmlspecialchars() expects parameter 2 to be long, string given D:\trunk\frame\Common\common.php 第 110 行.
SQL: SHOW COLUMNS FROM `qd_channel` [ RunTime:0.004000s ]
SQL: SELECT DISTINCT  `channel_name` FROM `qd_channel` WHERE ( `channel_name` LIKE '%%' )  [ RunTime:0.018000s ]

[ 2014-08-12T10:44:54+08:00 ] 127.0.0.1 /gas_station_erp/index.php/channel//gas_station_erp/gas_station_erp/Tpl/channel/Public/css/configuration.css
ERR: 无法加载模块:gas_station_erp

[ 2014-08-12T10:44:54+08:00 ] 127.0.0.1 /gas_station_erp/index.php/channel/Agent/agentnameBlurrySelect?agent_name=
NOTIC: [2] htmlspecialchars() expects parameter 2 to be long, string given D:\trunk\frame\Lib\Core\App.class.php 第 57 行.
INFO: [ app_begin ] --START--
INFO: ReadHtmlCache Behavior ::run [ RunTime:0.003000s ]
INFO: [ app_begin ] --END-- [ RunTime:0.003000s ]
NOTIC: [2] urldecode() expects parameter 1 to be string, array given D:\trunk\gas_station_erp\Lib\Action\channel\AgentAction.class.php 第 4 行.
NOTIC: [2] htmlspecialchars() expects parameter 2 to be long, string given D:\trunk\frame\Common\common.php 第 110 行.
NOTIC: [2] htmlspecialchars() expects parameter 2 to be long, string given D:\trunk\frame\Common\common.php 第 110 行.
SQL: SHOW COLUMNS FROM `qd_agent` [ RunTime:0.004000s ]
SQL: SELECT DISTINCT  `agent_name` FROM `qd_agent` WHERE ( `agent_name` LIKE '%%' )  [ RunTime:0.003000s ]

[ 2014-08-12T10:44:54+08:00 ] 127.0.0.1 /gas_station_erp/index.php/channel/Channel/channelnameBlurrySelect
INFO: [ app_begin ] --START--
INFO: ReadHtmlCache Behavior ::run [ RunTime:0.001000s ]
INFO: [ app_begin ] --END-- [ RunTime:0.001000s ]
NOTIC: [2] urldecode() expects parameter 1 to be string, array given D:\trunk\gas_station_erp\Lib\Action\channel\ChannelAction.class.php 第 4 行.
NOTIC: [2] htmlspecialchars() expects parameter 2 to be long, string given D:\trunk\frame\Common\common.php 第 110 行.
SQL: SHOW COLUMNS FROM `qd_channel` [ RunTime:0.004000s ]
SQL: SELECT DISTINCT  `channel_name` FROM `qd_channel` WHERE ( `channel_name` LIKE '%%' )  [ RunTime:0.007000s ]

[ 2014-08-12T10:44:55+08:00 ] 127.0.0.1 /gas_station_erp/index.php/channel//gas_station_erp/gas_station_erp/Tpl/channel/Public/css/configuration.css
ERR: 无法加载模块:gas_station_erp

[ 2014-08-12T10:44:55+08:00 ] 127.0.0.1 /gas_station_erp/index.php/channel/Agent/agentnameBlurrySelect?agent_name=
NOTIC: [2] htmlspecialchars() expects parameter 2 to be long, string given D:\trunk\frame\Lib\Core\App.class.php 第 57 行.
INFO: [ app_begin ] --START--
INFO: ReadHtmlCache Behavior ::run [ RunTime:0.001000s ]
INFO: [ app_begin ] --END-- [ RunTime:0.001000s ]
NOTIC: [2] urldecode() expects parameter 1 to be string, array given D:\trunk\gas_station_erp\Lib\Action\channel\AgentAction.class.php 第 4 行.
NOTIC: [2] htmlspecialchars() expects parameter 2 to be long, string given D:\trunk\frame\Common\common.php 第 110 行.
NOTIC: [2] htmlspecialchars() expects parameter 2 to be long, string given D:\trunk\frame\Common\common.php 第 110 行.
SQL: SHOW COLUMNS FROM `qd_agent` [ RunTime:0.004000s ]
SQL: SELECT DISTINCT  `agent_name` FROM `qd_agent` WHERE ( `agent_name` LIKE '%%' )  [ RunTime:0.003000s ]

[ 2014-08-12T10:44:55+08:00 ] 127.0.0.1 /gas_station_erp/index.php/channel/Channel/channelnameBlurrySelect
INFO: [ app_begin ] --START--
INFO: ReadHtmlCache Behavior ::run [ RunTime:0.001000s ]
INFO: [ app_begin ] --END-- [ RunTime:0.001000s ]
NOTIC: [2] urldecode() expects parameter 1 to be string, array given D:\trunk\gas_station_erp\Lib\Action\channel\ChannelAction.class.php 第 4 行.
NOTIC: [2] htmlspecialchars() expects parameter 2 to be long, string given D:\trunk\frame\Common\common.php 第 110 行.
SQL: SHOW COLUMNS FROM `qd_channel` [ RunTime:0.004000s ]
SQL: SELECT DISTINCT  `channel_name` FROM `qd_channel` WHERE ( `channel_name` LIKE '%%' )  [ RunTime:0.007000s ]

[ 2014-08-12T10:44:56+08:00 ] 127.0.0.1 /gas_station_erp/index.php/channel//gas_station_erp/gas_station_erp/Tpl/channel/Public/css/configuration.css
ERR: 无法加载模块:gas_station_erp

[ 2014-08-12T10:44:56+08:00 ] 127.0.0.1 /gas_station_erp/index.php/channel/Agent/agentnameBlurrySelect?agent_name=
NOTIC: [2] htmlspecialchars() expects parameter 2 to be long, string given D:\trunk\frame\Lib\Core\App.class.php 第 57 行.
INFO: [ app_begin ] --START--
INFO: ReadHtmlCache Behavior ::run [ RunTime:0.002000s ]
INFO: [ app_begin ] --END-- [ RunTime:0.002000s ]
NOTIC: [2] urldecode() expects parameter 1 to be string, array given D:\trunk\gas_station_erp\Lib\Action\channel\AgentAction.class.php 第 4 行.
NOTIC: [2] htmlspecialchars() expects parameter 2 to be long, string given D:\trunk\frame\Common\common.php 第 110 行.
NOTIC: [2] htmlspecialchars() expects parameter 2 to be long, string given D:\trunk\frame\Common\common.php 第 110 行.
SQL: SHOW COLUMNS FROM `qd_agent` [ RunTime:0.005000s ]
SQL: SELECT DISTINCT  `agent_name` FROM `qd_agent` WHERE ( `agent_name` LIKE '%%' )  [ RunTime:0.002000s ]

[ 2014-08-12T10:44:56+08:00 ] 127.0.0.1 /gas_station_erp/index.php/channel/Channel/channelnameBlurrySelect
INFO: [ app_begin ] --START--
INFO: ReadHtmlCache Behavior ::run [ RunTime:0.001000s ]
INFO: [ app_begin ] --END-- [ RunTime:0.001000s ]
NOTIC: [2] urldecode() expects parameter 1 to be string, array given D:\trunk\gas_station_erp\Lib\Action\channel\ChannelAction.class.php 第 4 行.
NOTIC: [2] htmlspecialchars() expects parameter 2 to be long, string given D:\trunk\frame\Common\common.php 第 110 行.
SQL: SHOW COLUMNS FROM `qd_channel` [ RunTime:0.003000s ]
SQL: SELECT DISTINCT  `channel_name` FROM `qd_channel` WHERE ( `channel_name` LIKE '%%' )  [ RunTime:0.006000s ]

[ 2014-08-12T10:44:56+08:00 ] 127.0.0.1 /gas_station_erp/index.php/channel//gas_station_erp/gas_station_erp/Tpl/channel/Public/css/configuration.css
ERR: 无法加载模块:gas_station_erp

[ 2014-08-12T10:44:57+08:00 ] 127.0.0.1 /gas_station_erp/index.php/channel/Agent/agentnameBlurrySelect?agent_name=
NOTIC: [2] htmlspecialchars() expects parameter 2 to be long, string given D:\trunk\frame\Lib\Core\App.class.php 第 57 行.
INFO: [ app_begin ] --START--
INFO: ReadHtmlCache Behavior ::run [ RunTime:0.001000s ]
INFO: [ app_begin ] --END-- [ RunTime:0.001000s ]
NOTIC: [2] urldecode() expects parameter 1 to be string, array given D:\trunk\gas_station_erp\Lib\Action\channel\AgentAction.class.php 第 4 行.
NOTIC: [2] htmlspecialchars() expects parameter 2 to be long, string given D:\trunk\frame\Common\common.php 第 110 行.
NOTIC: [2] htmlspecialchars() expects parameter 2 to be long, string given D:\trunk\frame\Common\common.php 第 110 行.
SQL: SHOW COLUMNS FROM `qd_agent` [ RunTime:0.014000s ]
SQL: SELECT DISTINCT  `agent_name` FROM `qd_agent` WHERE ( `agent_name` LIKE '%%' )  [ RunTime:0.003000s ]

[ 2014-08-12T10:44:57+08:00 ] 127.0.0.1 /gas_station_erp/index.php/channel/Channel/channelnameBlurrySelect
INFO: [ app_begin ] --START--
INFO: ReadHtmlCache Behavior ::run [ RunTime:0.000000s ]
INFO: [ app_begin ] --END-- [ RunTime:0.000000s ]
NOTIC: [2] urldecode() expects parameter 1 to be string, array given D:\trunk\gas_station_erp\Lib\Action\channel\ChannelAction.class.php 第 4 行.
NOTIC: [2] htmlspecialchars() expects parameter 2 to be long, string given D:\trunk\frame\Common\common.php 第 110 行.
SQL: SHOW COLUMNS FROM `qd_channel` [ RunTime:0.003000s ]
SQL: SELECT DISTINCT  `channel_name` FROM `qd_channel` WHERE ( `channel_name` LIKE '%%' )  [ RunTime:0.008000s ]

[ 2014-08-12T10:44:57+08:00 ] 127.0.0.1 /gas_station_erp/index.php/channel//gas_station_erp/gas_station_erp/Tpl/channel/Public/css/configuration.css
ERR: 无法加载模块:gas_station_erp

[ 2014-08-12T10:44:58+08:00 ] 127.0.0.1 /gas_station_erp/index.php/channel/Agent/agentnameBlurrySelect?agent_name=
NOTIC: [2] htmlspecialchars() expects parameter 2 to be long, string given D:\trunk\frame\Lib\Core\App.class.php 第 57 行.
INFO: [ app_begin ] --START--
INFO: ReadHtmlCache Behavior ::run [ RunTime:0.000000s ]
INFO: [ app_begin ] --END-- [ RunTime:0.000000s ]
NOTIC: [2] urldecode() expects parameter 1 to be string, array given D:\trunk\gas_station_erp\Lib\Action\channel\AgentAction.class.php 第 4 行.
NOTIC: [2] htmlspecialchars() expects parameter 2 to be long, string given D:\trunk\frame\Common\common.php 第 110 行.
NOTIC: [2] htmlspecialchars() expects parameter 2 to be long, string given D:\trunk\frame\Common\common.php 第 110 行.
SQL: SHOW COLUMNS FROM `qd_agent` [ RunTime:0.005000s ]
SQL: SELECT DISTINCT  `agent_name` FROM `qd_agent` WHERE ( `agent_name` LIKE '%%' )  [ RunTime:0.002000s ]

[ 2014-08-12T10:44:58+08:00 ] 127.0.0.1 /gas_station_erp/index.php/channel/Channel/channelnameBlurrySelect
INFO: [ app_begin ] --START--
INFO: ReadHtmlCache Behavior ::run [ RunTime:0.001000s ]
INFO: [ app_begin ] --END-- [ RunTime:0.001000s ]
NOTIC: [2] urldecode() expects parameter 1 to be string, array given D:\trunk\gas_station_erp\Lib\Action\channel\ChannelAction.class.php 第 4 行.
NOTIC: [2] htmlspecialchars() expects parameter 2 to be long, string given D:\trunk\frame\Common\common.php 第 110 行.
SQL: SHOW COLUMNS FROM `qd_channel` [ RunTime:0.004000s ]
SQL: SELECT DISTINCT  `channel_name` FROM `qd_channel` WHERE ( `channel_name` LIKE '%%' )  [ RunTime:0.007000s ]

[ 2014-08-12T10:44:59+08:00 ] 127.0.0.1 /gas_station_erp/index.php/channel//gas_station_erp/gas_station_erp/Tpl/channel/Public/css/configuration.css
ERR: 无法加载模块:gas_station_erp

[ 2014-08-12T10:44:59+08:00 ] 127.0.0.1 /gas_station_erp/index.php/channel/Agent/agentnameBlurrySelect?agent_name=
NOTIC: [2] htmlspecialchars() expects parameter 2 to be long, string given D:\trunk\frame\Lib\Core\App.class.php 第 57 行.
INFO: [ app_begin ] --START--
INFO: ReadHtmlCache Behavior ::run [ RunTime:0.001000s ]
INFO: [ app_begin ] --END-- [ RunTime:0.001000s ]
NOTIC: [2] urldecode() expects parameter 1 to be string, array given D:\trunk\gas_station_erp\Lib\Action\channel\AgentAction.class.php 第 4 行.
NOTIC: [2] htmlspecialchars() expects parameter 2 to be long, string given D:\trunk\frame\Common\common.php 第 110 行.
NOTIC: [2] htmlspecialchars() expects parameter 2 to be long, string given D:\trunk\frame\Common\common.php 第 110 行.
SQL: SHOW COLUMNS FROM `qd_agent` [ RunTime:0.004000s ]
SQL: SELECT DISTINCT  `agent_name` FROM `qd_agent` WHERE ( `agent_name` LIKE '%%' )  [ RunTime:0.005000s ]

[ 2014-08-12T10:44:59+08:00 ] 127.0.0.1 /gas_station_erp/index.php/channel/Channel/channelnameBlurrySelect
INFO: [ app_begin ] --START--
INFO: ReadHtmlCache Behavior ::run [ RunTime:0.001000s ]
INFO: [ app_begin ] --END-- [ RunTime:0.001000s ]
NOTIC: [2] urldecode() expects parameter 1 to be string, array given D:\trunk\gas_station_erp\Lib\Action\channel\ChannelAction.class.php 第 4 行.
NOTIC: [2] htmlspecialchars() expects parameter 2 to be long, string given D:\trunk\frame\Common\common.php 第 110 行.
SQL: SHOW COLUMNS FROM `qd_channel` [ RunTime:0.004000s ]
SQL: SELECT DISTINCT  `channel_name` FROM `qd_channel` WHERE ( `channel_name` LIKE '%%' )  [ RunTime:0.017000s ]

[ 2014-08-12T10:49:11+08:00 ] 127.0.0.1 /gas_station_erp/index.php/channel/Channel/channelLogSelect?channel_id=166
NOTIC: [2] htmlspecialchars() expects parameter 2 to be long, string given D:\trunk\frame\Lib\Core\App.class.php 第 57 行.
INFO: [ app_begin ] --START--
INFO: ReadHtmlCache Behavior ::run [ RunTime:0.000000s ]
INFO: [ app_begin ] --END-- [ RunTime:0.000000s ]
NOTIC: [2] urldecode() expects parameter 1 to be string, array given D:\trunk\gas_station_erp\Lib\Action\channel\ChannelAction.class.php 第 4 行.
NOTIC: [2] htmlspecialchars() expects parameter 2 to be long, string given D:\trunk\frame\Common\common.php 第 110 行.
NOTIC: [2] htmlspecialchars() expects parameter 2 to be long, string given D:\trunk\frame\Common\common.php 第 110 行.
SQL: select a.logs_id, a.userid, a.timestamp, a.option_type from qd_logs_option a where a.option_id='166' and 
			a.option_name='channel' [ RunTime:0.016000s ]

[ 2014-08-12T10:49:11+08:00 ] 127.0.0.1 /gas_station_erp/index.php/channel/Channel/channelLogSelect?channel_id=166
NOTIC: [2] htmlspecialchars() expects parameter 2 to be long, string given D:\trunk\frame\Lib\Core\App.class.php 第 57 行.
INFO: [ app_begin ] --START--
INFO: ReadHtmlCache Behavior ::run [ RunTime:0.000000s ]
INFO: [ app_begin ] --END-- [ RunTime:0.000000s ]
NOTIC: [2] urldecode() expects parameter 1 to be string, array given D:\trunk\gas_station_erp\Lib\Action\channel\ChannelAction.class.php 第 4 行.
NOTIC: [2] htmlspecialchars() expects parameter 2 to be long, string given D:\trunk\frame\Common\common.php 第 110 行.
NOTIC: [2] htmlspecialchars() expects parameter 2 to be long, string given D:\trunk\frame\Common\common.php 第 110 行.
SQL: select a.logs_id, a.userid, a.timestamp, a.option_type from qd_logs_option a where a.option_id='166' and 
			a.option_name='channel' [ RunTime:0.001000s ]

[ 2014-08-12T10:49:11+08:00 ] 127.0.0.1 /gas_station_erp/index.php/channel/Channel/channelLogSelect?channel_id=166
NOTIC: [2] htmlspecialchars() expects parameter 2 to be long, string given D:\trunk\frame\Lib\Core\App.class.php 第 57 行.
INFO: [ app_begin ] --START--
INFO: ReadHtmlCache Behavior ::run [ RunTime:0.001000s ]
INFO: [ app_begin ] --END-- [ RunTime:0.001000s ]
NOTIC: [2] urldecode() expects parameter 1 to be string, array given D:\trunk\gas_station_erp\Lib\Action\channel\ChannelAction.class.php 第 4 行.
NOTIC: [2] htmlspecialchars() expects parameter 2 to be long, string given D:\trunk\frame\Common\common.php 第 110 行.
NOTIC: [2] htmlspecialchars() expects parameter 2 to be long, string given D:\trunk\frame\Common\common.php 第 110 行.
SQL: select a.logs_id, a.userid, a.timestamp, a.option_type from qd_logs_option a where a.option_id='166' and 
			a.option_name='channel' [ RunTime:0.001000s ]

[ 2014-08-12T10:49:11+08:00 ] 127.0.0.1 /gas_station_erp/index.php/channel/Channel/channelLogSelect?channel_id=166
NOTIC: [2] htmlspecialchars() expects parameter 2 to be long, string given D:\trunk\frame\Lib\Core\App.class.php 第 57 行.
INFO: [ app_begin ] --START--
INFO: ReadHtmlCache Behavior ::run [ RunTime:0.000000s ]
INFO: [ app_begin ] --END-- [ RunTime:0.000000s ]
NOTIC: [2] urldecode() expects parameter 1 to be string, array given D:\trunk\gas_station_erp\Lib\Action\channel\ChannelAction.class.php 第 4 行.
NOTIC: [2] htmlspecialchars() expects parameter 2 to be long, string given D:\trunk\frame\Common\common.php 第 110 行.
NOTIC: [2] htmlspecialchars() expects parameter 2 to be long, string given D:\trunk\frame\Common\common.php 第 110 行.
SQL: select a.logs_id, a.userid, a.timestamp, a.option_type from qd_logs_option a where a.option_id='166' and 
			a.option_name='channel' [ RunTime:0.002000s ]

[ 2014-08-12T10:49:12+08:00 ] 127.0.0.1 /gas_station_erp/index.php/channel/Channel/channelLogSelect?channel_id=166
NOTIC: [2] htmlspecialchars() expects parameter 2 to be long, string given D:\trunk\frame\Lib\Core\App.class.php 第 57 行.
INFO: [ app_begin ] --START--
INFO: ReadHtmlCache Behavior ::run [ RunTime:0.000000s ]
INFO: [ app_begin ] --END-- [ RunTime:0.001000s ]
NOTIC: [2] urldecode() expects parameter 1 to be string, array given D:\trunk\gas_station_erp\Lib\Action\channel\ChannelAction.class.php 第 4 行.
NOTIC: [2] htmlspecialchars() expects parameter 2 to be long, string given D:\trunk\frame\Common\common.php 第 110 行.
NOTIC: [2] htmlspecialchars() expects parameter 2 to be long, string given D:\trunk\frame\Common\common.php 第 110 行.
SQL: select a.logs_id, a.userid, a.timestamp, a.option_type from qd_logs_option a where a.option_id='166' and 
			a.option_name='channel' [ RunTime:0.002000s ]

[ 2014-08-12T10:49:12+08:00 ] 127.0.0.1 /gas_station_erp/index.php/channel/Channel/channelLogSelect?channel_id=166
NOTIC: [2] htmlspecialchars() expects parameter 2 to be long, string given D:\trunk\frame\Lib\Core\App.class.php 第 57 行.
INFO: [ app_begin ] --START--
INFO: ReadHtmlCache Behavior ::run [ RunTime:0.001000s ]
INFO: [ app_begin ] --END-- [ RunTime:0.001000s ]
NOTIC: [2] urldecode() expects parameter 1 to be string, array given D:\trunk\gas_station_erp\Lib\Action\channel\ChannelAction.class.php 第 4 行.
NOTIC: [2] htmlspecialchars() expects parameter 2 to be long, string given D:\trunk\frame\Common\common.php 第 110 行.
NOTIC: [2] htmlspecialchars() expects parameter 2 to be long, string given D:\trunk\frame\Common\common.php 第 110 行.
SQL: select a.logs_id, a.userid, a.timestamp, a.option_type from qd_logs_option a where a.option_id='166' and 
			a.option_name='channel' [ RunTime:0.002000s ]

[ 2014-08-12T10:49:12+08:00 ] 127.0.0.1 /gas_station_erp/index.php/channel/Channel/channelLogSelect?channel_id=166
NOTIC: [2] htmlspecialchars() expects parameter 2 to be long, string given D:\trunk\frame\Lib\Core\App.class.php 第 57 行.
INFO: [ app_begin ] --START--
INFO: ReadHtmlCache Behavior ::run [ RunTime:0.001000s ]
INFO: [ app_begin ] --END-- [ RunTime:0.001000s ]
NOTIC: [2] urldecode() expects parameter 1 to be string, array given D:\trunk\gas_station_erp\Lib\Action\channel\ChannelAction.class.php 第 4 行.
NOTIC: [2] htmlspecialchars() expects parameter 2 to be long, string given D:\trunk\frame\Common\common.php 第 110 行.
NOTIC: [2] htmlspecialchars() expects parameter 2 to be long, string given D:\trunk\frame\Common\common.php 第 110 行.
SQL: select a.logs_id, a.userid, a.timestamp, a.option_type from qd_logs_option a where a.option_id='166' and 
			a.option_name='channel' [ RunTime:0.001000s ]

[ 2014-08-12T10:49:13+08:00 ] 127.0.0.1 /gas_station_erp/index.php/channel/Channel/channelLogSelect?channel_id=166
NOTIC: [2] htmlspecialchars() expects parameter 2 to be long, string given D:\trunk\frame\Lib\Core\App.class.php 第 57 行.
INFO: [ app_begin ] --START--
INFO: ReadHtmlCache Behavior ::run [ RunTime:0.000000s ]
INFO: [ app_begin ] --END-- [ RunTime:0.001000s ]
NOTIC: [2] urldecode() expects parameter 1 to be string, array given D:\trunk\gas_station_erp\Lib\Action\channel\ChannelAction.class.php 第 4 行.
NOTIC: [2] htmlspecialchars() expects parameter 2 to be long, string given D:\trunk\frame\Common\common.php 第 110 行.
NOTIC: [2] htmlspecialchars() expects parameter 2 to be long, string given D:\trunk\frame\Common\common.php 第 110 行.
SQL: select a.logs_id, a.userid, a.timestamp, a.option_type from qd_logs_option a where a.option_id='166' and 
			a.option_name='channel' [ RunTime:0.001000s ]

[ 2014-08-12T10:49:13+08:00 ] 127.0.0.1 /gas_station_erp/index.php/channel/Channel/channelLogSelect?channel_id=166
NOTIC: [2] htmlspecialchars() expects parameter 2 to be long, string given D:\trunk\frame\Lib\Core\App.class.php 第 57 行.
INFO: [ app_begin ] --START--
INFO: ReadHtmlCache Behavior ::run [ RunTime:0.001000s ]
INFO: [ app_begin ] --END-- [ RunTime:0.001000s ]
NOTIC: [2] urldecode() expects parameter 1 to be string, array given D:\trunk\gas_station_erp\Lib\Action\channel\ChannelAction.class.php 第 4 行.
NOTIC: [2] htmlspecialchars() expects parameter 2 to be long, string given D:\trunk\frame\Common\common.php 第 110 行.
NOTIC: [2] htmlspecialchars() expects parameter 2 to be long, string given D:\trunk\frame\Common\common.php 第 110 行.
SQL: select a.logs_id, a.userid, a.timestamp, a.option_type from qd_logs_option a where a.option_id='166' and 
			a.option_name='channel' [ RunTime:0.001000s ]

[ 2014-08-12T10:51:09+08:00 ] 127.0.0.1 /gas_station_erp/index.php/statistics//gas_station_erp/gas_station_erp/Tpl/statistics/Public/css/configuration.css
ERR: 无法加载模块:gas_station_erp

[ 2014-08-12T10:51:14+08:00 ] 127.0.0.1 /gas_station_erp/index.php/statistics//gas_station_erp/gas_station_erp/Tpl/statistics/Public/css/configuration.css
ERR: 无法加载模块:gas_station_erp

[ 2014-08-12T10:52:11+08:00 ] 127.0.0.1 /gas_station_erp/index.php/Login/login
NOTIC: [2] htmlspecialchars() expects parameter 2 to be long, string given D:\trunk\frame\Lib\Core\App.class.php 第 56 行.
NOTIC: [2] htmlspecialchars() expects parameter 2 to be long, string given D:\trunk\frame\Lib\Core\App.class.php 第 56 行.
NOTIC: [2] htmlspecialchars() expects parameter 2 to be long, string given D:\trunk\frame\Lib\Core\App.class.php 第 56 行.
NOTIC: [2] htmlspecialchars() expects parameter 2 to be long, string given D:\trunk\frame\Lib\Core\App.class.php 第 56 行.
NOTIC: [2] htmlspecialchars() expects parameter 2 to be long, string given D:\trunk\frame\Lib\Core\App.class.php 第 56 行.
INFO: [ app_begin ] --START--
INFO: ReadHtmlCache Behavior ::run [ RunTime:0.000000s ]
INFO: [ app_begin ] --END-- [ RunTime:0.000000s ]
SQL: SELECT url FROM bi_menu [ RunTime:0.001000s ]

[ 2014-08-12T11:03:43+08:00 ] 127.0.0.1 /gas_station_erp/index.php/statistics//gas_station_erp/gas_station_erp/Tpl/statistics/Public/css/configuration.css
ERR: 无法加载模块:gas_station_erp

[ 2014-08-12T11:04:02+08:00 ] 127.0.0.1 /gas_station_erp/index.php/monitoring/Index/getProvinceCity
NOTIC: [2] htmlspecialchars() expects parameter 2 to be long, string given D:\trunk\frame\Lib\Core\App.class.php 第 56 行.
INFO: [ app_begin ] --START--
INFO: ReadHtmlCache Behavior ::run [ RunTime:0.000000s ]
INFO: [ app_begin ] --END-- [ RunTime:0.000000s ]
NOTIC: [8] Undefined index: orgid D:\trunk\gas_station_erp\Lib\Action\monitoring\IndexAction.class.php 第 18 行.
SQL: SELECT MAX(monitor_no) monitor_no FROM dev_monitor [ RunTime:0.003000s ]
SQL: 
				SELECT b.province,b.city,COUNT(*) count FROM dev_monitor a
				LEFT JOIN qd_device b ON a.dev_no = b.device_no
				WHERE
				a.monitor_no = 87
				AND a.unfind <> 1 AND a.dev_no_begin_time <>1
				GROUP BY b.province,b.city
				ORDER BY b.province,b.city
				 [ RunTime:0.016000s ]
SQL: 
				SELECT b.area_id,b.area_name,b.pid,b.level,0 count
				FROM qd_agent_area a
				LEFT JOIN bi_area b ON a.area_id = b.area_id
				 where 1 
				GROUP BY a.area_id
				 [ RunTime:0.028000s ]
NOTIC: [8] Undefined index: orgid D:\trunk\gas_station_erp\Lib\Action\monitoring\IndexAction.class.php 第 299 行.

[ 2014-08-12T11:04:02+08:00 ] 127.0.0.1 /gas_station_erp/index.php/channel/Place/placenameBlurrySelect
INFO: [ app_begin ] --START--
INFO: ReadHtmlCache Behavior ::run [ RunTime:0.001000s ]
INFO: [ app_begin ] --END-- [ RunTime:0.001000s ]
NOTIC: [2] urldecode() expects parameter 1 to be string, array given D:\trunk\gas_station_erp\Lib\Action\channel\PlaceAction.class.php 第 4 行.
NOTIC: [2] htmlspecialchars() expects parameter 2 to be long, string given D:\trunk\frame\Common\common.php 第 110 行.
SQL: SHOW COLUMNS FROM `qd_place` [ RunTime:0.004000s ]
SQL: SELECT DISTINCT  `place_name` FROM `qd_place` WHERE ( `place_name` LIKE '%%' )  [ RunTime:0.004000s ]

[ 2014-08-12T11:04:02+08:00 ] 127.0.0.1 /gas_station_erp/index.php/channel/Channel/channelnameBlurrySelect
INFO: [ app_begin ] --START--
INFO: ReadHtmlCache Behavior ::run [ RunTime:0.000000s ]
INFO: [ app_begin ] --END-- [ RunTime:0.000000s ]
NOTIC: [2] urldecode() expects parameter 1 to be string, array given D:\trunk\gas_station_erp\Lib\Action\channel\ChannelAction.class.php 第 4 行.
NOTIC: [2] htmlspecialchars() expects parameter 2 to be long, string given D:\trunk\frame\Common\common.php 第 110 行.
SQL: SHOW COLUMNS FROM `qd_channel` [ RunTime:0.005000s ]
SQL: SELECT DISTINCT  `channel_name` FROM `qd_channel` WHERE ( `channel_name` LIKE '%%' )  [ RunTime:0.007000s ]

[ 2014-08-12T11:04:02+08:00 ] 127.0.0.1 /gas_station_erp/index.php/channel/Channel/channelnameBlurrySelect
INFO: [ app_begin ] --START--
INFO: ReadHtmlCache Behavior ::run [ RunTime:0.001000s ]
INFO: [ app_begin ] --END-- [ RunTime:0.001000s ]
NOTIC: [2] urldecode() expects parameter 1 to be string, array given D:\trunk\gas_station_erp\Lib\Action\channel\ChannelAction.class.php 第 4 行.
NOTIC: [2] htmlspecialchars() expects parameter 2 to be long, string given D:\trunk\frame\Common\common.php 第 110 行.
SQL: SHOW COLUMNS FROM `qd_channel` [ RunTime:0.004000s ]
SQL: SELECT DISTINCT  `channel_name` FROM `qd_channel` WHERE ( `channel_name` LIKE '%%' )  [ RunTime:0.006000s ]

[ 2014-08-12T11:04:02+08:00 ] 127.0.0.1 /gas_station_erp/index.php/channel/Device/deviceAddress
INFO: [ app_begin ] --START--
INFO: ReadHtmlCache Behavior ::run [ RunTime:0.000000s ]
INFO: [ app_begin ] --END-- [ RunTime:0.000000s ]
NOTIC: [2] urldecode() expects parameter 1 to be string, array given D:\trunk\gas_station_erp\Lib\Action\channel\DeviceAction.class.php 第 4 行.
NOTIC: [2] htmlspecialchars() expects parameter 2 to be long, string given D:\trunk\frame\Common\common.php 第 110 行.
SQL: SHOW COLUMNS FROM `qd_device` [ RunTime:0.004000s ]
SQL: SELECT DISTINCT  `address` FROM `qd_device` WHERE ( `address` LIKE '%%' )  [ RunTime:0.006000s ]

[ 2014-08-12T11:04:02+08:00 ] 127.0.0.1 /gas_station_erp/index.php/channel/Device/devicemacBlurrySelect
INFO: [ app_begin ] --START--
INFO: ReadHtmlCache Behavior ::run [ RunTime:0.001000s ]
INFO: [ app_begin ] --END-- [ RunTime:0.001000s ]
NOTIC: [2] urldecode() expects parameter 1 to be string, array given D:\trunk\gas_station_erp\Lib\Action\channel\DeviceAction.class.php 第 4 行.
NOTIC: [2] htmlspecialchars() expects parameter 2 to be long, string given D:\trunk\frame\Common\common.php 第 110 行.
SQL: SHOW COLUMNS FROM `qd_device` [ RunTime:0.005000s ]
SQL: SELECT DISTINCT  `MAC` FROM `qd_device` WHERE ( `MAC` LIKE '%%' )  [ RunTime:0.007000s ]

[ 2014-08-12T11:04:02+08:00 ] 127.0.0.1 /gas_station_erp/index.php/channel/Device/devicenoBlurrySelect
INFO: [ app_begin ] --START--
INFO: ReadHtmlCache Behavior ::run [ RunTime:0.001000s ]
INFO: [ app_begin ] --END-- [ RunTime:0.001000s ]
NOTIC: [2] urldecode() expects parameter 1 to be string, array given D:\trunk\gas_station_erp\Lib\Action\channel\DeviceAction.class.php 第 4 行.
NOTIC: [2] htmlspecialchars() expects parameter 2 to be long, string given D:\trunk\frame\Common\common.php 第 110 行.
SQL: SHOW COLUMNS FROM `qd_device` [ RunTime:0.004000s ]
SQL: SELECT DISTINCT  `device_no` FROM `qd_device` WHERE ( `device_no` LIKE '%%' )  [ RunTime:0.006000s ]

[ 2014-08-12T11:04:02+08:00 ] 127.0.0.1 /gas_station_erp/index.php/channel/Place/placenameBlurrySelect
INFO: [ app_begin ] --START--
INFO: ReadHtmlCache Behavior ::run [ RunTime:0.001000s ]
INFO: [ app_begin ] --END-- [ RunTime:0.001000s ]
NOTIC: [2] urldecode() expects parameter 1 to be string, array given D:\trunk\gas_station_erp\Lib\Action\channel\PlaceAction.class.php 第 4 行.
NOTIC: [2] htmlspecialchars() expects parameter 2 to be long, string given D:\trunk\frame\Common\common.php 第 110 行.
SQL: SHOW COLUMNS FROM `qd_place` [ RunTime:0.004000s ]
SQL: SELECT DISTINCT  `place_name` FROM `qd_place` WHERE ( `place_name` LIKE '%%' )  [ RunTime:0.006000s ]

[ 2014-08-12T11:04:17+08:00 ] 127.0.0.1 /gas_station_erp/index.php/monitoring/Index/getProvinceCity
NOTIC: [2] htmlspecialchars() expects parameter 2 to be long, string given D:\trunk\frame\Lib\Core\App.class.php 第 56 行.
INFO: [ app_begin ] --START--
INFO: ReadHtmlCache Behavior ::run [ RunTime:0.000000s ]
INFO: [ app_begin ] --END-- [ RunTime:0.000000s ]
NOTIC: [8] Undefined index: orgid D:\trunk\gas_station_erp\Lib\Action\monitoring\IndexAction.class.php 第 18 行.
SQL: SELECT MAX(monitor_no) monitor_no FROM dev_monitor [ RunTime:0.003000s ]
SQL: 
				SELECT b.province,b.city,COUNT(*) count FROM dev_monitor a
				LEFT JOIN qd_device b ON a.dev_no = b.device_no
				WHERE
				a.monitor_no = 87
				AND a.unfind <> 1 AND a.dev_no_begin_time <>1
				GROUP BY b.province,b.city
				ORDER BY b.province,b.city
				 [ RunTime:0.016000s ]
SQL: 
				SELECT b.area_id,b.area_name,b.pid,b.level,0 count
				FROM qd_agent_area a
				LEFT JOIN bi_area b ON a.area_id = b.area_id
				 where 1 
				GROUP BY a.area_id
				 [ RunTime:0.001000s ]
NOTIC: [8] Undefined index: orgid D:\trunk\gas_station_erp\Lib\Action\monitoring\IndexAction.class.php 第 299 行.

[ 2014-08-12T11:04:17+08:00 ] 127.0.0.1 /gas_station_erp/index.php/channel/Device/deviceAddress
INFO: [ app_begin ] --START--
INFO: ReadHtmlCache Behavior ::run [ RunTime:0.001000s ]
INFO: [ app_begin ] --END-- [ RunTime:0.001000s ]
NOTIC: [2] urldecode() expects parameter 1 to be string, array given D:\trunk\gas_station_erp\Lib\Action\channel\DeviceAction.class.php 第 4 行.
NOTIC: [2] htmlspecialchars() expects parameter 2 to be long, string given D:\trunk\frame\Common\common.php 第 110 行.
SQL: SHOW COLUMNS FROM `qd_device` [ RunTime:0.004000s ]
SQL: SELECT DISTINCT  `address` FROM `qd_device` WHERE ( `address` LIKE '%%' )  [ RunTime:0.007000s ]

[ 2014-08-12T11:04:17+08:00 ] 127.0.0.1 /gas_station_erp/index.php/channel/Place/placenameBlurrySelect
INFO: [ app_begin ] --START--
INFO: ReadHtmlCache Behavior ::run [ RunTime:0.001000s ]
INFO: [ app_begin ] --END-- [ RunTime:0.001000s ]
NOTIC: [2] urldecode() expects parameter 1 to be string, array given D:\trunk\gas_station_erp\Lib\Action\channel\PlaceAction.class.php 第 4 行.
NOTIC: [2] htmlspecialchars() expects parameter 2 to be long, string given D:\trunk\frame\Common\common.php 第 110 行.
SQL: SHOW COLUMNS FROM `qd_place` [ RunTime:0.004000s ]
SQL: SELECT DISTINCT  `place_name` FROM `qd_place` WHERE ( `place_name` LIKE '%%' )  [ RunTime:0.008000s ]

[ 2014-08-12T11:04:17+08:00 ] 127.0.0.1 /gas_station_erp/index.php/channel/Channel/channelnameBlurrySelect
INFO: [ app_begin ] --START--
INFO: ReadHtmlCache Behavior ::run [ RunTime:0.001000s ]
INFO: [ app_begin ] --END-- [ RunTime:0.001000s ]
NOTIC: [2] urldecode() expects parameter 1 to be string, array given D:\trunk\gas_station_erp\Lib\Action\channel\ChannelAction.class.php 第 4 行.
NOTIC: [2] htmlspecialchars() expects parameter 2 to be long, string given D:\trunk\frame\Common\common.php 第 110 行.
SQL: SHOW COLUMNS FROM `qd_channel` [ RunTime:0.005000s ]
SQL: SELECT DISTINCT  `channel_name` FROM `qd_channel` WHERE ( `channel_name` LIKE '%%' )  [ RunTime:0.006000s ]

[ 2014-08-12T11:04:17+08:00 ] 127.0.0.1 /gas_station_erp/index.php/channel/Device/devicemacBlurrySelect
INFO: [ app_begin ] --START--
INFO: ReadHtmlCache Behavior ::run [ RunTime:0.005000s ]
INFO: [ app_begin ] --END-- [ RunTime:0.006000s ]
NOTIC: [2] urldecode() expects parameter 1 to be string, array given D:\trunk\gas_station_erp\Lib\Action\channel\DeviceAction.class.php 第 4 行.
NOTIC: [2] htmlspecialchars() expects parameter 2 to be long, string given D:\trunk\frame\Common\common.php 第 110 行.
SQL: SHOW COLUMNS FROM `qd_device` [ RunTime:0.004000s ]
SQL: SELECT DISTINCT  `MAC` FROM `qd_device` WHERE ( `MAC` LIKE '%%' )  [ RunTime:0.006000s ]

[ 2014-08-12T11:04:17+08:00 ] 127.0.0.1 /gas_station_erp/index.php/channel/Device/devicenoBlurrySelect
INFO: [ app_begin ] --START--
INFO: ReadHtmlCache Behavior ::run [ RunTime:0.000000s ]
INFO: [ app_begin ] --END-- [ RunTime:0.000000s ]
NOTIC: [2] urldecode() expects parameter 1 to be string, array given D:\trunk\gas_station_erp\Lib\Action\channel\DeviceAction.class.php 第 4 行.
NOTIC: [2] htmlspecialchars() expects parameter 2 to be long, string given D:\trunk\frame\Common\common.php 第 110 行.
SQL: SHOW COLUMNS FROM `qd_device` [ RunTime:0.004000s ]
SQL: SELECT DISTINCT  `device_no` FROM `qd_device` WHERE ( `device_no` LIKE '%%' )  [ RunTime:0.009000s ]

[ 2014-08-12T11:04:17+08:00 ] 127.0.0.1 /gas_station_erp/index.php/channel/Place/placenameBlurrySelect
INFO: [ app_begin ] --START--
INFO: ReadHtmlCache Behavior ::run [ RunTime:0.000000s ]
INFO: [ app_begin ] --END-- [ RunTime:0.000000s ]
NOTIC: [2] urldecode() expects parameter 1 to be string, array given D:\trunk\gas_station_erp\Lib\Action\channel\PlaceAction.class.php 第 4 行.
NOTIC: [2] htmlspecialchars() expects parameter 2 to be long, string given D:\trunk\frame\Common\common.php 第 110 行.
SQL: SHOW COLUMNS FROM `qd_place` [ RunTime:0.004000s ]
SQL: SELECT DISTINCT  `place_name` FROM `qd_place` WHERE ( `place_name` LIKE '%%' )  [ RunTime:0.005000s ]

[ 2014-08-12T11:04:17+08:00 ] 127.0.0.1 /gas_station_erp/index.php/channel/Channel/channelnameBlurrySelect
INFO: [ app_begin ] --START--
INFO: ReadHtmlCache Behavior ::run [ RunTime:0.000000s ]
INFO: [ app_begin ] --END-- [ RunTime:0.000000s ]
NOTIC: [2] urldecode() expects parameter 1 to be string, array given D:\trunk\gas_station_erp\Lib\Action\channel\ChannelAction.class.php 第 4 行.
NOTIC: [2] htmlspecialchars() expects parameter 2 to be long, string given D:\trunk\frame\Common\common.php 第 110 行.
SQL: SHOW COLUMNS FROM `qd_channel` [ RunTime:0.004000s ]
SQL: SELECT DISTINCT  `channel_name` FROM `qd_channel` WHERE ( `channel_name` LIKE '%%' )  [ RunTime:0.006000s ]

[ 2014-08-12T11:04:18+08:00 ] 127.0.0.1 /gas_station_erp/index.php/channel//gas_station_erp/gas_station_erp/Tpl/channel/Public/css/configuration.css
ERR: 无法加载模块:gas_station_erp

[ 2014-08-12T11:04:18+08:00 ] 127.0.0.1 /gas_station_erp/index.php/channel/Agent/agentnameBlurrySelect?agent_name=
NOTIC: [2] htmlspecialchars() expects parameter 2 to be long, string given D:\trunk\frame\Lib\Core\App.class.php 第 57 行.
INFO: [ app_begin ] --START--
INFO: ReadHtmlCache Behavior ::run [ RunTime:0.003000s ]
INFO: [ app_begin ] --END-- [ RunTime:0.003000s ]
NOTIC: [2] urldecode() expects parameter 1 to be string, array given D:\trunk\gas_station_erp\Lib\Action\channel\AgentAction.class.php 第 4 行.
NOTIC: [2] htmlspecialchars() expects parameter 2 to be long, string given D:\trunk\frame\Common\common.php 第 110 行.
NOTIC: [2] htmlspecialchars() expects parameter 2 to be long, string given D:\trunk\frame\Common\common.php 第 110 行.
SQL: SHOW COLUMNS FROM `qd_agent` [ RunTime:0.004000s ]
SQL: SELECT DISTINCT  `agent_name` FROM `qd_agent` WHERE ( `agent_name` LIKE '%%' )  [ RunTime:0.002000s ]

[ 2014-08-12T11:04:19+08:00 ] 127.0.0.1 /gas_station_erp/index.php/channel/Channel/channelnameBlurrySelect
INFO: [ app_begin ] --START--
INFO: ReadHtmlCache Behavior ::run [ RunTime:0.002000s ]
INFO: [ app_begin ] --END-- [ RunTime:0.002000s ]
NOTIC: [2] urldecode() expects parameter 1 to be string, array given D:\trunk\gas_station_erp\Lib\Action\channel\ChannelAction.class.php 第 4 行.
NOTIC: [2] htmlspecialchars() expects parameter 2 to be long, string given D:\trunk\frame\Common\common.php 第 110 行.
SQL: SHOW COLUMNS FROM `qd_channel` [ RunTime:0.004000s ]
SQL: SELECT DISTINCT  `channel_name` FROM `qd_channel` WHERE ( `channel_name` LIKE '%%' )  [ RunTime:0.006000s ]

