[ 2014-09-12T13:32:11+08:00 ] 127.0.0.1 /gas_station_erp/index.php/Login/login
NOTIC: [2] htmlspecialchars() expects parameter 2 to be long, string given D:\trunk\frame\Lib\Core\App.class.php 第 56 行.
NOTIC: [2] htmlspecialchars() expects parameter 2 to be long, string given D:\trunk\frame\Lib\Core\App.class.php 第 56 行.
NOTIC: [2] htmlspecialchars() expects parameter 2 to be long, string given D:\trunk\frame\Lib\Core\App.class.php 第 56 行.
NOTIC: [2] htmlspecialchars() expects parameter 2 to be long, string given D:\trunk\frame\Lib\Core\App.class.php 第 56 行.
NOTIC: [2] htmlspecialchars() expects parameter 2 to be long, string given D:\trunk\frame\Lib\Core\App.class.php 第 56 行.
INFO: [ app_begin ] --START--
INFO: ReadHtmlCache Behavior ::run [ RunTime:0.001001s ]
INFO: [ app_begin ] --END-- [ RunTime:0.001001s ]
SQL: SELECT url FROM bi_menu where is_del = 0 [ RunTime:0.001000s ]

[ 2014-09-12T13:32:12+08:00 ] 127.0.0.1 /gas_station_erp/index.php/configuration/User/getTopLink
INFO: [ app_begin ] --START--
INFO: ReadHtmlCache Behavior ::run [ RunTime:0.001000s ]
INFO: [ app_begin ] --END-- [ RunTime:0.001000s ]
NOTIC: [2] urldecode() expects parameter 1 to be string, array given D:\trunk\gas_station_erp\Lib\Action\configuration\UserAction.class.php 第 5 行.
NOTIC: [8] Undefined index: userUrl D:\trunk\gas_station_erp\Lib\Action\configuration\UserAction.class.php 第 256 行.
NOTIC: [8] Undefined variable: andStr D:\trunk\gas_station_erp\Lib\Action\configuration\UserAction.class.php 第 269 行.
SQL: 
			SELECT a.menu_id,a.menuname,a.url,a.url_order,a.pid,b.menuname top_name
			FROM bi_menu a
			LEFT JOIN bi_menu b ON a.pid = b.menu_id
			WHERE a.url IN ('','','','','/gas_station_erp/index.php/monitoring/Index/station','/gas_station_erp/index.php/channel/Channel/index','/gas_station_erp/index.php/channel/Place/index','/gas_station_erp/index.php/channel/Device/index','/gas_station_erp/index.php/configuration/Org/index','/gas_station_erp/index.php/configuration/Role/show_role','/gas_station_erp/index.php/configuration/User/index','/gas_station_erp/index.php/statistics/Index/user_statistics','/gas_station_erp/index.php/statistics/Index/index','/gas_station_erp/index.php/statistics/Index/user_behavior','/gas_station_erp/index.php/statistics/Index/app_installed','/gas_station_erp/index.php/statistics/Index/app_analysis','/gas_station_erp/index.php/statistics/Index/installed_daily')
			AND a.pid <> 0
			AND a.is_del = 0
			
			ORDER BY b.url_order,a.url_order
		 [ RunTime:0.002000s ]

[ 2014-09-12T13:32:15+08:00 ] 127.0.0.1 /gas_station_erp/index.php/configuration/User/getTopLink
INFO: [ app_begin ] --START--
INFO: ReadHtmlCache Behavior ::run [ RunTime:0.000000s ]
INFO: [ app_begin ] --END-- [ RunTime:0.000000s ]
NOTIC: [2] urldecode() expects parameter 1 to be string, array given D:\trunk\gas_station_erp\Lib\Action\configuration\UserAction.class.php 第 5 行.
NOTIC: [8] Undefined index: userUrl D:\trunk\gas_station_erp\Lib\Action\configuration\UserAction.class.php 第 256 行.
NOTIC: [8] Undefined variable: andStr D:\trunk\gas_station_erp\Lib\Action\configuration\UserAction.class.php 第 269 行.
SQL: 
			SELECT a.menu_id,a.menuname,a.url,a.url_order,a.pid,b.menuname top_name
			FROM bi_menu a
			LEFT JOIN bi_menu b ON a.pid = b.menu_id
			WHERE a.url IN ('','','','','/gas_station_erp/index.php/monitoring/Index/station','/gas_station_erp/index.php/channel/Channel/index','/gas_station_erp/index.php/channel/Place/index','/gas_station_erp/index.php/channel/Device/index','/gas_station_erp/index.php/configuration/Org/index','/gas_station_erp/index.php/configuration/Role/show_role','/gas_station_erp/index.php/configuration/User/index','/gas_station_erp/index.php/statistics/Index/user_statistics','/gas_station_erp/index.php/statistics/Index/index','/gas_station_erp/index.php/statistics/Index/user_behavior','/gas_station_erp/index.php/statistics/Index/app_installed','/gas_station_erp/index.php/statistics/Index/app_analysis','/gas_station_erp/index.php/statistics/Index/installed_daily')
			AND a.pid <> 0
			AND a.is_del = 0
			
			ORDER BY b.url_order,a.url_order
		 [ RunTime:0.002000s ]

[ 2014-09-12T13:32:16+08:00 ] 127.0.0.1 /gas_station_erp/index.php/monitoring/Index/getProvinceCity?showModel=0
NOTIC: [2] htmlspecialchars() expects parameter 2 to be long, string given D:\trunk\frame\Lib\Core\App.class.php 第 57 行.
INFO: [ app_begin ] --START--
INFO: ReadHtmlCache Behavior ::run [ RunTime:0.001000s ]
INFO: [ app_begin ] --END-- [ RunTime:0.001000s ]
NOTIC: [8] Undefined index: orgid D:\trunk\gas_station_erp\Lib\Action\monitoring\IndexAction.class.php 第 17 行.
SQL: SELECT MAX(monitor_no) monitor_no FROM dev_monitor [ RunTime:0.002000s ]
SQL: 
				SELECT b.province_id, b.city_id,COUNT(*) count
				FROM dev_monitor a
				LEFT JOIN qd_device b ON a.dev_no = b.device_no
				WHERE
				a.monitor_no = 5170
				AND a.unfind <> 1 AND a.dev_no_begin_time <>1
				AND b.isDelete = 0
				
				GROUP BY b.province_id,b.city_id
				ORDER BY b.province_id,b.city_id
			 [ RunTime:0.026002s ]
NOTIC: [8] Undefined index: orgid D:\trunk\gas_station_erp\Lib\Action\monitoring\IndexAction.class.php 第 151 行.
SQL: 
				SELECT a.area_id
				FROM qd_agent_area a
				LEFT JOIN qd_agent b ON a.agent_id = b.agent_id
				 WHERE 1 
				AND b.isDelete = 0
				UNION
				SELECT area_id
				FROM bi_area
				WHERE level = 1
				AND area_id IN(
					SELECT b.pid
					FROM qd_agent_area a
					LEFT JOIN bi_area b ON a.area_id = b.area_id
					LEFT JOIN qd_agent c ON a.agent_id = c.agent_id
					 WHERE 1 
					AND c.isDelete = 0
				)
				 [ RunTime:0.008000s ]
NOTIC: [8] Undefined variable: where D:\trunk\gas_station_erp\Lib\Action\monitoring\IndexAction.class.php 第 152 行.
SQL: 
			SELECT area_id,area_name,pid,level,0 count
			FROM bi_area a
			 where area_id IN (92,191,68,183,91,88,87,89,184,64,90,163,171,164,167,168,1,5,16,17,23) 
		 [ RunTime:0.002000s ]
NOTIC: [8] Undefined index: orgid D:\trunk\gas_station_erp\Lib\Action\monitoring\IndexAction.class.php 第 169 行.

[ 2014-09-12T13:32:16+08:00 ] 127.0.0.1 /gas_station_erp/index.php/configuration/User/getTopLink?userUrl='%2Fgas_station_erp%2Findex.php%2Fmonitoring%2FIndex%2Fstation'
NOTIC: [2] htmlspecialchars() expects parameter 2 to be long, string given D:\trunk\frame\Lib\Core\App.class.php 第 57 行.
INFO: [ app_begin ] --START--
INFO: ReadHtmlCache Behavior ::run [ RunTime:0.000000s ]
INFO: [ app_begin ] --END-- [ RunTime:0.000000s ]
NOTIC: [2] urldecode() expects parameter 1 to be string, array given D:\trunk\gas_station_erp\Lib\Action\configuration\UserAction.class.php 第 5 行.
SQL: 
			SELECT a.menu_id,a.menuname,a.url,a.url_order,a.pid,b.menuname top_name
			FROM bi_menu a
			LEFT JOIN bi_menu b ON a.pid = b.menu_id
			WHERE a.url IN ('','','','','/gas_station_erp/index.php/monitoring/Index/station','/gas_station_erp/index.php/channel/Channel/index','/gas_station_erp/index.php/channel/Place/index','/gas_station_erp/index.php/channel/Device/index','/gas_station_erp/index.php/configuration/Org/index','/gas_station_erp/index.php/configuration/Role/show_role','/gas_station_erp/index.php/configuration/User/index','/gas_station_erp/index.php/statistics/Index/user_statistics','/gas_station_erp/index.php/statistics/Index/index','/gas_station_erp/index.php/statistics/Index/user_behavior','/gas_station_erp/index.php/statistics/Index/app_installed','/gas_station_erp/index.php/statistics/Index/app_analysis','/gas_station_erp/index.php/statistics/Index/installed_daily')
			AND a.pid <> 0
			AND a.is_del = 0
			 AND a.pid = (select pid from bi_menu where url = '/gas_station_erp/index.php/monitoring/Index/station') 
			ORDER BY b.url_order,a.url_order
		 [ RunTime:0.002000s ]

[ 2014-09-12T13:32:29+08:00 ] 127.0.0.1 /gas_station_erp/index.php/configuration/User/getTopLink
INFO: [ app_begin ] --START--
INFO: ReadHtmlCache Behavior ::run [ RunTime:0.001000s ]
INFO: [ app_begin ] --END-- [ RunTime:0.001000s ]
NOTIC: [2] urldecode() expects parameter 1 to be string, array given D:\trunk\gas_station_erp\Lib\Action\configuration\UserAction.class.php 第 5 行.
NOTIC: [8] Undefined index: userUrl D:\trunk\gas_station_erp\Lib\Action\configuration\UserAction.class.php 第 256 行.
NOTIC: [8] Undefined variable: andStr D:\trunk\gas_station_erp\Lib\Action\configuration\UserAction.class.php 第 269 行.
SQL: 
			SELECT a.menu_id,a.menuname,a.url,a.url_order,a.pid,b.menuname top_name
			FROM bi_menu a
			LEFT JOIN bi_menu b ON a.pid = b.menu_id
			WHERE a.url IN ('','','','','/gas_station_erp/index.php/monitoring/Index/station','/gas_station_erp/index.php/channel/Channel/index','/gas_station_erp/index.php/channel/Place/index','/gas_station_erp/index.php/channel/Device/index','/gas_station_erp/index.php/configuration/Org/index','/gas_station_erp/index.php/configuration/Role/show_role','/gas_station_erp/index.php/configuration/User/index','/gas_station_erp/index.php/statistics/Index/user_statistics','/gas_station_erp/index.php/statistics/Index/index','/gas_station_erp/index.php/statistics/Index/user_behavior','/gas_station_erp/index.php/statistics/Index/app_installed','/gas_station_erp/index.php/statistics/Index/app_analysis','/gas_station_erp/index.php/statistics/Index/installed_daily')
			AND a.pid <> 0
			AND a.is_del = 0
			
			ORDER BY b.url_order,a.url_order
		 [ RunTime:0.001000s ]

[ 2014-09-12T13:32:30+08:00 ] 127.0.0.1 /gas_station_erp/index.php/monitoring/Index/getProvinceCity?showModel=0
NOTIC: [2] htmlspecialchars() expects parameter 2 to be long, string given D:\trunk\frame\Lib\Core\App.class.php 第 57 行.
INFO: [ app_begin ] --START--
INFO: ReadHtmlCache Behavior ::run [ RunTime:0.001000s ]
INFO: [ app_begin ] --END-- [ RunTime:0.001000s ]
NOTIC: [8] Undefined index: orgid D:\trunk\gas_station_erp\Lib\Action\monitoring\IndexAction.class.php 第 17 行.
SQL: SELECT MAX(monitor_no) monitor_no FROM dev_monitor [ RunTime:0.002000s ]
SQL: 
				SELECT b.province_id, b.city_id,COUNT(*) count
				FROM dev_monitor a
				LEFT JOIN qd_device b ON a.dev_no = b.device_no
				WHERE
				a.monitor_no = 5170
				AND a.unfind <> 1 AND a.dev_no_begin_time <>1
				AND b.isDelete = 0
				
				GROUP BY b.province_id,b.city_id
				ORDER BY b.province_id,b.city_id
			 [ RunTime:0.027002s ]
NOTIC: [8] Undefined index: orgid D:\trunk\gas_station_erp\Lib\Action\monitoring\IndexAction.class.php 第 151 行.
SQL: 
				SELECT a.area_id
				FROM qd_agent_area a
				LEFT JOIN qd_agent b ON a.agent_id = b.agent_id
				 WHERE 1 
				AND b.isDelete = 0
				UNION
				SELECT area_id
				FROM bi_area
				WHERE level = 1
				AND area_id IN(
					SELECT b.pid
					FROM qd_agent_area a
					LEFT JOIN bi_area b ON a.area_id = b.area_id
					LEFT JOIN qd_agent c ON a.agent_id = c.agent_id
					 WHERE 1 
					AND c.isDelete = 0
				)
				 [ RunTime:0.009000s ]
NOTIC: [8] Undefined variable: where D:\trunk\gas_station_erp\Lib\Action\monitoring\IndexAction.class.php 第 152 行.
SQL: 
			SELECT area_id,area_name,pid,level,0 count
			FROM bi_area a
			 where area_id IN (92,191,68,183,91,88,87,89,184,64,90,163,171,164,167,168,1,5,16,17,23) 
		 [ RunTime:0.001000s ]
NOTIC: [8] Undefined index: orgid D:\trunk\gas_station_erp\Lib\Action\monitoring\IndexAction.class.php 第 169 行.

[ 2014-09-12T13:32:30+08:00 ] 127.0.0.1 /gas_station_erp/index.php/configuration/User/getTopLink?userUrl='%2Fgas_station_erp%2Findex.php%2Fmonitoring%2FIndex%2Fstation'
NOTIC: [2] htmlspecialchars() expects parameter 2 to be long, string given D:\trunk\frame\Lib\Core\App.class.php 第 57 行.
INFO: [ app_begin ] --START--
INFO: ReadHtmlCache Behavior ::run [ RunTime:0.001000s ]
INFO: [ app_begin ] --END-- [ RunTime:0.001000s ]
NOTIC: [2] urldecode() expects parameter 1 to be string, array given D:\trunk\gas_station_erp\Lib\Action\configuration\UserAction.class.php 第 5 行.
SQL: 
			SELECT a.menu_id,a.menuname,a.url,a.url_order,a.pid,b.menuname top_name
			FROM bi_menu a
			LEFT JOIN bi_menu b ON a.pid = b.menu_id
			WHERE a.url IN ('','','','','/gas_station_erp/index.php/monitoring/Index/station','/gas_station_erp/index.php/channel/Channel/index','/gas_station_erp/index.php/channel/Place/index','/gas_station_erp/index.php/channel/Device/index','/gas_station_erp/index.php/configuration/Org/index','/gas_station_erp/index.php/configuration/Role/show_role','/gas_station_erp/index.php/configuration/User/index','/gas_station_erp/index.php/statistics/Index/user_statistics','/gas_station_erp/index.php/statistics/Index/index','/gas_station_erp/index.php/statistics/Index/user_behavior','/gas_station_erp/index.php/statistics/Index/app_installed','/gas_station_erp/index.php/statistics/Index/app_analysis','/gas_station_erp/index.php/statistics/Index/installed_daily')
			AND a.pid <> 0
			AND a.is_del = 0
			 AND a.pid = (select pid from bi_menu where url = '/gas_station_erp/index.php/monitoring/Index/station') 
			ORDER BY b.url_order,a.url_order
		 [ RunTime:0.002000s ]

